running develop
Removing /home/pranav/ros2_ws/install/drone/lib/python3.12/site-packages/drone.egg-link (link to .)
running egg_info
writing ../../build/drone/drone.egg-info/PKG-INFO
writing dependency_links to ../../build/drone/drone.egg-info/dependency_links.txt
writing entry points to ../../build/drone/drone.egg-info/entry_points.txt
writing requirements to ../../build/drone/drone.egg-info/requires.txt
writing top-level names to ../../build/drone/drone.egg-info/top_level.txt
reading manifest file '../../build/drone/drone.egg-info/SOURCES.txt'
writing manifest file '../../build/drone/drone.egg-info/SOURCES.txt'
running build
running build_py
creating /home/pranav/ros2_ws/build/drone/build
creating /home/pranav/ros2_ws/build/drone/build/lib
creating /home/pranav/ros2_ws/build/drone/build/lib/drone
copying drone/linearReg.py -> /home/pranav/ros2_ws/build/drone/build/lib/drone
copying drone/__init__.py -> /home/pranav/ros2_ws/build/drone/build/lib/drone
copying drone/pathfinder.py -> /home/pranav/ros2_ws/build/drone/build/lib/drone
running install
running install_lib
creating /home/pranav/ros2_ws/install/drone/lib/python3.12/site-packages/drone
copying /home/pranav/ros2_ws/build/drone/build/lib/drone/linearReg.py -> /home/pranav/ros2_ws/install/drone/lib/python3.12/site-packages/drone
copying /home/pranav/ros2_ws/build/drone/build/lib/drone/__init__.py -> /home/pranav/ros2_ws/install/drone/lib/python3.12/site-packages/drone
copying /home/pranav/ros2_ws/build/drone/build/lib/drone/pathfinder.py -> /home/pranav/ros2_ws/install/drone/lib/python3.12/site-packages/drone
byte-compiling /home/pranav/ros2_ws/install/drone/lib/python3.12/site-packages/drone/linearReg.py to linearReg.cpython-312.pyc
byte-compiling /home/pranav/ros2_ws/install/drone/lib/python3.12/site-packages/drone/__init__.py to __init__.cpython-312.pyc
byte-compiling /home/pranav/ros2_ws/install/drone/lib/python3.12/site-packages/drone/pathfinder.py to pathfinder.cpython-312.pyc
running install_data
copying resource/drone -> /home/pranav/ros2_ws/install/drone/share/ament_index/resource_index/packages
copying package.xml -> /home/pranav/ros2_ws/install/drone/share/drone
running install_egg_info
Copying ../../build/drone/drone.egg-info to /home/pranav/ros2_ws/install/drone/lib/python3.12/site-packages/drone-0.0.0-py3.12.egg-info
running install_scripts
Installing pathfinder script to /home/pranav/ros2_ws/install/drone/lib/drone
writing list of installed files to '/home/pranav/ros2_ws/build/drone/install.log'
