[2.119s] Invoking command in '/home/pranav/ros2_ws/src/fizzbuzz': AMENT_PREFIX_PATH=/home/pranav/ros2_ws/install/fizzbuzz_interfaces:${AMENT_PREFIX_PATH} CMAKE_PREFIX_PATH=/home/pranav/ros2_ws/install/fizzbuzz_interfaces:${CMAKE_PREFIX_PATH} CONDA_PROMPT_MODIFIER=(base) DEBUGINFOD_URLS=https://debuginfod.ubuntu.com LD_LIBRARY_PATH=/home/pranav/ros2_ws/install/fizzbuzz_interfaces/lib:${LD_LIBRARY_PATH} PYTHONPATH=/home/pranav/ros2_ws/build/fizzbuzz/prefix_override:/usr/lib/python3/dist-packages/colcon_core/task/python/colcon_distutils_commands:/home/pranav/ros2_ws/install/fizzbuzz/lib/python3.12/site-packages:/home/pranav/ros2_ws/install/fizzbuzz_interfaces/lib/python3.13/site-packages:/home/pranav/ros2_ws/install/fizzbuzz_interfaces/lib/python3.12/site-packages:${PYTHONPATH} /usr/bin/python3 -W ignore:setup.py install is deprecated -W ignore:easy_install command is deprecated setup.py egg_info --egg-base ../../build/fizzbuzz build --build-base /home/pranav/ros2_ws/build/fizzbuzz/build install --record /home/pranav/ros2_ws/build/fizzbuzz/install.log --single-version-externally-managed install_data
[2.650s] running egg_info
[2.700s] writing ../../build/fizzbuzz/fizzbuzz.egg-info/PKG-INFO
[2.700s] writing dependency_links to ../../build/fizzbuzz/fizzbuzz.egg-info/dependency_links.txt
[2.700s] writing entry points to ../../build/fizzbuzz/fizzbuzz.egg-info/entry_points.txt
[2.701s] writing requirements to ../../build/fizzbuzz/fizzbuzz.egg-info/requires.txt
[2.702s] writing top-level names to ../../build/fizzbuzz/fizzbuzz.egg-info/top_level.txt
[2.848s] reading manifest file '../../build/fizzbuzz/fizzbuzz.egg-info/SOURCES.txt'
[2.850s] writing manifest file '../../build/fizzbuzz/fizzbuzz.egg-info/SOURCES.txt'
[2.850s] running build
[2.850s] running build_py
[2.853s] running install
[2.870s] running install_lib
[2.886s] running install_data
[2.886s] running install_egg_info
[2.913s] removing '/home/pranav/ros2_ws/install/fizzbuzz/lib/python3.12/site-packages/fizzbuzz-0.0.0-py3.12.egg-info' (and everything under it)
[2.915s] Copying ../../build/fizzbuzz/fizzbuzz.egg-info to /home/pranav/ros2_ws/install/fizzbuzz/lib/python3.12/site-packages/fizzbuzz-0.0.0-py3.12.egg-info
[2.915s] running install_scripts
[3.149s] Installing fizzbuzz_subscriber script to /home/pranav/ros2_ws/install/fizzbuzz/lib/fizzbuzz
[3.149s] Installing number_publisher script to /home/pranav/ros2_ws/install/fizzbuzz/lib/fizzbuzz
[3.149s] writing list of installed files to '/home/pranav/ros2_ws/build/fizzbuzz/install.log'
[3.217s] Invoked command in '/home/pranav/ros2_ws/src/fizzbuzz' returned '0': AMENT_PREFIX_PATH=/home/pranav/ros2_ws/install/fizzbuzz_interfaces:${AMENT_PREFIX_PATH} CMAKE_PREFIX_PATH=/home/pranav/ros2_ws/install/fizzbuzz_interfaces:${CMAKE_PREFIX_PATH} CONDA_PROMPT_MODIFIER=(base) DEBUGINFOD_URLS=https://debuginfod.ubuntu.com LD_LIBRARY_PATH=/home/pranav/ros2_ws/install/fizzbuzz_interfaces/lib:${LD_LIBRARY_PATH} PYTHONPATH=/home/pranav/ros2_ws/build/fizzbuzz/prefix_override:/usr/lib/python3/dist-packages/colcon_core/task/python/colcon_distutils_commands:/home/pranav/ros2_ws/install/fizzbuzz/lib/python3.12/site-packages:/home/pranav/ros2_ws/install/fizzbuzz_interfaces/lib/python3.13/site-packages:/home/pranav/ros2_ws/install/fizzbuzz_interfaces/lib/python3.12/site-packages:${PYTHONPATH} /usr/bin/python3 -W ignore:setup.py install is deprecated -W ignore:easy_install command is deprecated setup.py egg_info --egg-base ../../build/fizzbuzz build --build-base /home/pranav/ros2_ws/build/fizzbuzz/build install --record /home/pranav/ros2_ws/build/fizzbuzz/install.log --single-version-externally-managed install_data
