[2.974s] Invoking command in '/home/pranav/ros2_ws/src/pet': CONDA_PROMPT_MODIFIER=(base) DEBUGINFOD_URLS=https://debuginfod.ubuntu.com PYTHONPATH=/home/pranav/ros2_ws/build/pet/prefix_override:/usr/lib/python3/dist-packages/colcon_core/task/python/colcon_distutils_commands:/home/pranav/ros2_ws/install/pet/lib/python3.12/site-packages:${PYTHONPATH} /usr/bin/python3 -W ignore:setup.py install is deprecated -W ignore:easy_install command is deprecated setup.py egg_info --egg-base ../../build/pet build --build-base /home/pranav/ros2_ws/build/pet/build install --record /home/pranav/ros2_ws/build/pet/install.log --single-version-externally-managed install_data
[3.361s] running egg_info
[3.374s] writing ../../build/pet/pet.egg-info/PKG-INFO
[3.375s] writing dependency_links to ../../build/pet/pet.egg-info/dependency_links.txt
[3.376s] writing entry points to ../../build/pet/pet.egg-info/entry_points.txt
[3.376s] writing requirements to ../../build/pet/pet.egg-info/requires.txt
[3.377s] writing top-level names to ../../build/pet/pet.egg-info/top_level.txt
[3.404s] reading manifest file '../../build/pet/pet.egg-info/SOURCES.txt'
[3.405s] writing manifest file '../../build/pet/pet.egg-info/SOURCES.txt'
[3.405s] running build
[3.406s] running build_py
[3.406s] running install
[3.412s] running install_lib
[3.426s] running install_data
[3.427s] running install_egg_info
[3.443s] removing '/home/pranav/ros2_ws/install/pet/lib/python3.12/site-packages/pet-0.0.0-py3.12.egg-info' (and everything under it)
[3.445s] Copying ../../build/pet/pet.egg-info to /home/pranav/ros2_ws/install/pet/lib/python3.12/site-packages/pet-0.0.0-py3.12.egg-info
[3.447s] running install_scripts
[3.632s] Installing pose_subscriber script to /home/pranav/ros2_ws/install/pet/lib/pet
[3.632s] Installing turtle_controller script to /home/pranav/ros2_ws/install/pet/lib/pet
[3.633s] writing list of installed files to '/home/pranav/ros2_ws/build/pet/install.log'
[3.661s] Invoked command in '/home/pranav/ros2_ws/src/pet' returned '0': CONDA_PROMPT_MODIFIER=(base) DEBUGINFOD_URLS=https://debuginfod.ubuntu.com PYTHONPATH=/home/pranav/ros2_ws/build/pet/prefix_override:/usr/lib/python3/dist-packages/colcon_core/task/python/colcon_distutils_commands:/home/pranav/ros2_ws/install/pet/lib/python3.12/site-packages:${PYTHONPATH} /usr/bin/python3 -W ignore:setup.py install is deprecated -W ignore:easy_install command is deprecated setup.py egg_info --egg-base ../../build/pet build --build-base /home/pranav/ros2_ws/build/pet/build install --record /home/pranav/ros2_ws/build/pet/install.log --single-version-externally-managed install_data
