[0.697s] Invoking command in '/home/pranav/ros2_ws/src/drone': CONDA_PROMPT_MODIFIER=(base) DEBUGINFOD_URLS=https://debuginfod.ubuntu.com PYTHONPATH=/home/pranav/ros2_ws/build/drone/prefix_override:/usr/lib/python3/dist-packages/colcon_core/task/python/colcon_distutils_commands:/home/pranav/ros2_ws/install/drone/lib/python3.12/site-packages:${PYTHONPATH} /usr/bin/python3 -W ignore:setup.py install is deprecated -W ignore:easy_install command is deprecated setup.py egg_info --egg-base ../../build/drone build --build-base /home/pranav/ros2_ws/build/drone/build install --record /home/pranav/ros2_ws/build/drone/install.log --single-version-externally-managed install_data
[0.832s] running egg_info
[0.838s] writing ../../build/drone/drone.egg-info/PKG-INFO
[0.838s] writing dependency_links to ../../build/drone/drone.egg-info/dependency_links.txt
[0.838s] writing entry points to ../../build/drone/drone.egg-info/entry_points.txt
[0.839s] writing requirements to ../../build/drone/drone.egg-info/requires.txt
[0.839s] writing top-level names to ../../build/drone/drone.egg-info/top_level.txt
[0.857s] reading manifest file '../../build/drone/drone.egg-info/SOURCES.txt'
[0.857s] writing manifest file '../../build/drone/drone.egg-info/SOURCES.txt'
[0.857s] running build
[0.857s] running build_py
[0.857s] running install
[0.861s] running install_lib
[0.871s] running install_data
[0.871s] running install_egg_info
[0.881s] removing '/home/pranav/ros2_ws/install/drone/lib/python3.12/site-packages/drone-0.0.0-py3.12.egg-info' (and everything under it)
[0.881s] Copying ../../build/drone/drone.egg-info to /home/pranav/ros2_ws/install/drone/lib/python3.12/site-packages/drone-0.0.0-py3.12.egg-info
[0.881s] running install_scripts
[0.948s] Installing pathfinder script to /home/pranav/ros2_ws/install/drone/lib/drone
[0.948s] writing list of installed files to '/home/pranav/ros2_ws/build/drone/install.log'
[0.973s] Invoked command in '/home/pranav/ros2_ws/src/drone' returned '0': CONDA_PROMPT_MODIFIER=(base) DEBUGINFOD_URLS=https://debuginfod.ubuntu.com PYTHONPATH=/home/pranav/ros2_ws/build/drone/prefix_override:/usr/lib/python3/dist-packages/colcon_core/task/python/colcon_distutils_commands:/home/pranav/ros2_ws/install/drone/lib/python3.12/site-packages:${PYTHONPATH} /usr/bin/python3 -W ignore:setup.py install is deprecated -W ignore:easy_install command is deprecated setup.py egg_info --egg-base ../../build/drone build --build-base /home/pranav/ros2_ws/build/drone/build install --record /home/pranav/ros2_ws/build/drone/install.log --single-version-externally-managed install_data
