[1.165s] Invoking command in '/home/pranav/ros2_ws/build/pet': CONDA_PROMPT_MODIFIER=(base) DEBUGINFOD_URLS=https://debuginfod.ubuntu.com PYTHONPATH=/home/pranav/ros2_ws/build/pet/prefix_override:/usr/lib/python3/dist-packages/colcon_core/task/python/colcon_distutils_commands:/home/pranav/ros2_ws/install/pet/lib/python3.12/site-packages:${PYTHONPATH} VIRTUAL_ENV_PROMPT=(ros2_py312_env) /usr/bin/python3 -W ignore:setup.py install is deprecated -W ignore:easy_install command is deprecated setup.py develop --editable --build-directory /home/pranav/ros2_ws/build/pet/build --no-deps symlink_data
[1.618s] running develop
[1.949s] running egg_info
[1.950s] creating pet.egg-info
[2.018s] writing pet.egg-info/PKG-INFO
[2.018s] writing dependency_links to pet.egg-info/dependency_links.txt
[2.018s] writing entry points to pet.egg-info/entry_points.txt
[2.018s] writing requirements to pet.egg-info/requires.txt
[2.019s] writing top-level names to pet.egg-info/top_level.txt
[2.019s] writing manifest file 'pet.egg-info/SOURCES.txt'
[2.122s] reading manifest file 'pet.egg-info/SOURCES.txt'
[2.124s] writing manifest file 'pet.egg-info/SOURCES.txt'
[2.162s] running build_ext
[2.162s] Creating /home/pranav/ros2_ws/install/pet/lib/python3.12/site-packages/pet.egg-link (link to .)
[2.163s] Installing pose_subscriber script to /home/pranav/ros2_ws/install/pet/lib/pet
[2.163s] Installing turtle_controller script to /home/pranav/ros2_ws/install/pet/lib/pet
[2.163s] 
[2.164s] Installed /home/pranav/ros2_ws/build/pet
[2.164s] running symlink_data
[2.164s] creating /home/pranav/ros2_ws/install/pet/share/ament_index
[2.164s] creating /home/pranav/ros2_ws/install/pet/share/ament_index/resource_index
[2.165s] creating /home/pranav/ros2_ws/install/pet/share/ament_index/resource_index/packages
[2.165s] symbolically linking /home/pranav/ros2_ws/build/pet/resource/pet -> /home/pranav/ros2_ws/install/pet/share/ament_index/resource_index/packages
[2.165s] symbolically linking /home/pranav/ros2_ws/build/pet/package.xml -> /home/pranav/ros2_ws/install/pet/share/pet
[2.241s] Invoked command in '/home/pranav/ros2_ws/build/pet' returned '0': CONDA_PROMPT_MODIFIER=(base) DEBUGINFOD_URLS=https://debuginfod.ubuntu.com PYTHONPATH=/home/pranav/ros2_ws/build/pet/prefix_override:/usr/lib/python3/dist-packages/colcon_core/task/python/colcon_distutils_commands:/home/pranav/ros2_ws/install/pet/lib/python3.12/site-packages:${PYTHONPATH} VIRTUAL_ENV_PROMPT=(ros2_py312_env) /usr/bin/python3 -W ignore:setup.py install is deprecated -W ignore:easy_install command is deprecated setup.py develop --editable --build-directory /home/pranav/ros2_ws/build/pet/build --no-deps symlink_data
