[1.624s] Invoking command in '/home/pranav/ros2_ws/src/webcam': CONDA_PROMPT_MODIFIER=(base) DEBUGINFOD_URLS=https://debuginfod.ubuntu.com PYTHONPATH=/home/pranav/ros2_ws/build/webcam/prefix_override:/usr/lib/python3/dist-packages/colcon_core/task/python/colcon_distutils_commands:/home/pranav/ros2_ws/install/webcam/lib/python3.12/site-packages:${PYTHONPATH} /usr/bin/python3 -W ignore:setup.py install is deprecated -W ignore:easy_install command is deprecated setup.py egg_info --egg-base ../../build/webcam build --build-base /home/pranav/ros2_ws/build/webcam/build install --record /home/pranav/ros2_ws/build/webcam/install.log --single-version-externally-managed install_data
[2.234s] running egg_info
[2.262s] writing ../../build/webcam/webcam.egg-info/PKG-INFO
[2.266s] writing dependency_links to ../../build/webcam/webcam.egg-info/dependency_links.txt
[2.266s] writing entry points to ../../build/webcam/webcam.egg-info/entry_points.txt
[2.266s] writing requirements to ../../build/webcam/webcam.egg-info/requires.txt
[2.268s] writing top-level names to ../../build/webcam/webcam.egg-info/top_level.txt
[2.366s] reading manifest file '../../build/webcam/webcam.egg-info/SOURCES.txt'
[2.373s] writing manifest file '../../build/webcam/webcam.egg-info/SOURCES.txt'
[2.373s] running build
[2.373s] running build_py
[2.373s] running install
[2.382s] running install_lib
[2.411s] running install_data
[2.411s] running install_egg_info
[2.433s] removing '/home/pranav/ros2_ws/install/webcam/lib/python3.12/site-packages/webcam-0.0.0-py3.12.egg-info' (and everything under it)
[2.434s] Copying ../../build/webcam/webcam.egg-info to /home/pranav/ros2_ws/install/webcam/lib/python3.12/site-packages/webcam-0.0.0-py3.12.egg-info
[2.435s] running install_scripts
[2.689s] Installing webcam_node script to /home/pranav/ros2_ws/install/webcam/lib/webcam
[2.690s] writing list of installed files to '/home/pranav/ros2_ws/build/webcam/install.log'
[2.752s] Invoked command in '/home/pranav/ros2_ws/src/webcam' returned '0': CONDA_PROMPT_MODIFIER=(base) DEBUGINFOD_URLS=https://debuginfod.ubuntu.com PYTHONPATH=/home/pranav/ros2_ws/build/webcam/prefix_override:/usr/lib/python3/dist-packages/colcon_core/task/python/colcon_distutils_commands:/home/pranav/ros2_ws/install/webcam/lib/python3.12/site-packages:${PYTHONPATH} /usr/bin/python3 -W ignore:setup.py install is deprecated -W ignore:easy_install command is deprecated setup.py egg_info --egg-base ../../build/webcam build --build-base /home/pranav/ros2_ws/build/webcam/build install --record /home/pranav/ros2_ws/build/webcam/install.log --single-version-externally-managed install_data
