[0.000000] (-) TimerEvent: {}
[0.002169] (drone) JobQueued: {'identifier': 'drone', 'dependencies': OrderedDict()}
[0.003090] (fizzbuzz_interfaces) JobQueued: {'identifier': 'fizzbuzz_interfaces', 'dependencies': OrderedDict()}
[0.003103] (pet) JobQueued: {'identifier': 'pet', 'dependencies': OrderedDict()}
[0.003111] (turtle_tag_game) JobQueued: {'identifier': 'turtle_tag_game', 'dependencies': OrderedDict()}
[0.003117] (webcam) JobQueued: {'identifier': 'webcam', 'dependencies': OrderedDict()}
[0.003124] (fizzbuzz) JobQueued: {'identifier': 'fizzbuzz', 'dependencies': OrderedDict({'fizzbuzz_interfaces': '/home/pranav/ros2_ws/install/fizzbuzz_interfaces'})}
[0.003134] (fizzbuzz_interfaces) JobStarted: {'identifier': 'fizzbuzz_interfaces'}
[0.006747] (drone) JobStarted: {'identifier': 'drone'}
[0.013172] (pet) JobStarted: {'identifier': 'pet'}
[0.020156] (turtle_tag_game) JobStarted: {'identifier': 'turtle_tag_game'}
[0.029387] (fizzbuzz_interfaces) JobProgress: {'identifier': 'fizzbuzz_interfaces', 'progress': 'cmake'}
[0.029416] (fizzbuzz_interfaces) JobProgress: {'identifier': 'fizzbuzz_interfaces', 'progress': 'build'}
[0.029877] (fizzbuzz_interfaces) Command: {'cmd': ['/usr/bin/cmake', '--build', '/home/pranav/ros2_ws/build/fizzbuzz_interfaces', '--', '-j4', '-l4'], 'cwd': '/home/pranav/ros2_ws/build/fizzbuzz_interfaces', 'env': OrderedDict({'GJS_DEBUG_TOPICS': 'JS ERROR;JS LOG', 'LESSOPEN': '| /usr/bin/lesspipe %s', 'VSCODE_CWD': '/home/pranav', 'CONDA_PROMPT_MODIFIER': '(base)', 'USER': 'pranav', 'VSCODE_NLS_CONFIG': '{"userLocale":"en-us","osLocale":"en-us","resolvedLanguage":"en","defaultMessagesFile":"/usr/share/code/resources/app/out/nls.messages.json","locale":"en-us","availableLanguages":{}}', 'GZ_CONFIG_PATH': '/opt/ros/jazzy/opt/gz_transport_vendor/share/gz:/opt/ros/jazzy/opt/gz_msgs_vendor/share/gz', 'XDG_SESSION_TYPE': 'wayland', 'CLUTTER_DISABLE_MIPMAPPED_TEXT': '1', 'SHLVL': '1', 'LD_LIBRARY_PATH': '/opt/ros/jazzy/opt/rviz_ogre_vendor/lib:/opt/ros/jazzy/lib/aarch64-linux-gnu:/opt/ros/jazzy/opt/gz_transport_vendor/lib:/opt/ros/jazzy/opt/gz_msgs_vendor/lib:/opt/ros/jazzy/opt/gz_math_vendor/lib:/opt/ros/jazzy/opt/gz_utils_vendor/lib:/opt/ros/jazzy/opt/gz_tools_vendor/lib:/opt/ros/jazzy/opt/gz_cmake_vendor/lib:/opt/ros/jazzy/lib', 'HOME': '/home/pranav', 'CHROME_DESKTOP': 'code.desktop', 'CONDA_SHLVL': '1', 'OLDPWD': '/home/pranav', 'DESKTOP_SESSION': 'ubuntu', 'VSCODE_IPC_HOOK': '/run/user/1000/vscode-18e0a460-1.10-main.sock', 'GIO_LAUNCHED_DESKTOP_FILE': '/usr/share/applications/code.desktop', 'ROS_PYTHON_VERSION': '3', 'GNOME_SHELL_SESSION_MODE': 'ubuntu', 'GTK_MODULES': 'gail:atk-bridge', 'MANAGERPID': '1689', 'SYSTEMD_EXEC_PID': '1873', 'IM_CONFIG_CHECK_ENV': '1', 'GSM_SKIP_SSH_AGENT_WORKAROUND': 'true', 'DBUS_SESSION_BUS_ADDRESS': 'unix:path=/run/user/1000/bus', 'GIO_LAUNCHED_DESKTOP_FILE_PID': '96473', 'DEBUGINFOD_URLS': 'https://debuginfod.ubuntu.com', 'IM_CONFIG_PHASE': '1', 'WAYLAND_DISPLAY': 'wayland-0', 'ROS_DISTRO': 'jazzy', 'LOGNAME': 'pranav', 'JOURNAL_STREAM': '8:16712', '_': '/usr/bin/colcon', 'ROS_VERSION': '2', 'MEMORY_PRESSURE_WATCH': '/sys/fs/cgroup/user.slice/user-1000.slice/user@1000.service/session.slice/org.gnome.Shell@wayland.service/memory.pressure', 'XDG_SESSION_CLASS': 'user', 'USERNAME': 'pranav', 'GNOME_DESKTOP_SESSION_ID': 'this-is-deprecated', 'VSCODE_RESOLVING_ENVIRONMENT': '1', 'PATH': '/opt/ros/jazzy/opt/gz_msgs_vendor/bin:/opt/ros/jazzy/opt/gz_tools_vendor/bin:/opt/ros/jazzy/bin:/home/pranav/miniconda3/bin:/home/pranav/miniconda3/condabin:/home/pranav/.local/bin:/usr/local/sbin:/usr/local/bin:/usr/sbin:/usr/bin:/sbin:/bin:/usr/games:/usr/local/games:/snap/bin:/snap/bin', 'SESSION_MANAGER': 'local/pranav:@/tmp/.ICE-unix/1842,unix/pranav:/tmp/.ICE-unix/1842', 'INVOCATION_ID': '590146e1c45742bfac1cf51aed2100c9', 'XDG_MENU_PREFIX': 'gnome-', 'GNOME_SETUP_DISPLAY': ':1', 'XDG_RUNTIME_DIR': '/run/user/1000', 'GDK_BACKEND': 'x11', 'DISPLAY': ':0', 'LANG': 'en_US.UTF-8', 'XDG_CURRENT_DESKTOP': 'Unity', 'XMODIFIERS': '@im=ibus', 'XDG_SESSION_DESKTOP': 'ubuntu', 'XAUTHORITY': '/run/user/1000/.mutter-Xwaylandauth.NJN892', 'LS_COLORS': '', 'SSH_AUTH_SOCK': '/run/user/1000/keyring/ssh', 'AMENT_PREFIX_PATH': '/opt/ros/jazzy', 'CONDA_PYTHON_EXE': '/home/pranav/miniconda3/bin/python', 'ORIGINAL_XDG_CURRENT_DESKTOP': 'ubuntu:GNOME', 'SHELL': '/bin/bash', 'QT_ACCESSIBILITY': '1', 'ELECTRON_RUN_AS_NODE': '1', 'GDMSESSION': 'ubuntu', 'LESSCLOSE': '/usr/bin/lesspipe %s %s', 'CONDA_DEFAULT_ENV': 'base', 'GJS_DEBUG_OUTPUT': 'stderr', 'ROS_AUTOMATIC_DISCOVERY_RANGE': 'SUBNET', 'QT_IM_MODULE': 'ibus', 'PWD': '/home/pranav/ros2_ws/build/fizzbuzz_interfaces', 'LC_ALL': 'en_US.UTF-8', 'XDG_CONFIG_DIRS': '/etc/xdg/xdg-ubuntu:/etc/xdg', 'CONDA_EXE': '/home/pranav/miniconda3/bin/conda', 'VSCODE_CODE_CACHE_PATH': '/home/pranav/.config/Code/CachedData/2901c5ac6db8a986a5666c3af51ff804d05af0d4', 'XDG_DATA_DIRS': '/usr/share/ubuntu:/usr/share/gnome:/home/pranav/.local/share/flatpak/exports/share:/var/lib/flatpak/exports/share:/usr/local/share/:/usr/share/:/var/lib/snapd/desktop', 'PYTHONPATH': '/opt/ros/jazzy/lib/python3.12/site-packages', 'CONDA_PREFIX': '/home/pranav/miniconda3', 'COLCON': '1', 'MEMORY_PRESSURE_WRITE': 'c29tZSAyMDAwMDAgMjAwMDAwMAA=', 'ELECTRON_NO_ATTACH_CONSOLE': '1', 'CMAKE_PREFIX_PATH': '/opt/ros/jazzy/opt/gz_transport_vendor:/opt/ros/jazzy/opt/gz_msgs_vendor:/opt/ros/jazzy/opt/gz_math_vendor:/opt/ros/jazzy/opt/gz_utils_vendor:/opt/ros/jazzy/opt/gz_tools_vendor:/opt/ros/jazzy/opt/gz_cmake_vendor:/opt/ros/jazzy', 'VSCODE_PID': '96473'}), 'shell': False}
[0.105855] (-) TimerEvent: {}
[0.206353] (-) TimerEvent: {}
[0.307445] (-) TimerEvent: {}
[0.408859] (-) TimerEvent: {}
[0.509003] (-) TimerEvent: {}
[0.609171] (-) TimerEvent: {}
[0.710296] (-) TimerEvent: {}
[0.810447] (-) TimerEvent: {}
[0.911204] (-) TimerEvent: {}
[1.014890] (-) TimerEvent: {}
[1.115068] (-) TimerEvent: {}
[1.215271] (-) TimerEvent: {}
[1.315432] (-) TimerEvent: {}
[1.343748] (fizzbuzz_interfaces) StdoutLine: {'line': b'[  2%] Built target fizzbuzz_interfaces__rosidl_generator_type_description\n'}
[1.343934] (fizzbuzz_interfaces) StdoutLine: {'line': b'[  2%] Built target ament_cmake_python_copy_fizzbuzz_interfaces\n'}
[1.343979] (fizzbuzz_interfaces) StdoutLine: {'line': b'[ 17%] Built target fizzbuzz_interfaces__rosidl_generator_c\n'}
[1.344010] (fizzbuzz_interfaces) StdoutLine: {'line': b'running egg_info\n'}
[1.344039] (fizzbuzz_interfaces) StdoutLine: {'line': b'writing fizzbuzz_interfaces.egg-info/PKG-INFO\n'}
[1.344067] (fizzbuzz_interfaces) StdoutLine: {'line': b'writing dependency_links to fizzbuzz_interfaces.egg-info/dependency_links.txt\n'}
[1.344095] (fizzbuzz_interfaces) StdoutLine: {'line': b'writing top-level names to fizzbuzz_interfaces.egg-info/top_level.txt\n'}
[1.344123] (fizzbuzz_interfaces) StdoutLine: {'line': b"reading manifest file 'fizzbuzz_interfaces.egg-info/SOURCES.txt'\n"}
[1.344151] (fizzbuzz_interfaces) StdoutLine: {'line': b"writing manifest file 'fizzbuzz_interfaces.egg-info/SOURCES.txt'\n"}
[1.344178] (fizzbuzz_interfaces) StdoutLine: {'line': b'[ 17%] Built target ament_cmake_python_build_fizzbuzz_interfaces_egg\n'}
[1.344205] (fizzbuzz_interfaces) StdoutLine: {'line': b'[ 26%] Built target fizzbuzz_interfaces__rosidl_typesupport_introspection_c\n'}
[1.344233] (fizzbuzz_interfaces) StdoutLine: {'line': b'[ 35%] Built target fizzbuzz_interfaces__rosidl_typesupport_c\n'}
[1.344259] (fizzbuzz_interfaces) StdoutLine: {'line': b'[ 44%] Built target fizzbuzz_interfaces__rosidl_typesupport_fastrtps_c\n'}
[1.344287] (fizzbuzz_interfaces) StdoutLine: {'line': b'[ 47%] Built target fizzbuzz_interfaces__cpp\n'}
[1.344314] (fizzbuzz_interfaces) StdoutLine: {'line': b'[ 55%] Built target fizzbuzz_interfaces__rosidl_typesupport_cpp\n'}
[1.344341] (fizzbuzz_interfaces) StdoutLine: {'line': b'[ 64%] Built target fizzbuzz_interfaces__rosidl_typesupport_introspection_cpp\n'}
[1.344368] (fizzbuzz_interfaces) StdoutLine: {'line': b'[ 73%] Built target fizzbuzz_interfaces__rosidl_typesupport_fastrtps_cpp\n'}
[1.344414] (fizzbuzz_interfaces) StdoutLine: {'line': b'[ 73%] Built target fizzbuzz_interfaces\n'}
[1.344441] (fizzbuzz_interfaces) StdoutLine: {'line': b'[ 76%] Built target fizzbuzz_interfaces__py\n'}
[1.344473] (fizzbuzz_interfaces) StdoutLine: {'line': b'[ 82%] Built target fizzbuzz_interfaces__rosidl_generator_py\n'}
[1.344500] (fizzbuzz_interfaces) StdoutLine: {'line': b'[ 88%] Built target fizzbuzz_interfaces_s__rosidl_typesupport_fastrtps_c\n'}
[1.344526] (fizzbuzz_interfaces) StdoutLine: {'line': b'[ 94%] Built target fizzbuzz_interfaces_s__rosidl_typesupport_c\n'}
[1.344553] (fizzbuzz_interfaces) StdoutLine: {'line': b'[100%] Built target fizzbuzz_interfaces_s__rosidl_typesupport_introspection_c\n'}
[1.347563] (fizzbuzz_interfaces) CommandEnded: {'returncode': 0}
[1.349130] (fizzbuzz_interfaces) JobProgress: {'identifier': 'fizzbuzz_interfaces', 'progress': 'install'}
[1.357782] (fizzbuzz_interfaces) Command: {'cmd': ['/usr/bin/cmake', '--install', '/home/pranav/ros2_ws/build/fizzbuzz_interfaces'], 'cwd': '/home/pranav/ros2_ws/build/fizzbuzz_interfaces', 'env': OrderedDict({'GJS_DEBUG_TOPICS': 'JS ERROR;JS LOG', 'LESSOPEN': '| /usr/bin/lesspipe %s', 'VSCODE_CWD': '/home/pranav', 'CONDA_PROMPT_MODIFIER': '(base)', 'USER': 'pranav', 'VSCODE_NLS_CONFIG': '{"userLocale":"en-us","osLocale":"en-us","resolvedLanguage":"en","defaultMessagesFile":"/usr/share/code/resources/app/out/nls.messages.json","locale":"en-us","availableLanguages":{}}', 'GZ_CONFIG_PATH': '/opt/ros/jazzy/opt/gz_transport_vendor/share/gz:/opt/ros/jazzy/opt/gz_msgs_vendor/share/gz', 'XDG_SESSION_TYPE': 'wayland', 'CLUTTER_DISABLE_MIPMAPPED_TEXT': '1', 'SHLVL': '1', 'LD_LIBRARY_PATH': '/opt/ros/jazzy/opt/rviz_ogre_vendor/lib:/opt/ros/jazzy/lib/aarch64-linux-gnu:/opt/ros/jazzy/opt/gz_transport_vendor/lib:/opt/ros/jazzy/opt/gz_msgs_vendor/lib:/opt/ros/jazzy/opt/gz_math_vendor/lib:/opt/ros/jazzy/opt/gz_utils_vendor/lib:/opt/ros/jazzy/opt/gz_tools_vendor/lib:/opt/ros/jazzy/opt/gz_cmake_vendor/lib:/opt/ros/jazzy/lib', 'HOME': '/home/pranav', 'CHROME_DESKTOP': 'code.desktop', 'CONDA_SHLVL': '1', 'OLDPWD': '/home/pranav', 'DESKTOP_SESSION': 'ubuntu', 'VSCODE_IPC_HOOK': '/run/user/1000/vscode-18e0a460-1.10-main.sock', 'GIO_LAUNCHED_DESKTOP_FILE': '/usr/share/applications/code.desktop', 'ROS_PYTHON_VERSION': '3', 'GNOME_SHELL_SESSION_MODE': 'ubuntu', 'GTK_MODULES': 'gail:atk-bridge', 'MANAGERPID': '1689', 'SYSTEMD_EXEC_PID': '1873', 'IM_CONFIG_CHECK_ENV': '1', 'GSM_SKIP_SSH_AGENT_WORKAROUND': 'true', 'DBUS_SESSION_BUS_ADDRESS': 'unix:path=/run/user/1000/bus', 'GIO_LAUNCHED_DESKTOP_FILE_PID': '96473', 'DEBUGINFOD_URLS': 'https://debuginfod.ubuntu.com', 'IM_CONFIG_PHASE': '1', 'WAYLAND_DISPLAY': 'wayland-0', 'ROS_DISTRO': 'jazzy', 'LOGNAME': 'pranav', 'JOURNAL_STREAM': '8:16712', '_': '/usr/bin/colcon', 'ROS_VERSION': '2', 'MEMORY_PRESSURE_WATCH': '/sys/fs/cgroup/user.slice/user-1000.slice/user@1000.service/session.slice/org.gnome.Shell@wayland.service/memory.pressure', 'XDG_SESSION_CLASS': 'user', 'USERNAME': 'pranav', 'GNOME_DESKTOP_SESSION_ID': 'this-is-deprecated', 'VSCODE_RESOLVING_ENVIRONMENT': '1', 'PATH': '/opt/ros/jazzy/opt/gz_msgs_vendor/bin:/opt/ros/jazzy/opt/gz_tools_vendor/bin:/opt/ros/jazzy/bin:/home/pranav/miniconda3/bin:/home/pranav/miniconda3/condabin:/home/pranav/.local/bin:/usr/local/sbin:/usr/local/bin:/usr/sbin:/usr/bin:/sbin:/bin:/usr/games:/usr/local/games:/snap/bin:/snap/bin', 'SESSION_MANAGER': 'local/pranav:@/tmp/.ICE-unix/1842,unix/pranav:/tmp/.ICE-unix/1842', 'INVOCATION_ID': '590146e1c45742bfac1cf51aed2100c9', 'XDG_MENU_PREFIX': 'gnome-', 'GNOME_SETUP_DISPLAY': ':1', 'XDG_RUNTIME_DIR': '/run/user/1000', 'GDK_BACKEND': 'x11', 'DISPLAY': ':0', 'LANG': 'en_US.UTF-8', 'XDG_CURRENT_DESKTOP': 'Unity', 'XMODIFIERS': '@im=ibus', 'XDG_SESSION_DESKTOP': 'ubuntu', 'XAUTHORITY': '/run/user/1000/.mutter-Xwaylandauth.NJN892', 'LS_COLORS': '', 'SSH_AUTH_SOCK': '/run/user/1000/keyring/ssh', 'AMENT_PREFIX_PATH': '/opt/ros/jazzy', 'CONDA_PYTHON_EXE': '/home/pranav/miniconda3/bin/python', 'ORIGINAL_XDG_CURRENT_DESKTOP': 'ubuntu:GNOME', 'SHELL': '/bin/bash', 'QT_ACCESSIBILITY': '1', 'ELECTRON_RUN_AS_NODE': '1', 'GDMSESSION': 'ubuntu', 'LESSCLOSE': '/usr/bin/lesspipe %s %s', 'CONDA_DEFAULT_ENV': 'base', 'GJS_DEBUG_OUTPUT': 'stderr', 'ROS_AUTOMATIC_DISCOVERY_RANGE': 'SUBNET', 'QT_IM_MODULE': 'ibus', 'PWD': '/home/pranav/ros2_ws/build/fizzbuzz_interfaces', 'LC_ALL': 'en_US.UTF-8', 'XDG_CONFIG_DIRS': '/etc/xdg/xdg-ubuntu:/etc/xdg', 'CONDA_EXE': '/home/pranav/miniconda3/bin/conda', 'VSCODE_CODE_CACHE_PATH': '/home/pranav/.config/Code/CachedData/2901c5ac6db8a986a5666c3af51ff804d05af0d4', 'XDG_DATA_DIRS': '/usr/share/ubuntu:/usr/share/gnome:/home/pranav/.local/share/flatpak/exports/share:/var/lib/flatpak/exports/share:/usr/local/share/:/usr/share/:/var/lib/snapd/desktop', 'PYTHONPATH': '/opt/ros/jazzy/lib/python3.12/site-packages', 'CONDA_PREFIX': '/home/pranav/miniconda3', 'COLCON': '1', 'MEMORY_PRESSURE_WRITE': 'c29tZSAyMDAwMDAgMjAwMDAwMAA=', 'ELECTRON_NO_ATTACH_CONSOLE': '1', 'CMAKE_PREFIX_PATH': '/opt/ros/jazzy/opt/gz_transport_vendor:/opt/ros/jazzy/opt/gz_msgs_vendor:/opt/ros/jazzy/opt/gz_math_vendor:/opt/ros/jazzy/opt/gz_utils_vendor:/opt/ros/jazzy/opt/gz_tools_vendor:/opt/ros/jazzy/opt/gz_cmake_vendor:/opt/ros/jazzy', 'VSCODE_PID': '96473'}), 'shell': False}
[1.383875] (fizzbuzz_interfaces) StdoutLine: {'line': b'-- Install configuration: ""\n'}
[1.383994] (fizzbuzz_interfaces) StdoutLine: {'line': b'-- Up-to-date: /home/pranav/ros2_ws/install/fizzbuzz_interfaces/include/fizzbuzz_interfaces/fizzbuzz_interfaces\n'}
[1.384042] (fizzbuzz_interfaces) StdoutLine: {'line': b'-- Up-to-date: /home/pranav/ros2_ws/install/fizzbuzz_interfaces/include/fizzbuzz_interfaces/fizzbuzz_interfaces/msg\n'}
[1.384073] (fizzbuzz_interfaces) StdoutLine: {'line': b'-- Up-to-date: /home/pranav/ros2_ws/install/fizzbuzz_interfaces/include/fizzbuzz_interfaces/fizzbuzz_interfaces/msg/detail\n'}
[1.384111] (fizzbuzz_interfaces) StdoutLine: {'line': b'-- Up-to-date: /home/pranav/ros2_ws/install/fizzbuzz_interfaces/include/fizzbuzz_interfaces/fizzbuzz_interfaces/msg/detail/fizz_buzz__type_support.c\n'}
[1.384157] (fizzbuzz_interfaces) StdoutLine: {'line': b'-- Up-to-date: /home/pranav/ros2_ws/install/fizzbuzz_interfaces/include/fizzbuzz_interfaces/fizzbuzz_interfaces/msg/detail/fizz_buzz__functions.c\n'}
[1.384198] (fizzbuzz_interfaces) StdoutLine: {'line': b'-- Up-to-date: /home/pranav/ros2_ws/install/fizzbuzz_interfaces/include/fizzbuzz_interfaces/fizzbuzz_interfaces/msg/detail/fizz_buzz__description.c\n'}
[1.384244] (fizzbuzz_interfaces) StdoutLine: {'line': b'-- Up-to-date: /home/pranav/ros2_ws/install/fizzbuzz_interfaces/lib/libfizzbuzz_interfaces__rosidl_generator_c.so\n'}
[1.384272] (fizzbuzz_interfaces) StdoutLine: {'line': b'-- Up-to-date: /home/pranav/ros2_ws/install/fizzbuzz_interfaces/include/fizzbuzz_interfaces/fizzbuzz_interfaces\n'}
[1.384304] (fizzbuzz_interfaces) StdoutLine: {'line': b'-- Up-to-date: /home/pranav/ros2_ws/install/fizzbuzz_interfaces/include/fizzbuzz_interfaces/fizzbuzz_interfaces/msg\n'}
[1.384339] (fizzbuzz_interfaces) StdoutLine: {'line': b'-- Up-to-date: /home/pranav/ros2_ws/install/fizzbuzz_interfaces/include/fizzbuzz_interfaces/fizzbuzz_interfaces/msg/detail\n'}
[1.384367] (fizzbuzz_interfaces) StdoutLine: {'line': b'-- Up-to-date: /home/pranav/ros2_ws/install/fizzbuzz_interfaces/lib/libfizzbuzz_interfaces__rosidl_typesupport_fastrtps_c.so\n'}
[1.384395] (fizzbuzz_interfaces) StdoutLine: {'line': b'-- Up-to-date: /home/pranav/ros2_ws/install/fizzbuzz_interfaces/include/fizzbuzz_interfaces/fizzbuzz_interfaces\n'}
[1.384430] (fizzbuzz_interfaces) StdoutLine: {'line': b'-- Up-to-date: /home/pranav/ros2_ws/install/fizzbuzz_interfaces/include/fizzbuzz_interfaces/fizzbuzz_interfaces/msg\n'}
[1.384458] (fizzbuzz_interfaces) StdoutLine: {'line': b'-- Up-to-date: /home/pranav/ros2_ws/install/fizzbuzz_interfaces/include/fizzbuzz_interfaces/fizzbuzz_interfaces/msg/detail\n'}
[1.384486] (fizzbuzz_interfaces) StdoutLine: {'line': b'-- Up-to-date: /home/pranav/ros2_ws/install/fizzbuzz_interfaces/include/fizzbuzz_interfaces/fizzbuzz_interfaces\n'}
[1.384514] (fizzbuzz_interfaces) StdoutLine: {'line': b'-- Up-to-date: /home/pranav/ros2_ws/install/fizzbuzz_interfaces/include/fizzbuzz_interfaces/fizzbuzz_interfaces/msg\n'}
[1.384543] (fizzbuzz_interfaces) StdoutLine: {'line': b'-- Up-to-date: /home/pranav/ros2_ws/install/fizzbuzz_interfaces/include/fizzbuzz_interfaces/fizzbuzz_interfaces/msg/detail\n'}
[1.384571] (fizzbuzz_interfaces) StdoutLine: {'line': b'-- Up-to-date: /home/pranav/ros2_ws/install/fizzbuzz_interfaces/include/fizzbuzz_interfaces/fizzbuzz_interfaces/msg/detail/dds_fastrtps\n'}
[1.384599] (fizzbuzz_interfaces) StdoutLine: {'line': b'-- Up-to-date: /home/pranav/ros2_ws/install/fizzbuzz_interfaces/lib/libfizzbuzz_interfaces__rosidl_typesupport_fastrtps_cpp.so\n'}
[1.384627] (fizzbuzz_interfaces) StdoutLine: {'line': b'-- Up-to-date: /home/pranav/ros2_ws/install/fizzbuzz_interfaces/include/fizzbuzz_interfaces/fizzbuzz_interfaces\n'}
[1.384655] (fizzbuzz_interfaces) StdoutLine: {'line': b'-- Up-to-date: /home/pranav/ros2_ws/install/fizzbuzz_interfaces/include/fizzbuzz_interfaces/fizzbuzz_interfaces/msg\n'}
[1.384682] (fizzbuzz_interfaces) StdoutLine: {'line': b'-- Up-to-date: /home/pranav/ros2_ws/install/fizzbuzz_interfaces/include/fizzbuzz_interfaces/fizzbuzz_interfaces/msg/detail\n'}
[1.384716] (fizzbuzz_interfaces) StdoutLine: {'line': b'-- Up-to-date: /home/pranav/ros2_ws/install/fizzbuzz_interfaces/include/fizzbuzz_interfaces/fizzbuzz_interfaces/msg/detail/fizz_buzz__type_support.c\n'}
[1.384761] (fizzbuzz_interfaces) StdoutLine: {'line': b'-- Up-to-date: /home/pranav/ros2_ws/install/fizzbuzz_interfaces/lib/libfizzbuzz_interfaces__rosidl_typesupport_introspection_c.so\n'}
[1.384875] (fizzbuzz_interfaces) StdoutLine: {'line': b'-- Up-to-date: /home/pranav/ros2_ws/install/fizzbuzz_interfaces/lib/libfizzbuzz_interfaces__rosidl_typesupport_c.so\n'}
[1.384947] (fizzbuzz_interfaces) StdoutLine: {'line': b'-- Up-to-date: /home/pranav/ros2_ws/install/fizzbuzz_interfaces/include/fizzbuzz_interfaces/fizzbuzz_interfaces\n'}
[1.385003] (fizzbuzz_interfaces) StdoutLine: {'line': b'-- Up-to-date: /home/pranav/ros2_ws/install/fizzbuzz_interfaces/include/fizzbuzz_interfaces/fizzbuzz_interfaces/msg\n'}
[1.385058] (fizzbuzz_interfaces) StdoutLine: {'line': b'-- Up-to-date: /home/pranav/ros2_ws/install/fizzbuzz_interfaces/include/fizzbuzz_interfaces/fizzbuzz_interfaces/msg/detail\n'}
[1.385105] (fizzbuzz_interfaces) StdoutLine: {'line': b'-- Up-to-date: /home/pranav/ros2_ws/install/fizzbuzz_interfaces/include/fizzbuzz_interfaces/fizzbuzz_interfaces/msg/detail/fizz_buzz__type_support.cpp\n'}
[1.385148] (fizzbuzz_interfaces) StdoutLine: {'line': b'-- Up-to-date: /home/pranav/ros2_ws/install/fizzbuzz_interfaces/lib/libfizzbuzz_interfaces__rosidl_typesupport_introspection_cpp.so\n'}
[1.385192] (fizzbuzz_interfaces) StdoutLine: {'line': b'-- Up-to-date: /home/pranav/ros2_ws/install/fizzbuzz_interfaces/lib/libfizzbuzz_interfaces__rosidl_typesupport_cpp.so\n'}
[1.385234] (fizzbuzz_interfaces) StdoutLine: {'line': b'-- Up-to-date: /home/pranav/ros2_ws/install/fizzbuzz_interfaces/lib/python3.13/site-packages/fizzbuzz_interfaces-0.0.0-py3.13.egg-info\n'}
[1.385274] (fizzbuzz_interfaces) StdoutLine: {'line': b'-- Installing: /home/pranav/ros2_ws/install/fizzbuzz_interfaces/lib/python3.13/site-packages/fizzbuzz_interfaces-0.0.0-py3.13.egg-info/PKG-INFO\n'}
[1.385303] (fizzbuzz_interfaces) StdoutLine: {'line': b'-- Installing: /home/pranav/ros2_ws/install/fizzbuzz_interfaces/lib/python3.13/site-packages/fizzbuzz_interfaces-0.0.0-py3.13.egg-info/dependency_links.txt\n'}
[1.385343] (fizzbuzz_interfaces) StdoutLine: {'line': b'-- Installing: /home/pranav/ros2_ws/install/fizzbuzz_interfaces/lib/python3.13/site-packages/fizzbuzz_interfaces-0.0.0-py3.13.egg-info/SOURCES.txt\n'}
[1.385390] (fizzbuzz_interfaces) StdoutLine: {'line': b'-- Installing: /home/pranav/ros2_ws/install/fizzbuzz_interfaces/lib/python3.13/site-packages/fizzbuzz_interfaces-0.0.0-py3.13.egg-info/top_level.txt\n'}
[1.385426] (fizzbuzz_interfaces) StdoutLine: {'line': b'-- Up-to-date: /home/pranav/ros2_ws/install/fizzbuzz_interfaces/lib/python3.13/site-packages/fizzbuzz_interfaces\n'}
[1.385484] (fizzbuzz_interfaces) StdoutLine: {'line': b'-- Up-to-date: /home/pranav/ros2_ws/install/fizzbuzz_interfaces/lib/python3.13/site-packages/fizzbuzz_interfaces/fizzbuzz_interfaces_s__rosidl_typesupport_introspection_c.so\n'}
[1.385526] (fizzbuzz_interfaces) StdoutLine: {'line': b'-- Up-to-date: /home/pranav/ros2_ws/install/fizzbuzz_interfaces/lib/python3.13/site-packages/fizzbuzz_interfaces/_fizzbuzz_interfaces_s.ep.rosidl_typesupport_c.c\n'}
[1.385554] (fizzbuzz_interfaces) StdoutLine: {'line': b'-- Up-to-date: /home/pranav/ros2_ws/install/fizzbuzz_interfaces/lib/python3.13/site-packages/fizzbuzz_interfaces/_fizzbuzz_interfaces_s.ep.rosidl_typesupport_introspection_c.c\n'}
[1.385581] (fizzbuzz_interfaces) StdoutLine: {'line': b'-- Up-to-date: /home/pranav/ros2_ws/install/fizzbuzz_interfaces/lib/python3.13/site-packages/fizzbuzz_interfaces/msg\n'}
[1.385632] (fizzbuzz_interfaces) StdoutLine: {'line': b'-- Up-to-date: /home/pranav/ros2_ws/install/fizzbuzz_interfaces/lib/python3.13/site-packages/fizzbuzz_interfaces/msg/_fizz_buzz_s.c\n'}
[1.385663] (fizzbuzz_interfaces) StdoutLine: {'line': b'-- Up-to-date: /home/pranav/ros2_ws/install/fizzbuzz_interfaces/lib/python3.13/site-packages/fizzbuzz_interfaces/msg/_fizz_buzz.py\n'}
[1.385690] (fizzbuzz_interfaces) StdoutLine: {'line': b'-- Up-to-date: /home/pranav/ros2_ws/install/fizzbuzz_interfaces/lib/python3.13/site-packages/fizzbuzz_interfaces/msg/__init__.py\n'}
[1.385734] (fizzbuzz_interfaces) StdoutLine: {'line': b'-- Up-to-date: /home/pranav/ros2_ws/install/fizzbuzz_interfaces/lib/python3.13/site-packages/fizzbuzz_interfaces/__init__.py\n'}
[1.385773] (fizzbuzz_interfaces) StdoutLine: {'line': b'-- Up-to-date: /home/pranav/ros2_ws/install/fizzbuzz_interfaces/lib/python3.13/site-packages/fizzbuzz_interfaces/fizzbuzz_interfaces_s__rosidl_typesupport_fastrtps_c.so\n'}
[1.385846] (fizzbuzz_interfaces) StdoutLine: {'line': b'-- Up-to-date: /home/pranav/ros2_ws/install/fizzbuzz_interfaces/lib/python3.13/site-packages/fizzbuzz_interfaces/_fizzbuzz_interfaces_s.ep.rosidl_typesupport_fastrtps_c.c\n'}
[1.385890] (fizzbuzz_interfaces) StdoutLine: {'line': b'-- Up-to-date: /home/pranav/ros2_ws/install/fizzbuzz_interfaces/lib/python3.13/site-packages/fizzbuzz_interfaces/fizzbuzz_interfaces_s__rosidl_typesupport_c.so\n'}
[1.419897] (-) TimerEvent: {}
[1.445968] (fizzbuzz_interfaces) StdoutLine: {'line': b"Listing '/home/pranav/ros2_ws/install/fizzbuzz_interfaces/lib/python3.13/site-packages/fizzbuzz_interfaces'...\n"}
[1.446094] (fizzbuzz_interfaces) StdoutLine: {'line': b"Listing '/home/pranav/ros2_ws/install/fizzbuzz_interfaces/lib/python3.13/site-packages/fizzbuzz_interfaces/msg'...\n"}
[1.451630] (fizzbuzz_interfaces) StdoutLine: {'line': b'-- Up-to-date: /home/pranav/ros2_ws/install/fizzbuzz_interfaces/lib/python3.13/site-packages/fizzbuzz_interfaces/fizzbuzz_interfaces_s__rosidl_typesupport_fastrtps_c.so\n'}
[1.452113] (fizzbuzz_interfaces) StdoutLine: {'line': b'-- Up-to-date: /home/pranav/ros2_ws/install/fizzbuzz_interfaces/lib/python3.13/site-packages/fizzbuzz_interfaces/fizzbuzz_interfaces_s__rosidl_typesupport_introspection_c.so\n'}
[1.454221] (fizzbuzz_interfaces) StdoutLine: {'line': b'-- Up-to-date: /home/pranav/ros2_ws/install/fizzbuzz_interfaces/lib/python3.13/site-packages/fizzbuzz_interfaces/fizzbuzz_interfaces_s__rosidl_typesupport_c.so\n'}
[1.454617] (fizzbuzz_interfaces) StdoutLine: {'line': b'-- Up-to-date: /home/pranav/ros2_ws/install/fizzbuzz_interfaces/lib/libfizzbuzz_interfaces__rosidl_generator_py.so\n'}
[1.456053] (fizzbuzz_interfaces) StdoutLine: {'line': b'-- Installing: /home/pranav/ros2_ws/install/fizzbuzz_interfaces/share/fizzbuzz_interfaces/package.dsv\n'}
[1.456961] (fizzbuzz_interfaces) StdoutLine: {'line': b'-- Up-to-date: /home/pranav/ros2_ws/install/fizzbuzz_interfaces/share/fizzbuzz_interfaces/cmake/export_fizzbuzz_interfaces__rosidl_generator_cExport.cmake\n'}
[1.457590] (fizzbuzz_interfaces) StdoutLine: {'line': b'-- Up-to-date: /home/pranav/ros2_ws/install/fizzbuzz_interfaces/share/fizzbuzz_interfaces/cmake/export_fizzbuzz_interfaces__rosidl_generator_cExport-noconfig.cmake\n'}
[1.458393] (fizzbuzz_interfaces) StdoutLine: {'line': b'-- Up-to-date: /home/pranav/ros2_ws/install/fizzbuzz_interfaces/share/fizzbuzz_interfaces/cmake/export_fizzbuzz_interfaces__rosidl_typesupport_fastrtps_cExport.cmake\n'}
[1.458473] (fizzbuzz_interfaces) StdoutLine: {'line': b'-- Up-to-date: /home/pranav/ros2_ws/install/fizzbuzz_interfaces/share/fizzbuzz_interfaces/cmake/export_fizzbuzz_interfaces__rosidl_typesupport_fastrtps_cExport-noconfig.cmake\n'}
[1.458509] (fizzbuzz_interfaces) StdoutLine: {'line': b'-- Up-to-date: /home/pranav/ros2_ws/install/fizzbuzz_interfaces/share/fizzbuzz_interfaces/cmake/export_fizzbuzz_interfaces__rosidl_generator_cppExport.cmake\n'}
[1.458551] (fizzbuzz_interfaces) StdoutLine: {'line': b'-- Up-to-date: /home/pranav/ros2_ws/install/fizzbuzz_interfaces/share/fizzbuzz_interfaces/cmake/export_fizzbuzz_interfaces__rosidl_typesupport_fastrtps_cppExport.cmake\n'}
[1.458587] (fizzbuzz_interfaces) StdoutLine: {'line': b'-- Up-to-date: /home/pranav/ros2_ws/install/fizzbuzz_interfaces/share/fizzbuzz_interfaces/cmake/export_fizzbuzz_interfaces__rosidl_typesupport_fastrtps_cppExport-noconfig.cmake\n'}
[1.458671] (fizzbuzz_interfaces) StdoutLine: {'line': b'-- Up-to-date: /home/pranav/ros2_ws/install/fizzbuzz_interfaces/share/fizzbuzz_interfaces/cmake/fizzbuzz_interfaces__rosidl_typesupport_introspection_cExport.cmake\n'}
[1.460725] (fizzbuzz_interfaces) StdoutLine: {'line': b'-- Up-to-date: /home/pranav/ros2_ws/install/fizzbuzz_interfaces/share/fizzbuzz_interfaces/cmake/fizzbuzz_interfaces__rosidl_typesupport_introspection_cExport-noconfig.cmake\n'}
[1.460885] (fizzbuzz_interfaces) StdoutLine: {'line': b'-- Up-to-date: /home/pranav/ros2_ws/install/fizzbuzz_interfaces/share/fizzbuzz_interfaces/cmake/fizzbuzz_interfaces__rosidl_typesupport_cExport.cmake\n'}
[1.460960] (fizzbuzz_interfaces) StdoutLine: {'line': b'-- Up-to-date: /home/pranav/ros2_ws/install/fizzbuzz_interfaces/share/fizzbuzz_interfaces/cmake/fizzbuzz_interfaces__rosidl_typesupport_cExport-noconfig.cmake\n'}
[1.460993] (fizzbuzz_interfaces) StdoutLine: {'line': b'-- Up-to-date: /home/pranav/ros2_ws/install/fizzbuzz_interfaces/share/fizzbuzz_interfaces/cmake/fizzbuzz_interfaces__rosidl_typesupport_introspection_cppExport.cmake\n'}
[1.461081] (fizzbuzz_interfaces) StdoutLine: {'line': b'-- Up-to-date: /home/pranav/ros2_ws/install/fizzbuzz_interfaces/share/fizzbuzz_interfaces/cmake/fizzbuzz_interfaces__rosidl_typesupport_introspection_cppExport-noconfig.cmake\n'}
[1.461133] (fizzbuzz_interfaces) StdoutLine: {'line': b'-- Up-to-date: /home/pranav/ros2_ws/install/fizzbuzz_interfaces/share/fizzbuzz_interfaces/cmake/fizzbuzz_interfaces__rosidl_typesupport_cppExport.cmake\n'}
[1.461187] (fizzbuzz_interfaces) StdoutLine: {'line': b'-- Up-to-date: /home/pranav/ros2_ws/install/fizzbuzz_interfaces/share/fizzbuzz_interfaces/cmake/fizzbuzz_interfaces__rosidl_typesupport_cppExport-noconfig.cmake\n'}
[1.461220] (fizzbuzz_interfaces) StdoutLine: {'line': b'-- Up-to-date: /home/pranav/ros2_ws/install/fizzbuzz_interfaces/share/fizzbuzz_interfaces/cmake/export_fizzbuzz_interfaces__rosidl_generator_pyExport.cmake\n'}
[1.461247] (fizzbuzz_interfaces) StdoutLine: {'line': b'-- Up-to-date: /home/pranav/ros2_ws/install/fizzbuzz_interfaces/share/fizzbuzz_interfaces/cmake/export_fizzbuzz_interfaces__rosidl_generator_pyExport-noconfig.cmake\n'}
[1.464902] (fizzbuzz_interfaces) CommandEnded: {'returncode': 0}
[1.526451] (fizzbuzz_interfaces) JobEnded: {'identifier': 'fizzbuzz_interfaces', 'rc': 0}
[1.526653] (-) TimerEvent: {}
[1.526666] (webcam) JobStarted: {'identifier': 'webcam'}
[1.626764] (-) TimerEvent: {}
[1.726888] (-) TimerEvent: {}
[1.827038] (-) TimerEvent: {}
[1.927185] (-) TimerEvent: {}
[2.029572] (-) TimerEvent: {}
[2.129712] (-) TimerEvent: {}
[2.229833] (-) TimerEvent: {}
[2.330034] (-) TimerEvent: {}
[2.352132] (pet) Command: {'cmd': ['/usr/bin/python3', '-W', 'ignore:setup.py install is deprecated', '-W', 'ignore:easy_install command is deprecated', 'setup.py', 'egg_info', '--egg-base', '../../build/pet', 'build', '--build-base', '/home/pranav/ros2_ws/build/pet/build', 'install', '--record', '/home/pranav/ros2_ws/build/pet/install.log', '--single-version-externally-managed', 'install_data'], 'cwd': '/home/pranav/ros2_ws/src/pet', 'env': {'GJS_DEBUG_TOPICS': 'JS ERROR;JS LOG', 'LESSOPEN': '| /usr/bin/lesspipe %s', 'VSCODE_CWD': '/home/pranav', 'CONDA_PROMPT_MODIFIER': '(base)', 'USER': 'pranav', 'VSCODE_NLS_CONFIG': '{"userLocale":"en-us","osLocale":"en-us","resolvedLanguage":"en","defaultMessagesFile":"/usr/share/code/resources/app/out/nls.messages.json","locale":"en-us","availableLanguages":{}}', 'GZ_CONFIG_PATH': '/opt/ros/jazzy/opt/gz_transport_vendor/share/gz:/opt/ros/jazzy/opt/gz_msgs_vendor/share/gz', 'XDG_SESSION_TYPE': 'wayland', 'CLUTTER_DISABLE_MIPMAPPED_TEXT': '1', 'SHLVL': '1', 'LD_LIBRARY_PATH': '/opt/ros/jazzy/opt/rviz_ogre_vendor/lib:/opt/ros/jazzy/lib/aarch64-linux-gnu:/opt/ros/jazzy/opt/gz_transport_vendor/lib:/opt/ros/jazzy/opt/gz_msgs_vendor/lib:/opt/ros/jazzy/opt/gz_math_vendor/lib:/opt/ros/jazzy/opt/gz_utils_vendor/lib:/opt/ros/jazzy/opt/gz_tools_vendor/lib:/opt/ros/jazzy/opt/gz_cmake_vendor/lib:/opt/ros/jazzy/lib', 'HOME': '/home/pranav', 'CHROME_DESKTOP': 'code.desktop', 'CONDA_SHLVL': '1', 'OLDPWD': '/home/pranav', 'DESKTOP_SESSION': 'ubuntu', 'VSCODE_IPC_HOOK': '/run/user/1000/vscode-18e0a460-1.10-main.sock', 'GIO_LAUNCHED_DESKTOP_FILE': '/usr/share/applications/code.desktop', 'ROS_PYTHON_VERSION': '3', 'GNOME_SHELL_SESSION_MODE': 'ubuntu', 'GTK_MODULES': 'gail:atk-bridge', 'MANAGERPID': '1689', 'SYSTEMD_EXEC_PID': '1873', 'IM_CONFIG_CHECK_ENV': '1', 'GSM_SKIP_SSH_AGENT_WORKAROUND': 'true', 'DBUS_SESSION_BUS_ADDRESS': 'unix:path=/run/user/1000/bus', 'GIO_LAUNCHED_DESKTOP_FILE_PID': '96473', 'DEBUGINFOD_URLS': 'https://debuginfod.ubuntu.com', 'IM_CONFIG_PHASE': '1', 'WAYLAND_DISPLAY': 'wayland-0', 'ROS_DISTRO': 'jazzy', 'LOGNAME': 'pranav', 'JOURNAL_STREAM': '8:16712', '_': '/usr/bin/colcon', 'ROS_VERSION': '2', 'MEMORY_PRESSURE_WATCH': '/sys/fs/cgroup/user.slice/user-1000.slice/user@1000.service/session.slice/org.gnome.Shell@wayland.service/memory.pressure', 'XDG_SESSION_CLASS': 'user', 'USERNAME': 'pranav', 'GNOME_DESKTOP_SESSION_ID': 'this-is-deprecated', 'VSCODE_RESOLVING_ENVIRONMENT': '1', 'PATH': '/opt/ros/jazzy/opt/gz_msgs_vendor/bin:/opt/ros/jazzy/opt/gz_tools_vendor/bin:/opt/ros/jazzy/bin:/home/pranav/miniconda3/bin:/home/pranav/miniconda3/condabin:/home/pranav/.local/bin:/usr/local/sbin:/usr/local/bin:/usr/sbin:/usr/bin:/sbin:/bin:/usr/games:/usr/local/games:/snap/bin:/snap/bin', 'SESSION_MANAGER': 'local/pranav:@/tmp/.ICE-unix/1842,unix/pranav:/tmp/.ICE-unix/1842', 'INVOCATION_ID': '590146e1c45742bfac1cf51aed2100c9', 'XDG_MENU_PREFIX': 'gnome-', 'GNOME_SETUP_DISPLAY': ':1', 'XDG_RUNTIME_DIR': '/run/user/1000', 'GDK_BACKEND': 'x11', 'DISPLAY': ':0', 'LANG': 'en_US.UTF-8', 'XDG_CURRENT_DESKTOP': 'Unity', 'XMODIFIERS': '@im=ibus', 'XDG_SESSION_DESKTOP': 'ubuntu', 'XAUTHORITY': '/run/user/1000/.mutter-Xwaylandauth.NJN892', 'LS_COLORS': '', 'SSH_AUTH_SOCK': '/run/user/1000/keyring/ssh', 'AMENT_PREFIX_PATH': '/opt/ros/jazzy', 'CONDA_PYTHON_EXE': '/home/pranav/miniconda3/bin/python', 'ORIGINAL_XDG_CURRENT_DESKTOP': 'ubuntu:GNOME', 'SHELL': '/bin/bash', 'QT_ACCESSIBILITY': '1', 'ELECTRON_RUN_AS_NODE': '1', 'GDMSESSION': 'ubuntu', 'LESSCLOSE': '/usr/bin/lesspipe %s %s', 'CONDA_DEFAULT_ENV': 'base', 'GJS_DEBUG_OUTPUT': 'stderr', 'ROS_AUTOMATIC_DISCOVERY_RANGE': 'SUBNET', 'QT_IM_MODULE': 'ibus', 'PWD': '/home/pranav/ros2_ws/build/pet', 'LC_ALL': 'en_US.UTF-8', 'XDG_CONFIG_DIRS': '/etc/xdg/xdg-ubuntu:/etc/xdg', 'CONDA_EXE': '/home/pranav/miniconda3/bin/conda', 'VSCODE_CODE_CACHE_PATH': '/home/pranav/.config/Code/CachedData/2901c5ac6db8a986a5666c3af51ff804d05af0d4', 'XDG_DATA_DIRS': '/usr/share/ubuntu:/usr/share/gnome:/home/pranav/.local/share/flatpak/exports/share:/var/lib/flatpak/exports/share:/usr/local/share/:/usr/share/:/var/lib/snapd/desktop', 'PYTHONPATH': '/home/pranav/ros2_ws/build/pet/prefix_override:/usr/lib/python3/dist-packages/colcon_core/task/python/colcon_distutils_commands:/home/pranav/ros2_ws/install/pet/lib/python3.12/site-packages:/opt/ros/jazzy/lib/python3.12/site-packages', 'CONDA_PREFIX': '/home/pranav/miniconda3', 'COLCON': '1', 'MEMORY_PRESSURE_WRITE': 'c29tZSAyMDAwMDAgMjAwMDAwMAA=', 'ELECTRON_NO_ATTACH_CONSOLE': '1', 'CMAKE_PREFIX_PATH': '/opt/ros/jazzy/opt/gz_transport_vendor:/opt/ros/jazzy/opt/gz_msgs_vendor:/opt/ros/jazzy/opt/gz_math_vendor:/opt/ros/jazzy/opt/gz_utils_vendor:/opt/ros/jazzy/opt/gz_tools_vendor:/opt/ros/jazzy/opt/gz_cmake_vendor', 'VSCODE_PID': '96473'}, 'shell': False}
[2.431224] (-) TimerEvent: {}
[2.533843] (-) TimerEvent: {}
[2.633981] (-) TimerEvent: {}
[2.734128] (-) TimerEvent: {}
[2.774742] (drone) Command: {'cmd': ['/usr/bin/python3', '-W', 'ignore:setup.py install is deprecated', '-W', 'ignore:easy_install command is deprecated', 'setup.py', 'egg_info', '--egg-base', '../../build/drone', 'build', '--build-base', '/home/pranav/ros2_ws/build/drone/build', 'install', '--record', '/home/pranav/ros2_ws/build/drone/install.log', '--single-version-externally-managed', 'install_data'], 'cwd': '/home/pranav/ros2_ws/src/drone', 'env': {'GJS_DEBUG_TOPICS': 'JS ERROR;JS LOG', 'LESSOPEN': '| /usr/bin/lesspipe %s', 'VSCODE_CWD': '/home/pranav', 'CONDA_PROMPT_MODIFIER': '(base)', 'USER': 'pranav', 'VSCODE_NLS_CONFIG': '{"userLocale":"en-us","osLocale":"en-us","resolvedLanguage":"en","defaultMessagesFile":"/usr/share/code/resources/app/out/nls.messages.json","locale":"en-us","availableLanguages":{}}', 'GZ_CONFIG_PATH': '/opt/ros/jazzy/opt/gz_transport_vendor/share/gz:/opt/ros/jazzy/opt/gz_msgs_vendor/share/gz', 'XDG_SESSION_TYPE': 'wayland', 'CLUTTER_DISABLE_MIPMAPPED_TEXT': '1', 'SHLVL': '1', 'LD_LIBRARY_PATH': '/opt/ros/jazzy/opt/rviz_ogre_vendor/lib:/opt/ros/jazzy/lib/aarch64-linux-gnu:/opt/ros/jazzy/opt/gz_transport_vendor/lib:/opt/ros/jazzy/opt/gz_msgs_vendor/lib:/opt/ros/jazzy/opt/gz_math_vendor/lib:/opt/ros/jazzy/opt/gz_utils_vendor/lib:/opt/ros/jazzy/opt/gz_tools_vendor/lib:/opt/ros/jazzy/opt/gz_cmake_vendor/lib:/opt/ros/jazzy/lib', 'HOME': '/home/pranav', 'CHROME_DESKTOP': 'code.desktop', 'CONDA_SHLVL': '1', 'OLDPWD': '/home/pranav', 'DESKTOP_SESSION': 'ubuntu', 'VSCODE_IPC_HOOK': '/run/user/1000/vscode-18e0a460-1.10-main.sock', 'GIO_LAUNCHED_DESKTOP_FILE': '/usr/share/applications/code.desktop', 'ROS_PYTHON_VERSION': '3', 'GNOME_SHELL_SESSION_MODE': 'ubuntu', 'GTK_MODULES': 'gail:atk-bridge', 'MANAGERPID': '1689', 'SYSTEMD_EXEC_PID': '1873', 'IM_CONFIG_CHECK_ENV': '1', 'GSM_SKIP_SSH_AGENT_WORKAROUND': 'true', 'DBUS_SESSION_BUS_ADDRESS': 'unix:path=/run/user/1000/bus', 'GIO_LAUNCHED_DESKTOP_FILE_PID': '96473', 'DEBUGINFOD_URLS': 'https://debuginfod.ubuntu.com', 'IM_CONFIG_PHASE': '1', 'WAYLAND_DISPLAY': 'wayland-0', 'ROS_DISTRO': 'jazzy', 'LOGNAME': 'pranav', 'JOURNAL_STREAM': '8:16712', '_': '/usr/bin/colcon', 'ROS_VERSION': '2', 'MEMORY_PRESSURE_WATCH': '/sys/fs/cgroup/user.slice/user-1000.slice/user@1000.service/session.slice/org.gnome.Shell@wayland.service/memory.pressure', 'XDG_SESSION_CLASS': 'user', 'USERNAME': 'pranav', 'GNOME_DESKTOP_SESSION_ID': 'this-is-deprecated', 'VSCODE_RESOLVING_ENVIRONMENT': '1', 'PATH': '/opt/ros/jazzy/opt/gz_msgs_vendor/bin:/opt/ros/jazzy/opt/gz_tools_vendor/bin:/opt/ros/jazzy/bin:/home/pranav/miniconda3/bin:/home/pranav/miniconda3/condabin:/home/pranav/.local/bin:/usr/local/sbin:/usr/local/bin:/usr/sbin:/usr/bin:/sbin:/bin:/usr/games:/usr/local/games:/snap/bin:/snap/bin', 'SESSION_MANAGER': 'local/pranav:@/tmp/.ICE-unix/1842,unix/pranav:/tmp/.ICE-unix/1842', 'INVOCATION_ID': '590146e1c45742bfac1cf51aed2100c9', 'XDG_MENU_PREFIX': 'gnome-', 'GNOME_SETUP_DISPLAY': ':1', 'XDG_RUNTIME_DIR': '/run/user/1000', 'GDK_BACKEND': 'x11', 'DISPLAY': ':0', 'LANG': 'en_US.UTF-8', 'XDG_CURRENT_DESKTOP': 'Unity', 'XMODIFIERS': '@im=ibus', 'XDG_SESSION_DESKTOP': 'ubuntu', 'XAUTHORITY': '/run/user/1000/.mutter-Xwaylandauth.NJN892', 'LS_COLORS': '', 'SSH_AUTH_SOCK': '/run/user/1000/keyring/ssh', 'AMENT_PREFIX_PATH': '/opt/ros/jazzy', 'CONDA_PYTHON_EXE': '/home/pranav/miniconda3/bin/python', 'ORIGINAL_XDG_CURRENT_DESKTOP': 'ubuntu:GNOME', 'SHELL': '/bin/bash', 'QT_ACCESSIBILITY': '1', 'ELECTRON_RUN_AS_NODE': '1', 'GDMSESSION': 'ubuntu', 'LESSCLOSE': '/usr/bin/lesspipe %s %s', 'CONDA_DEFAULT_ENV': 'base', 'GJS_DEBUG_OUTPUT': 'stderr', 'ROS_AUTOMATIC_DISCOVERY_RANGE': 'SUBNET', 'QT_IM_MODULE': 'ibus', 'PWD': '/home/pranav/ros2_ws/build/drone', 'LC_ALL': 'en_US.UTF-8', 'XDG_CONFIG_DIRS': '/etc/xdg/xdg-ubuntu:/etc/xdg', 'CONDA_EXE': '/home/pranav/miniconda3/bin/conda', 'VSCODE_CODE_CACHE_PATH': '/home/pranav/.config/Code/CachedData/2901c5ac6db8a986a5666c3af51ff804d05af0d4', 'XDG_DATA_DIRS': '/usr/share/ubuntu:/usr/share/gnome:/home/pranav/.local/share/flatpak/exports/share:/var/lib/flatpak/exports/share:/usr/local/share/:/usr/share/:/var/lib/snapd/desktop', 'PYTHONPATH': '/home/pranav/ros2_ws/build/drone/prefix_override:/usr/lib/python3/dist-packages/colcon_core/task/python/colcon_distutils_commands:/home/pranav/ros2_ws/install/drone/lib/python3.12/site-packages:/opt/ros/jazzy/lib/python3.12/site-packages', 'CONDA_PREFIX': '/home/pranav/miniconda3', 'COLCON': '1', 'MEMORY_PRESSURE_WRITE': 'c29tZSAyMDAwMDAgMjAwMDAwMAA=', 'ELECTRON_NO_ATTACH_CONSOLE': '1', 'CMAKE_PREFIX_PATH': '/opt/ros/jazzy/opt/gz_transport_vendor:/opt/ros/jazzy/opt/gz_msgs_vendor:/opt/ros/jazzy/opt/gz_math_vendor:/opt/ros/jazzy/opt/gz_utils_vendor:/opt/ros/jazzy/opt/gz_tools_vendor:/opt/ros/jazzy/opt/gz_cmake_vendor', 'VSCODE_PID': '96473'}, 'shell': False}
[2.809929] (pet) StdoutLine: {'line': b'running egg_info\n'}
[2.835008] (-) TimerEvent: {}
[2.841692] (turtle_tag_game) Command: {'cmd': ['/usr/bin/python3', '-W', 'ignore:setup.py install is deprecated', '-W', 'ignore:easy_install command is deprecated', 'setup.py', 'egg_info', '--egg-base', '../../build/turtle_tag_game', 'build', '--build-base', '/home/pranav/ros2_ws/build/turtle_tag_game/build', 'install', '--record', '/home/pranav/ros2_ws/build/turtle_tag_game/install.log', '--single-version-externally-managed', 'install_data'], 'cwd': '/home/pranav/ros2_ws/src/turtle_tag_game', 'env': {'GJS_DEBUG_TOPICS': 'JS ERROR;JS LOG', 'LESSOPEN': '| /usr/bin/lesspipe %s', 'VSCODE_CWD': '/home/pranav', 'CONDA_PROMPT_MODIFIER': '(base)', 'USER': 'pranav', 'VSCODE_NLS_CONFIG': '{"userLocale":"en-us","osLocale":"en-us","resolvedLanguage":"en","defaultMessagesFile":"/usr/share/code/resources/app/out/nls.messages.json","locale":"en-us","availableLanguages":{}}', 'GZ_CONFIG_PATH': '/opt/ros/jazzy/opt/gz_transport_vendor/share/gz:/opt/ros/jazzy/opt/gz_msgs_vendor/share/gz', 'XDG_SESSION_TYPE': 'wayland', 'CLUTTER_DISABLE_MIPMAPPED_TEXT': '1', 'SHLVL': '1', 'LD_LIBRARY_PATH': '/opt/ros/jazzy/opt/rviz_ogre_vendor/lib:/opt/ros/jazzy/lib/aarch64-linux-gnu:/opt/ros/jazzy/opt/gz_transport_vendor/lib:/opt/ros/jazzy/opt/gz_msgs_vendor/lib:/opt/ros/jazzy/opt/gz_math_vendor/lib:/opt/ros/jazzy/opt/gz_utils_vendor/lib:/opt/ros/jazzy/opt/gz_tools_vendor/lib:/opt/ros/jazzy/opt/gz_cmake_vendor/lib:/opt/ros/jazzy/lib', 'HOME': '/home/pranav', 'CHROME_DESKTOP': 'code.desktop', 'CONDA_SHLVL': '1', 'OLDPWD': '/home/pranav', 'DESKTOP_SESSION': 'ubuntu', 'VSCODE_IPC_HOOK': '/run/user/1000/vscode-18e0a460-1.10-main.sock', 'GIO_LAUNCHED_DESKTOP_FILE': '/usr/share/applications/code.desktop', 'ROS_PYTHON_VERSION': '3', 'GNOME_SHELL_SESSION_MODE': 'ubuntu', 'GTK_MODULES': 'gail:atk-bridge', 'MANAGERPID': '1689', 'SYSTEMD_EXEC_PID': '1873', 'IM_CONFIG_CHECK_ENV': '1', 'GSM_SKIP_SSH_AGENT_WORKAROUND': 'true', 'DBUS_SESSION_BUS_ADDRESS': 'unix:path=/run/user/1000/bus', 'GIO_LAUNCHED_DESKTOP_FILE_PID': '96473', 'DEBUGINFOD_URLS': 'https://debuginfod.ubuntu.com', 'IM_CONFIG_PHASE': '1', 'WAYLAND_DISPLAY': 'wayland-0', 'ROS_DISTRO': 'jazzy', 'LOGNAME': 'pranav', 'JOURNAL_STREAM': '8:16712', '_': '/usr/bin/colcon', 'ROS_VERSION': '2', 'MEMORY_PRESSURE_WATCH': '/sys/fs/cgroup/user.slice/user-1000.slice/user@1000.service/session.slice/org.gnome.Shell@wayland.service/memory.pressure', 'XDG_SESSION_CLASS': 'user', 'USERNAME': 'pranav', 'GNOME_DESKTOP_SESSION_ID': 'this-is-deprecated', 'VSCODE_RESOLVING_ENVIRONMENT': '1', 'PATH': '/opt/ros/jazzy/opt/gz_msgs_vendor/bin:/opt/ros/jazzy/opt/gz_tools_vendor/bin:/opt/ros/jazzy/bin:/home/pranav/miniconda3/bin:/home/pranav/miniconda3/condabin:/home/pranav/.local/bin:/usr/local/sbin:/usr/local/bin:/usr/sbin:/usr/bin:/sbin:/bin:/usr/games:/usr/local/games:/snap/bin:/snap/bin', 'SESSION_MANAGER': 'local/pranav:@/tmp/.ICE-unix/1842,unix/pranav:/tmp/.ICE-unix/1842', 'INVOCATION_ID': '590146e1c45742bfac1cf51aed2100c9', 'XDG_MENU_PREFIX': 'gnome-', 'GNOME_SETUP_DISPLAY': ':1', 'XDG_RUNTIME_DIR': '/run/user/1000', 'GDK_BACKEND': 'x11', 'DISPLAY': ':0', 'LANG': 'en_US.UTF-8', 'XDG_CURRENT_DESKTOP': 'Unity', 'XMODIFIERS': '@im=ibus', 'XDG_SESSION_DESKTOP': 'ubuntu', 'XAUTHORITY': '/run/user/1000/.mutter-Xwaylandauth.NJN892', 'LS_COLORS': '', 'SSH_AUTH_SOCK': '/run/user/1000/keyring/ssh', 'AMENT_PREFIX_PATH': '/opt/ros/jazzy', 'CONDA_PYTHON_EXE': '/home/pranav/miniconda3/bin/python', 'ORIGINAL_XDG_CURRENT_DESKTOP': 'ubuntu:GNOME', 'SHELL': '/bin/bash', 'QT_ACCESSIBILITY': '1', 'ELECTRON_RUN_AS_NODE': '1', 'GDMSESSION': 'ubuntu', 'LESSCLOSE': '/usr/bin/lesspipe %s %s', 'CONDA_DEFAULT_ENV': 'base', 'GJS_DEBUG_OUTPUT': 'stderr', 'ROS_AUTOMATIC_DISCOVERY_RANGE': 'SUBNET', 'QT_IM_MODULE': 'ibus', 'PWD': '/home/pranav/ros2_ws/build/turtle_tag_game', 'LC_ALL': 'en_US.UTF-8', 'XDG_CONFIG_DIRS': '/etc/xdg/xdg-ubuntu:/etc/xdg', 'CONDA_EXE': '/home/pranav/miniconda3/bin/conda', 'VSCODE_CODE_CACHE_PATH': '/home/pranav/.config/Code/CachedData/2901c5ac6db8a986a5666c3af51ff804d05af0d4', 'XDG_DATA_DIRS': '/usr/share/ubuntu:/usr/share/gnome:/home/pranav/.local/share/flatpak/exports/share:/var/lib/flatpak/exports/share:/usr/local/share/:/usr/share/:/var/lib/snapd/desktop', 'PYTHONPATH': '/home/pranav/ros2_ws/build/turtle_tag_game/prefix_override:/usr/lib/python3/dist-packages/colcon_core/task/python/colcon_distutils_commands:/home/pranav/ros2_ws/install/turtle_tag_game/lib/python3.12/site-packages:/opt/ros/jazzy/lib/python3.12/site-packages', 'CONDA_PREFIX': '/home/pranav/miniconda3', 'COLCON': '1', 'MEMORY_PRESSURE_WRITE': 'c29tZSAyMDAwMDAgMjAwMDAwMAA=', 'ELECTRON_NO_ATTACH_CONSOLE': '1', 'CMAKE_PREFIX_PATH': '/opt/ros/jazzy/opt/gz_transport_vendor:/opt/ros/jazzy/opt/gz_msgs_vendor:/opt/ros/jazzy/opt/gz_math_vendor:/opt/ros/jazzy/opt/gz_utils_vendor:/opt/ros/jazzy/opt/gz_tools_vendor:/opt/ros/jazzy/opt/gz_cmake_vendor', 'VSCODE_PID': '96473'}, 'shell': False}
[2.856781] (pet) StdoutLine: {'line': b'writing ../../build/pet/pet.egg-info/PKG-INFO\n'}
[2.856921] (pet) StdoutLine: {'line': b'writing dependency_links to ../../build/pet/pet.egg-info/dependency_links.txt\n'}
[2.856962] (pet) StdoutLine: {'line': b'writing entry points to ../../build/pet/pet.egg-info/entry_points.txt\n'}
[2.856994] (pet) StdoutLine: {'line': b'writing requirements to ../../build/pet/pet.egg-info/requires.txt\n'}
[2.860559] (pet) StdoutLine: {'line': b'writing top-level names to ../../build/pet/pet.egg-info/top_level.txt\n'}
[2.927019] (pet) StdoutLine: {'line': b"reading manifest file '../../build/pet/pet.egg-info/SOURCES.txt'\n"}
[2.927561] (pet) StdoutLine: {'line': b"writing manifest file '../../build/pet/pet.egg-info/SOURCES.txt'\n"}
[2.927708] (pet) StdoutLine: {'line': b'running build\n'}
[2.927820] (pet) StdoutLine: {'line': b'running build_py\n'}
[2.928177] (pet) StdoutLine: {'line': b'running install\n'}
[2.933201] (pet) StdoutLine: {'line': b'running install_lib\n'}
[2.935097] (-) TimerEvent: {}
[2.966901] (pet) StdoutLine: {'line': b'running install_data\n'}
[2.967024] (pet) StdoutLine: {'line': b'running install_egg_info\n'}
[2.996373] (pet) StdoutLine: {'line': b"removing '/home/pranav/ros2_ws/install/pet/lib/python3.12/site-packages/pet-0.0.0-py3.12.egg-info' (and everything under it)\n"}
[2.997403] (pet) StdoutLine: {'line': b'Copying ../../build/pet/pet.egg-info to /home/pranav/ros2_ws/install/pet/lib/python3.12/site-packages/pet-0.0.0-py3.12.egg-info\n'}
[2.998219] (pet) StdoutLine: {'line': b'running install_scripts\n'}
[3.035187] (-) TimerEvent: {}
[3.135333] (-) TimerEvent: {}
[3.212648] (pet) StdoutLine: {'line': b'Installing pose_subscriber script to /home/pranav/ros2_ws/install/pet/lib/pet\n'}
[3.213356] (pet) StdoutLine: {'line': b'Installing turtle_controller script to /home/pranav/ros2_ws/install/pet/lib/pet\n'}
[3.215037] (pet) StdoutLine: {'line': b"writing list of installed files to '/home/pranav/ros2_ws/build/pet/install.log'\n"}
[3.238676] (-) TimerEvent: {}
[3.308343] (pet) CommandEnded: {'returncode': 0}
[3.319733] (pet) JobEnded: {'identifier': 'pet', 'rc': 0}
[3.320435] (fizzbuzz) JobStarted: {'identifier': 'fizzbuzz'}
[3.339891] (-) TimerEvent: {}
[3.449141] (-) TimerEvent: {}
[3.551889] (-) TimerEvent: {}
[3.652047] (-) TimerEvent: {}
[3.693130] (drone) StdoutLine: {'line': b'running egg_info\n'}
[3.693247] (drone) StdoutLine: {'line': b'writing ../../build/drone/drone.egg-info/PKG-INFO\n'}
[3.693288] (drone) StdoutLine: {'line': b'writing dependency_links to ../../build/drone/drone.egg-info/dependency_links.txt\n'}
[3.693321] (drone) StdoutLine: {'line': b'writing entry points to ../../build/drone/drone.egg-info/entry_points.txt\n'}
[3.693352] (drone) StdoutLine: {'line': b'writing requirements to ../../build/drone/drone.egg-info/requires.txt\n'}
[3.693383] (drone) StdoutLine: {'line': b'writing top-level names to ../../build/drone/drone.egg-info/top_level.txt\n'}
[3.693413] (drone) StdoutLine: {'line': b"reading manifest file '../../build/drone/drone.egg-info/SOURCES.txt'\n"}
[3.693442] (drone) StdoutLine: {'line': b"writing manifest file '../../build/drone/drone.egg-info/SOURCES.txt'\n"}
[3.693471] (drone) StdoutLine: {'line': b'running build\n'}
[3.693500] (drone) StdoutLine: {'line': b'running build_py\n'}
[3.693529] (drone) StdoutLine: {'line': b'running install\n'}
[3.693558] (drone) StdoutLine: {'line': b'running install_lib\n'}
[3.693587] (drone) StdoutLine: {'line': b'running install_data\n'}
[3.693616] (drone) StdoutLine: {'line': b'running install_egg_info\n'}
[3.693645] (drone) StdoutLine: {'line': b"removing '/home/pranav/ros2_ws/install/drone/lib/python3.12/site-packages/drone-0.0.0-py3.12.egg-info' (and everything under it)\n"}
[3.693675] (drone) StdoutLine: {'line': b'Copying ../../build/drone/drone.egg-info to /home/pranav/ros2_ws/install/drone/lib/python3.12/site-packages/drone-0.0.0-py3.12.egg-info\n'}
[3.693704] (drone) StdoutLine: {'line': b'running install_scripts\n'}
[3.693732] (turtle_tag_game) StdoutLine: {'line': b'running egg_info\n'}
[3.693774] (turtle_tag_game) StdoutLine: {'line': b'writing ../../build/turtle_tag_game/turtle_tag_game.egg-info/PKG-INFO\n'}
[3.693894] (turtle_tag_game) StdoutLine: {'line': b'writing dependency_links to ../../build/turtle_tag_game/turtle_tag_game.egg-info/dependency_links.txt\n'}
[3.693941] (turtle_tag_game) StdoutLine: {'line': b'writing requirements to ../../build/turtle_tag_game/turtle_tag_game.egg-info/requires.txt\n'}
[3.693976] (turtle_tag_game) StdoutLine: {'line': b'writing top-level names to ../../build/turtle_tag_game/turtle_tag_game.egg-info/top_level.txt\n'}
[3.694006] (turtle_tag_game) StdoutLine: {'line': b"reading manifest file '../../build/turtle_tag_game/turtle_tag_game.egg-info/SOURCES.txt'\n"}
[3.694036] (turtle_tag_game) StdoutLine: {'line': b"writing manifest file '../../build/turtle_tag_game/turtle_tag_game.egg-info/SOURCES.txt'\n"}
[3.694066] (turtle_tag_game) StdoutLine: {'line': b'running build\n'}
[3.694095] (turtle_tag_game) StdoutLine: {'line': b'running build_py\n'}
[3.694124] (turtle_tag_game) StdoutLine: {'line': b'running install\n'}
[3.694752] (webcam) Command: {'cmd': ['/usr/bin/python3', '-W', 'ignore:setup.py install is deprecated', '-W', 'ignore:easy_install command is deprecated', 'setup.py', 'egg_info', '--egg-base', '../build/webcam', 'build', '--build-base', '/home/pranav/ros2_ws/build/webcam/build', 'install', '--record', '/home/pranav/ros2_ws/build/webcam/install.log', '--single-version-externally-managed', 'install_data'], 'cwd': '/home/pranav/ros2_ws/webcam', 'env': {'GJS_DEBUG_TOPICS': 'JS ERROR;JS LOG', 'LESSOPEN': '| /usr/bin/lesspipe %s', 'VSCODE_CWD': '/home/pranav', 'CONDA_PROMPT_MODIFIER': '(base)', 'USER': 'pranav', 'VSCODE_NLS_CONFIG': '{"userLocale":"en-us","osLocale":"en-us","resolvedLanguage":"en","defaultMessagesFile":"/usr/share/code/resources/app/out/nls.messages.json","locale":"en-us","availableLanguages":{}}', 'GZ_CONFIG_PATH': '/opt/ros/jazzy/opt/gz_transport_vendor/share/gz:/opt/ros/jazzy/opt/gz_msgs_vendor/share/gz', 'XDG_SESSION_TYPE': 'wayland', 'CLUTTER_DISABLE_MIPMAPPED_TEXT': '1', 'SHLVL': '1', 'LD_LIBRARY_PATH': '/opt/ros/jazzy/opt/rviz_ogre_vendor/lib:/opt/ros/jazzy/lib/aarch64-linux-gnu:/opt/ros/jazzy/opt/gz_transport_vendor/lib:/opt/ros/jazzy/opt/gz_msgs_vendor/lib:/opt/ros/jazzy/opt/gz_math_vendor/lib:/opt/ros/jazzy/opt/gz_utils_vendor/lib:/opt/ros/jazzy/opt/gz_tools_vendor/lib:/opt/ros/jazzy/opt/gz_cmake_vendor/lib:/opt/ros/jazzy/lib', 'HOME': '/home/pranav', 'CHROME_DESKTOP': 'code.desktop', 'CONDA_SHLVL': '1', 'OLDPWD': '/home/pranav', 'DESKTOP_SESSION': 'ubuntu', 'VSCODE_IPC_HOOK': '/run/user/1000/vscode-18e0a460-1.10-main.sock', 'GIO_LAUNCHED_DESKTOP_FILE': '/usr/share/applications/code.desktop', 'ROS_PYTHON_VERSION': '3', 'GNOME_SHELL_SESSION_MODE': 'ubuntu', 'GTK_MODULES': 'gail:atk-bridge', 'MANAGERPID': '1689', 'SYSTEMD_EXEC_PID': '1873', 'IM_CONFIG_CHECK_ENV': '1', 'GSM_SKIP_SSH_AGENT_WORKAROUND': 'true', 'DBUS_SESSION_BUS_ADDRESS': 'unix:path=/run/user/1000/bus', 'GIO_LAUNCHED_DESKTOP_FILE_PID': '96473', 'DEBUGINFOD_URLS': 'https://debuginfod.ubuntu.com', 'IM_CONFIG_PHASE': '1', 'WAYLAND_DISPLAY': 'wayland-0', 'ROS_DISTRO': 'jazzy', 'LOGNAME': 'pranav', 'JOURNAL_STREAM': '8:16712', '_': '/usr/bin/colcon', 'ROS_VERSION': '2', 'MEMORY_PRESSURE_WATCH': '/sys/fs/cgroup/user.slice/user-1000.slice/user@1000.service/session.slice/org.gnome.Shell@wayland.service/memory.pressure', 'XDG_SESSION_CLASS': 'user', 'USERNAME': 'pranav', 'GNOME_DESKTOP_SESSION_ID': 'this-is-deprecated', 'VSCODE_RESOLVING_ENVIRONMENT': '1', 'PATH': '/opt/ros/jazzy/opt/gz_msgs_vendor/bin:/opt/ros/jazzy/opt/gz_tools_vendor/bin:/opt/ros/jazzy/bin:/home/pranav/miniconda3/bin:/home/pranav/miniconda3/condabin:/home/pranav/.local/bin:/usr/local/sbin:/usr/local/bin:/usr/sbin:/usr/bin:/sbin:/bin:/usr/games:/usr/local/games:/snap/bin:/snap/bin', 'SESSION_MANAGER': 'local/pranav:@/tmp/.ICE-unix/1842,unix/pranav:/tmp/.ICE-unix/1842', 'INVOCATION_ID': '590146e1c45742bfac1cf51aed2100c9', 'XDG_MENU_PREFIX': 'gnome-', 'GNOME_SETUP_DISPLAY': ':1', 'XDG_RUNTIME_DIR': '/run/user/1000', 'GDK_BACKEND': 'x11', 'DISPLAY': ':0', 'LANG': 'en_US.UTF-8', 'XDG_CURRENT_DESKTOP': 'Unity', 'XMODIFIERS': '@im=ibus', 'XDG_SESSION_DESKTOP': 'ubuntu', 'XAUTHORITY': '/run/user/1000/.mutter-Xwaylandauth.NJN892', 'LS_COLORS': '', 'SSH_AUTH_SOCK': '/run/user/1000/keyring/ssh', 'AMENT_PREFIX_PATH': '/opt/ros/jazzy', 'CONDA_PYTHON_EXE': '/home/pranav/miniconda3/bin/python', 'ORIGINAL_XDG_CURRENT_DESKTOP': 'ubuntu:GNOME', 'SHELL': '/bin/bash', 'QT_ACCESSIBILITY': '1', 'ELECTRON_RUN_AS_NODE': '1', 'GDMSESSION': 'ubuntu', 'LESSCLOSE': '/usr/bin/lesspipe %s %s', 'CONDA_DEFAULT_ENV': 'base', 'GJS_DEBUG_OUTPUT': 'stderr', 'ROS_AUTOMATIC_DISCOVERY_RANGE': 'SUBNET', 'QT_IM_MODULE': 'ibus', 'PWD': '/home/pranav/ros2_ws/build/webcam', 'LC_ALL': 'en_US.UTF-8', 'XDG_CONFIG_DIRS': '/etc/xdg/xdg-ubuntu:/etc/xdg', 'CONDA_EXE': '/home/pranav/miniconda3/bin/conda', 'VSCODE_CODE_CACHE_PATH': '/home/pranav/.config/Code/CachedData/2901c5ac6db8a986a5666c3af51ff804d05af0d4', 'XDG_DATA_DIRS': '/usr/share/ubuntu:/usr/share/gnome:/home/pranav/.local/share/flatpak/exports/share:/var/lib/flatpak/exports/share:/usr/local/share/:/usr/share/:/var/lib/snapd/desktop', 'PYTHONPATH': '/home/pranav/ros2_ws/build/webcam/prefix_override:/usr/lib/python3/dist-packages/colcon_core/task/python/colcon_distutils_commands:/home/pranav/ros2_ws/install/webcam/lib/python3.12/site-packages:/opt/ros/jazzy/lib/python3.12/site-packages', 'CONDA_PREFIX': '/home/pranav/miniconda3', 'COLCON': '1', 'MEMORY_PRESSURE_WRITE': 'c29tZSAyMDAwMDAgMjAwMDAwMAA=', 'ELECTRON_NO_ATTACH_CONSOLE': '1', 'CMAKE_PREFIX_PATH': '/opt/ros/jazzy/opt/gz_transport_vendor:/opt/ros/jazzy/opt/gz_msgs_vendor:/opt/ros/jazzy/opt/gz_math_vendor:/opt/ros/jazzy/opt/gz_utils_vendor:/opt/ros/jazzy/opt/gz_tools_vendor:/opt/ros/jazzy/opt/gz_cmake_vendor', 'VSCODE_PID': '96473'}, 'shell': False}
[3.698051] (turtle_tag_game) StdoutLine: {'line': b'running install_lib\n'}
[3.726954] (turtle_tag_game) StdoutLine: {'line': b'running install_data\n'}
[3.727073] (turtle_tag_game) StdoutLine: {'line': b'running install_egg_info\n'}
[3.753860] (-) TimerEvent: {}
[3.762950] (turtle_tag_game) StdoutLine: {'line': b"removing '/home/pranav/ros2_ws/install/turtle_tag_game/lib/python3.12/site-packages/turtle_tag_game-0.0.0-py3.12.egg-info' (and everything under it)\n"}
[3.763047] (turtle_tag_game) StdoutLine: {'line': b'Copying ../../build/turtle_tag_game/turtle_tag_game.egg-info to /home/pranav/ros2_ws/install/turtle_tag_game/lib/python3.12/site-packages/turtle_tag_game-0.0.0-py3.12.egg-info\n'}
[3.763083] (turtle_tag_game) StdoutLine: {'line': b'running install_scripts\n'}
[3.853955] (-) TimerEvent: {}
[3.862569] (drone) StdoutLine: {'line': b'Installing pathfinder script to /home/pranav/ros2_ws/install/drone/lib/drone\n'}
[3.863490] (drone) StdoutLine: {'line': b"writing list of installed files to '/home/pranav/ros2_ws/build/drone/install.log'\n"}
[3.919405] (drone) CommandEnded: {'returncode': 0}
[3.925082] (drone) JobEnded: {'identifier': 'drone', 'rc': 0}
[3.954042] (-) TimerEvent: {}
[4.056840] (-) TimerEvent: {}
[4.114012] (webcam) StdoutLine: {'line': b'running egg_info\n'}
[4.134957] (turtle_tag_game) StdoutLine: {'line': b"writing list of installed files to '/home/pranav/ros2_ws/build/turtle_tag_game/install.log'\n"}
[4.143959] (webcam) StdoutLine: {'line': b'writing ../build/webcam/webcam.egg-info/PKG-INFO\n'}
[4.155554] (webcam) StdoutLine: {'line': b'writing dependency_links to ../build/webcam/webcam.egg-info/dependency_links.txt\n'}
[4.155737] (webcam) StdoutLine: {'line': b'writing requirements to ../build/webcam/webcam.egg-info/requires.txt\n'}
[4.156236] (webcam) StdoutLine: {'line': b'writing top-level names to ../build/webcam/webcam.egg-info/top_level.txt\n'}
[4.156870] (-) TimerEvent: {}
[4.181138] (turtle_tag_game) CommandEnded: {'returncode': 0}
[4.196958] (turtle_tag_game) JobEnded: {'identifier': 'turtle_tag_game', 'rc': 0}
[4.236555] (webcam) StdoutLine: {'line': b"reading manifest file '../build/webcam/webcam.egg-info/SOURCES.txt'\n"}
[4.237890] (webcam) StdoutLine: {'line': b"writing manifest file '../build/webcam/webcam.egg-info/SOURCES.txt'\n"}
[4.237977] (webcam) StdoutLine: {'line': b'running build\n'}
[4.238014] (webcam) StdoutLine: {'line': b'running build_py\n'}
[4.238262] (webcam) StdoutLine: {'line': b'running install\n'}
[4.244147] (webcam) StdoutLine: {'line': b'running install_lib\n'}
[4.257859] (-) TimerEvent: {}
[4.263973] (webcam) StdoutLine: {'line': b'running install_data\n'}
[4.264087] (webcam) StdoutLine: {'line': b'running install_egg_info\n'}
[4.279496] (webcam) StdoutLine: {'line': b"removing '/home/pranav/ros2_ws/install/webcam/lib/python3.12/site-packages/webcam-0.0.0-py3.12.egg-info' (and everything under it)\n"}
[4.282911] (webcam) StdoutLine: {'line': b'Copying ../build/webcam/webcam.egg-info to /home/pranav/ros2_ws/install/webcam/lib/python3.12/site-packages/webcam-0.0.0-py3.12.egg-info\n'}
[4.282993] (webcam) StdoutLine: {'line': b'running install_scripts\n'}
[4.357949] (-) TimerEvent: {}
[4.439925] (webcam) StdoutLine: {'line': b"writing list of installed files to '/home/pranav/ros2_ws/build/webcam/install.log'\n"}
[4.458046] (-) TimerEvent: {}
[4.470570] (webcam) CommandEnded: {'returncode': 0}
[4.476995] (webcam) JobEnded: {'identifier': 'webcam', 'rc': 0}
[4.558132] (-) TimerEvent: {}
[4.659360] (-) TimerEvent: {}
[4.761962] (-) TimerEvent: {}
[4.862117] (-) TimerEvent: {}
[4.868296] (fizzbuzz) Command: {'cmd': ['/usr/bin/python3', '-W', 'ignore:setup.py install is deprecated', '-W', 'ignore:easy_install command is deprecated', 'setup.py', 'egg_info', '--egg-base', '../../build/fizzbuzz', 'build', '--build-base', '/home/pranav/ros2_ws/build/fizzbuzz/build', 'install', '--record', '/home/pranav/ros2_ws/build/fizzbuzz/install.log', '--single-version-externally-managed', 'install_data'], 'cwd': '/home/pranav/ros2_ws/src/fizzbuzz', 'env': {'GJS_DEBUG_TOPICS': 'JS ERROR;JS LOG', 'LESSOPEN': '| /usr/bin/lesspipe %s', 'VSCODE_CWD': '/home/pranav', 'CONDA_PROMPT_MODIFIER': '(base)', 'USER': 'pranav', 'VSCODE_NLS_CONFIG': '{"userLocale":"en-us","osLocale":"en-us","resolvedLanguage":"en","defaultMessagesFile":"/usr/share/code/resources/app/out/nls.messages.json","locale":"en-us","availableLanguages":{}}', 'GZ_CONFIG_PATH': '/opt/ros/jazzy/opt/gz_transport_vendor/share/gz:/opt/ros/jazzy/opt/gz_msgs_vendor/share/gz', 'XDG_SESSION_TYPE': 'wayland', 'CLUTTER_DISABLE_MIPMAPPED_TEXT': '1', 'SHLVL': '1', 'LD_LIBRARY_PATH': '/home/pranav/ros2_ws/install/fizzbuzz_interfaces/lib:/opt/ros/jazzy/opt/rviz_ogre_vendor/lib:/opt/ros/jazzy/lib/aarch64-linux-gnu:/opt/ros/jazzy/opt/gz_transport_vendor/lib:/opt/ros/jazzy/opt/gz_msgs_vendor/lib:/opt/ros/jazzy/opt/gz_math_vendor/lib:/opt/ros/jazzy/opt/gz_utils_vendor/lib:/opt/ros/jazzy/opt/gz_tools_vendor/lib:/opt/ros/jazzy/opt/gz_cmake_vendor/lib:/opt/ros/jazzy/lib', 'HOME': '/home/pranav', 'CHROME_DESKTOP': 'code.desktop', 'CONDA_SHLVL': '1', 'OLDPWD': '/home/pranav', 'DESKTOP_SESSION': 'ubuntu', 'VSCODE_IPC_HOOK': '/run/user/1000/vscode-18e0a460-1.10-main.sock', 'GIO_LAUNCHED_DESKTOP_FILE': '/usr/share/applications/code.desktop', 'ROS_PYTHON_VERSION': '3', 'GNOME_SHELL_SESSION_MODE': 'ubuntu', 'GTK_MODULES': 'gail:atk-bridge', 'MANAGERPID': '1689', 'SYSTEMD_EXEC_PID': '1873', 'IM_CONFIG_CHECK_ENV': '1', 'GSM_SKIP_SSH_AGENT_WORKAROUND': 'true', 'DBUS_SESSION_BUS_ADDRESS': 'unix:path=/run/user/1000/bus', 'GIO_LAUNCHED_DESKTOP_FILE_PID': '96473', 'DEBUGINFOD_URLS': 'https://debuginfod.ubuntu.com', 'IM_CONFIG_PHASE': '1', 'WAYLAND_DISPLAY': 'wayland-0', 'ROS_DISTRO': 'jazzy', 'LOGNAME': 'pranav', 'JOURNAL_STREAM': '8:16712', '_': '/usr/bin/colcon', 'ROS_VERSION': '2', 'MEMORY_PRESSURE_WATCH': '/sys/fs/cgroup/user.slice/user-1000.slice/user@1000.service/session.slice/org.gnome.Shell@wayland.service/memory.pressure', 'XDG_SESSION_CLASS': 'user', 'USERNAME': 'pranav', 'GNOME_DESKTOP_SESSION_ID': 'this-is-deprecated', 'VSCODE_RESOLVING_ENVIRONMENT': '1', 'PATH': '/opt/ros/jazzy/opt/gz_msgs_vendor/bin:/opt/ros/jazzy/opt/gz_tools_vendor/bin:/opt/ros/jazzy/bin:/home/pranav/miniconda3/bin:/home/pranav/miniconda3/condabin:/home/pranav/.local/bin:/usr/local/sbin:/usr/local/bin:/usr/sbin:/usr/bin:/sbin:/bin:/usr/games:/usr/local/games:/snap/bin:/snap/bin', 'SESSION_MANAGER': 'local/pranav:@/tmp/.ICE-unix/1842,unix/pranav:/tmp/.ICE-unix/1842', 'INVOCATION_ID': '590146e1c45742bfac1cf51aed2100c9', 'XDG_MENU_PREFIX': 'gnome-', 'GNOME_SETUP_DISPLAY': ':1', 'XDG_RUNTIME_DIR': '/run/user/1000', 'GDK_BACKEND': 'x11', 'DISPLAY': ':0', 'LANG': 'en_US.UTF-8', 'XDG_CURRENT_DESKTOP': 'Unity', 'XMODIFIERS': '@im=ibus', 'XDG_SESSION_DESKTOP': 'ubuntu', 'XAUTHORITY': '/run/user/1000/.mutter-Xwaylandauth.NJN892', 'LS_COLORS': '', 'SSH_AUTH_SOCK': '/run/user/1000/keyring/ssh', 'AMENT_PREFIX_PATH': '/home/pranav/ros2_ws/install/fizzbuzz_interfaces:/opt/ros/jazzy', 'CONDA_PYTHON_EXE': '/home/pranav/miniconda3/bin/python', 'ORIGINAL_XDG_CURRENT_DESKTOP': 'ubuntu:GNOME', 'SHELL': '/bin/bash', 'QT_ACCESSIBILITY': '1', 'ELECTRON_RUN_AS_NODE': '1', 'GDMSESSION': 'ubuntu', 'LESSCLOSE': '/usr/bin/lesspipe %s %s', 'CONDA_DEFAULT_ENV': 'base', 'GJS_DEBUG_OUTPUT': 'stderr', 'ROS_AUTOMATIC_DISCOVERY_RANGE': 'SUBNET', 'QT_IM_MODULE': 'ibus', 'PWD': '/home/pranav/ros2_ws/build/fizzbuzz', 'LC_ALL': 'en_US.UTF-8', 'XDG_CONFIG_DIRS': '/etc/xdg/xdg-ubuntu:/etc/xdg', 'CONDA_EXE': '/home/pranav/miniconda3/bin/conda', 'VSCODE_CODE_CACHE_PATH': '/home/pranav/.config/Code/CachedData/2901c5ac6db8a986a5666c3af51ff804d05af0d4', 'XDG_DATA_DIRS': '/usr/share/ubuntu:/usr/share/gnome:/home/pranav/.local/share/flatpak/exports/share:/var/lib/flatpak/exports/share:/usr/local/share/:/usr/share/:/var/lib/snapd/desktop', 'PYTHONPATH': '/home/pranav/ros2_ws/build/fizzbuzz/prefix_override:/usr/lib/python3/dist-packages/colcon_core/task/python/colcon_distutils_commands:/home/pranav/ros2_ws/install/fizzbuzz/lib/python3.12/site-packages:/home/pranav/ros2_ws/install/fizzbuzz_interfaces/lib/python3.13/site-packages:/home/pranav/ros2_ws/install/fizzbuzz_interfaces/lib/python3.12/site-packages:/opt/ros/jazzy/lib/python3.12/site-packages', 'CONDA_PREFIX': '/home/pranav/miniconda3', 'COLCON': '1', 'MEMORY_PRESSURE_WRITE': 'c29tZSAyMDAwMDAgMjAwMDAwMAA=', 'ELECTRON_NO_ATTACH_CONSOLE': '1', 'CMAKE_PREFIX_PATH': '/home/pranav/ros2_ws/install/fizzbuzz_interfaces:/opt/ros/jazzy/opt/gz_transport_vendor:/opt/ros/jazzy/opt/gz_msgs_vendor:/opt/ros/jazzy/opt/gz_math_vendor:/opt/ros/jazzy/opt/gz_utils_vendor:/opt/ros/jazzy/opt/gz_tools_vendor:/opt/ros/jazzy/opt/gz_cmake_vendor', 'VSCODE_PID': '96473'}, 'shell': False}
[4.962205] (-) TimerEvent: {}
[5.062351] (-) TimerEvent: {}
[5.162519] (-) TimerEvent: {}
[5.219445] (fizzbuzz) StdoutLine: {'line': b'running egg_info\n'}
[5.236325] (fizzbuzz) StdoutLine: {'line': b'writing ../../build/fizzbuzz/fizzbuzz.egg-info/PKG-INFO\n'}
[5.237049] (fizzbuzz) StdoutLine: {'line': b'writing dependency_links to ../../build/fizzbuzz/fizzbuzz.egg-info/dependency_links.txt\n'}
[5.237954] (fizzbuzz) StdoutLine: {'line': b'writing entry points to ../../build/fizzbuzz/fizzbuzz.egg-info/entry_points.txt\n'}
[5.238342] (fizzbuzz) StdoutLine: {'line': b'writing requirements to ../../build/fizzbuzz/fizzbuzz.egg-info/requires.txt\n'}
[5.240860] (fizzbuzz) StdoutLine: {'line': b'writing top-level names to ../../build/fizzbuzz/fizzbuzz.egg-info/top_level.txt\n'}
[5.265224] (-) TimerEvent: {}
[5.305475] (fizzbuzz) StdoutLine: {'line': b"reading manifest file '../../build/fizzbuzz/fizzbuzz.egg-info/SOURCES.txt'\n"}
[5.305609] (fizzbuzz) StdoutLine: {'line': b"writing manifest file '../../build/fizzbuzz/fizzbuzz.egg-info/SOURCES.txt'\n"}
[5.305687] (fizzbuzz) StdoutLine: {'line': b'running build\n'}
[5.305720] (fizzbuzz) StdoutLine: {'line': b'running build_py\n'}
[5.305822] (fizzbuzz) StdoutLine: {'line': b'running install\n'}
[5.314451] (fizzbuzz) StdoutLine: {'line': b'running install_lib\n'}
[5.349032] (fizzbuzz) StdoutLine: {'line': b'running install_data\n'}
[5.349377] (fizzbuzz) StdoutLine: {'line': b'running install_egg_info\n'}
[5.365327] (-) TimerEvent: {}
[5.390384] (fizzbuzz) StdoutLine: {'line': b"removing '/home/pranav/ros2_ws/install/fizzbuzz/lib/python3.12/site-packages/fizzbuzz-0.0.0-py3.12.egg-info' (and everything under it)\n"}
[5.393247] (fizzbuzz) StdoutLine: {'line': b'Copying ../../build/fizzbuzz/fizzbuzz.egg-info to /home/pranav/ros2_ws/install/fizzbuzz/lib/python3.12/site-packages/fizzbuzz-0.0.0-py3.12.egg-info\n'}
[5.394499] (fizzbuzz) StdoutLine: {'line': b'running install_scripts\n'}
[5.465415] (-) TimerEvent: {}
[5.565547] (-) TimerEvent: {}
[5.566954] (fizzbuzz) StdoutLine: {'line': b'Installing fizzbuzz_subscriber script to /home/pranav/ros2_ws/install/fizzbuzz/lib/fizzbuzz\n'}
[5.567334] (fizzbuzz) StdoutLine: {'line': b'Installing number_publisher script to /home/pranav/ros2_ws/install/fizzbuzz/lib/fizzbuzz\n'}
[5.568637] (fizzbuzz) StdoutLine: {'line': b"writing list of installed files to '/home/pranav/ros2_ws/build/fizzbuzz/install.log'\n"}
[5.605330] (fizzbuzz) CommandEnded: {'returncode': 0}
[5.629891] (fizzbuzz) JobEnded: {'identifier': 'fizzbuzz', 'rc': 0}
[5.630123] (-) EventReactorShutdown: {}
