[0.045s] Invoking command in '/home/pranav/ros2_ws/build/fizzbuzz_interfaces': CMAKE_PREFIX_PATH=${CMAKE_PREFIX_PATH}:/home/pranav/ros2_ws/install/webcam:/home/pranav/ros2_ws/install/turtle_tag_game:/home/pranav/ros2_ws/install/pet:/home/pranav/ros2_ws/install/fizzbuzz:/home/pranav/ros2_ws/install/drone:/opt/ros/jazzy CONDA_PROMPT_MODIFIER=(base) DEBUGINFOD_URLS=https://debuginfod.ubuntu.com /usr/bin/cmake --build /home/pranav/ros2_ws/build/fizzbuzz_interfaces -- -j4 -l4
[0.485s] [  2%] Built target fizzbuzz_interfaces__rosidl_generator_type_description
[0.485s] [  2%] Built target ament_cmake_python_copy_fizzbuzz_interfaces
[0.485s] [  5%] Built target fizzbuzz_interfaces__cpp
[0.485s] running egg_info
[0.485s] writing fizzbuzz_interfaces.egg-info/PKG-INFO
[0.485s] writing dependency_links to fizzbuzz_interfaces.egg-info/dependency_links.txt
[0.485s] writing top-level names to fizzbuzz_interfaces.egg-info/top_level.txt
[0.496s] reading manifest file 'fizzbuzz_interfaces.egg-info/SOURCES.txt'
[0.497s] writing manifest file 'fizzbuzz_interfaces.egg-info/SOURCES.txt'
[0.534s] [  5%] Built target ament_cmake_python_build_fizzbuzz_interfaces_egg
[0.560s] [ 20%] Built target fizzbuzz_interfaces__rosidl_generator_c
[0.584s] [ 29%] Built target fizzbuzz_interfaces__rosidl_typesupport_introspection_c
[0.599s] [ 38%] Built target fizzbuzz_interfaces__rosidl_typesupport_cpp
[0.620s] [ 47%] Built target fizzbuzz_interfaces__rosidl_typesupport_fastrtps_c
[0.644s] [ 55%] Built target fizzbuzz_interfaces__rosidl_typesupport_fastrtps_cpp
[0.662s] [ 64%] Built target fizzbuzz_interfaces__rosidl_typesupport_introspection_cpp
[0.677s] [ 73%] Built target fizzbuzz_interfaces__rosidl_typesupport_c
[0.701s] [ 73%] Built target fizzbuzz_interfaces
[0.719s] [ 76%] Built target fizzbuzz_interfaces__py
[0.750s] [ 82%] Built target fizzbuzz_interfaces__rosidl_generator_py
[0.778s] [ 88%] Built target fizzbuzz_interfaces_s__rosidl_typesupport_fastrtps_c
[0.814s] [ 94%] Built target fizzbuzz_interfaces_s__rosidl_typesupport_c
[0.860s] [100%] Built target fizzbuzz_interfaces_s__rosidl_typesupport_introspection_c
[0.889s] Invoked command in '/home/pranav/ros2_ws/build/fizzbuzz_interfaces' returned '0': CMAKE_PREFIX_PATH=${CMAKE_PREFIX_PATH}:/home/pranav/ros2_ws/install/webcam:/home/pranav/ros2_ws/install/turtle_tag_game:/home/pranav/ros2_ws/install/pet:/home/pranav/ros2_ws/install/fizzbuzz:/home/pranav/ros2_ws/install/drone:/opt/ros/jazzy CONDA_PROMPT_MODIFIER=(base) DEBUGINFOD_URLS=https://debuginfod.ubuntu.com /usr/bin/cmake --build /home/pranav/ros2_ws/build/fizzbuzz_interfaces -- -j4 -l4
[0.902s] Invoking command in '/home/pranav/ros2_ws/build/fizzbuzz_interfaces': CMAKE_PREFIX_PATH=${CMAKE_PREFIX_PATH}:/home/pranav/ros2_ws/install/webcam:/home/pranav/ros2_ws/install/turtle_tag_game:/home/pranav/ros2_ws/install/pet:/home/pranav/ros2_ws/install/fizzbuzz:/home/pranav/ros2_ws/install/drone:/opt/ros/jazzy CONDA_PROMPT_MODIFIER=(base) DEBUGINFOD_URLS=https://debuginfod.ubuntu.com /usr/bin/cmake --install /home/pranav/ros2_ws/build/fizzbuzz_interfaces
[0.921s] -- Install configuration: ""
[0.921s] -- Up-to-date: /home/pranav/ros2_ws/install/fizzbuzz_interfaces/include/fizzbuzz_interfaces/fizzbuzz_interfaces
[0.921s] -- Up-to-date: /home/pranav/ros2_ws/install/fizzbuzz_interfaces/include/fizzbuzz_interfaces/fizzbuzz_interfaces/msg
[0.921s] -- Up-to-date: /home/pranav/ros2_ws/install/fizzbuzz_interfaces/include/fizzbuzz_interfaces/fizzbuzz_interfaces/msg/detail
[0.921s] -- Up-to-date: /home/pranav/ros2_ws/install/fizzbuzz_interfaces/include/fizzbuzz_interfaces/fizzbuzz_interfaces/msg/detail/fizz_buzz__type_support.c
[0.922s] -- Up-to-date: /home/pranav/ros2_ws/install/fizzbuzz_interfaces/include/fizzbuzz_interfaces/fizzbuzz_interfaces/msg/detail/fizz_buzz__functions.c
[0.922s] -- Up-to-date: /home/pranav/ros2_ws/install/fizzbuzz_interfaces/include/fizzbuzz_interfaces/fizzbuzz_interfaces/msg/detail/fizz_buzz__description.c
[0.922s] -- Up-to-date: /home/pranav/ros2_ws/install/fizzbuzz_interfaces/lib/libfizzbuzz_interfaces__rosidl_generator_c.so
[0.922s] -- Up-to-date: /home/pranav/ros2_ws/install/fizzbuzz_interfaces/include/fizzbuzz_interfaces/fizzbuzz_interfaces
[0.922s] -- Up-to-date: /home/pranav/ros2_ws/install/fizzbuzz_interfaces/include/fizzbuzz_interfaces/fizzbuzz_interfaces/msg
[0.923s] -- Up-to-date: /home/pranav/ros2_ws/install/fizzbuzz_interfaces/include/fizzbuzz_interfaces/fizzbuzz_interfaces/msg/detail
[0.923s] -- Up-to-date: /home/pranav/ros2_ws/install/fizzbuzz_interfaces/lib/libfizzbuzz_interfaces__rosidl_typesupport_fastrtps_c.so
[0.923s] -- Up-to-date: /home/pranav/ros2_ws/install/fizzbuzz_interfaces/include/fizzbuzz_interfaces/fizzbuzz_interfaces
[0.923s] -- Up-to-date: /home/pranav/ros2_ws/install/fizzbuzz_interfaces/include/fizzbuzz_interfaces/fizzbuzz_interfaces/msg
[0.923s] -- Up-to-date: /home/pranav/ros2_ws/install/fizzbuzz_interfaces/include/fizzbuzz_interfaces/fizzbuzz_interfaces/msg/detail
[0.924s] -- Up-to-date: /home/pranav/ros2_ws/install/fizzbuzz_interfaces/include/fizzbuzz_interfaces/fizzbuzz_interfaces
[0.924s] -- Up-to-date: /home/pranav/ros2_ws/install/fizzbuzz_interfaces/include/fizzbuzz_interfaces/fizzbuzz_interfaces/msg
[0.924s] -- Up-to-date: /home/pranav/ros2_ws/install/fizzbuzz_interfaces/include/fizzbuzz_interfaces/fizzbuzz_interfaces/msg/detail
[0.924s] -- Up-to-date: /home/pranav/ros2_ws/install/fizzbuzz_interfaces/include/fizzbuzz_interfaces/fizzbuzz_interfaces/msg/detail/dds_fastrtps
[0.924s] -- Up-to-date: /home/pranav/ros2_ws/install/fizzbuzz_interfaces/lib/libfizzbuzz_interfaces__rosidl_typesupport_fastrtps_cpp.so
[0.925s] -- Up-to-date: /home/pranav/ros2_ws/install/fizzbuzz_interfaces/include/fizzbuzz_interfaces/fizzbuzz_interfaces
[0.925s] -- Up-to-date: /home/pranav/ros2_ws/install/fizzbuzz_interfaces/include/fizzbuzz_interfaces/fizzbuzz_interfaces/msg
[0.925s] -- Up-to-date: /home/pranav/ros2_ws/install/fizzbuzz_interfaces/include/fizzbuzz_interfaces/fizzbuzz_interfaces/msg/detail
[0.925s] -- Up-to-date: /home/pranav/ros2_ws/install/fizzbuzz_interfaces/include/fizzbuzz_interfaces/fizzbuzz_interfaces/msg/detail/fizz_buzz__type_support.c
[0.925s] -- Up-to-date: /home/pranav/ros2_ws/install/fizzbuzz_interfaces/lib/libfizzbuzz_interfaces__rosidl_typesupport_introspection_c.so
[0.925s] -- Up-to-date: /home/pranav/ros2_ws/install/fizzbuzz_interfaces/lib/libfizzbuzz_interfaces__rosidl_typesupport_c.so
[0.925s] -- Up-to-date: /home/pranav/ros2_ws/install/fizzbuzz_interfaces/include/fizzbuzz_interfaces/fizzbuzz_interfaces
[0.926s] -- Up-to-date: /home/pranav/ros2_ws/install/fizzbuzz_interfaces/include/fizzbuzz_interfaces/fizzbuzz_interfaces/msg
[0.926s] -- Up-to-date: /home/pranav/ros2_ws/install/fizzbuzz_interfaces/include/fizzbuzz_interfaces/fizzbuzz_interfaces/msg/detail
[0.926s] -- Up-to-date: /home/pranav/ros2_ws/install/fizzbuzz_interfaces/include/fizzbuzz_interfaces/fizzbuzz_interfaces/msg/detail/fizz_buzz__type_support.cpp
[0.926s] -- Up-to-date: /home/pranav/ros2_ws/install/fizzbuzz_interfaces/lib/libfizzbuzz_interfaces__rosidl_typesupport_introspection_cpp.so
[0.926s] -- Up-to-date: /home/pranav/ros2_ws/install/fizzbuzz_interfaces/lib/libfizzbuzz_interfaces__rosidl_typesupport_cpp.so
[0.927s] -- Up-to-date: /home/pranav/ros2_ws/install/fizzbuzz_interfaces/lib/python3.13/site-packages/fizzbuzz_interfaces-0.0.0-py3.13.egg-info
[0.927s] -- Installing: /home/pranav/ros2_ws/install/fizzbuzz_interfaces/lib/python3.13/site-packages/fizzbuzz_interfaces-0.0.0-py3.13.egg-info/PKG-INFO
[0.927s] -- Installing: /home/pranav/ros2_ws/install/fizzbuzz_interfaces/lib/python3.13/site-packages/fizzbuzz_interfaces-0.0.0-py3.13.egg-info/dependency_links.txt
[0.927s] -- Installing: /home/pranav/ros2_ws/install/fizzbuzz_interfaces/lib/python3.13/site-packages/fizzbuzz_interfaces-0.0.0-py3.13.egg-info/SOURCES.txt
[0.927s] -- Installing: /home/pranav/ros2_ws/install/fizzbuzz_interfaces/lib/python3.13/site-packages/fizzbuzz_interfaces-0.0.0-py3.13.egg-info/top_level.txt
[0.928s] -- Up-to-date: /home/pranav/ros2_ws/install/fizzbuzz_interfaces/lib/python3.13/site-packages/fizzbuzz_interfaces
[0.928s] -- Up-to-date: /home/pranav/ros2_ws/install/fizzbuzz_interfaces/lib/python3.13/site-packages/fizzbuzz_interfaces/fizzbuzz_interfaces_s__rosidl_typesupport_introspection_c.so
[0.928s] -- Up-to-date: /home/pranav/ros2_ws/install/fizzbuzz_interfaces/lib/python3.13/site-packages/fizzbuzz_interfaces/_fizzbuzz_interfaces_s.ep.rosidl_typesupport_c.c
[0.928s] -- Up-to-date: /home/pranav/ros2_ws/install/fizzbuzz_interfaces/lib/python3.13/site-packages/fizzbuzz_interfaces/_fizzbuzz_interfaces_s.ep.rosidl_typesupport_introspection_c.c
[0.928s] -- Up-to-date: /home/pranav/ros2_ws/install/fizzbuzz_interfaces/lib/python3.13/site-packages/fizzbuzz_interfaces/msg
[0.928s] -- Up-to-date: /home/pranav/ros2_ws/install/fizzbuzz_interfaces/lib/python3.13/site-packages/fizzbuzz_interfaces/msg/_fizz_buzz_s.c
[0.928s] -- Up-to-date: /home/pranav/ros2_ws/install/fizzbuzz_interfaces/lib/python3.13/site-packages/fizzbuzz_interfaces/msg/_fizz_buzz.py
[0.928s] -- Up-to-date: /home/pranav/ros2_ws/install/fizzbuzz_interfaces/lib/python3.13/site-packages/fizzbuzz_interfaces/msg/__init__.py
[0.931s] -- Up-to-date: /home/pranav/ros2_ws/install/fizzbuzz_interfaces/lib/python3.13/site-packages/fizzbuzz_interfaces/__init__.py
[0.931s] -- Up-to-date: /home/pranav/ros2_ws/install/fizzbuzz_interfaces/lib/python3.13/site-packages/fizzbuzz_interfaces/fizzbuzz_interfaces_s__rosidl_typesupport_fastrtps_c.so
[0.931s] -- Up-to-date: /home/pranav/ros2_ws/install/fizzbuzz_interfaces/lib/python3.13/site-packages/fizzbuzz_interfaces/_fizzbuzz_interfaces_s.ep.rosidl_typesupport_fastrtps_c.c
[0.931s] -- Up-to-date: /home/pranav/ros2_ws/install/fizzbuzz_interfaces/lib/python3.13/site-packages/fizzbuzz_interfaces/fizzbuzz_interfaces_s__rosidl_typesupport_c.so
[0.997s] Listing '/home/pranav/ros2_ws/install/fizzbuzz_interfaces/lib/python3.13/site-packages/fizzbuzz_interfaces'...
[0.997s] Listing '/home/pranav/ros2_ws/install/fizzbuzz_interfaces/lib/python3.13/site-packages/fizzbuzz_interfaces/msg'...
[1.002s] -- Up-to-date: /home/pranav/ros2_ws/install/fizzbuzz_interfaces/lib/python3.13/site-packages/fizzbuzz_interfaces/fizzbuzz_interfaces_s__rosidl_typesupport_fastrtps_c.so
[1.003s] -- Up-to-date: /home/pranav/ros2_ws/install/fizzbuzz_interfaces/lib/python3.13/site-packages/fizzbuzz_interfaces/fizzbuzz_interfaces_s__rosidl_typesupport_introspection_c.so
[1.006s] -- Up-to-date: /home/pranav/ros2_ws/install/fizzbuzz_interfaces/lib/python3.13/site-packages/fizzbuzz_interfaces/fizzbuzz_interfaces_s__rosidl_typesupport_c.so
[1.007s] -- Up-to-date: /home/pranav/ros2_ws/install/fizzbuzz_interfaces/lib/libfizzbuzz_interfaces__rosidl_generator_py.so
[1.013s] -- Installing: /home/pranav/ros2_ws/install/fizzbuzz_interfaces/share/fizzbuzz_interfaces/package.dsv
[1.015s] -- Up-to-date: /home/pranav/ros2_ws/install/fizzbuzz_interfaces/share/fizzbuzz_interfaces/cmake/export_fizzbuzz_interfaces__rosidl_generator_cExport.cmake
[1.015s] -- Up-to-date: /home/pranav/ros2_ws/install/fizzbuzz_interfaces/share/fizzbuzz_interfaces/cmake/export_fizzbuzz_interfaces__rosidl_generator_cExport-noconfig.cmake
[1.020s] -- Up-to-date: /home/pranav/ros2_ws/install/fizzbuzz_interfaces/share/fizzbuzz_interfaces/cmake/export_fizzbuzz_interfaces__rosidl_typesupport_fastrtps_cExport.cmake
[1.020s] -- Up-to-date: /home/pranav/ros2_ws/install/fizzbuzz_interfaces/share/fizzbuzz_interfaces/cmake/export_fizzbuzz_interfaces__rosidl_typesupport_fastrtps_cExport-noconfig.cmake
[1.020s] -- Up-to-date: /home/pranav/ros2_ws/install/fizzbuzz_interfaces/share/fizzbuzz_interfaces/cmake/export_fizzbuzz_interfaces__rosidl_generator_cppExport.cmake
[1.020s] -- Up-to-date: /home/pranav/ros2_ws/install/fizzbuzz_interfaces/share/fizzbuzz_interfaces/cmake/export_fizzbuzz_interfaces__rosidl_typesupport_fastrtps_cppExport.cmake
[1.020s] -- Up-to-date: /home/pranav/ros2_ws/install/fizzbuzz_interfaces/share/fizzbuzz_interfaces/cmake/export_fizzbuzz_interfaces__rosidl_typesupport_fastrtps_cppExport-noconfig.cmake
[1.021s] -- Up-to-date: /home/pranav/ros2_ws/install/fizzbuzz_interfaces/share/fizzbuzz_interfaces/cmake/fizzbuzz_interfaces__rosidl_typesupport_introspection_cExport.cmake
[1.021s] -- Up-to-date: /home/pranav/ros2_ws/install/fizzbuzz_interfaces/share/fizzbuzz_interfaces/cmake/fizzbuzz_interfaces__rosidl_typesupport_introspection_cExport-noconfig.cmake
[1.021s] -- Up-to-date: /home/pranav/ros2_ws/install/fizzbuzz_interfaces/share/fizzbuzz_interfaces/cmake/fizzbuzz_interfaces__rosidl_typesupport_cExport.cmake
[1.021s] -- Up-to-date: /home/pranav/ros2_ws/install/fizzbuzz_interfaces/share/fizzbuzz_interfaces/cmake/fizzbuzz_interfaces__rosidl_typesupport_cExport-noconfig.cmake
[1.021s] -- Up-to-date: /home/pranav/ros2_ws/install/fizzbuzz_interfaces/share/fizzbuzz_interfaces/cmake/fizzbuzz_interfaces__rosidl_typesupport_introspection_cppExport.cmake
[1.021s] -- Up-to-date: /home/pranav/ros2_ws/install/fizzbuzz_interfaces/share/fizzbuzz_interfaces/cmake/fizzbuzz_interfaces__rosidl_typesupport_introspection_cppExport-noconfig.cmake
[1.021s] -- Up-to-date: /home/pranav/ros2_ws/install/fizzbuzz_interfaces/share/fizzbuzz_interfaces/cmake/fizzbuzz_interfaces__rosidl_typesupport_cppExport.cmake
[1.021s] -- Up-to-date: /home/pranav/ros2_ws/install/fizzbuzz_interfaces/share/fizzbuzz_interfaces/cmake/fizzbuzz_interfaces__rosidl_typesupport_cppExport-noconfig.cmake
[1.021s] -- Up-to-date: /home/pranav/ros2_ws/install/fizzbuzz_interfaces/share/fizzbuzz_interfaces/cmake/export_fizzbuzz_interfaces__rosidl_generator_pyExport.cmake
[1.021s] -- Up-to-date: /home/pranav/ros2_ws/install/fizzbuzz_interfaces/share/fizzbuzz_interfaces/cmake/export_fizzbuzz_interfaces__rosidl_generator_pyExport-noconfig.cmake
[1.036s] Invoked command in '/home/pranav/ros2_ws/build/fizzbuzz_interfaces' returned '0': CMAKE_PREFIX_PATH=${CMAKE_PREFIX_PATH}:/home/pranav/ros2_ws/install/webcam:/home/pranav/ros2_ws/install/turtle_tag_game:/home/pranav/ros2_ws/install/pet:/home/pranav/ros2_ws/install/fizzbuzz:/home/pranav/ros2_ws/install/drone:/opt/ros/jazzy CONDA_PROMPT_MODIFIER=(base) DEBUGINFOD_URLS=https://debuginfod.ubuntu.com /usr/bin/cmake --install /home/pranav/ros2_ws/build/fizzbuzz_interfaces
