[0.311s] DEBUG:colcon:Command line arguments: ['/usr/bin/colcon', 'build']
[0.311s] DEBUG:colcon:Parsed command line arguments: Namespace(log_base=None, log_level=None, verb_name='build', build_base='build', install_base='install', merge_install=False, symlink_install=False, test_result_base=None, continue_on_error=False, executor='parallel', parallel_workers=4, event_handlers=None, ignore_user_meta=False, metas=['./colcon.meta'], base_paths=['.'], packages_ignore=None, packages_ignore_regex=None, paths=None, packages_up_to=None, packages_up_to_regex=None, packages_above=None, packages_above_and_dependencies=None, packages_above_depth=None, packages_select_by_dep=None, packages_skip_by_dep=None, packages_skip_up_to=None, packages_select_build_failed=False, packages_skip_build_finished=False, packages_select_test_failures=False, packages_skip_test_passed=False, packages_select=None, packages_skip=None, packages_select_regex=None, packages_skip_regex=None, packages_start=None, packages_end=None, allow_overriding=[], cmake_args=None, cmake_target=None, cmake_target_skip_unavailable=False, cmake_clean_cache=False, cmake_clean_first=False, cmake_force_configure=False, meson_args=[], ament_cmake_args=None, catkin_cmake_args=None, catkin_skip_building_tests=False, verb_parser=<colcon_defaults.argument_parser.defaults.DefaultArgumentsDecorator object at 0xffff871ec9e0>, verb_extension=<colcon_core.verb.build.BuildVerb object at 0xffff874fe780>, main=<bound method BuildVerb.main of <colcon_core.verb.build.BuildVerb object at 0xffff874fe780>>)
[0.372s] Level 1:colcon.colcon_core.package_discovery:discover_packages(colcon_meta) check parameters
[0.372s] Level 1:colcon.colcon_core.package_discovery:discover_packages(recursive) check parameters
[0.372s] Level 1:colcon.colcon_core.package_discovery:discover_packages(ignore) check parameters
[0.372s] Level 1:colcon.colcon_core.package_discovery:discover_packages(path) check parameters
[0.372s] Level 1:colcon.colcon_core.package_discovery:discover_packages(colcon_meta) discover
[0.373s] Level 1:colcon.colcon_core.package_discovery:discover_packages(recursive) discover
[0.373s] INFO:colcon.colcon_core.package_discovery:Crawling recursively for packages in '/home/firefox/Ros_ws-BWSI'
[0.373s] Level 1:colcon.colcon_core.package_identification:_identify(.) by extensions ['ignore', 'ignore_ament_install']
[0.373s] Level 1:colcon.colcon_core.package_identification:_identify(.) by extension 'ignore'
[0.373s] Level 1:colcon.colcon_core.package_identification:_identify(.) by extension 'ignore_ament_install'
[0.373s] Level 1:colcon.colcon_core.package_identification:_identify(.) by extensions ['colcon_pkg']
[0.373s] Level 1:colcon.colcon_core.package_identification:_identify(.) by extension 'colcon_pkg'
[0.373s] Level 1:colcon.colcon_core.package_identification:_identify(.) by extensions ['colcon_meta']
[0.373s] Level 1:colcon.colcon_core.package_identification:_identify(.) by extension 'colcon_meta'
[0.373s] Level 1:colcon.colcon_core.package_identification:_identify(.) by extensions ['ros']
[0.373s] Level 1:colcon.colcon_core.package_identification:_identify(.) by extension 'ros'
[0.445s] Level 1:colcon.colcon_core.package_identification:_identify(.) by extensions ['cmake', 'meson', 'python']
[0.445s] Level 1:colcon.colcon_core.package_identification:_identify(.) by extension 'cmake'
[0.445s] Level 1:colcon.colcon_core.package_identification:_identify(.) by extension 'meson'
[0.445s] Level 1:colcon.colcon_core.package_identification:_identify(.) by extension 'python'
[0.445s] Level 1:colcon.colcon_core.package_identification:_identify(.) by extensions ['python_setup_py']
[0.445s] Level 1:colcon.colcon_core.package_identification:_identify(.) by extension 'python_setup_py'
[0.445s] Level 1:colcon.colcon_core.package_identification:_identify(build) by extensions ['ignore', 'ignore_ament_install']
[0.445s] Level 1:colcon.colcon_core.package_identification:_identify(build) by extension 'ignore'
[0.445s] Level 1:colcon.colcon_core.package_identification:_identify(build) ignored
[0.446s] Level 1:colcon.colcon_core.package_identification:_identify(install) by extensions ['ignore', 'ignore_ament_install']
[0.446s] Level 1:colcon.colcon_core.package_identification:_identify(install) by extension 'ignore'
[0.446s] Level 1:colcon.colcon_core.package_identification:_identify(install) ignored
[0.446s] Level 1:colcon.colcon_core.package_identification:_identify(log) by extensions ['ignore', 'ignore_ament_install']
[0.446s] Level 1:colcon.colcon_core.package_identification:_identify(log) by extension 'ignore'
[0.446s] Level 1:colcon.colcon_core.package_identification:_identify(log) ignored
[0.446s] Level 1:colcon.colcon_core.package_identification:_identify(src) by extensions ['ignore', 'ignore_ament_install']
[0.446s] Level 1:colcon.colcon_core.package_identification:_identify(src) by extension 'ignore'
[0.446s] Level 1:colcon.colcon_core.package_identification:_identify(src) by extension 'ignore_ament_install'
[0.446s] Level 1:colcon.colcon_core.package_identification:_identify(src) by extensions ['colcon_pkg']
[0.446s] Level 1:colcon.colcon_core.package_identification:_identify(src) by extension 'colcon_pkg'
[0.446s] Level 1:colcon.colcon_core.package_identification:_identify(src) by extensions ['colcon_meta']
[0.446s] Level 1:colcon.colcon_core.package_identification:_identify(src) by extension 'colcon_meta'
[0.446s] Level 1:colcon.colcon_core.package_identification:_identify(src) by extensions ['ros']
[0.446s] Level 1:colcon.colcon_core.package_identification:_identify(src) by extension 'ros'
[0.446s] Level 1:colcon.colcon_core.package_identification:_identify(src) by extensions ['cmake', 'meson', 'python']
[0.447s] Level 1:colcon.colcon_core.package_identification:_identify(src) by extension 'cmake'
[0.447s] Level 1:colcon.colcon_core.package_identification:_identify(src) by extension 'meson'
[0.447s] Level 1:colcon.colcon_core.package_identification:_identify(src) by extension 'python'
[0.447s] Level 1:colcon.colcon_core.package_identification:_identify(src) by extensions ['python_setup_py']
[0.447s] Level 1:colcon.colcon_core.package_identification:_identify(src) by extension 'python_setup_py'
[0.447s] Level 1:colcon.colcon_core.package_identification:_identify(src/drone) by extensions ['ignore', 'ignore_ament_install']
[0.447s] Level 1:colcon.colcon_core.package_identification:_identify(src/drone) by extension 'ignore'
[0.447s] Level 1:colcon.colcon_core.package_identification:_identify(src/drone) by extension 'ignore_ament_install'
[0.447s] Level 1:colcon.colcon_core.package_identification:_identify(src/drone) by extensions ['colcon_pkg']
[0.447s] Level 1:colcon.colcon_core.package_identification:_identify(src/drone) by extension 'colcon_pkg'
[0.447s] Level 1:colcon.colcon_core.package_identification:_identify(src/drone) by extensions ['colcon_meta']
[0.447s] Level 1:colcon.colcon_core.package_identification:_identify(src/drone) by extension 'colcon_meta'
[0.447s] Level 1:colcon.colcon_core.package_identification:_identify(src/drone) by extensions ['ros']
[0.447s] Level 1:colcon.colcon_core.package_identification:_identify(src/drone) by extension 'ros'
[0.450s] DEBUG:colcon.colcon_core.package_identification:Package 'src/drone' with type 'ros.ament_python' and name 'drone'
[0.450s] Level 1:colcon.colcon_core.package_identification:_identify(src/fizzbuzz) by extensions ['ignore', 'ignore_ament_install']
[0.451s] Level 1:colcon.colcon_core.package_identification:_identify(src/fizzbuzz) by extension 'ignore'
[0.451s] Level 1:colcon.colcon_core.package_identification:_identify(src/fizzbuzz) by extension 'ignore_ament_install'
[0.451s] Level 1:colcon.colcon_core.package_identification:_identify(src/fizzbuzz) by extensions ['colcon_pkg']
[0.451s] Level 1:colcon.colcon_core.package_identification:_identify(src/fizzbuzz) by extension 'colcon_pkg'
[0.451s] Level 1:colcon.colcon_core.package_identification:_identify(src/fizzbuzz) by extensions ['colcon_meta']
[0.451s] Level 1:colcon.colcon_core.package_identification:_identify(src/fizzbuzz) by extension 'colcon_meta'
[0.451s] Level 1:colcon.colcon_core.package_identification:_identify(src/fizzbuzz) by extensions ['ros']
[0.451s] Level 1:colcon.colcon_core.package_identification:_identify(src/fizzbuzz) by extension 'ros'
[0.451s] DEBUG:colcon.colcon_core.package_identification:Package 'src/fizzbuzz' with type 'ros.ament_python' and name 'fizzbuzz'
[0.452s] Level 1:colcon.colcon_core.package_identification:_identify(src/fizzbuzz_interfaces) by extensions ['ignore', 'ignore_ament_install']
[0.452s] Level 1:colcon.colcon_core.package_identification:_identify(src/fizzbuzz_interfaces) by extension 'ignore'
[0.452s] Level 1:colcon.colcon_core.package_identification:_identify(src/fizzbuzz_interfaces) by extension 'ignore_ament_install'
[0.452s] Level 1:colcon.colcon_core.package_identification:_identify(src/fizzbuzz_interfaces) by extensions ['colcon_pkg']
[0.452s] Level 1:colcon.colcon_core.package_identification:_identify(src/fizzbuzz_interfaces) by extension 'colcon_pkg'
[0.452s] Level 1:colcon.colcon_core.package_identification:_identify(src/fizzbuzz_interfaces) by extensions ['colcon_meta']
[0.452s] Level 1:colcon.colcon_core.package_identification:_identify(src/fizzbuzz_interfaces) by extension 'colcon_meta'
[0.452s] Level 1:colcon.colcon_core.package_identification:_identify(src/fizzbuzz_interfaces) by extensions ['ros']
[0.452s] Level 1:colcon.colcon_core.package_identification:_identify(src/fizzbuzz_interfaces) by extension 'ros'
[0.453s] DEBUG:colcon.colcon_core.package_identification:Package 'src/fizzbuzz_interfaces' with type 'ros.ament_cmake' and name 'fizzbuzz_interfaces'
[0.453s] Level 1:colcon.colcon_core.package_identification:_identify(src/pet) by extensions ['ignore', 'ignore_ament_install']
[0.453s] Level 1:colcon.colcon_core.package_identification:_identify(src/pet) by extension 'ignore'
[0.453s] Level 1:colcon.colcon_core.package_identification:_identify(src/pet) by extension 'ignore_ament_install'
[0.453s] Level 1:colcon.colcon_core.package_identification:_identify(src/pet) by extensions ['colcon_pkg']
[0.453s] Level 1:colcon.colcon_core.package_identification:_identify(src/pet) by extension 'colcon_pkg'
[0.453s] Level 1:colcon.colcon_core.package_identification:_identify(src/pet) by extensions ['colcon_meta']
[0.453s] Level 1:colcon.colcon_core.package_identification:_identify(src/pet) by extension 'colcon_meta'
[0.453s] Level 1:colcon.colcon_core.package_identification:_identify(src/pet) by extensions ['ros']
[0.453s] Level 1:colcon.colcon_core.package_identification:_identify(src/pet) by extension 'ros'
[0.454s] DEBUG:colcon.colcon_core.package_identification:Package 'src/pet' with type 'ros.ament_python' and name 'pet'
[0.454s] Level 1:colcon.colcon_core.package_identification:_identify(src/turtle_tag_game) by extensions ['ignore', 'ignore_ament_install']
[0.454s] Level 1:colcon.colcon_core.package_identification:_identify(src/turtle_tag_game) by extension 'ignore'
[0.454s] Level 1:colcon.colcon_core.package_identification:_identify(src/turtle_tag_game) by extension 'ignore_ament_install'
[0.454s] Level 1:colcon.colcon_core.package_identification:_identify(src/turtle_tag_game) by extensions ['colcon_pkg']
[0.454s] Level 1:colcon.colcon_core.package_identification:_identify(src/turtle_tag_game) by extension 'colcon_pkg'
[0.454s] Level 1:colcon.colcon_core.package_identification:_identify(src/turtle_tag_game) by extensions ['colcon_meta']
[0.454s] Level 1:colcon.colcon_core.package_identification:_identify(src/turtle_tag_game) by extension 'colcon_meta'
[0.454s] Level 1:colcon.colcon_core.package_identification:_identify(src/turtle_tag_game) by extensions ['ros']
[0.454s] Level 1:colcon.colcon_core.package_identification:_identify(src/turtle_tag_game) by extension 'ros'
[0.455s] DEBUG:colcon.colcon_core.package_identification:Package 'src/turtle_tag_game' with type 'ros.ament_python' and name 'turtle_tag_game'
[0.455s] Level 1:colcon.colcon_core.package_discovery:discover_packages(recursive) using defaults
[0.455s] Level 1:colcon.colcon_core.package_discovery:discover_packages(ignore) discover
[0.455s] Level 1:colcon.colcon_core.package_discovery:discover_packages(ignore) using defaults
[0.455s] Level 1:colcon.colcon_core.package_discovery:discover_packages(path) discover
[0.455s] Level 1:colcon.colcon_core.package_discovery:discover_packages(path) using defaults
[0.476s] Level 1:colcon.colcon_core.package_discovery:discover_packages(prefix_path) check parameters
[0.476s] Level 1:colcon.colcon_core.package_discovery:discover_packages(prefix_path) discover
[0.478s] DEBUG:colcon.colcon_installed_package_information.package_discovery:Found 4 installed packages in /home/firefox/camera_ws/install
[0.480s] DEBUG:colcon.colcon_installed_package_information.package_discovery:Found 270 installed packages in /opt/ros/jazzy
[0.481s] Level 1:colcon.colcon_core.package_discovery:discover_packages(prefix_path) using defaults
[0.550s] Level 5:colcon.colcon_core.verb:set package 'drone' build argument 'cmake_args' from command line to 'None'
[0.550s] Level 5:colcon.colcon_core.verb:set package 'drone' build argument 'cmake_target' from command line to 'None'
[0.550s] Level 5:colcon.colcon_core.verb:set package 'drone' build argument 'cmake_target_skip_unavailable' from command line to 'False'
[0.550s] Level 5:colcon.colcon_core.verb:set package 'drone' build argument 'cmake_clean_cache' from command line to 'False'
[0.551s] Level 5:colcon.colcon_core.verb:set package 'drone' build argument 'cmake_clean_first' from command line to 'False'
[0.551s] Level 5:colcon.colcon_core.verb:set package 'drone' build argument 'cmake_force_configure' from command line to 'False'
[0.551s] Level 5:colcon.colcon_core.verb:set package 'drone' build argument 'meson_args' from command line to '[]'
[0.551s] Level 5:colcon.colcon_core.verb:set package 'drone' build argument 'ament_cmake_args' from command line to 'None'
[0.551s] Level 5:colcon.colcon_core.verb:set package 'drone' build argument 'catkin_cmake_args' from command line to 'None'
[0.551s] Level 5:colcon.colcon_core.verb:set package 'drone' build argument 'catkin_skip_building_tests' from command line to 'False'
[0.551s] DEBUG:colcon.colcon_core.verb:Building package 'drone' with the following arguments: {'ament_cmake_args': None, 'build_base': '/home/firefox/Ros_ws-BWSI/build/drone', 'catkin_cmake_args': None, 'catkin_skip_building_tests': False, 'cmake_args': None, 'cmake_clean_cache': False, 'cmake_clean_first': False, 'cmake_force_configure': False, 'cmake_target': None, 'cmake_target_skip_unavailable': False, 'install_base': '/home/firefox/Ros_ws-BWSI/install/drone', 'merge_install': False, 'meson_args': [], 'path': '/home/firefox/Ros_ws-BWSI/src/drone', 'symlink_install': False, 'test_result_base': None}
[0.560s] Level 5:colcon.colcon_core.verb:set package 'fizzbuzz_interfaces' build argument 'cmake_args' from command line to 'None'
[0.560s] Level 5:colcon.colcon_core.verb:set package 'fizzbuzz_interfaces' build argument 'cmake_target' from command line to 'None'
[0.560s] Level 5:colcon.colcon_core.verb:set package 'fizzbuzz_interfaces' build argument 'cmake_target_skip_unavailable' from command line to 'False'
[0.560s] Level 5:colcon.colcon_core.verb:set package 'fizzbuzz_interfaces' build argument 'cmake_clean_cache' from command line to 'False'
[0.560s] Level 5:colcon.colcon_core.verb:set package 'fizzbuzz_interfaces' build argument 'cmake_clean_first' from command line to 'False'
[0.560s] Level 5:colcon.colcon_core.verb:set package 'fizzbuzz_interfaces' build argument 'cmake_force_configure' from command line to 'False'
[0.560s] Level 5:colcon.colcon_core.verb:set package 'fizzbuzz_interfaces' build argument 'meson_args' from command line to '[]'
[0.560s] Level 5:colcon.colcon_core.verb:set package 'fizzbuzz_interfaces' build argument 'ament_cmake_args' from command line to 'None'
[0.560s] Level 5:colcon.colcon_core.verb:set package 'fizzbuzz_interfaces' build argument 'catkin_cmake_args' from command line to 'None'
[0.560s] Level 5:colcon.colcon_core.verb:set package 'fizzbuzz_interfaces' build argument 'catkin_skip_building_tests' from command line to 'False'
[0.560s] DEBUG:colcon.colcon_core.verb:Building package 'fizzbuzz_interfaces' with the following arguments: {'ament_cmake_args': None, 'build_base': '/home/firefox/Ros_ws-BWSI/build/fizzbuzz_interfaces', 'catkin_cmake_args': None, 'catkin_skip_building_tests': False, 'cmake_args': None, 'cmake_clean_cache': False, 'cmake_clean_first': False, 'cmake_force_configure': False, 'cmake_target': None, 'cmake_target_skip_unavailable': False, 'install_base': '/home/firefox/Ros_ws-BWSI/install/fizzbuzz_interfaces', 'merge_install': False, 'meson_args': [], 'path': '/home/firefox/Ros_ws-BWSI/src/fizzbuzz_interfaces', 'symlink_install': False, 'test_result_base': None}
[0.570s] Level 5:colcon.colcon_core.verb:set package 'pet' build argument 'cmake_args' from command line to 'None'
[0.570s] Level 5:colcon.colcon_core.verb:set package 'pet' build argument 'cmake_target' from command line to 'None'
[0.570s] Level 5:colcon.colcon_core.verb:set package 'pet' build argument 'cmake_target_skip_unavailable' from command line to 'False'
[0.571s] Level 5:colcon.colcon_core.verb:set package 'pet' build argument 'cmake_clean_cache' from command line to 'False'
[0.571s] Level 5:colcon.colcon_core.verb:set package 'pet' build argument 'cmake_clean_first' from command line to 'False'
[0.571s] Level 5:colcon.colcon_core.verb:set package 'pet' build argument 'cmake_force_configure' from command line to 'False'
[0.571s] Level 5:colcon.colcon_core.verb:set package 'pet' build argument 'meson_args' from command line to '[]'
[0.571s] Level 5:colcon.colcon_core.verb:set package 'pet' build argument 'ament_cmake_args' from command line to 'None'
[0.571s] Level 5:colcon.colcon_core.verb:set package 'pet' build argument 'catkin_cmake_args' from command line to 'None'
[0.571s] Level 5:colcon.colcon_core.verb:set package 'pet' build argument 'catkin_skip_building_tests' from command line to 'False'
[0.571s] DEBUG:colcon.colcon_core.verb:Building package 'pet' with the following arguments: {'ament_cmake_args': None, 'build_base': '/home/firefox/Ros_ws-BWSI/build/pet', 'catkin_cmake_args': None, 'catkin_skip_building_tests': False, 'cmake_args': None, 'cmake_clean_cache': False, 'cmake_clean_first': False, 'cmake_force_configure': False, 'cmake_target': None, 'cmake_target_skip_unavailable': False, 'install_base': '/home/firefox/Ros_ws-BWSI/install/pet', 'merge_install': False, 'meson_args': [], 'path': '/home/firefox/Ros_ws-BWSI/src/pet', 'symlink_install': False, 'test_result_base': None}
[0.580s] Level 5:colcon.colcon_core.verb:set package 'turtle_tag_game' build argument 'cmake_args' from command line to 'None'
[0.580s] Level 5:colcon.colcon_core.verb:set package 'turtle_tag_game' build argument 'cmake_target' from command line to 'None'
[0.580s] Level 5:colcon.colcon_core.verb:set package 'turtle_tag_game' build argument 'cmake_target_skip_unavailable' from command line to 'False'
[0.580s] Level 5:colcon.colcon_core.verb:set package 'turtle_tag_game' build argument 'cmake_clean_cache' from command line to 'False'
[0.580s] Level 5:colcon.colcon_core.verb:set package 'turtle_tag_game' build argument 'cmake_clean_first' from command line to 'False'
[0.580s] Level 5:colcon.colcon_core.verb:set package 'turtle_tag_game' build argument 'cmake_force_configure' from command line to 'False'
[0.580s] Level 5:colcon.colcon_core.verb:set package 'turtle_tag_game' build argument 'meson_args' from command line to '[]'
[0.580s] Level 5:colcon.colcon_core.verb:set package 'turtle_tag_game' build argument 'ament_cmake_args' from command line to 'None'
[0.580s] Level 5:colcon.colcon_core.verb:set package 'turtle_tag_game' build argument 'catkin_cmake_args' from command line to 'None'
[0.580s] Level 5:colcon.colcon_core.verb:set package 'turtle_tag_game' build argument 'catkin_skip_building_tests' from command line to 'False'
[0.580s] DEBUG:colcon.colcon_core.verb:Building package 'turtle_tag_game' with the following arguments: {'ament_cmake_args': None, 'build_base': '/home/firefox/Ros_ws-BWSI/build/turtle_tag_game', 'catkin_cmake_args': None, 'catkin_skip_building_tests': False, 'cmake_args': None, 'cmake_clean_cache': False, 'cmake_clean_first': False, 'cmake_force_configure': False, 'cmake_target': None, 'cmake_target_skip_unavailable': False, 'install_base': '/home/firefox/Ros_ws-BWSI/install/turtle_tag_game', 'merge_install': False, 'meson_args': [], 'path': '/home/firefox/Ros_ws-BWSI/src/turtle_tag_game', 'symlink_install': False, 'test_result_base': None}
[0.589s] Level 5:colcon.colcon_core.verb:set package 'fizzbuzz' build argument 'cmake_args' from command line to 'None'
[0.590s] Level 5:colcon.colcon_core.verb:set package 'fizzbuzz' build argument 'cmake_target' from command line to 'None'
[0.590s] Level 5:colcon.colcon_core.verb:set package 'fizzbuzz' build argument 'cmake_target_skip_unavailable' from command line to 'False'
[0.590s] Level 5:colcon.colcon_core.verb:set package 'fizzbuzz' build argument 'cmake_clean_cache' from command line to 'False'
[0.590s] Level 5:colcon.colcon_core.verb:set package 'fizzbuzz' build argument 'cmake_clean_first' from command line to 'False'
[0.590s] Level 5:colcon.colcon_core.verb:set package 'fizzbuzz' build argument 'cmake_force_configure' from command line to 'False'
[0.590s] Level 5:colcon.colcon_core.verb:set package 'fizzbuzz' build argument 'meson_args' from command line to '[]'
[0.590s] Level 5:colcon.colcon_core.verb:set package 'fizzbuzz' build argument 'ament_cmake_args' from command line to 'None'
[0.590s] Level 5:colcon.colcon_core.verb:set package 'fizzbuzz' build argument 'catkin_cmake_args' from command line to 'None'
[0.590s] Level 5:colcon.colcon_core.verb:set package 'fizzbuzz' build argument 'catkin_skip_building_tests' from command line to 'False'
[0.590s] DEBUG:colcon.colcon_core.verb:Building package 'fizzbuzz' with the following arguments: {'ament_cmake_args': None, 'build_base': '/home/firefox/Ros_ws-BWSI/build/fizzbuzz', 'catkin_cmake_args': None, 'catkin_skip_building_tests': False, 'cmake_args': None, 'cmake_clean_cache': False, 'cmake_clean_first': False, 'cmake_force_configure': False, 'cmake_target': None, 'cmake_target_skip_unavailable': False, 'install_base': '/home/firefox/Ros_ws-BWSI/install/fizzbuzz', 'merge_install': False, 'meson_args': [], 'path': '/home/firefox/Ros_ws-BWSI/src/fizzbuzz', 'symlink_install': False, 'test_result_base': None}
[0.590s] INFO:colcon.colcon_core.executor:Executing jobs using 'parallel' executor
[0.591s] DEBUG:colcon.colcon_parallel_executor.executor.parallel:run_until_complete
[0.592s] INFO:colcon.colcon_ros.task.ament_cmake.build:Building ROS package in '/home/firefox/Ros_ws-BWSI/src/fizzbuzz_interfaces' with build type 'ament_cmake'
[0.593s] INFO:colcon.colcon_cmake.task.cmake.build:Building CMake package in '/home/firefox/Ros_ws-BWSI/src/fizzbuzz_interfaces'
[0.599s] INFO:colcon.colcon_core.plugin_system:Skipping extension 'colcon_core.shell.bat': Not used on non-Windows systems
[0.599s] INFO:colcon.colcon_core.shell:Skip shell extension 'powershell' for command environment: Not usable outside of PowerShell
[0.599s] DEBUG:colcon.colcon_core.shell:Skip shell extension 'dsv' for command environment
[0.608s] INFO:colcon.colcon_ros.task.ament_python.build:Building ROS package in '/home/firefox/Ros_ws-BWSI/src/drone' with build type 'ament_python'
[0.608s] Level 1:colcon.colcon_core.shell:create_environment_hook('drone', 'ament_prefix_path')
[0.609s] INFO:colcon.colcon_core.shell:Creating environment hook '/home/firefox/Ros_ws-BWSI/install/drone/share/drone/hook/ament_prefix_path.ps1'
[0.611s] INFO:colcon.colcon_core.shell:Creating environment descriptor '/home/firefox/Ros_ws-BWSI/install/drone/share/drone/hook/ament_prefix_path.dsv'
[0.612s] INFO:colcon.colcon_core.shell:Creating environment hook '/home/firefox/Ros_ws-BWSI/install/drone/share/drone/hook/ament_prefix_path.sh'
[0.613s] INFO:colcon.colcon_core.shell:Skip shell extension 'powershell' for command environment: Not usable outside of PowerShell
[0.614s] DEBUG:colcon.colcon_core.shell:Skip shell extension 'dsv' for command environment
[0.622s] INFO:colcon.colcon_ros.task.ament_python.build:Building ROS package in '/home/firefox/Ros_ws-BWSI/src/pet' with build type 'ament_python'
[0.622s] Level 1:colcon.colcon_core.shell:create_environment_hook('pet', 'ament_prefix_path')
[0.623s] INFO:colcon.colcon_core.shell:Creating environment hook '/home/firefox/Ros_ws-BWSI/install/pet/share/pet/hook/ament_prefix_path.ps1'
[0.624s] INFO:colcon.colcon_core.shell:Creating environment descriptor '/home/firefox/Ros_ws-BWSI/install/pet/share/pet/hook/ament_prefix_path.dsv'
[0.625s] INFO:colcon.colcon_core.shell:Creating environment hook '/home/firefox/Ros_ws-BWSI/install/pet/share/pet/hook/ament_prefix_path.sh'
[0.626s] INFO:colcon.colcon_core.shell:Skip shell extension 'powershell' for command environment: Not usable outside of PowerShell
[0.626s] DEBUG:colcon.colcon_core.shell:Skip shell extension 'dsv' for command environment
[0.629s] INFO:colcon.colcon_ros.task.ament_python.build:Building ROS package in '/home/firefox/Ros_ws-BWSI/src/turtle_tag_game' with build type 'ament_python'
[0.630s] Level 1:colcon.colcon_core.shell:create_environment_hook('turtle_tag_game', 'ament_prefix_path')
[0.630s] INFO:colcon.colcon_core.shell:Creating environment hook '/home/firefox/Ros_ws-BWSI/install/turtle_tag_game/share/turtle_tag_game/hook/ament_prefix_path.ps1'
[0.631s] INFO:colcon.colcon_core.shell:Creating environment descriptor '/home/firefox/Ros_ws-BWSI/install/turtle_tag_game/share/turtle_tag_game/hook/ament_prefix_path.dsv'
[0.631s] INFO:colcon.colcon_core.shell:Creating environment hook '/home/firefox/Ros_ws-BWSI/install/turtle_tag_game/share/turtle_tag_game/hook/ament_prefix_path.sh'
[0.632s] INFO:colcon.colcon_core.shell:Skip shell extension 'powershell' for command environment: Not usable outside of PowerShell
[0.632s] DEBUG:colcon.colcon_core.shell:Skip shell extension 'dsv' for command environment
[0.649s] DEBUG:colcon.colcon_core.event_handler.log_command:Invoking command in '/home/firefox/Ros_ws-BWSI/build/fizzbuzz_interfaces': CMAKE_PREFIX_PATH=${CMAKE_PREFIX_PATH}:/home/firefox/camera_ws/install/uav:/opt/ros/jazzy DEBUGINFOD_URLS=https://debuginfod.ubuntu.com /usr/bin/cmake /home/firefox/Ros_ws-BWSI/src/fizzbuzz_interfaces -DCMAKE_INSTALL_PREFIX=/home/firefox/Ros_ws-BWSI/install/fizzbuzz_interfaces
[1.050s] INFO:colcon.colcon_core.task.python.build:Building Python package in '/home/firefox/Ros_ws-BWSI/src/drone'
[1.050s] INFO:colcon.colcon_core.shell:Skip shell extension 'powershell' for command environment: Not usable outside of PowerShell
[1.051s] DEBUG:colcon.colcon_core.shell:Skip shell extension 'dsv' for command environment
[1.449s] INFO:colcon.colcon_core.task.python.build:Building Python package in '/home/firefox/Ros_ws-BWSI/src/pet'
[1.449s] INFO:colcon.colcon_core.shell:Skip shell extension 'powershell' for command environment: Not usable outside of PowerShell
[1.449s] DEBUG:colcon.colcon_core.shell:Skip shell extension 'dsv' for command environment
[1.823s] INFO:colcon.colcon_core.task.python.build:Building Python package in '/home/firefox/Ros_ws-BWSI/src/turtle_tag_game'
[1.823s] INFO:colcon.colcon_core.shell:Skip shell extension 'powershell' for command environment: Not usable outside of PowerShell
[1.823s] DEBUG:colcon.colcon_core.shell:Skip shell extension 'dsv' for command environment
[3.414s] DEBUG:colcon.colcon_core.event_handler.log_command:Invoking command in '/home/firefox/Ros_ws-BWSI/src/drone': DEBUGINFOD_URLS=https://debuginfod.ubuntu.com PYTHONPATH=/home/firefox/Ros_ws-BWSI/build/drone/prefix_override:/usr/lib/python3/dist-packages/colcon_core/task/python/colcon_distutils_commands:/home/firefox/Ros_ws-BWSI/install/drone/lib/python3.12/site-packages:${PYTHONPATH} /usr/bin/python3 -W ignore:setup.py install is deprecated -W ignore:easy_install command is deprecated setup.py egg_info --egg-base ../../build/drone build --build-base /home/firefox/Ros_ws-BWSI/build/drone/build install --record /home/firefox/Ros_ws-BWSI/build/drone/install.log --single-version-externally-managed install_data
[3.427s] DEBUG:colcon.colcon_core.event_handler.log_command:Invoking command in '/home/firefox/Ros_ws-BWSI/src/turtle_tag_game': DEBUGINFOD_URLS=https://debuginfod.ubuntu.com PYTHONPATH=/home/firefox/Ros_ws-BWSI/build/turtle_tag_game/prefix_override:/usr/lib/python3/dist-packages/colcon_core/task/python/colcon_distutils_commands:/home/firefox/Ros_ws-BWSI/install/turtle_tag_game/lib/python3.12/site-packages:${PYTHONPATH} /usr/bin/python3 -W ignore:setup.py install is deprecated -W ignore:easy_install command is deprecated setup.py egg_info --egg-base ../../build/turtle_tag_game build --build-base /home/firefox/Ros_ws-BWSI/build/turtle_tag_game/build install --record /home/firefox/Ros_ws-BWSI/build/turtle_tag_game/install.log --single-version-externally-managed install_data
[3.441s] DEBUG:colcon.colcon_core.event_handler.log_command:Invoking command in '/home/firefox/Ros_ws-BWSI/src/pet': DEBUGINFOD_URLS=https://debuginfod.ubuntu.com PYTHONPATH=/home/firefox/Ros_ws-BWSI/build/pet/prefix_override:/usr/lib/python3/dist-packages/colcon_core/task/python/colcon_distutils_commands:/home/firefox/Ros_ws-BWSI/install/pet/lib/python3.12/site-packages:${PYTHONPATH} /usr/bin/python3 -W ignore:setup.py install is deprecated -W ignore:easy_install command is deprecated setup.py egg_info --egg-base ../../build/pet build --build-base /home/firefox/Ros_ws-BWSI/build/pet/build install --record /home/firefox/Ros_ws-BWSI/build/pet/install.log --single-version-externally-managed install_data
[4.538s] DEBUG:colcon.colcon_core.event_handler.log_command:Invoked command in '/home/firefox/Ros_ws-BWSI/src/drone' returned '0': DEBUGINFOD_URLS=https://debuginfod.ubuntu.com PYTHONPATH=/home/firefox/Ros_ws-BWSI/build/drone/prefix_override:/usr/lib/python3/dist-packages/colcon_core/task/python/colcon_distutils_commands:/home/firefox/Ros_ws-BWSI/install/drone/lib/python3.12/site-packages:${PYTHONPATH} /usr/bin/python3 -W ignore:setup.py install is deprecated -W ignore:easy_install command is deprecated setup.py egg_info --egg-base ../../build/drone build --build-base /home/firefox/Ros_ws-BWSI/build/drone/build install --record /home/firefox/Ros_ws-BWSI/build/drone/install.log --single-version-externally-managed install_data
[4.547s] Level 1:colcon.colcon_core.environment:checking '/home/firefox/Ros_ws-BWSI/install/drone' for CMake module files
[4.548s] Level 1:colcon.colcon_core.environment:checking '/home/firefox/Ros_ws-BWSI/install/drone' for CMake config files
[4.549s] Level 1:colcon.colcon_core.environment:checking '/home/firefox/Ros_ws-BWSI/install/drone/lib'
[4.549s] Level 1:colcon.colcon_core.environment:checking '/home/firefox/Ros_ws-BWSI/install/drone/bin'
[4.550s] Level 1:colcon.colcon_core.environment:checking '/home/firefox/Ros_ws-BWSI/install/drone/lib/pkgconfig/drone.pc'
[4.552s] Level 1:colcon.colcon_core.environment:checking '/home/firefox/Ros_ws-BWSI/install/drone/lib/python3.12/site-packages'
[4.553s] Level 1:colcon.colcon_core.shell:create_environment_hook('drone', 'pythonpath')
[4.553s] INFO:colcon.colcon_core.shell:Creating environment hook '/home/firefox/Ros_ws-BWSI/install/drone/share/drone/hook/pythonpath.ps1'
[4.554s] INFO:colcon.colcon_core.shell:Creating environment descriptor '/home/firefox/Ros_ws-BWSI/install/drone/share/drone/hook/pythonpath.dsv'
[4.554s] INFO:colcon.colcon_core.shell:Creating environment hook '/home/firefox/Ros_ws-BWSI/install/drone/share/drone/hook/pythonpath.sh'
[4.555s] Level 1:colcon.colcon_core.environment:checking '/home/firefox/Ros_ws-BWSI/install/drone/bin'
[4.555s] Level 1:colcon.colcon_core.environment:create_environment_scripts_only(drone)
[4.556s] INFO:colcon.colcon_core.shell:Creating package script '/home/firefox/Ros_ws-BWSI/install/drone/share/drone/package.ps1'
[4.557s] INFO:colcon.colcon_core.shell:Creating package descriptor '/home/firefox/Ros_ws-BWSI/install/drone/share/drone/package.dsv'
[4.558s] INFO:colcon.colcon_core.shell:Creating package script '/home/firefox/Ros_ws-BWSI/install/drone/share/drone/package.sh'
[4.560s] INFO:colcon.colcon_core.shell:Creating package script '/home/firefox/Ros_ws-BWSI/install/drone/share/drone/package.bash'
[4.566s] INFO:colcon.colcon_core.shell:Creating package script '/home/firefox/Ros_ws-BWSI/install/drone/share/drone/package.zsh'
[4.567s] Level 1:colcon.colcon_core.environment:create_file_with_runtime_dependencies(/home/firefox/Ros_ws-BWSI/install/drone/share/colcon-core/packages/drone)
[4.653s] Level 1:colcon.colcon_core.environment:checking '/home/firefox/Ros_ws-BWSI/install/turtle_tag_game' for CMake module files
[4.655s] DEBUG:colcon.colcon_core.event_handler.log_command:Invoked command in '/home/firefox/Ros_ws-BWSI/src/turtle_tag_game' returned '0': DEBUGINFOD_URLS=https://debuginfod.ubuntu.com PYTHONPATH=/home/firefox/Ros_ws-BWSI/build/turtle_tag_game/prefix_override:/usr/lib/python3/dist-packages/colcon_core/task/python/colcon_distutils_commands:/home/firefox/Ros_ws-BWSI/install/turtle_tag_game/lib/python3.12/site-packages:${PYTHONPATH} /usr/bin/python3 -W ignore:setup.py install is deprecated -W ignore:easy_install command is deprecated setup.py egg_info --egg-base ../../build/turtle_tag_game build --build-base /home/firefox/Ros_ws-BWSI/build/turtle_tag_game/build install --record /home/firefox/Ros_ws-BWSI/build/turtle_tag_game/install.log --single-version-externally-managed install_data
[4.657s] Level 1:colcon.colcon_core.environment:checking '/home/firefox/Ros_ws-BWSI/install/turtle_tag_game' for CMake config files
[4.663s] Level 1:colcon.colcon_core.environment:checking '/home/firefox/Ros_ws-BWSI/install/turtle_tag_game/lib'
[4.663s] Level 1:colcon.colcon_core.environment:checking '/home/firefox/Ros_ws-BWSI/install/turtle_tag_game/bin'
[4.664s] Level 1:colcon.colcon_core.environment:checking '/home/firefox/Ros_ws-BWSI/install/turtle_tag_game/lib/pkgconfig/turtle_tag_game.pc'
[4.664s] Level 1:colcon.colcon_core.environment:checking '/home/firefox/Ros_ws-BWSI/install/turtle_tag_game/lib/python3.12/site-packages'
[4.665s] Level 1:colcon.colcon_core.shell:create_environment_hook('turtle_tag_game', 'pythonpath')
[4.666s] INFO:colcon.colcon_core.shell:Creating environment hook '/home/firefox/Ros_ws-BWSI/install/turtle_tag_game/share/turtle_tag_game/hook/pythonpath.ps1'
[4.667s] INFO:colcon.colcon_core.shell:Creating environment descriptor '/home/firefox/Ros_ws-BWSI/install/turtle_tag_game/share/turtle_tag_game/hook/pythonpath.dsv'
[4.668s] INFO:colcon.colcon_core.shell:Creating environment hook '/home/firefox/Ros_ws-BWSI/install/turtle_tag_game/share/turtle_tag_game/hook/pythonpath.sh'
[4.670s] Level 1:colcon.colcon_core.environment:checking '/home/firefox/Ros_ws-BWSI/install/turtle_tag_game/bin'
[4.670s] Level 1:colcon.colcon_core.environment:create_environment_scripts_only(turtle_tag_game)
[4.671s] INFO:colcon.colcon_core.shell:Creating package script '/home/firefox/Ros_ws-BWSI/install/turtle_tag_game/share/turtle_tag_game/package.ps1'
[4.672s] INFO:colcon.colcon_core.shell:Creating package descriptor '/home/firefox/Ros_ws-BWSI/install/turtle_tag_game/share/turtle_tag_game/package.dsv'
[4.674s] INFO:colcon.colcon_core.shell:Creating package script '/home/firefox/Ros_ws-BWSI/install/turtle_tag_game/share/turtle_tag_game/package.sh'
[4.675s] INFO:colcon.colcon_core.shell:Creating package script '/home/firefox/Ros_ws-BWSI/install/turtle_tag_game/share/turtle_tag_game/package.bash'
[4.676s] INFO:colcon.colcon_core.shell:Creating package script '/home/firefox/Ros_ws-BWSI/install/turtle_tag_game/share/turtle_tag_game/package.zsh'
[4.677s] Level 1:colcon.colcon_core.environment:create_file_with_runtime_dependencies(/home/firefox/Ros_ws-BWSI/install/turtle_tag_game/share/colcon-core/packages/turtle_tag_game)
[4.738s] Level 1:colcon.colcon_core.environment:checking '/home/firefox/Ros_ws-BWSI/install/pet' for CMake module files
[4.741s] DEBUG:colcon.colcon_core.event_handler.log_command:Invoked command in '/home/firefox/Ros_ws-BWSI/src/pet' returned '0': DEBUGINFOD_URLS=https://debuginfod.ubuntu.com PYTHONPATH=/home/firefox/Ros_ws-BWSI/build/pet/prefix_override:/usr/lib/python3/dist-packages/colcon_core/task/python/colcon_distutils_commands:/home/firefox/Ros_ws-BWSI/install/pet/lib/python3.12/site-packages:${PYTHONPATH} /usr/bin/python3 -W ignore:setup.py install is deprecated -W ignore:easy_install command is deprecated setup.py egg_info --egg-base ../../build/pet build --build-base /home/firefox/Ros_ws-BWSI/build/pet/build install --record /home/firefox/Ros_ws-BWSI/build/pet/install.log --single-version-externally-managed install_data
[4.742s] Level 1:colcon.colcon_core.environment:checking '/home/firefox/Ros_ws-BWSI/install/pet' for CMake config files
[4.743s] Level 1:colcon.colcon_core.environment:checking '/home/firefox/Ros_ws-BWSI/install/pet/lib'
[4.743s] Level 1:colcon.colcon_core.environment:checking '/home/firefox/Ros_ws-BWSI/install/pet/bin'
[4.744s] Level 1:colcon.colcon_core.environment:checking '/home/firefox/Ros_ws-BWSI/install/pet/lib/pkgconfig/pet.pc'
[4.747s] Level 1:colcon.colcon_core.environment:checking '/home/firefox/Ros_ws-BWSI/install/pet/lib/python3.12/site-packages'
[4.748s] Level 1:colcon.colcon_core.shell:create_environment_hook('pet', 'pythonpath')
[4.748s] INFO:colcon.colcon_core.shell:Creating environment hook '/home/firefox/Ros_ws-BWSI/install/pet/share/pet/hook/pythonpath.ps1'
[4.749s] INFO:colcon.colcon_core.shell:Creating environment descriptor '/home/firefox/Ros_ws-BWSI/install/pet/share/pet/hook/pythonpath.dsv'
[4.750s] INFO:colcon.colcon_core.shell:Creating environment hook '/home/firefox/Ros_ws-BWSI/install/pet/share/pet/hook/pythonpath.sh'
[4.751s] Level 1:colcon.colcon_core.environment:checking '/home/firefox/Ros_ws-BWSI/install/pet/bin'
[4.751s] Level 1:colcon.colcon_core.environment:create_environment_scripts_only(pet)
[4.752s] INFO:colcon.colcon_core.shell:Creating package script '/home/firefox/Ros_ws-BWSI/install/pet/share/pet/package.ps1'
[4.754s] INFO:colcon.colcon_core.shell:Creating package descriptor '/home/firefox/Ros_ws-BWSI/install/pet/share/pet/package.dsv'
[4.755s] INFO:colcon.colcon_core.shell:Creating package script '/home/firefox/Ros_ws-BWSI/install/pet/share/pet/package.sh'
[4.756s] INFO:colcon.colcon_core.shell:Creating package script '/home/firefox/Ros_ws-BWSI/install/pet/share/pet/package.bash'
[4.756s] INFO:colcon.colcon_core.shell:Creating package script '/home/firefox/Ros_ws-BWSI/install/pet/share/pet/package.zsh'
[4.757s] Level 1:colcon.colcon_core.environment:create_file_with_runtime_dependencies(/home/firefox/Ros_ws-BWSI/install/pet/share/colcon-core/packages/pet)
[6.673s] DEBUG:colcon.colcon_core.event_handler.log_command:Invoked command in '/home/firefox/Ros_ws-BWSI/build/fizzbuzz_interfaces' returned '0': CMAKE_PREFIX_PATH=${CMAKE_PREFIX_PATH}:/home/firefox/camera_ws/install/uav:/opt/ros/jazzy DEBUGINFOD_URLS=https://debuginfod.ubuntu.com /usr/bin/cmake /home/firefox/Ros_ws-BWSI/src/fizzbuzz_interfaces -DCMAKE_INSTALL_PREFIX=/home/firefox/Ros_ws-BWSI/install/fizzbuzz_interfaces
[6.676s] DEBUG:colcon.colcon_core.event_handler.log_command:Invoking command in '/home/firefox/Ros_ws-BWSI/build/fizzbuzz_interfaces': CMAKE_PREFIX_PATH=${CMAKE_PREFIX_PATH}:/home/firefox/camera_ws/install/uav:/opt/ros/jazzy DEBUGINFOD_URLS=https://debuginfod.ubuntu.com /usr/bin/cmake --build /home/firefox/Ros_ws-BWSI/build/fizzbuzz_interfaces -- -j4 -l4
[12.158s] DEBUG:colcon.colcon_core.event_handler.log_command:Invoked command in '/home/firefox/Ros_ws-BWSI/build/fizzbuzz_interfaces' returned '0': CMAKE_PREFIX_PATH=${CMAKE_PREFIX_PATH}:/home/firefox/camera_ws/install/uav:/opt/ros/jazzy DEBUGINFOD_URLS=https://debuginfod.ubuntu.com /usr/bin/cmake --build /home/firefox/Ros_ws-BWSI/build/fizzbuzz_interfaces -- -j4 -l4
[12.178s] DEBUG:colcon.colcon_core.event_handler.log_command:Invoking command in '/home/firefox/Ros_ws-BWSI/build/fizzbuzz_interfaces': CMAKE_PREFIX_PATH=${CMAKE_PREFIX_PATH}:/home/firefox/camera_ws/install/uav:/opt/ros/jazzy DEBUGINFOD_URLS=https://debuginfod.ubuntu.com /usr/bin/cmake --install /home/firefox/Ros_ws-BWSI/build/fizzbuzz_interfaces
[12.301s] Level 1:colcon.colcon_core.environment:create_environment_scripts_only(fizzbuzz_interfaces)
[12.301s] Level 1:colcon.colcon_core.environment:checking '/home/firefox/Ros_ws-BWSI/install/fizzbuzz_interfaces' for CMake module files
[12.302s] DEBUG:colcon.colcon_core.event_handler.log_command:Invoked command in '/home/firefox/Ros_ws-BWSI/build/fizzbuzz_interfaces' returned '0': CMAKE_PREFIX_PATH=${CMAKE_PREFIX_PATH}:/home/firefox/camera_ws/install/uav:/opt/ros/jazzy DEBUGINFOD_URLS=https://debuginfod.ubuntu.com /usr/bin/cmake --install /home/firefox/Ros_ws-BWSI/build/fizzbuzz_interfaces
[12.302s] Level 1:colcon.colcon_core.environment:checking '/home/firefox/Ros_ws-BWSI/install/fizzbuzz_interfaces' for CMake config files
[12.303s] Level 1:colcon.colcon_core.shell:create_environment_hook('fizzbuzz_interfaces', 'cmake_prefix_path')
[12.303s] INFO:colcon.colcon_core.shell:Creating environment hook '/home/firefox/Ros_ws-BWSI/install/fizzbuzz_interfaces/share/fizzbuzz_interfaces/hook/cmake_prefix_path.ps1'
[12.304s] INFO:colcon.colcon_core.shell:Creating environment descriptor '/home/firefox/Ros_ws-BWSI/install/fizzbuzz_interfaces/share/fizzbuzz_interfaces/hook/cmake_prefix_path.dsv'
[12.304s] INFO:colcon.colcon_core.shell:Creating environment hook '/home/firefox/Ros_ws-BWSI/install/fizzbuzz_interfaces/share/fizzbuzz_interfaces/hook/cmake_prefix_path.sh'
[12.305s] Level 1:colcon.colcon_core.environment:checking '/home/firefox/Ros_ws-BWSI/install/fizzbuzz_interfaces/lib'
[12.305s] Level 1:colcon.colcon_core.shell:create_environment_hook('fizzbuzz_interfaces', 'ld_library_path_lib')
[12.305s] INFO:colcon.colcon_core.shell:Creating environment hook '/home/firefox/Ros_ws-BWSI/install/fizzbuzz_interfaces/share/fizzbuzz_interfaces/hook/ld_library_path_lib.ps1'
[12.306s] INFO:colcon.colcon_core.shell:Creating environment descriptor '/home/firefox/Ros_ws-BWSI/install/fizzbuzz_interfaces/share/fizzbuzz_interfaces/hook/ld_library_path_lib.dsv'
[12.306s] INFO:colcon.colcon_core.shell:Creating environment hook '/home/firefox/Ros_ws-BWSI/install/fizzbuzz_interfaces/share/fizzbuzz_interfaces/hook/ld_library_path_lib.sh'
[12.306s] Level 1:colcon.colcon_core.environment:checking '/home/firefox/Ros_ws-BWSI/install/fizzbuzz_interfaces/bin'
[12.306s] Level 1:colcon.colcon_core.environment:checking '/home/firefox/Ros_ws-BWSI/install/fizzbuzz_interfaces/lib/pkgconfig/fizzbuzz_interfaces.pc'
[12.307s] Level 1:colcon.colcon_core.environment:checking '/home/firefox/Ros_ws-BWSI/install/fizzbuzz_interfaces/lib/python3.12/site-packages'
[12.307s] Level 1:colcon.colcon_core.shell:create_environment_hook('fizzbuzz_interfaces', 'pythonpath')
[12.307s] INFO:colcon.colcon_core.shell:Creating environment hook '/home/firefox/Ros_ws-BWSI/install/fizzbuzz_interfaces/share/fizzbuzz_interfaces/hook/pythonpath.ps1'
[12.308s] INFO:colcon.colcon_core.shell:Creating environment descriptor '/home/firefox/Ros_ws-BWSI/install/fizzbuzz_interfaces/share/fizzbuzz_interfaces/hook/pythonpath.dsv'
[12.308s] INFO:colcon.colcon_core.shell:Creating environment hook '/home/firefox/Ros_ws-BWSI/install/fizzbuzz_interfaces/share/fizzbuzz_interfaces/hook/pythonpath.sh'
[12.309s] Level 1:colcon.colcon_core.environment:checking '/home/firefox/Ros_ws-BWSI/install/fizzbuzz_interfaces/bin'
[12.309s] INFO:colcon.colcon_core.shell:Creating package script '/home/firefox/Ros_ws-BWSI/install/fizzbuzz_interfaces/share/fizzbuzz_interfaces/package.ps1'
[12.310s] INFO:colcon.colcon_core.shell:Creating package descriptor '/home/firefox/Ros_ws-BWSI/install/fizzbuzz_interfaces/share/fizzbuzz_interfaces/package.dsv'
[12.311s] INFO:colcon.colcon_core.shell:Creating package script '/home/firefox/Ros_ws-BWSI/install/fizzbuzz_interfaces/share/fizzbuzz_interfaces/package.sh'
[12.311s] INFO:colcon.colcon_core.shell:Creating package script '/home/firefox/Ros_ws-BWSI/install/fizzbuzz_interfaces/share/fizzbuzz_interfaces/package.bash'
[12.311s] INFO:colcon.colcon_core.shell:Creating package script '/home/firefox/Ros_ws-BWSI/install/fizzbuzz_interfaces/share/fizzbuzz_interfaces/package.zsh'
[12.312s] Level 1:colcon.colcon_core.environment:create_file_with_runtime_dependencies(/home/firefox/Ros_ws-BWSI/install/fizzbuzz_interfaces/share/colcon-core/packages/fizzbuzz_interfaces)
[12.313s] Level 1:colcon.colcon_core.environment:create_environment_scripts_only(fizzbuzz_interfaces)
[12.313s] Level 1:colcon.colcon_core.environment:checking '/home/firefox/Ros_ws-BWSI/install/fizzbuzz_interfaces' for CMake module files
[12.314s] Level 1:colcon.colcon_core.environment:checking '/home/firefox/Ros_ws-BWSI/install/fizzbuzz_interfaces' for CMake config files
[12.315s] Level 1:colcon.colcon_core.shell:create_environment_hook('fizzbuzz_interfaces', 'cmake_prefix_path')
[12.315s] INFO:colcon.colcon_core.shell:Creating environment hook '/home/firefox/Ros_ws-BWSI/install/fizzbuzz_interfaces/share/fizzbuzz_interfaces/hook/cmake_prefix_path.ps1'
[12.315s] INFO:colcon.colcon_core.shell:Creating environment descriptor '/home/firefox/Ros_ws-BWSI/install/fizzbuzz_interfaces/share/fizzbuzz_interfaces/hook/cmake_prefix_path.dsv'
[12.316s] INFO:colcon.colcon_core.shell:Creating environment hook '/home/firefox/Ros_ws-BWSI/install/fizzbuzz_interfaces/share/fizzbuzz_interfaces/hook/cmake_prefix_path.sh'
[12.317s] Level 1:colcon.colcon_core.environment:checking '/home/firefox/Ros_ws-BWSI/install/fizzbuzz_interfaces/lib'
[12.317s] Level 1:colcon.colcon_core.shell:create_environment_hook('fizzbuzz_interfaces', 'ld_library_path_lib')
[12.318s] INFO:colcon.colcon_core.shell:Creating environment hook '/home/firefox/Ros_ws-BWSI/install/fizzbuzz_interfaces/share/fizzbuzz_interfaces/hook/ld_library_path_lib.ps1'
[12.318s] INFO:colcon.colcon_core.shell:Creating environment descriptor '/home/firefox/Ros_ws-BWSI/install/fizzbuzz_interfaces/share/fizzbuzz_interfaces/hook/ld_library_path_lib.dsv'
[12.319s] INFO:colcon.colcon_core.shell:Creating environment hook '/home/firefox/Ros_ws-BWSI/install/fizzbuzz_interfaces/share/fizzbuzz_interfaces/hook/ld_library_path_lib.sh'
[12.321s] Level 1:colcon.colcon_core.environment:checking '/home/firefox/Ros_ws-BWSI/install/fizzbuzz_interfaces/bin'
[12.321s] Level 1:colcon.colcon_core.environment:checking '/home/firefox/Ros_ws-BWSI/install/fizzbuzz_interfaces/lib/pkgconfig/fizzbuzz_interfaces.pc'
[12.322s] Level 1:colcon.colcon_core.environment:checking '/home/firefox/Ros_ws-BWSI/install/fizzbuzz_interfaces/lib/python3.12/site-packages'
[12.322s] Level 1:colcon.colcon_core.shell:create_environment_hook('fizzbuzz_interfaces', 'pythonpath')
[12.322s] INFO:colcon.colcon_core.shell:Creating environment hook '/home/firefox/Ros_ws-BWSI/install/fizzbuzz_interfaces/share/fizzbuzz_interfaces/hook/pythonpath.ps1'
[12.326s] INFO:colcon.colcon_core.shell:Creating environment descriptor '/home/firefox/Ros_ws-BWSI/install/fizzbuzz_interfaces/share/fizzbuzz_interfaces/hook/pythonpath.dsv'
[12.328s] INFO:colcon.colcon_core.shell:Creating environment hook '/home/firefox/Ros_ws-BWSI/install/fizzbuzz_interfaces/share/fizzbuzz_interfaces/hook/pythonpath.sh'
[12.332s] Level 1:colcon.colcon_core.environment:checking '/home/firefox/Ros_ws-BWSI/install/fizzbuzz_interfaces/bin'
[12.333s] INFO:colcon.colcon_core.shell:Creating package script '/home/firefox/Ros_ws-BWSI/install/fizzbuzz_interfaces/share/fizzbuzz_interfaces/package.ps1'
[12.336s] INFO:colcon.colcon_core.shell:Creating package descriptor '/home/firefox/Ros_ws-BWSI/install/fizzbuzz_interfaces/share/fizzbuzz_interfaces/package.dsv'
[12.341s] INFO:colcon.colcon_core.shell:Creating package script '/home/firefox/Ros_ws-BWSI/install/fizzbuzz_interfaces/share/fizzbuzz_interfaces/package.sh'
[12.343s] INFO:colcon.colcon_core.shell:Creating package script '/home/firefox/Ros_ws-BWSI/install/fizzbuzz_interfaces/share/fizzbuzz_interfaces/package.bash'
[12.344s] INFO:colcon.colcon_core.shell:Creating package script '/home/firefox/Ros_ws-BWSI/install/fizzbuzz_interfaces/share/fizzbuzz_interfaces/package.zsh'
[12.345s] Level 1:colcon.colcon_core.environment:create_file_with_runtime_dependencies(/home/firefox/Ros_ws-BWSI/install/fizzbuzz_interfaces/share/colcon-core/packages/fizzbuzz_interfaces)
[12.346s] INFO:colcon.colcon_ros.task.ament_python.build:Building ROS package in '/home/firefox/Ros_ws-BWSI/src/fizzbuzz' with build type 'ament_python'
[12.347s] Level 1:colcon.colcon_core.shell:create_environment_hook('fizzbuzz', 'ament_prefix_path')
[12.347s] INFO:colcon.colcon_core.shell:Creating environment hook '/home/firefox/Ros_ws-BWSI/install/fizzbuzz/share/fizzbuzz/hook/ament_prefix_path.ps1'
[12.349s] INFO:colcon.colcon_core.shell:Creating environment descriptor '/home/firefox/Ros_ws-BWSI/install/fizzbuzz/share/fizzbuzz/hook/ament_prefix_path.dsv'
[12.351s] INFO:colcon.colcon_core.shell:Creating environment hook '/home/firefox/Ros_ws-BWSI/install/fizzbuzz/share/fizzbuzz/hook/ament_prefix_path.sh'
[12.353s] INFO:colcon.colcon_core.shell:Skip shell extension 'powershell' for command environment: Not usable outside of PowerShell
[12.353s] DEBUG:colcon.colcon_core.shell:Skip shell extension 'dsv' for command environment
[12.701s] INFO:colcon.colcon_core.task.python.build:Building Python package in '/home/firefox/Ros_ws-BWSI/src/fizzbuzz'
[12.701s] INFO:colcon.colcon_core.shell:Skip shell extension 'powershell' for command environment: Not usable outside of PowerShell
[12.701s] DEBUG:colcon.colcon_core.shell:Skip shell extension 'dsv' for command environment
[13.564s] DEBUG:colcon.colcon_core.event_handler.log_command:Invoking command in '/home/firefox/Ros_ws-BWSI/src/fizzbuzz': AMENT_PREFIX_PATH=/home/firefox/Ros_ws-BWSI/install/fizzbuzz_interfaces:${AMENT_PREFIX_PATH} CMAKE_PREFIX_PATH=/home/firefox/Ros_ws-BWSI/install/fizzbuzz_interfaces:${CMAKE_PREFIX_PATH} DEBUGINFOD_URLS=https://debuginfod.ubuntu.com LD_LIBRARY_PATH=/home/firefox/Ros_ws-BWSI/install/fizzbuzz_interfaces/lib:${LD_LIBRARY_PATH} PYTHONPATH=/home/firefox/Ros_ws-BWSI/build/fizzbuzz/prefix_override:/usr/lib/python3/dist-packages/colcon_core/task/python/colcon_distutils_commands:/home/firefox/Ros_ws-BWSI/install/fizzbuzz/lib/python3.12/site-packages:/home/firefox/Ros_ws-BWSI/install/fizzbuzz_interfaces/lib/python3.12/site-packages:${PYTHONPATH} /usr/bin/python3 -W ignore:setup.py install is deprecated -W ignore:easy_install command is deprecated setup.py egg_info --egg-base ../../build/fizzbuzz build --build-base /home/firefox/Ros_ws-BWSI/build/fizzbuzz/build install --record /home/firefox/Ros_ws-BWSI/build/fizzbuzz/install.log --single-version-externally-managed install_data
[14.333s] Level 1:colcon.colcon_core.environment:checking '/home/firefox/Ros_ws-BWSI/install/fizzbuzz' for CMake module files
[14.334s] DEBUG:colcon.colcon_core.event_handler.log_command:Invoked command in '/home/firefox/Ros_ws-BWSI/src/fizzbuzz' returned '0': AMENT_PREFIX_PATH=/home/firefox/Ros_ws-BWSI/install/fizzbuzz_interfaces:${AMENT_PREFIX_PATH} CMAKE_PREFIX_PATH=/home/firefox/Ros_ws-BWSI/install/fizzbuzz_interfaces:${CMAKE_PREFIX_PATH} DEBUGINFOD_URLS=https://debuginfod.ubuntu.com LD_LIBRARY_PATH=/home/firefox/Ros_ws-BWSI/install/fizzbuzz_interfaces/lib:${LD_LIBRARY_PATH} PYTHONPATH=/home/firefox/Ros_ws-BWSI/build/fizzbuzz/prefix_override:/usr/lib/python3/dist-packages/colcon_core/task/python/colcon_distutils_commands:/home/firefox/Ros_ws-BWSI/install/fizzbuzz/lib/python3.12/site-packages:/home/firefox/Ros_ws-BWSI/install/fizzbuzz_interfaces/lib/python3.12/site-packages:${PYTHONPATH} /usr/bin/python3 -W ignore:setup.py install is deprecated -W ignore:easy_install command is deprecated setup.py egg_info --egg-base ../../build/fizzbuzz build --build-base /home/firefox/Ros_ws-BWSI/build/fizzbuzz/build install --record /home/firefox/Ros_ws-BWSI/build/fizzbuzz/install.log --single-version-externally-managed install_data
[14.334s] Level 1:colcon.colcon_core.environment:checking '/home/firefox/Ros_ws-BWSI/install/fizzbuzz' for CMake config files
[14.335s] Level 1:colcon.colcon_core.environment:checking '/home/firefox/Ros_ws-BWSI/install/fizzbuzz/lib'
[14.335s] Level 1:colcon.colcon_core.environment:checking '/home/firefox/Ros_ws-BWSI/install/fizzbuzz/bin'
[14.335s] Level 1:colcon.colcon_core.environment:checking '/home/firefox/Ros_ws-BWSI/install/fizzbuzz/lib/pkgconfig/fizzbuzz.pc'
[14.336s] Level 1:colcon.colcon_core.environment:checking '/home/firefox/Ros_ws-BWSI/install/fizzbuzz/lib/python3.12/site-packages'
[14.336s] Level 1:colcon.colcon_core.shell:create_environment_hook('fizzbuzz', 'pythonpath')
[14.336s] INFO:colcon.colcon_core.shell:Creating environment hook '/home/firefox/Ros_ws-BWSI/install/fizzbuzz/share/fizzbuzz/hook/pythonpath.ps1'
[14.336s] INFO:colcon.colcon_core.shell:Creating environment descriptor '/home/firefox/Ros_ws-BWSI/install/fizzbuzz/share/fizzbuzz/hook/pythonpath.dsv'
[14.337s] INFO:colcon.colcon_core.shell:Creating environment hook '/home/firefox/Ros_ws-BWSI/install/fizzbuzz/share/fizzbuzz/hook/pythonpath.sh'
[14.337s] Level 1:colcon.colcon_core.environment:checking '/home/firefox/Ros_ws-BWSI/install/fizzbuzz/bin'
[14.338s] Level 1:colcon.colcon_core.environment:create_environment_scripts_only(fizzbuzz)
[14.338s] INFO:colcon.colcon_core.shell:Creating package script '/home/firefox/Ros_ws-BWSI/install/fizzbuzz/share/fizzbuzz/package.ps1'
[14.338s] INFO:colcon.colcon_core.shell:Creating package descriptor '/home/firefox/Ros_ws-BWSI/install/fizzbuzz/share/fizzbuzz/package.dsv'
[14.339s] INFO:colcon.colcon_core.shell:Creating package script '/home/firefox/Ros_ws-BWSI/install/fizzbuzz/share/fizzbuzz/package.sh'
[14.339s] INFO:colcon.colcon_core.shell:Creating package script '/home/firefox/Ros_ws-BWSI/install/fizzbuzz/share/fizzbuzz/package.bash'
[14.340s] INFO:colcon.colcon_core.shell:Creating package script '/home/firefox/Ros_ws-BWSI/install/fizzbuzz/share/fizzbuzz/package.zsh'
[14.340s] Level 1:colcon.colcon_core.environment:create_file_with_runtime_dependencies(/home/firefox/Ros_ws-BWSI/install/fizzbuzz/share/colcon-core/packages/fizzbuzz)
[14.341s] DEBUG:colcon.colcon_parallel_executor.executor.parallel:closing loop
[14.341s] DEBUG:colcon.colcon_parallel_executor.executor.parallel:loop closed
[14.341s] DEBUG:colcon.colcon_parallel_executor.executor.parallel:run_until_complete finished with '0'
[14.341s] DEBUG:colcon.colcon_core.event_reactor:joining thread
[14.360s] INFO:colcon.colcon_core.plugin_system:Skipping extension 'colcon_notification.desktop_notification.terminal_notifier': Not used on non-Darwin systems
[14.360s] INFO:colcon.colcon_core.plugin_system:Skipping extension 'colcon_notification.desktop_notification.win32': Not used on non-Windows systems
[14.360s] INFO:colcon.colcon_notification.desktop_notification:Sending desktop notification using 'notify2'
[14.388s] DEBUG:colcon.colcon_core.event_reactor:joined thread
[14.389s] INFO:colcon.colcon_core.shell:Creating prefix script '/home/firefox/Ros_ws-BWSI/install/local_setup.ps1'
[14.390s] INFO:colcon.colcon_core.shell:Creating prefix util module '/home/firefox/Ros_ws-BWSI/install/_local_setup_util_ps1.py'
[14.392s] INFO:colcon.colcon_core.shell:Creating prefix chain script '/home/firefox/Ros_ws-BWSI/install/setup.ps1'
[14.393s] INFO:colcon.colcon_core.shell:Creating prefix script '/home/firefox/Ros_ws-BWSI/install/local_setup.sh'
[14.394s] INFO:colcon.colcon_core.shell:Creating prefix util module '/home/firefox/Ros_ws-BWSI/install/_local_setup_util_sh.py'
[14.395s] INFO:colcon.colcon_core.shell:Creating prefix chain script '/home/firefox/Ros_ws-BWSI/install/setup.sh'
[14.396s] INFO:colcon.colcon_core.shell:Creating prefix script '/home/firefox/Ros_ws-BWSI/install/local_setup.bash'
[14.397s] INFO:colcon.colcon_core.shell:Creating prefix chain script '/home/firefox/Ros_ws-BWSI/install/setup.bash'
[14.398s] INFO:colcon.colcon_core.shell:Creating prefix script '/home/firefox/Ros_ws-BWSI/install/local_setup.zsh'
[14.399s] INFO:colcon.colcon_core.shell:Creating prefix chain script '/home/firefox/Ros_ws-BWSI/install/setup.zsh'
