[0.019s] Invoking command in '/home/pranav/ros2_ws/build/fizzbuzz_interfaces': CMAKE_PREFIX_PATH=${CMAKE_PREFIX_PATH}:/opt/ros/jazzy DEBUGINFOD_URLS=https://debuginfod.ubuntu.com PS1=(ros2_py312_env) \[\e]0;\u@\h: \w\a\]${debian_chroot:+($debian_chroot)}\[\033[01;32m\]\u@\h\[\033[00m\]:\[\033[01;34m\]\w\[\033[00m\]\$ VIRTUAL_ENV_PROMPT=(ros2_py312_env) /usr/bin/cmake --build /home/pranav/ros2_ws/build/fizzbuzz_interfaces -- -j4 -l4
[0.181s] [  2%] Built target fizzbuzz_interfaces__rosidl_generator_type_description
[0.182s] [  2%] Built target ament_cmake_python_symlink_fizzbuzz_interfaces
[0.182s] [  5%] Built target fizzbuzz_interfaces__cpp
[0.182s] [ 20%] Built target fizzbuzz_interfaces__rosidl_generator_c
[0.182s] [ 29%] Built target fizzbuzz_interfaces__rosidl_typesupport_introspection_c
[0.182s] [ 38%] Built target fizzbuzz_interfaces__rosidl_typesupport_fastrtps_cpp
[0.182s] [ 47%] Built target fizzbuzz_interfaces__rosidl_typesupport_c
[0.182s] [ 55%] Built target fizzbuzz_interfaces__rosidl_typesupport_introspection_cpp
[0.182s] [ 64%] Built target fizzbuzz_interfaces__rosidl_typesupport_fastrtps_c
[0.183s] [ 73%] Built target fizzbuzz_interfaces__rosidl_typesupport_cpp
[0.183s] [ 73%] Built target fizzbuzz_interfaces
[0.183s] [ 76%] Built target fizzbuzz_interfaces__py
[0.183s] [ 82%] Built target fizzbuzz_interfaces__rosidl_generator_py
[0.183s] [ 88%] Built target fizzbuzz_interfaces_s__rosidl_typesupport_fastrtps_c
[0.183s] [ 94%] Built target fizzbuzz_interfaces_s__rosidl_typesupport_c
[0.183s] [100%] Built target fizzbuzz_interfaces_s__rosidl_typesupport_introspection_c
[0.208s] running egg_info
[0.213s] writing fizzbuzz_interfaces.egg-info/PKG-INFO
[0.213s] writing dependency_links to fizzbuzz_interfaces.egg-info/dependency_links.txt
[0.213s] writing top-level names to fizzbuzz_interfaces.egg-info/top_level.txt
[0.227s] reading manifest file 'fizzbuzz_interfaces.egg-info/SOURCES.txt'
[0.228s] writing manifest file 'fizzbuzz_interfaces.egg-info/SOURCES.txt'
[0.247s] [100%] Built target ament_cmake_python_build_fizzbuzz_interfaces_egg
[0.413s] Invoked command in '/home/pranav/ros2_ws/build/fizzbuzz_interfaces' returned '0': CMAKE_PREFIX_PATH=${CMAKE_PREFIX_PATH}:/opt/ros/jazzy DEBUGINFOD_URLS=https://debuginfod.ubuntu.com PS1=(ros2_py312_env) \[\e]0;\u@\h: \w\a\]${debian_chroot:+($debian_chroot)}\[\033[01;32m\]\u@\h\[\033[00m\]:\[\033[01;34m\]\w\[\033[00m\]\$ VIRTUAL_ENV_PROMPT=(ros2_py312_env) /usr/bin/cmake --build /home/pranav/ros2_ws/build/fizzbuzz_interfaces -- -j4 -l4
[0.419s] Invoking command in '/home/pranav/ros2_ws/build/fizzbuzz_interfaces': CMAKE_PREFIX_PATH=${CMAKE_PREFIX_PATH}:/opt/ros/jazzy DEBUGINFOD_URLS=https://debuginfod.ubuntu.com PS1=(ros2_py312_env) \[\e]0;\u@\h: \w\a\]${debian_chroot:+($debian_chroot)}\[\033[01;32m\]\u@\h\[\033[00m\]:\[\033[01;34m\]\w\[\033[00m\]\$ VIRTUAL_ENV_PROMPT=(ros2_py312_env) /usr/bin/cmake --install /home/pranav/ros2_ws/build/fizzbuzz_interfaces
[0.424s] -- Install configuration: ""
[0.424s] -- Execute custom install script
[0.424s] -- Up-to-date symlink: /home/pranav/ros2_ws/install/fizzbuzz_interfaces/share/ament_index/resource_index/rosidl_interfaces/fizzbuzz_interfaces
[0.425s] -- Up-to-date symlink: /home/pranav/ros2_ws/install/fizzbuzz_interfaces/share/fizzbuzz_interfaces/msg/FizzBuzz.json
[0.425s] -- Up-to-date symlink: /home/pranav/ros2_ws/install/fizzbuzz_interfaces/include/fizzbuzz_interfaces/fizzbuzz_interfaces/msg/detail/fizz_buzz__functions.h
[0.425s] -- Up-to-date symlink: /home/pranav/ros2_ws/install/fizzbuzz_interfaces/include/fizzbuzz_interfaces/fizzbuzz_interfaces/msg/detail/fizz_buzz__struct.h
[0.425s] -- Up-to-date symlink: /home/pranav/ros2_ws/install/fizzbuzz_interfaces/include/fizzbuzz_interfaces/fizzbuzz_interfaces/msg/detail/fizz_buzz__type_support.h
[0.426s] -- Up-to-date symlink: /home/pranav/ros2_ws/install/fizzbuzz_interfaces/include/fizzbuzz_interfaces/fizzbuzz_interfaces/msg/fizz_buzz.h
[0.426s] -- Up-to-date symlink: /home/pranav/ros2_ws/install/fizzbuzz_interfaces/include/fizzbuzz_interfaces/fizzbuzz_interfaces/msg/rosidl_generator_c__visibility_control.h
[0.426s] -- Up-to-date symlink: /home/pranav/ros2_ws/install/fizzbuzz_interfaces/share/fizzbuzz_interfaces/environment/library_path.sh
[0.426s] -- Up-to-date symlink: /home/pranav/ros2_ws/install/fizzbuzz_interfaces/share/fizzbuzz_interfaces/environment/library_path.dsv
[0.429s] -- Up-to-date symlink: /home/pranav/ros2_ws/install/fizzbuzz_interfaces/include/fizzbuzz_interfaces/fizzbuzz_interfaces/msg/detail/fizz_buzz__rosidl_typesupport_fastrtps_c.h
[0.430s] -- Up-to-date symlink: /home/pranav/ros2_ws/install/fizzbuzz_interfaces/include/fizzbuzz_interfaces/fizzbuzz_interfaces/msg/rosidl_typesupport_fastrtps_c__visibility_control.h
[0.430s] -- Up-to-date symlink: /home/pranav/ros2_ws/install/fizzbuzz_interfaces/include/fizzbuzz_interfaces/fizzbuzz_interfaces/msg/detail/fizz_buzz__builder.hpp
[0.430s] -- Up-to-date symlink: /home/pranav/ros2_ws/install/fizzbuzz_interfaces/include/fizzbuzz_interfaces/fizzbuzz_interfaces/msg/detail/fizz_buzz__struct.hpp
[0.430s] -- Up-to-date symlink: /home/pranav/ros2_ws/install/fizzbuzz_interfaces/include/fizzbuzz_interfaces/fizzbuzz_interfaces/msg/detail/fizz_buzz__traits.hpp
[0.433s] -- Up-to-date symlink: /home/pranav/ros2_ws/install/fizzbuzz_interfaces/include/fizzbuzz_interfaces/fizzbuzz_interfaces/msg/detail/fizz_buzz__type_support.hpp
[0.434s] -- Up-to-date symlink: /home/pranav/ros2_ws/install/fizzbuzz_interfaces/include/fizzbuzz_interfaces/fizzbuzz_interfaces/msg/fizz_buzz.hpp
[0.434s] -- Up-to-date symlink: /home/pranav/ros2_ws/install/fizzbuzz_interfaces/include/fizzbuzz_interfaces/fizzbuzz_interfaces/msg/rosidl_generator_cpp__visibility_control.hpp
[0.434s] -- Up-to-date symlink: /home/pranav/ros2_ws/install/fizzbuzz_interfaces/include/fizzbuzz_interfaces/fizzbuzz_interfaces/msg/detail/fizz_buzz__rosidl_typesupport_fastrtps_cpp.hpp
[0.434s] -- Up-to-date symlink: /home/pranav/ros2_ws/install/fizzbuzz_interfaces/include/fizzbuzz_interfaces/fizzbuzz_interfaces/msg/rosidl_typesupport_fastrtps_cpp__visibility_control.h
[0.434s] -- Up-to-date symlink: /home/pranav/ros2_ws/install/fizzbuzz_interfaces/include/fizzbuzz_interfaces/fizzbuzz_interfaces/msg/detail/fizz_buzz__rosidl_typesupport_introspection_c.h
[0.434s] -- Up-to-date symlink: /home/pranav/ros2_ws/install/fizzbuzz_interfaces/include/fizzbuzz_interfaces/fizzbuzz_interfaces/msg/rosidl_typesupport_introspection_c__visibility_control.h
[0.434s] -- Up-to-date symlink: /home/pranav/ros2_ws/install/fizzbuzz_interfaces/include/fizzbuzz_interfaces/fizzbuzz_interfaces/msg/detail/fizz_buzz__rosidl_typesupport_introspection_cpp.hpp
[0.434s] -- Up-to-date symlink: /home/pranav/ros2_ws/install/fizzbuzz_interfaces/share/fizzbuzz_interfaces/environment/pythonpath.sh
[0.434s] -- Up-to-date symlink: /home/pranav/ros2_ws/install/fizzbuzz_interfaces/share/fizzbuzz_interfaces/environment/pythonpath.dsv
[0.434s] -- Up-to-date symlink: /home/pranav/ros2_ws/install/fizzbuzz_interfaces/lib/python3.12/site-packages/fizzbuzz_interfaces-0.0.0-py3.12.egg-info/PKG-INFO
[0.434s] -- Up-to-date symlink: /home/pranav/ros2_ws/install/fizzbuzz_interfaces/lib/python3.12/site-packages/fizzbuzz_interfaces-0.0.0-py3.12.egg-info/SOURCES.txt
[0.434s] -- Up-to-date symlink: /home/pranav/ros2_ws/install/fizzbuzz_interfaces/lib/python3.12/site-packages/fizzbuzz_interfaces-0.0.0-py3.12.egg-info/dependency_links.txt
[0.434s] -- Up-to-date symlink: /home/pranav/ros2_ws/install/fizzbuzz_interfaces/lib/python3.12/site-packages/fizzbuzz_interfaces-0.0.0-py3.12.egg-info/top_level.txt
[0.434s] -- Up-to-date symlink: /home/pranav/ros2_ws/install/fizzbuzz_interfaces/lib/python3.12/site-packages/fizzbuzz_interfaces/__init__.py
[0.434s] -- Up-to-date symlink: /home/pranav/ros2_ws/install/fizzbuzz_interfaces/lib/python3.12/site-packages/fizzbuzz_interfaces/_fizzbuzz_interfaces_s.ep.rosidl_typesupport_c.c
[0.434s] -- Up-to-date symlink: /home/pranav/ros2_ws/install/fizzbuzz_interfaces/lib/python3.12/site-packages/fizzbuzz_interfaces/_fizzbuzz_interfaces_s.ep.rosidl_typesupport_fastrtps_c.c
[0.434s] -- Up-to-date symlink: /home/pranav/ros2_ws/install/fizzbuzz_interfaces/lib/python3.12/site-packages/fizzbuzz_interfaces/_fizzbuzz_interfaces_s.ep.rosidl_typesupport_introspection_c.c
[0.435s] -- Up-to-date symlink: /home/pranav/ros2_ws/install/fizzbuzz_interfaces/lib/python3.12/site-packages/fizzbuzz_interfaces/fizzbuzz_interfaces_s__rosidl_typesupport_c.so
[0.435s] -- Up-to-date symlink: /home/pranav/ros2_ws/install/fizzbuzz_interfaces/lib/python3.12/site-packages/fizzbuzz_interfaces/fizzbuzz_interfaces_s__rosidl_typesupport_fastrtps_c.so
[0.435s] -- Up-to-date symlink: /home/pranav/ros2_ws/install/fizzbuzz_interfaces/lib/python3.12/site-packages/fizzbuzz_interfaces/fizzbuzz_interfaces_s__rosidl_typesupport_introspection_c.so
[0.435s] -- Up-to-date symlink: /home/pranav/ros2_ws/install/fizzbuzz_interfaces/lib/python3.12/site-packages/fizzbuzz_interfaces/msg/__init__.py
[0.436s] -- Up-to-date symlink: /home/pranav/ros2_ws/install/fizzbuzz_interfaces/lib/python3.12/site-packages/fizzbuzz_interfaces/msg/_fizz_buzz.py
[0.436s] -- Up-to-date symlink: /home/pranav/ros2_ws/install/fizzbuzz_interfaces/lib/python3.12/site-packages/fizzbuzz_interfaces/msg/_fizz_buzz_s.c
[0.438s] -- Up-to-date symlink: /home/pranav/ros2_ws/install/fizzbuzz_interfaces/lib/python3.12/site-packages/fizzbuzz_interfaces/fizzbuzz_interfaces_s__rosidl_typesupport_fastrtps_c.so
[0.438s] -- Up-to-date symlink: /home/pranav/ros2_ws/install/fizzbuzz_interfaces/lib/python3.12/site-packages/fizzbuzz_interfaces/fizzbuzz_interfaces_s__rosidl_typesupport_introspection_c.so
[0.438s] -- Up-to-date symlink: /home/pranav/ros2_ws/install/fizzbuzz_interfaces/lib/python3.12/site-packages/fizzbuzz_interfaces/fizzbuzz_interfaces_s__rosidl_typesupport_c.so
[0.438s] -- Up-to-date symlink: /home/pranav/ros2_ws/install/fizzbuzz_interfaces/share/fizzbuzz_interfaces/msg/FizzBuzz.idl
[0.438s] -- Up-to-date symlink: /home/pranav/ros2_ws/install/fizzbuzz_interfaces/share/fizzbuzz_interfaces/msg/FizzBuzz.msg
[0.438s] -- Up-to-date symlink: /home/pranav/ros2_ws/install/fizzbuzz_interfaces/share/ament_index/resource_index/package_run_dependencies/fizzbuzz_interfaces
[0.438s] -- Up-to-date symlink: /home/pranav/ros2_ws/install/fizzbuzz_interfaces/share/ament_index/resource_index/parent_prefix_path/fizzbuzz_interfaces
[0.443s] -- Up-to-date symlink: /home/pranav/ros2_ws/install/fizzbuzz_interfaces/share/fizzbuzz_interfaces/environment/ament_prefix_path.sh
[0.443s] -- Up-to-date symlink: /home/pranav/ros2_ws/install/fizzbuzz_interfaces/share/fizzbuzz_interfaces/environment/ament_prefix_path.dsv
[0.443s] -- Up-to-date symlink: /home/pranav/ros2_ws/install/fizzbuzz_interfaces/share/fizzbuzz_interfaces/environment/path.sh
[0.444s] -- Up-to-date symlink: /home/pranav/ros2_ws/install/fizzbuzz_interfaces/share/fizzbuzz_interfaces/environment/path.dsv
[0.444s] -- Up-to-date symlink: /home/pranav/ros2_ws/install/fizzbuzz_interfaces/share/fizzbuzz_interfaces/local_setup.bash
[0.444s] -- Up-to-date symlink: /home/pranav/ros2_ws/install/fizzbuzz_interfaces/share/fizzbuzz_interfaces/local_setup.sh
[0.444s] -- Up-to-date symlink: /home/pranav/ros2_ws/install/fizzbuzz_interfaces/share/fizzbuzz_interfaces/local_setup.zsh
[0.444s] -- Up-to-date symlink: /home/pranav/ros2_ws/install/fizzbuzz_interfaces/share/fizzbuzz_interfaces/local_setup.dsv
[0.444s] -- Symlinking: /home/pranav/ros2_ws/install/fizzbuzz_interfaces/share/fizzbuzz_interfaces/package.dsv
[0.452s] -- Up-to-date symlink: /home/pranav/ros2_ws/install/fizzbuzz_interfaces/share/ament_index/resource_index/packages/fizzbuzz_interfaces
[0.453s] -- Up-to-date symlink: /home/pranav/ros2_ws/install/fizzbuzz_interfaces/share/fizzbuzz_interfaces/cmake/rosidl_cmake-extras.cmake
[0.453s] -- Up-to-date symlink: /home/pranav/ros2_ws/install/fizzbuzz_interfaces/share/fizzbuzz_interfaces/cmake/ament_cmake_export_dependencies-extras.cmake
[0.453s] -- Up-to-date symlink: /home/pranav/ros2_ws/install/fizzbuzz_interfaces/share/fizzbuzz_interfaces/cmake/ament_cmake_export_include_directories-extras.cmake
[0.453s] -- Up-to-date symlink: /home/pranav/ros2_ws/install/fizzbuzz_interfaces/share/fizzbuzz_interfaces/cmake/ament_cmake_export_libraries-extras.cmake
[0.453s] -- Up-to-date symlink: /home/pranav/ros2_ws/install/fizzbuzz_interfaces/share/fizzbuzz_interfaces/cmake/ament_cmake_export_targets-extras.cmake
[0.454s] -- Up-to-date symlink: /home/pranav/ros2_ws/install/fizzbuzz_interfaces/share/fizzbuzz_interfaces/cmake/rosidl_cmake_export_typesupport_targets-extras.cmake
[0.454s] -- Up-to-date symlink: /home/pranav/ros2_ws/install/fizzbuzz_interfaces/share/fizzbuzz_interfaces/cmake/rosidl_cmake_export_typesupport_libraries-extras.cmake
[0.454s] -- Up-to-date symlink: /home/pranav/ros2_ws/install/fizzbuzz_interfaces/share/fizzbuzz_interfaces/cmake/fizzbuzz_interfacesConfig.cmake
[0.454s] -- Up-to-date symlink: /home/pranav/ros2_ws/install/fizzbuzz_interfaces/share/fizzbuzz_interfaces/cmake/fizzbuzz_interfacesConfig-version.cmake
[0.454s] -- Up-to-date symlink: /home/pranav/ros2_ws/install/fizzbuzz_interfaces/share/fizzbuzz_interfaces/package.xml
[0.454s] -- Up-to-date: /home/pranav/ros2_ws/install/fizzbuzz_interfaces/lib/libfizzbuzz_interfaces__rosidl_generator_c.so
[0.454s] -- Up-to-date: /home/pranav/ros2_ws/install/fizzbuzz_interfaces/lib/libfizzbuzz_interfaces__rosidl_typesupport_fastrtps_c.so
[0.454s] -- Up-to-date: /home/pranav/ros2_ws/install/fizzbuzz_interfaces/lib/libfizzbuzz_interfaces__rosidl_typesupport_fastrtps_cpp.so
[0.454s] -- Up-to-date: /home/pranav/ros2_ws/install/fizzbuzz_interfaces/lib/libfizzbuzz_interfaces__rosidl_typesupport_introspection_c.so
[0.454s] -- Up-to-date: /home/pranav/ros2_ws/install/fizzbuzz_interfaces/lib/libfizzbuzz_interfaces__rosidl_typesupport_c.so
[0.459s] -- Up-to-date: /home/pranav/ros2_ws/install/fizzbuzz_interfaces/lib/libfizzbuzz_interfaces__rosidl_typesupport_introspection_cpp.so
[0.459s] -- Up-to-date: /home/pranav/ros2_ws/install/fizzbuzz_interfaces/lib/libfizzbuzz_interfaces__rosidl_typesupport_cpp.so
[0.479s] Listing '/home/pranav/ros2_ws/install/fizzbuzz_interfaces/lib/python3.12/site-packages/fizzbuzz_interfaces'...
[0.479s] Listing '/home/pranav/ros2_ws/install/fizzbuzz_interfaces/lib/python3.12/site-packages/fizzbuzz_interfaces/msg'...
[0.483s] -- Up-to-date: /home/pranav/ros2_ws/install/fizzbuzz_interfaces/lib/libfizzbuzz_interfaces__rosidl_generator_py.so
[0.484s] -- Up-to-date: /home/pranav/ros2_ws/install/fizzbuzz_interfaces/share/fizzbuzz_interfaces/cmake/export_fizzbuzz_interfaces__rosidl_generator_cExport.cmake
[0.484s] -- Up-to-date: /home/pranav/ros2_ws/install/fizzbuzz_interfaces/share/fizzbuzz_interfaces/cmake/export_fizzbuzz_interfaces__rosidl_generator_cExport-noconfig.cmake
[0.484s] -- Up-to-date: /home/pranav/ros2_ws/install/fizzbuzz_interfaces/share/fizzbuzz_interfaces/cmake/export_fizzbuzz_interfaces__rosidl_typesupport_fastrtps_cExport.cmake
[0.485s] -- Up-to-date: /home/pranav/ros2_ws/install/fizzbuzz_interfaces/share/fizzbuzz_interfaces/cmake/export_fizzbuzz_interfaces__rosidl_typesupport_fastrtps_cExport-noconfig.cmake
[0.485s] -- Up-to-date: /home/pranav/ros2_ws/install/fizzbuzz_interfaces/share/fizzbuzz_interfaces/cmake/export_fizzbuzz_interfaces__rosidl_generator_cppExport.cmake
[0.486s] -- Up-to-date: /home/pranav/ros2_ws/install/fizzbuzz_interfaces/share/fizzbuzz_interfaces/cmake/export_fizzbuzz_interfaces__rosidl_typesupport_fastrtps_cppExport.cmake
[0.486s] -- Up-to-date: /home/pranav/ros2_ws/install/fizzbuzz_interfaces/share/fizzbuzz_interfaces/cmake/export_fizzbuzz_interfaces__rosidl_typesupport_fastrtps_cppExport-noconfig.cmake
[0.486s] -- Up-to-date: /home/pranav/ros2_ws/install/fizzbuzz_interfaces/share/fizzbuzz_interfaces/cmake/fizzbuzz_interfaces__rosidl_typesupport_introspection_cExport.cmake
[0.487s] -- Up-to-date: /home/pranav/ros2_ws/install/fizzbuzz_interfaces/share/fizzbuzz_interfaces/cmake/fizzbuzz_interfaces__rosidl_typesupport_introspection_cExport-noconfig.cmake
[0.487s] -- Up-to-date: /home/pranav/ros2_ws/install/fizzbuzz_interfaces/share/fizzbuzz_interfaces/cmake/fizzbuzz_interfaces__rosidl_typesupport_cExport.cmake
[0.487s] -- Up-to-date: /home/pranav/ros2_ws/install/fizzbuzz_interfaces/share/fizzbuzz_interfaces/cmake/fizzbuzz_interfaces__rosidl_typesupport_cExport-noconfig.cmake
[0.488s] -- Up-to-date: /home/pranav/ros2_ws/install/fizzbuzz_interfaces/share/fizzbuzz_interfaces/cmake/fizzbuzz_interfaces__rosidl_typesupport_introspection_cppExport.cmake
[0.489s] -- Up-to-date: /home/pranav/ros2_ws/install/fizzbuzz_interfaces/share/fizzbuzz_interfaces/cmake/fizzbuzz_interfaces__rosidl_typesupport_introspection_cppExport-noconfig.cmake
[0.489s] -- Up-to-date: /home/pranav/ros2_ws/install/fizzbuzz_interfaces/share/fizzbuzz_interfaces/cmake/fizzbuzz_interfaces__rosidl_typesupport_cppExport.cmake
[0.489s] -- Up-to-date: /home/pranav/ros2_ws/install/fizzbuzz_interfaces/share/fizzbuzz_interfaces/cmake/fizzbuzz_interfaces__rosidl_typesupport_cppExport-noconfig.cmake
[0.489s] -- Up-to-date: /home/pranav/ros2_ws/install/fizzbuzz_interfaces/share/fizzbuzz_interfaces/cmake/export_fizzbuzz_interfaces__rosidl_generator_pyExport.cmake
[0.489s] -- Up-to-date: /home/pranav/ros2_ws/install/fizzbuzz_interfaces/share/fizzbuzz_interfaces/cmake/export_fizzbuzz_interfaces__rosidl_generator_pyExport-noconfig.cmake
[0.492s] Invoked command in '/home/pranav/ros2_ws/build/fizzbuzz_interfaces' returned '0': CMAKE_PREFIX_PATH=${CMAKE_PREFIX_PATH}:/opt/ros/jazzy DEBUGINFOD_URLS=https://debuginfod.ubuntu.com PS1=(ros2_py312_env) \[\e]0;\u@\h: \w\a\]${debian_chroot:+($debian_chroot)}\[\033[01;32m\]\u@\h\[\033[00m\]:\[\033[01;34m\]\w\[\033[00m\]\$ VIRTUAL_ENV_PROMPT=(ros2_py312_env) /usr/bin/cmake --install /home/pranav/ros2_ws/build/fizzbuzz_interfaces
