[0.811s] Invoking command in '/home/pranav/ros2_ws/src/pet': CONDA_PROMPT_MODIFIER=(base) DEBUGINFOD_URLS=https://debuginfod.ubuntu.com PS1=(base) \[\e]0;\u@\h: \w\a\]${debian_chroot:+($debian_chroot)}\[\033[01;32m\]\u@\h\[\033[00m\]:\[\033[01;34m\]\w\[\033[00m\]\$ PYTHONPATH=/home/pranav/ros2_ws/build/pet/prefix_override:/usr/lib/python3/dist-packages/colcon_core/task/python/colcon_distutils_commands:/home/pranav/ros2_ws/install/pet/lib/python3.12/site-packages:${PYTHONPATH} /usr/bin/python3 -W ignore:setup.py install is deprecated -W ignore:easy_install command is deprecated setup.py egg_info --egg-base ../../build/pet build --build-base /home/pranav/ros2_ws/build/pet/build install --record /home/pranav/ros2_ws/build/pet/install.log --single-version-externally-managed install_data
[0.952s] running egg_info
[0.961s] writing ../../build/pet/pet.egg-info/PKG-INFO
[0.961s] writing dependency_links to ../../build/pet/pet.egg-info/dependency_links.txt
[0.962s] writing entry points to ../../build/pet/pet.egg-info/entry_points.txt
[0.962s] writing requirements to ../../build/pet/pet.egg-info/requires.txt
[0.962s] writing top-level names to ../../build/pet/pet.egg-info/top_level.txt
[0.987s] reading manifest file '../../build/pet/pet.egg-info/SOURCES.txt'
[0.988s] writing manifest file '../../build/pet/pet.egg-info/SOURCES.txt'
[0.988s] running build
[0.988s] running build_py
[0.995s] running install
[0.995s] running install_lib
[1.004s] running install_data
[1.005s] running install_egg_info
[1.017s] removing '/home/pranav/ros2_ws/install/pet/lib/python3.12/site-packages/pet-0.0.0-py3.12.egg-info' (and everything under it)
[1.017s] Copying ../../build/pet/pet.egg-info to /home/pranav/ros2_ws/install/pet/lib/python3.12/site-packages/pet-0.0.0-py3.12.egg-info
[1.019s] running install_scripts
[1.101s] Installing pose_subscriber script to /home/pranav/ros2_ws/install/pet/lib/pet
[1.102s] Installing turtle_controller script to /home/pranav/ros2_ws/install/pet/lib/pet
[1.102s] writing list of installed files to '/home/pranav/ros2_ws/build/pet/install.log'
[1.125s] Invoked command in '/home/pranav/ros2_ws/src/pet' returned '0': CONDA_PROMPT_MODIFIER=(base) DEBUGINFOD_URLS=https://debuginfod.ubuntu.com PS1=(base) \[\e]0;\u@\h: \w\a\]${debian_chroot:+($debian_chroot)}\[\033[01;32m\]\u@\h\[\033[00m\]:\[\033[01;34m\]\w\[\033[00m\]\$ PYTHONPATH=/home/pranav/ros2_ws/build/pet/prefix_override:/usr/lib/python3/dist-packages/colcon_core/task/python/colcon_distutils_commands:/home/pranav/ros2_ws/install/pet/lib/python3.12/site-packages:${PYTHONPATH} /usr/bin/python3 -W ignore:setup.py install is deprecated -W ignore:easy_install command is deprecated setup.py egg_info --egg-base ../../build/pet build --build-base /home/pranav/ros2_ws/build/pet/build install --record /home/pranav/ros2_ws/build/pet/install.log --single-version-externally-managed install_data
