[0.081s] DEBUG:colcon:Command line arguments: ['/usr/bin/colcon', 'build']
[0.082s] DEBUG:colcon:Parsed command line arguments: Namespace(log_base=None, log_level=None, verb_name='build', build_base='build', install_base='install', merge_install=False, symlink_install=False, test_result_base=None, continue_on_error=False, executor='parallel', parallel_workers=4, event_handlers=None, ignore_user_meta=False, metas=['./colcon.meta'], base_paths=['.'], packages_ignore=None, packages_ignore_regex=None, paths=None, packages_up_to=None, packages_up_to_regex=None, packages_above=None, packages_above_and_dependencies=None, packages_above_depth=None, packages_select_by_dep=None, packages_skip_by_dep=None, packages_skip_up_to=None, packages_select_build_failed=False, packages_skip_build_finished=False, packages_select_test_failures=False, packages_skip_test_passed=False, packages_select=None, packages_skip=None, packages_select_regex=None, packages_skip_regex=None, packages_start=None, packages_end=None, allow_overriding=[], cmake_args=None, cmake_target=None, cmake_target_skip_unavailable=False, cmake_clean_cache=False, cmake_clean_first=False, cmake_force_configure=False, ament_cmake_args=None, catkin_cmake_args=None, catkin_skip_building_tests=False, mixin_files=None, mixin=None, verb_parser=<colcon_mixin.mixin.mixin_argument.MixinArgumentDecorator object at 0xf10d62b12ea0>, verb_extension=<colcon_core.verb.build.BuildVerb object at 0xf10d62cff170>, main=<bound method BuildVerb.main of <colcon_core.verb.build.BuildVerb object at 0xf10d62cff170>>, mixin_verb=('build',))
[0.112s] Level 1:colcon.colcon_core.package_discovery:discover_packages(colcon_meta) check parameters
[0.112s] Level 1:colcon.colcon_core.package_discovery:discover_packages(recursive) check parameters
[0.112s] Level 1:colcon.colcon_core.package_discovery:discover_packages(ignore) check parameters
[0.112s] Level 1:colcon.colcon_core.package_discovery:discover_packages(path) check parameters
[0.112s] Level 1:colcon.colcon_core.package_discovery:discover_packages(colcon_meta) discover
[0.112s] Level 1:colcon.colcon_core.package_discovery:discover_packages(recursive) discover
[0.112s] INFO:colcon.colcon_core.package_discovery:Crawling recursively for packages in '/home/pranav/ros2_ws'
[0.112s] Level 1:colcon.colcon_core.package_identification:_identify(.) by extensions ['ignore', 'ignore_ament_install']
[0.113s] Level 1:colcon.colcon_core.package_identification:_identify(.) by extension 'ignore'
[0.113s] Level 1:colcon.colcon_core.package_identification:_identify(.) by extension 'ignore_ament_install'
[0.113s] Level 1:colcon.colcon_core.package_identification:_identify(.) by extensions ['colcon_pkg']
[0.113s] Level 1:colcon.colcon_core.package_identification:_identify(.) by extension 'colcon_pkg'
[0.113s] Level 1:colcon.colcon_core.package_identification:_identify(.) by extensions ['colcon_meta']
[0.113s] Level 1:colcon.colcon_core.package_identification:_identify(.) by extension 'colcon_meta'
[0.113s] Level 1:colcon.colcon_core.package_identification:_identify(.) by extensions ['ros']
[0.113s] Level 1:colcon.colcon_core.package_identification:_identify(.) by extension 'ros'
[0.133s] Level 1:colcon.colcon_core.package_identification:_identify(.) by extensions ['cmake', 'python']
[0.133s] Level 1:colcon.colcon_core.package_identification:_identify(.) by extension 'cmake'
[0.133s] Level 1:colcon.colcon_core.package_identification:_identify(.) by extension 'python'
[0.133s] Level 1:colcon.colcon_core.package_identification:_identify(.) by extensions ['python_setup_py']
[0.133s] Level 1:colcon.colcon_core.package_identification:_identify(.) by extension 'python_setup_py'
[0.134s] Level 1:colcon.colcon_core.package_identification:_identify(build) by extensions ['ignore', 'ignore_ament_install']
[0.134s] Level 1:colcon.colcon_core.package_identification:_identify(build) by extension 'ignore'
[0.134s] Level 1:colcon.colcon_core.package_identification:_identify(build) ignored
[0.134s] Level 1:colcon.colcon_core.package_identification:_identify(install) by extensions ['ignore', 'ignore_ament_install']
[0.134s] Level 1:colcon.colcon_core.package_identification:_identify(install) by extension 'ignore'
[0.134s] Level 1:colcon.colcon_core.package_identification:_identify(install) ignored
[0.134s] Level 1:colcon.colcon_core.package_identification:_identify(log) by extensions ['ignore', 'ignore_ament_install']
[0.134s] Level 1:colcon.colcon_core.package_identification:_identify(log) by extension 'ignore'
[0.134s] Level 1:colcon.colcon_core.package_identification:_identify(log) ignored
[0.134s] Level 1:colcon.colcon_core.package_identification:_identify(src) by extensions ['ignore', 'ignore_ament_install']
[0.134s] Level 1:colcon.colcon_core.package_identification:_identify(src) by extension 'ignore'
[0.134s] Level 1:colcon.colcon_core.package_identification:_identify(src) by extension 'ignore_ament_install'
[0.134s] Level 1:colcon.colcon_core.package_identification:_identify(src) by extensions ['colcon_pkg']
[0.135s] Level 1:colcon.colcon_core.package_identification:_identify(src) by extension 'colcon_pkg'
[0.135s] Level 1:colcon.colcon_core.package_identification:_identify(src) by extensions ['colcon_meta']
[0.135s] Level 1:colcon.colcon_core.package_identification:_identify(src) by extension 'colcon_meta'
[0.135s] Level 1:colcon.colcon_core.package_identification:_identify(src) by extensions ['ros']
[0.135s] Level 1:colcon.colcon_core.package_identification:_identify(src) by extension 'ros'
[0.135s] Level 1:colcon.colcon_core.package_identification:_identify(src) by extensions ['cmake', 'python']
[0.135s] Level 1:colcon.colcon_core.package_identification:_identify(src) by extension 'cmake'
[0.135s] Level 1:colcon.colcon_core.package_identification:_identify(src) by extension 'python'
[0.135s] Level 1:colcon.colcon_core.package_identification:_identify(src) by extensions ['python_setup_py']
[0.135s] Level 1:colcon.colcon_core.package_identification:_identify(src) by extension 'python_setup_py'
[0.135s] Level 1:colcon.colcon_core.package_identification:_identify(src/drone) by extensions ['ignore', 'ignore_ament_install']
[0.135s] Level 1:colcon.colcon_core.package_identification:_identify(src/drone) by extension 'ignore'
[0.135s] Level 1:colcon.colcon_core.package_identification:_identify(src/drone) by extension 'ignore_ament_install'
[0.135s] Level 1:colcon.colcon_core.package_identification:_identify(src/drone) by extensions ['colcon_pkg']
[0.135s] Level 1:colcon.colcon_core.package_identification:_identify(src/drone) by extension 'colcon_pkg'
[0.135s] Level 1:colcon.colcon_core.package_identification:_identify(src/drone) by extensions ['colcon_meta']
[0.135s] Level 1:colcon.colcon_core.package_identification:_identify(src/drone) by extension 'colcon_meta'
[0.135s] Level 1:colcon.colcon_core.package_identification:_identify(src/drone) by extensions ['ros']
[0.135s] Level 1:colcon.colcon_core.package_identification:_identify(src/drone) by extension 'ros'
[0.137s] DEBUG:colcon.colcon_core.package_identification:Package 'src/drone' with type 'ros.ament_python' and name 'drone'
[0.137s] Level 1:colcon.colcon_core.package_identification:_identify(src/fizzbuzz) by extensions ['ignore', 'ignore_ament_install']
[0.137s] Level 1:colcon.colcon_core.package_identification:_identify(src/fizzbuzz) by extension 'ignore'
[0.137s] Level 1:colcon.colcon_core.package_identification:_identify(src/fizzbuzz) by extension 'ignore_ament_install'
[0.137s] Level 1:colcon.colcon_core.package_identification:_identify(src/fizzbuzz) by extensions ['colcon_pkg']
[0.137s] Level 1:colcon.colcon_core.package_identification:_identify(src/fizzbuzz) by extension 'colcon_pkg'
[0.137s] Level 1:colcon.colcon_core.package_identification:_identify(src/fizzbuzz) by extensions ['colcon_meta']
[0.137s] Level 1:colcon.colcon_core.package_identification:_identify(src/fizzbuzz) by extension 'colcon_meta'
[0.137s] Level 1:colcon.colcon_core.package_identification:_identify(src/fizzbuzz) by extensions ['ros']
[0.137s] Level 1:colcon.colcon_core.package_identification:_identify(src/fizzbuzz) by extension 'ros'
[0.138s] DEBUG:colcon.colcon_core.package_identification:Package 'src/fizzbuzz' with type 'ros.ament_python' and name 'fizzbuzz'
[0.139s] Level 1:colcon.colcon_core.package_identification:_identify(src/fizzbuzz_interfaces) by extensions ['ignore', 'ignore_ament_install']
[0.139s] Level 1:colcon.colcon_core.package_identification:_identify(src/fizzbuzz_interfaces) by extension 'ignore'
[0.139s] Level 1:colcon.colcon_core.package_identification:_identify(src/fizzbuzz_interfaces) by extension 'ignore_ament_install'
[0.139s] Level 1:colcon.colcon_core.package_identification:_identify(src/fizzbuzz_interfaces) by extensions ['colcon_pkg']
[0.139s] Level 1:colcon.colcon_core.package_identification:_identify(src/fizzbuzz_interfaces) by extension 'colcon_pkg'
[0.139s] Level 1:colcon.colcon_core.package_identification:_identify(src/fizzbuzz_interfaces) by extensions ['colcon_meta']
[0.139s] Level 1:colcon.colcon_core.package_identification:_identify(src/fizzbuzz_interfaces) by extension 'colcon_meta'
[0.139s] Level 1:colcon.colcon_core.package_identification:_identify(src/fizzbuzz_interfaces) by extensions ['ros']
[0.139s] Level 1:colcon.colcon_core.package_identification:_identify(src/fizzbuzz_interfaces) by extension 'ros'
[0.139s] DEBUG:colcon.colcon_core.package_identification:Package 'src/fizzbuzz_interfaces' with type 'ros.ament_cmake' and name 'fizzbuzz_interfaces'
[0.139s] Level 1:colcon.colcon_core.package_identification:_identify(src/pet) by extensions ['ignore', 'ignore_ament_install']
[0.139s] Level 1:colcon.colcon_core.package_identification:_identify(src/pet) by extension 'ignore'
[0.139s] Level 1:colcon.colcon_core.package_identification:_identify(src/pet) by extension 'ignore_ament_install'
[0.140s] Level 1:colcon.colcon_core.package_identification:_identify(src/pet) by extensions ['colcon_pkg']
[0.140s] Level 1:colcon.colcon_core.package_identification:_identify(src/pet) by extension 'colcon_pkg'
[0.140s] Level 1:colcon.colcon_core.package_identification:_identify(src/pet) by extensions ['colcon_meta']
[0.140s] Level 1:colcon.colcon_core.package_identification:_identify(src/pet) by extension 'colcon_meta'
[0.140s] Level 1:colcon.colcon_core.package_identification:_identify(src/pet) by extensions ['ros']
[0.140s] Level 1:colcon.colcon_core.package_identification:_identify(src/pet) by extension 'ros'
[0.140s] DEBUG:colcon.colcon_core.package_identification:Package 'src/pet' with type 'ros.ament_python' and name 'pet'
[0.140s] Level 1:colcon.colcon_core.package_identification:_identify(src/turtle_tag_game) by extensions ['ignore', 'ignore_ament_install']
[0.140s] Level 1:colcon.colcon_core.package_identification:_identify(src/turtle_tag_game) by extension 'ignore'
[0.140s] Level 1:colcon.colcon_core.package_identification:_identify(src/turtle_tag_game) by extension 'ignore_ament_install'
[0.140s] Level 1:colcon.colcon_core.package_identification:_identify(src/turtle_tag_game) by extensions ['colcon_pkg']
[0.140s] Level 1:colcon.colcon_core.package_identification:_identify(src/turtle_tag_game) by extension 'colcon_pkg'
[0.140s] Level 1:colcon.colcon_core.package_identification:_identify(src/turtle_tag_game) by extensions ['colcon_meta']
[0.140s] Level 1:colcon.colcon_core.package_identification:_identify(src/turtle_tag_game) by extension 'colcon_meta'
[0.140s] Level 1:colcon.colcon_core.package_identification:_identify(src/turtle_tag_game) by extensions ['ros']
[0.140s] Level 1:colcon.colcon_core.package_identification:_identify(src/turtle_tag_game) by extension 'ros'
[0.141s] DEBUG:colcon.colcon_core.package_identification:Package 'src/turtle_tag_game' with type 'ros.ament_python' and name 'turtle_tag_game'
[0.141s] Level 1:colcon.colcon_core.package_identification:_identify(src/webcam) by extensions ['ignore', 'ignore_ament_install']
[0.141s] Level 1:colcon.colcon_core.package_identification:_identify(src/webcam) by extension 'ignore'
[0.141s] Level 1:colcon.colcon_core.package_identification:_identify(src/webcam) by extension 'ignore_ament_install'
[0.141s] Level 1:colcon.colcon_core.package_identification:_identify(src/webcam) by extensions ['colcon_pkg']
[0.141s] Level 1:colcon.colcon_core.package_identification:_identify(src/webcam) by extension 'colcon_pkg'
[0.141s] Level 1:colcon.colcon_core.package_identification:_identify(src/webcam) by extensions ['colcon_meta']
[0.141s] Level 1:colcon.colcon_core.package_identification:_identify(src/webcam) by extension 'colcon_meta'
[0.141s] Level 1:colcon.colcon_core.package_identification:_identify(src/webcam) by extensions ['ros']
[0.141s] Level 1:colcon.colcon_core.package_identification:_identify(src/webcam) by extension 'ros'
[0.141s] DEBUG:colcon.colcon_core.package_identification:Package 'src/webcam' with type 'ros.ament_python' and name 'webcam'
[0.141s] Level 1:colcon.colcon_core.package_discovery:discover_packages(recursive) using defaults
[0.141s] Level 1:colcon.colcon_core.package_discovery:discover_packages(ignore) discover
[0.141s] Level 1:colcon.colcon_core.package_discovery:discover_packages(ignore) using defaults
[0.141s] Level 1:colcon.colcon_core.package_discovery:discover_packages(path) discover
[0.141s] Level 1:colcon.colcon_core.package_discovery:discover_packages(path) using defaults
[0.155s] Level 1:colcon.colcon_core.package_discovery:discover_packages(prefix_path) check parameters
[0.155s] Level 1:colcon.colcon_core.package_discovery:discover_packages(prefix_path) discover
[0.157s] DEBUG:colcon.colcon_installed_package_information.package_discovery:Found 302 installed packages in /opt/ros/jazzy
[0.158s] Level 1:colcon.colcon_core.package_discovery:discover_packages(prefix_path) using defaults
[0.187s] Level 5:colcon.colcon_core.verb:set package 'drone' build argument 'cmake_args' from command line to 'None'
[0.187s] Level 5:colcon.colcon_core.verb:set package 'drone' build argument 'cmake_target' from command line to 'None'
[0.187s] Level 5:colcon.colcon_core.verb:set package 'drone' build argument 'cmake_target_skip_unavailable' from command line to 'False'
[0.188s] Level 5:colcon.colcon_core.verb:set package 'drone' build argument 'cmake_clean_cache' from command line to 'False'
[0.188s] Level 5:colcon.colcon_core.verb:set package 'drone' build argument 'cmake_clean_first' from command line to 'False'
[0.188s] Level 5:colcon.colcon_core.verb:set package 'drone' build argument 'cmake_force_configure' from command line to 'False'
[0.188s] Level 5:colcon.colcon_core.verb:set package 'drone' build argument 'ament_cmake_args' from command line to 'None'
[0.188s] Level 5:colcon.colcon_core.verb:set package 'drone' build argument 'catkin_cmake_args' from command line to 'None'
[0.188s] Level 5:colcon.colcon_core.verb:set package 'drone' build argument 'catkin_skip_building_tests' from command line to 'False'
[0.188s] DEBUG:colcon.colcon_core.verb:Building package 'drone' with the following arguments: {'ament_cmake_args': None, 'build_base': '/home/pranav/ros2_ws/build/drone', 'catkin_cmake_args': None, 'catkin_skip_building_tests': False, 'cmake_args': None, 'cmake_clean_cache': False, 'cmake_clean_first': False, 'cmake_force_configure': False, 'cmake_target': None, 'cmake_target_skip_unavailable': False, 'install_base': '/home/pranav/ros2_ws/install/drone', 'merge_install': False, 'path': '/home/pranav/ros2_ws/src/drone', 'symlink_install': False, 'test_result_base': None}
[0.188s] Level 5:colcon.colcon_core.verb:set package 'fizzbuzz_interfaces' build argument 'cmake_args' from command line to 'None'
[0.188s] Level 5:colcon.colcon_core.verb:set package 'fizzbuzz_interfaces' build argument 'cmake_target' from command line to 'None'
[0.188s] Level 5:colcon.colcon_core.verb:set package 'fizzbuzz_interfaces' build argument 'cmake_target_skip_unavailable' from command line to 'False'
[0.188s] Level 5:colcon.colcon_core.verb:set package 'fizzbuzz_interfaces' build argument 'cmake_clean_cache' from command line to 'False'
[0.188s] Level 5:colcon.colcon_core.verb:set package 'fizzbuzz_interfaces' build argument 'cmake_clean_first' from command line to 'False'
[0.188s] Level 5:colcon.colcon_core.verb:set package 'fizzbuzz_interfaces' build argument 'cmake_force_configure' from command line to 'False'
[0.188s] Level 5:colcon.colcon_core.verb:set package 'fizzbuzz_interfaces' build argument 'ament_cmake_args' from command line to 'None'
[0.188s] Level 5:colcon.colcon_core.verb:set package 'fizzbuzz_interfaces' build argument 'catkin_cmake_args' from command line to 'None'
[0.188s] Level 5:colcon.colcon_core.verb:set package 'fizzbuzz_interfaces' build argument 'catkin_skip_building_tests' from command line to 'False'
[0.189s] DEBUG:colcon.colcon_core.verb:Building package 'fizzbuzz_interfaces' with the following arguments: {'ament_cmake_args': None, 'build_base': '/home/pranav/ros2_ws/build/fizzbuzz_interfaces', 'catkin_cmake_args': None, 'catkin_skip_building_tests': False, 'cmake_args': None, 'cmake_clean_cache': False, 'cmake_clean_first': False, 'cmake_force_configure': False, 'cmake_target': None, 'cmake_target_skip_unavailable': False, 'install_base': '/home/pranav/ros2_ws/install/fizzbuzz_interfaces', 'merge_install': False, 'path': '/home/pranav/ros2_ws/src/fizzbuzz_interfaces', 'symlink_install': False, 'test_result_base': None}
[0.189s] Level 5:colcon.colcon_core.verb:set package 'pet' build argument 'cmake_args' from command line to 'None'
[0.189s] Level 5:colcon.colcon_core.verb:set package 'pet' build argument 'cmake_target' from command line to 'None'
[0.189s] Level 5:colcon.colcon_core.verb:set package 'pet' build argument 'cmake_target_skip_unavailable' from command line to 'False'
[0.189s] Level 5:colcon.colcon_core.verb:set package 'pet' build argument 'cmake_clean_cache' from command line to 'False'
[0.189s] Level 5:colcon.colcon_core.verb:set package 'pet' build argument 'cmake_clean_first' from command line to 'False'
[0.189s] Level 5:colcon.colcon_core.verb:set package 'pet' build argument 'cmake_force_configure' from command line to 'False'
[0.189s] Level 5:colcon.colcon_core.verb:set package 'pet' build argument 'ament_cmake_args' from command line to 'None'
[0.189s] Level 5:colcon.colcon_core.verb:set package 'pet' build argument 'catkin_cmake_args' from command line to 'None'
[0.189s] Level 5:colcon.colcon_core.verb:set package 'pet' build argument 'catkin_skip_building_tests' from command line to 'False'
[0.189s] DEBUG:colcon.colcon_core.verb:Building package 'pet' with the following arguments: {'ament_cmake_args': None, 'build_base': '/home/pranav/ros2_ws/build/pet', 'catkin_cmake_args': None, 'catkin_skip_building_tests': False, 'cmake_args': None, 'cmake_clean_cache': False, 'cmake_clean_first': False, 'cmake_force_configure': False, 'cmake_target': None, 'cmake_target_skip_unavailable': False, 'install_base': '/home/pranav/ros2_ws/install/pet', 'merge_install': False, 'path': '/home/pranav/ros2_ws/src/pet', 'symlink_install': False, 'test_result_base': None}
[0.189s] Level 5:colcon.colcon_core.verb:set package 'turtle_tag_game' build argument 'cmake_args' from command line to 'None'
[0.189s] Level 5:colcon.colcon_core.verb:set package 'turtle_tag_game' build argument 'cmake_target' from command line to 'None'
[0.189s] Level 5:colcon.colcon_core.verb:set package 'turtle_tag_game' build argument 'cmake_target_skip_unavailable' from command line to 'False'
[0.189s] Level 5:colcon.colcon_core.verb:set package 'turtle_tag_game' build argument 'cmake_clean_cache' from command line to 'False'
[0.189s] Level 5:colcon.colcon_core.verb:set package 'turtle_tag_game' build argument 'cmake_clean_first' from command line to 'False'
[0.189s] Level 5:colcon.colcon_core.verb:set package 'turtle_tag_game' build argument 'cmake_force_configure' from command line to 'False'
[0.189s] Level 5:colcon.colcon_core.verb:set package 'turtle_tag_game' build argument 'ament_cmake_args' from command line to 'None'
[0.189s] Level 5:colcon.colcon_core.verb:set package 'turtle_tag_game' build argument 'catkin_cmake_args' from command line to 'None'
[0.189s] Level 5:colcon.colcon_core.verb:set package 'turtle_tag_game' build argument 'catkin_skip_building_tests' from command line to 'False'
[0.189s] DEBUG:colcon.colcon_core.verb:Building package 'turtle_tag_game' with the following arguments: {'ament_cmake_args': None, 'build_base': '/home/pranav/ros2_ws/build/turtle_tag_game', 'catkin_cmake_args': None, 'catkin_skip_building_tests': False, 'cmake_args': None, 'cmake_clean_cache': False, 'cmake_clean_first': False, 'cmake_force_configure': False, 'cmake_target': None, 'cmake_target_skip_unavailable': False, 'install_base': '/home/pranav/ros2_ws/install/turtle_tag_game', 'merge_install': False, 'path': '/home/pranav/ros2_ws/src/turtle_tag_game', 'symlink_install': False, 'test_result_base': None}
[0.189s] Level 5:colcon.colcon_core.verb:set package 'webcam' build argument 'cmake_args' from command line to 'None'
[0.189s] Level 5:colcon.colcon_core.verb:set package 'webcam' build argument 'cmake_target' from command line to 'None'
[0.189s] Level 5:colcon.colcon_core.verb:set package 'webcam' build argument 'cmake_target_skip_unavailable' from command line to 'False'
[0.189s] Level 5:colcon.colcon_core.verb:set package 'webcam' build argument 'cmake_clean_cache' from command line to 'False'
[0.189s] Level 5:colcon.colcon_core.verb:set package 'webcam' build argument 'cmake_clean_first' from command line to 'False'
[0.189s] Level 5:colcon.colcon_core.verb:set package 'webcam' build argument 'cmake_force_configure' from command line to 'False'
[0.189s] Level 5:colcon.colcon_core.verb:set package 'webcam' build argument 'ament_cmake_args' from command line to 'None'
[0.189s] Level 5:colcon.colcon_core.verb:set package 'webcam' build argument 'catkin_cmake_args' from command line to 'None'
[0.189s] Level 5:colcon.colcon_core.verb:set package 'webcam' build argument 'catkin_skip_building_tests' from command line to 'False'
[0.189s] DEBUG:colcon.colcon_core.verb:Building package 'webcam' with the following arguments: {'ament_cmake_args': None, 'build_base': '/home/pranav/ros2_ws/build/webcam', 'catkin_cmake_args': None, 'catkin_skip_building_tests': False, 'cmake_args': None, 'cmake_clean_cache': False, 'cmake_clean_first': False, 'cmake_force_configure': False, 'cmake_target': None, 'cmake_target_skip_unavailable': False, 'install_base': '/home/pranav/ros2_ws/install/webcam', 'merge_install': False, 'path': '/home/pranav/ros2_ws/src/webcam', 'symlink_install': False, 'test_result_base': None}
[0.189s] Level 5:colcon.colcon_core.verb:set package 'fizzbuzz' build argument 'cmake_args' from command line to 'None'
[0.189s] Level 5:colcon.colcon_core.verb:set package 'fizzbuzz' build argument 'cmake_target' from command line to 'None'
[0.190s] Level 5:colcon.colcon_core.verb:set package 'fizzbuzz' build argument 'cmake_target_skip_unavailable' from command line to 'False'
[0.190s] Level 5:colcon.colcon_core.verb:set package 'fizzbuzz' build argument 'cmake_clean_cache' from command line to 'False'
[0.190s] Level 5:colcon.colcon_core.verb:set package 'fizzbuzz' build argument 'cmake_clean_first' from command line to 'False'
[0.190s] Level 5:colcon.colcon_core.verb:set package 'fizzbuzz' build argument 'cmake_force_configure' from command line to 'False'
[0.190s] Level 5:colcon.colcon_core.verb:set package 'fizzbuzz' build argument 'ament_cmake_args' from command line to 'None'
[0.190s] Level 5:colcon.colcon_core.verb:set package 'fizzbuzz' build argument 'catkin_cmake_args' from command line to 'None'
[0.190s] Level 5:colcon.colcon_core.verb:set package 'fizzbuzz' build argument 'catkin_skip_building_tests' from command line to 'False'
[0.190s] DEBUG:colcon.colcon_core.verb:Building package 'fizzbuzz' with the following arguments: {'ament_cmake_args': None, 'build_base': '/home/pranav/ros2_ws/build/fizzbuzz', 'catkin_cmake_args': None, 'catkin_skip_building_tests': False, 'cmake_args': None, 'cmake_clean_cache': False, 'cmake_clean_first': False, 'cmake_force_configure': False, 'cmake_target': None, 'cmake_target_skip_unavailable': False, 'install_base': '/home/pranav/ros2_ws/install/fizzbuzz', 'merge_install': False, 'path': '/home/pranav/ros2_ws/src/fizzbuzz', 'symlink_install': False, 'test_result_base': None}
[0.190s] INFO:colcon.colcon_core.executor:Executing jobs using 'parallel' executor
[0.190s] DEBUG:colcon.colcon_parallel_executor.executor.parallel:run_until_complete
[0.191s] INFO:colcon.colcon_ros.task.ament_cmake.build:Building ROS package in '/home/pranav/ros2_ws/src/fizzbuzz_interfaces' with build type 'ament_cmake'
[0.191s] INFO:colcon.colcon_cmake.task.cmake.build:Building CMake package in '/home/pranav/ros2_ws/src/fizzbuzz_interfaces'
[0.192s] INFO:colcon.colcon_core.plugin_system:Skipping extension 'colcon_core.shell.bat': Not used on non-Windows systems
[0.192s] INFO:colcon.colcon_core.shell:Skip shell extension 'powershell' for command environment: Not usable outside of PowerShell
[0.192s] DEBUG:colcon.colcon_core.shell:Skip shell extension 'dsv' for command environment
[0.198s] INFO:colcon.colcon_ros.task.ament_python.build:Building ROS package in '/home/pranav/ros2_ws/src/drone' with build type 'ament_python'
[0.198s] Level 1:colcon.colcon_core.shell:create_environment_hook('drone', 'ament_prefix_path')
[0.199s] INFO:colcon.colcon_core.shell:Creating environment hook '/home/pranav/ros2_ws/install/drone/share/drone/hook/ament_prefix_path.ps1'
[0.200s] INFO:colcon.colcon_core.shell:Creating environment descriptor '/home/pranav/ros2_ws/install/drone/share/drone/hook/ament_prefix_path.dsv'
[0.200s] INFO:colcon.colcon_core.shell:Creating environment hook '/home/pranav/ros2_ws/install/drone/share/drone/hook/ament_prefix_path.sh'
[0.201s] INFO:colcon.colcon_core.shell:Skip shell extension 'powershell' for command environment: Not usable outside of PowerShell
[0.201s] DEBUG:colcon.colcon_core.shell:Skip shell extension 'dsv' for command environment
[0.206s] INFO:colcon.colcon_ros.task.ament_python.build:Building ROS package in '/home/pranav/ros2_ws/src/pet' with build type 'ament_python'
[0.206s] Level 1:colcon.colcon_core.shell:create_environment_hook('pet', 'ament_prefix_path')
[0.206s] INFO:colcon.colcon_core.shell:Creating environment hook '/home/pranav/ros2_ws/install/pet/share/pet/hook/ament_prefix_path.ps1'
[0.207s] INFO:colcon.colcon_core.shell:Creating environment descriptor '/home/pranav/ros2_ws/install/pet/share/pet/hook/ament_prefix_path.dsv'
[0.207s] INFO:colcon.colcon_core.shell:Creating environment hook '/home/pranav/ros2_ws/install/pet/share/pet/hook/ament_prefix_path.sh'
[0.207s] INFO:colcon.colcon_core.shell:Skip shell extension 'powershell' for command environment: Not usable outside of PowerShell
[0.207s] DEBUG:colcon.colcon_core.shell:Skip shell extension 'dsv' for command environment
[0.209s] INFO:colcon.colcon_ros.task.ament_python.build:Building ROS package in '/home/pranav/ros2_ws/src/turtle_tag_game' with build type 'ament_python'
[0.209s] Level 1:colcon.colcon_core.shell:create_environment_hook('turtle_tag_game', 'ament_prefix_path')
[0.209s] INFO:colcon.colcon_core.shell:Creating environment hook '/home/pranav/ros2_ws/install/turtle_tag_game/share/turtle_tag_game/hook/ament_prefix_path.ps1'
[0.210s] INFO:colcon.colcon_core.shell:Creating environment descriptor '/home/pranav/ros2_ws/install/turtle_tag_game/share/turtle_tag_game/hook/ament_prefix_path.dsv'
[0.210s] INFO:colcon.colcon_core.shell:Creating environment hook '/home/pranav/ros2_ws/install/turtle_tag_game/share/turtle_tag_game/hook/ament_prefix_path.sh'
[0.210s] INFO:colcon.colcon_core.shell:Skip shell extension 'powershell' for command environment: Not usable outside of PowerShell
[0.210s] DEBUG:colcon.colcon_core.shell:Skip shell extension 'dsv' for command environment
[0.215s] DEBUG:colcon.colcon_core.event_handler.log_command:Invoking command in '/home/pranav/ros2_ws/build/fizzbuzz_interfaces': CMAKE_PREFIX_PATH=${CMAKE_PREFIX_PATH}:/opt/ros/jazzy CONDA_PROMPT_MODIFIER=(base) DEBUGINFOD_URLS=https://debuginfod.ubuntu.com /usr/bin/cmake --build /home/pranav/ros2_ws/build/fizzbuzz_interfaces -- -j4 -l4
[0.410s] INFO:colcon.colcon_core.task.python.build:Building Python package in '/home/pranav/ros2_ws/src/drone'
[0.410s] INFO:colcon.colcon_core.shell:Skip shell extension 'powershell' for command environment: Not usable outside of PowerShell
[0.411s] DEBUG:colcon.colcon_core.shell:Skip shell extension 'dsv' for command environment
[0.631s] INFO:colcon.colcon_core.task.python.build:Building Python package in '/home/pranav/ros2_ws/src/pet'
[0.631s] INFO:colcon.colcon_core.shell:Skip shell extension 'powershell' for command environment: Not usable outside of PowerShell
[0.631s] DEBUG:colcon.colcon_core.shell:Skip shell extension 'dsv' for command environment
[0.866s] INFO:colcon.colcon_core.task.python.build:Building Python package in '/home/pranav/ros2_ws/src/turtle_tag_game'
[0.867s] INFO:colcon.colcon_core.shell:Skip shell extension 'powershell' for command environment: Not usable outside of PowerShell
[0.867s] DEBUG:colcon.colcon_core.shell:Skip shell extension 'dsv' for command environment
[0.883s] DEBUG:colcon.colcon_core.event_handler.log_command:Invoked command in '/home/pranav/ros2_ws/build/fizzbuzz_interfaces' returned '0': CMAKE_PREFIX_PATH=${CMAKE_PREFIX_PATH}:/opt/ros/jazzy CONDA_PROMPT_MODIFIER=(base) DEBUGINFOD_URLS=https://debuginfod.ubuntu.com /usr/bin/cmake --build /home/pranav/ros2_ws/build/fizzbuzz_interfaces -- -j4 -l4
[0.895s] DEBUG:colcon.colcon_core.event_handler.log_command:Invoking command in '/home/pranav/ros2_ws/build/fizzbuzz_interfaces': CMAKE_PREFIX_PATH=${CMAKE_PREFIX_PATH}:/opt/ros/jazzy CONDA_PROMPT_MODIFIER=(base) DEBUGINFOD_URLS=https://debuginfod.ubuntu.com /usr/bin/cmake --install /home/pranav/ros2_ws/build/fizzbuzz_interfaces
[0.978s] Level 1:colcon.colcon_core.environment:create_environment_scripts_only(fizzbuzz_interfaces)
[0.979s] Level 1:colcon.colcon_core.environment:checking '/home/pranav/ros2_ws/install/fizzbuzz_interfaces' for CMake module files
[0.980s] Level 1:colcon.colcon_core.environment:checking '/home/pranav/ros2_ws/install/fizzbuzz_interfaces' for CMake config files
[0.980s] Level 1:colcon.colcon_core.shell:create_environment_hook('fizzbuzz_interfaces', 'cmake_prefix_path')
[0.983s] DEBUG:colcon.colcon_core.event_handler.log_command:Invoked command in '/home/pranav/ros2_ws/build/fizzbuzz_interfaces' returned '0': CMAKE_PREFIX_PATH=${CMAKE_PREFIX_PATH}:/opt/ros/jazzy CONDA_PROMPT_MODIFIER=(base) DEBUGINFOD_URLS=https://debuginfod.ubuntu.com /usr/bin/cmake --install /home/pranav/ros2_ws/build/fizzbuzz_interfaces
[0.983s] INFO:colcon.colcon_core.shell:Creating environment hook '/home/pranav/ros2_ws/install/fizzbuzz_interfaces/share/fizzbuzz_interfaces/hook/cmake_prefix_path.ps1'
[0.984s] INFO:colcon.colcon_core.shell:Creating environment descriptor '/home/pranav/ros2_ws/install/fizzbuzz_interfaces/share/fizzbuzz_interfaces/hook/cmake_prefix_path.dsv'
[0.984s] INFO:colcon.colcon_core.shell:Creating environment hook '/home/pranav/ros2_ws/install/fizzbuzz_interfaces/share/fizzbuzz_interfaces/hook/cmake_prefix_path.sh'
[0.985s] Level 1:colcon.colcon_core.environment:checking '/home/pranav/ros2_ws/install/fizzbuzz_interfaces/lib'
[0.985s] Level 1:colcon.colcon_core.shell:create_environment_hook('fizzbuzz_interfaces', 'ld_library_path_lib')
[0.985s] INFO:colcon.colcon_core.shell:Creating environment hook '/home/pranav/ros2_ws/install/fizzbuzz_interfaces/share/fizzbuzz_interfaces/hook/ld_library_path_lib.ps1'
[0.985s] INFO:colcon.colcon_core.shell:Creating environment descriptor '/home/pranav/ros2_ws/install/fizzbuzz_interfaces/share/fizzbuzz_interfaces/hook/ld_library_path_lib.dsv'
[0.985s] INFO:colcon.colcon_core.shell:Creating environment hook '/home/pranav/ros2_ws/install/fizzbuzz_interfaces/share/fizzbuzz_interfaces/hook/ld_library_path_lib.sh'
[0.986s] Level 1:colcon.colcon_core.environment:checking '/home/pranav/ros2_ws/install/fizzbuzz_interfaces/bin'
[0.986s] Level 1:colcon.colcon_core.environment:checking '/home/pranav/ros2_ws/install/fizzbuzz_interfaces/lib/pkgconfig/fizzbuzz_interfaces.pc'
[0.986s] Level 1:colcon.colcon_core.environment:checking '/home/pranav/ros2_ws/install/fizzbuzz_interfaces/lib/python3.12/site-packages'
[0.986s] Level 1:colcon.colcon_core.shell:create_environment_hook('fizzbuzz_interfaces', 'pythonpath')
[0.991s] INFO:colcon.colcon_core.shell:Creating environment hook '/home/pranav/ros2_ws/install/fizzbuzz_interfaces/share/fizzbuzz_interfaces/hook/pythonpath.ps1'
[0.992s] INFO:colcon.colcon_core.shell:Creating environment descriptor '/home/pranav/ros2_ws/install/fizzbuzz_interfaces/share/fizzbuzz_interfaces/hook/pythonpath.dsv'
[0.992s] INFO:colcon.colcon_core.shell:Creating environment hook '/home/pranav/ros2_ws/install/fizzbuzz_interfaces/share/fizzbuzz_interfaces/hook/pythonpath.sh'
[0.993s] Level 1:colcon.colcon_core.environment:checking '/home/pranav/ros2_ws/install/fizzbuzz_interfaces/bin'
[0.993s] INFO:colcon.colcon_core.shell:Creating package script '/home/pranav/ros2_ws/install/fizzbuzz_interfaces/share/fizzbuzz_interfaces/package.ps1'
[0.994s] INFO:colcon.colcon_core.shell:Creating package descriptor '/home/pranav/ros2_ws/install/fizzbuzz_interfaces/share/fizzbuzz_interfaces/package.dsv'
[0.994s] INFO:colcon.colcon_core.shell:Creating package script '/home/pranav/ros2_ws/install/fizzbuzz_interfaces/share/fizzbuzz_interfaces/package.sh'
[0.997s] INFO:colcon.colcon_core.shell:Creating package script '/home/pranav/ros2_ws/install/fizzbuzz_interfaces/share/fizzbuzz_interfaces/package.bash'
[0.998s] INFO:colcon.colcon_core.shell:Creating package script '/home/pranav/ros2_ws/install/fizzbuzz_interfaces/share/fizzbuzz_interfaces/package.zsh'
[0.998s] Level 1:colcon.colcon_core.environment:create_file_with_runtime_dependencies(/home/pranav/ros2_ws/install/fizzbuzz_interfaces/share/colcon-core/packages/fizzbuzz_interfaces)
[0.999s] Level 1:colcon.colcon_core.environment:create_environment_scripts_only(fizzbuzz_interfaces)
[0.999s] Level 1:colcon.colcon_core.environment:checking '/home/pranav/ros2_ws/install/fizzbuzz_interfaces' for CMake module files
[0.999s] Level 1:colcon.colcon_core.environment:checking '/home/pranav/ros2_ws/install/fizzbuzz_interfaces' for CMake config files
[1.000s] Level 1:colcon.colcon_core.shell:create_environment_hook('fizzbuzz_interfaces', 'cmake_prefix_path')
[1.000s] INFO:colcon.colcon_core.shell:Creating environment hook '/home/pranav/ros2_ws/install/fizzbuzz_interfaces/share/fizzbuzz_interfaces/hook/cmake_prefix_path.ps1'
[1.000s] INFO:colcon.colcon_core.shell:Creating environment descriptor '/home/pranav/ros2_ws/install/fizzbuzz_interfaces/share/fizzbuzz_interfaces/hook/cmake_prefix_path.dsv'
[1.000s] INFO:colcon.colcon_core.shell:Creating environment hook '/home/pranav/ros2_ws/install/fizzbuzz_interfaces/share/fizzbuzz_interfaces/hook/cmake_prefix_path.sh'
[1.001s] Level 1:colcon.colcon_core.environment:checking '/home/pranav/ros2_ws/install/fizzbuzz_interfaces/lib'
[1.001s] Level 1:colcon.colcon_core.shell:create_environment_hook('fizzbuzz_interfaces', 'ld_library_path_lib')
[1.001s] INFO:colcon.colcon_core.shell:Creating environment hook '/home/pranav/ros2_ws/install/fizzbuzz_interfaces/share/fizzbuzz_interfaces/hook/ld_library_path_lib.ps1'
[1.002s] INFO:colcon.colcon_core.shell:Creating environment descriptor '/home/pranav/ros2_ws/install/fizzbuzz_interfaces/share/fizzbuzz_interfaces/hook/ld_library_path_lib.dsv'
[1.002s] INFO:colcon.colcon_core.shell:Creating environment hook '/home/pranav/ros2_ws/install/fizzbuzz_interfaces/share/fizzbuzz_interfaces/hook/ld_library_path_lib.sh'
[1.002s] Level 1:colcon.colcon_core.environment:checking '/home/pranav/ros2_ws/install/fizzbuzz_interfaces/bin'
[1.002s] Level 1:colcon.colcon_core.environment:checking '/home/pranav/ros2_ws/install/fizzbuzz_interfaces/lib/pkgconfig/fizzbuzz_interfaces.pc'
[1.006s] Level 1:colcon.colcon_core.environment:checking '/home/pranav/ros2_ws/install/fizzbuzz_interfaces/lib/python3.12/site-packages'
[1.006s] Level 1:colcon.colcon_core.shell:create_environment_hook('fizzbuzz_interfaces', 'pythonpath')
[1.006s] INFO:colcon.colcon_core.shell:Creating environment hook '/home/pranav/ros2_ws/install/fizzbuzz_interfaces/share/fizzbuzz_interfaces/hook/pythonpath.ps1'
[1.006s] INFO:colcon.colcon_core.shell:Creating environment descriptor '/home/pranav/ros2_ws/install/fizzbuzz_interfaces/share/fizzbuzz_interfaces/hook/pythonpath.dsv'
[1.006s] INFO:colcon.colcon_core.shell:Creating environment hook '/home/pranav/ros2_ws/install/fizzbuzz_interfaces/share/fizzbuzz_interfaces/hook/pythonpath.sh'
[1.009s] Level 1:colcon.colcon_core.environment:checking '/home/pranav/ros2_ws/install/fizzbuzz_interfaces/bin'
[1.009s] INFO:colcon.colcon_core.shell:Creating package script '/home/pranav/ros2_ws/install/fizzbuzz_interfaces/share/fizzbuzz_interfaces/package.ps1'
[1.010s] INFO:colcon.colcon_core.shell:Creating package descriptor '/home/pranav/ros2_ws/install/fizzbuzz_interfaces/share/fizzbuzz_interfaces/package.dsv'
[1.010s] INFO:colcon.colcon_core.shell:Creating package script '/home/pranav/ros2_ws/install/fizzbuzz_interfaces/share/fizzbuzz_interfaces/package.sh'
[1.010s] INFO:colcon.colcon_core.shell:Creating package script '/home/pranav/ros2_ws/install/fizzbuzz_interfaces/share/fizzbuzz_interfaces/package.bash'
[1.012s] INFO:colcon.colcon_core.shell:Creating package script '/home/pranav/ros2_ws/install/fizzbuzz_interfaces/share/fizzbuzz_interfaces/package.zsh'
[1.012s] Level 1:colcon.colcon_core.environment:create_file_with_runtime_dependencies(/home/pranav/ros2_ws/install/fizzbuzz_interfaces/share/colcon-core/packages/fizzbuzz_interfaces)
[1.015s] INFO:colcon.colcon_ros.task.ament_python.build:Building ROS package in '/home/pranav/ros2_ws/src/webcam' with build type 'ament_python'
[1.015s] Level 1:colcon.colcon_core.shell:create_environment_hook('webcam', 'ament_prefix_path')
[1.015s] INFO:colcon.colcon_core.shell:Creating environment hook '/home/pranav/ros2_ws/install/webcam/share/webcam/hook/ament_prefix_path.ps1'
[1.015s] INFO:colcon.colcon_core.shell:Creating environment descriptor '/home/pranav/ros2_ws/install/webcam/share/webcam/hook/ament_prefix_path.dsv'
[1.015s] INFO:colcon.colcon_core.shell:Creating environment hook '/home/pranav/ros2_ws/install/webcam/share/webcam/hook/ament_prefix_path.sh'
[1.016s] INFO:colcon.colcon_core.shell:Skip shell extension 'powershell' for command environment: Not usable outside of PowerShell
[1.016s] DEBUG:colcon.colcon_core.shell:Skip shell extension 'dsv' for command environment
[1.320s] INFO:colcon.colcon_core.task.python.build:Building Python package in '/home/pranav/ros2_ws/src/webcam'
[1.320s] INFO:colcon.colcon_core.shell:Skip shell extension 'powershell' for command environment: Not usable outside of PowerShell
[1.321s] DEBUG:colcon.colcon_core.shell:Skip shell extension 'dsv' for command environment
[1.759s] DEBUG:colcon.colcon_core.event_handler.log_command:Invoking command in '/home/pranav/ros2_ws/src/drone': CONDA_PROMPT_MODIFIER=(base) DEBUGINFOD_URLS=https://debuginfod.ubuntu.com PYTHONPATH=/home/pranav/ros2_ws/build/drone/prefix_override:/usr/lib/python3/dist-packages/colcon_core/task/python/colcon_distutils_commands:/home/pranav/ros2_ws/install/drone/lib/python3.12/site-packages:${PYTHONPATH} /usr/bin/python3 -W ignore:setup.py install is deprecated -W ignore:easy_install command is deprecated setup.py egg_info --egg-base ../../build/drone build --build-base /home/pranav/ros2_ws/build/drone/build install --record /home/pranav/ros2_ws/build/drone/install.log --single-version-externally-managed install_data
[1.772s] DEBUG:colcon.colcon_core.event_handler.log_command:Invoking command in '/home/pranav/ros2_ws/src/pet': CONDA_PROMPT_MODIFIER=(base) DEBUGINFOD_URLS=https://debuginfod.ubuntu.com PYTHONPATH=/home/pranav/ros2_ws/build/pet/prefix_override:/usr/lib/python3/dist-packages/colcon_core/task/python/colcon_distutils_commands:/home/pranav/ros2_ws/install/pet/lib/python3.12/site-packages:${PYTHONPATH} /usr/bin/python3 -W ignore:setup.py install is deprecated -W ignore:easy_install command is deprecated setup.py egg_info --egg-base ../../build/pet build --build-base /home/pranav/ros2_ws/build/pet/build install --record /home/pranav/ros2_ws/build/pet/install.log --single-version-externally-managed install_data
[1.853s] DEBUG:colcon.colcon_core.event_handler.log_command:Invoking command in '/home/pranav/ros2_ws/src/turtle_tag_game': CONDA_PROMPT_MODIFIER=(base) DEBUGINFOD_URLS=https://debuginfod.ubuntu.com PYTHONPATH=/home/pranav/ros2_ws/build/turtle_tag_game/prefix_override:/usr/lib/python3/dist-packages/colcon_core/task/python/colcon_distutils_commands:/home/pranav/ros2_ws/install/turtle_tag_game/lib/python3.12/site-packages:${PYTHONPATH} /usr/bin/python3 -W ignore:setup.py install is deprecated -W ignore:easy_install command is deprecated setup.py egg_info --egg-base ../../build/turtle_tag_game build --build-base /home/pranav/ros2_ws/build/turtle_tag_game/build install --record /home/pranav/ros2_ws/build/turtle_tag_game/install.log --single-version-externally-managed install_data
[1.977s] DEBUG:colcon.colcon_core.event_handler.log_command:Invoking command in '/home/pranav/ros2_ws/src/webcam': CONDA_PROMPT_MODIFIER=(base) DEBUGINFOD_URLS=https://debuginfod.ubuntu.com PYTHONPATH=/home/pranav/ros2_ws/build/webcam/prefix_override:/usr/lib/python3/dist-packages/colcon_core/task/python/colcon_distutils_commands:/home/pranav/ros2_ws/install/webcam/lib/python3.12/site-packages:${PYTHONPATH} /usr/bin/python3 -W ignore:setup.py install is deprecated -W ignore:easy_install command is deprecated setup.py egg_info --egg-base ../../build/webcam build --build-base /home/pranav/ros2_ws/build/webcam/build install --record /home/pranav/ros2_ws/build/webcam/install.log --single-version-externally-managed install_data
[2.402s] Level 1:colcon.colcon_core.environment:checking '/home/pranav/ros2_ws/install/drone' for CMake module files
[2.402s] DEBUG:colcon.colcon_core.event_handler.log_command:Invoked command in '/home/pranav/ros2_ws/src/drone' returned '0': CONDA_PROMPT_MODIFIER=(base) DEBUGINFOD_URLS=https://debuginfod.ubuntu.com PYTHONPATH=/home/pranav/ros2_ws/build/drone/prefix_override:/usr/lib/python3/dist-packages/colcon_core/task/python/colcon_distutils_commands:/home/pranav/ros2_ws/install/drone/lib/python3.12/site-packages:${PYTHONPATH} /usr/bin/python3 -W ignore:setup.py install is deprecated -W ignore:easy_install command is deprecated setup.py egg_info --egg-base ../../build/drone build --build-base /home/pranav/ros2_ws/build/drone/build install --record /home/pranav/ros2_ws/build/drone/install.log --single-version-externally-managed install_data
[2.403s] Level 1:colcon.colcon_core.environment:checking '/home/pranav/ros2_ws/install/drone' for CMake config files
[2.403s] Level 1:colcon.colcon_core.environment:checking '/home/pranav/ros2_ws/install/drone/lib'
[2.403s] Level 1:colcon.colcon_core.environment:checking '/home/pranav/ros2_ws/install/drone/bin'
[2.403s] Level 1:colcon.colcon_core.environment:checking '/home/pranav/ros2_ws/install/drone/lib/pkgconfig/drone.pc'
[2.403s] Level 1:colcon.colcon_core.environment:checking '/home/pranav/ros2_ws/install/drone/lib/python3.12/site-packages'
[2.404s] Level 1:colcon.colcon_core.shell:create_environment_hook('drone', 'pythonpath')
[2.404s] INFO:colcon.colcon_core.shell:Creating environment hook '/home/pranav/ros2_ws/install/drone/share/drone/hook/pythonpath.ps1'
[2.404s] INFO:colcon.colcon_core.shell:Creating environment descriptor '/home/pranav/ros2_ws/install/drone/share/drone/hook/pythonpath.dsv'
[2.405s] INFO:colcon.colcon_core.shell:Creating environment hook '/home/pranav/ros2_ws/install/drone/share/drone/hook/pythonpath.sh'
[2.413s] Level 1:colcon.colcon_core.environment:checking '/home/pranav/ros2_ws/install/drone/bin'
[2.413s] Level 1:colcon.colcon_core.environment:create_environment_scripts_only(drone)
[2.414s] INFO:colcon.colcon_core.shell:Creating package script '/home/pranav/ros2_ws/install/drone/share/drone/package.ps1'
[2.417s] INFO:colcon.colcon_core.shell:Creating package descriptor '/home/pranav/ros2_ws/install/drone/share/drone/package.dsv'
[2.418s] INFO:colcon.colcon_core.shell:Creating package script '/home/pranav/ros2_ws/install/drone/share/drone/package.sh'
[2.420s] INFO:colcon.colcon_core.shell:Creating package script '/home/pranav/ros2_ws/install/drone/share/drone/package.bash'
[2.421s] INFO:colcon.colcon_core.shell:Creating package script '/home/pranav/ros2_ws/install/drone/share/drone/package.zsh'
[2.422s] Level 1:colcon.colcon_core.environment:create_file_with_runtime_dependencies(/home/pranav/ros2_ws/install/drone/share/colcon-core/packages/drone)
[2.423s] INFO:colcon.colcon_ros.task.ament_python.build:Building ROS package in '/home/pranav/ros2_ws/src/fizzbuzz' with build type 'ament_python'
[2.423s] Level 1:colcon.colcon_core.shell:create_environment_hook('fizzbuzz', 'ament_prefix_path')
[2.423s] INFO:colcon.colcon_core.shell:Creating environment hook '/home/pranav/ros2_ws/install/fizzbuzz/share/fizzbuzz/hook/ament_prefix_path.ps1'
[2.423s] INFO:colcon.colcon_core.shell:Creating environment descriptor '/home/pranav/ros2_ws/install/fizzbuzz/share/fizzbuzz/hook/ament_prefix_path.dsv'
[2.423s] INFO:colcon.colcon_core.shell:Creating environment hook '/home/pranav/ros2_ws/install/fizzbuzz/share/fizzbuzz/hook/ament_prefix_path.sh'
[2.427s] INFO:colcon.colcon_core.shell:Skip shell extension 'powershell' for command environment: Not usable outside of PowerShell
[2.428s] DEBUG:colcon.colcon_core.shell:Skip shell extension 'dsv' for command environment
[2.442s] Level 1:colcon.colcon_core.environment:checking '/home/pranav/ros2_ws/install/pet' for CMake module files
[2.442s] DEBUG:colcon.colcon_core.event_handler.log_command:Invoked command in '/home/pranav/ros2_ws/src/pet' returned '0': CONDA_PROMPT_MODIFIER=(base) DEBUGINFOD_URLS=https://debuginfod.ubuntu.com PYTHONPATH=/home/pranav/ros2_ws/build/pet/prefix_override:/usr/lib/python3/dist-packages/colcon_core/task/python/colcon_distutils_commands:/home/pranav/ros2_ws/install/pet/lib/python3.12/site-packages:${PYTHONPATH} /usr/bin/python3 -W ignore:setup.py install is deprecated -W ignore:easy_install command is deprecated setup.py egg_info --egg-base ../../build/pet build --build-base /home/pranav/ros2_ws/build/pet/build install --record /home/pranav/ros2_ws/build/pet/install.log --single-version-externally-managed install_data
[2.447s] Level 1:colcon.colcon_core.environment:checking '/home/pranav/ros2_ws/install/pet' for CMake config files
[2.449s] Level 1:colcon.colcon_core.environment:checking '/home/pranav/ros2_ws/install/pet/lib'
[2.449s] Level 1:colcon.colcon_core.environment:checking '/home/pranav/ros2_ws/install/pet/bin'
[2.449s] Level 1:colcon.colcon_core.environment:checking '/home/pranav/ros2_ws/install/pet/lib/pkgconfig/pet.pc'
[2.449s] Level 1:colcon.colcon_core.environment:checking '/home/pranav/ros2_ws/install/pet/lib/python3.12/site-packages'
[2.449s] Level 1:colcon.colcon_core.shell:create_environment_hook('pet', 'pythonpath')
[2.451s] INFO:colcon.colcon_core.shell:Creating environment hook '/home/pranav/ros2_ws/install/pet/share/pet/hook/pythonpath.ps1'
[2.452s] INFO:colcon.colcon_core.shell:Creating environment descriptor '/home/pranav/ros2_ws/install/pet/share/pet/hook/pythonpath.dsv'
[2.452s] INFO:colcon.colcon_core.shell:Creating environment hook '/home/pranav/ros2_ws/install/pet/share/pet/hook/pythonpath.sh'
[2.452s] Level 1:colcon.colcon_core.environment:checking '/home/pranav/ros2_ws/install/pet/bin'
[2.452s] Level 1:colcon.colcon_core.environment:create_environment_scripts_only(pet)
[2.453s] INFO:colcon.colcon_core.shell:Creating package script '/home/pranav/ros2_ws/install/pet/share/pet/package.ps1'
[2.453s] INFO:colcon.colcon_core.shell:Creating package descriptor '/home/pranav/ros2_ws/install/pet/share/pet/package.dsv'
[2.453s] INFO:colcon.colcon_core.shell:Creating package script '/home/pranav/ros2_ws/install/pet/share/pet/package.sh'
[2.454s] INFO:colcon.colcon_core.shell:Creating package script '/home/pranav/ros2_ws/install/pet/share/pet/package.bash'
[2.454s] INFO:colcon.colcon_core.shell:Creating package script '/home/pranav/ros2_ws/install/pet/share/pet/package.zsh'
[2.454s] Level 1:colcon.colcon_core.environment:create_file_with_runtime_dependencies(/home/pranav/ros2_ws/install/pet/share/colcon-core/packages/pet)
[2.458s] Level 1:colcon.colcon_core.environment:checking '/home/pranav/ros2_ws/install/turtle_tag_game' for CMake module files
[2.458s] Level 1:colcon.colcon_core.environment:checking '/home/pranav/ros2_ws/install/turtle_tag_game' for CMake config files
[2.459s] Level 1:colcon.colcon_core.environment:checking '/home/pranav/ros2_ws/install/turtle_tag_game/lib'
[2.459s] Level 1:colcon.colcon_core.environment:checking '/home/pranav/ros2_ws/install/turtle_tag_game/bin'
[2.459s] Level 1:colcon.colcon_core.environment:checking '/home/pranav/ros2_ws/install/turtle_tag_game/lib/pkgconfig/turtle_tag_game.pc'
[2.459s] Level 1:colcon.colcon_core.environment:checking '/home/pranav/ros2_ws/install/turtle_tag_game/lib/python3.12/site-packages'
[2.459s] Level 1:colcon.colcon_core.shell:create_environment_hook('turtle_tag_game', 'pythonpath')
[2.459s] INFO:colcon.colcon_core.shell:Creating environment hook '/home/pranav/ros2_ws/install/turtle_tag_game/share/turtle_tag_game/hook/pythonpath.ps1'
[2.461s] DEBUG:colcon.colcon_core.event_handler.log_command:Invoked command in '/home/pranav/ros2_ws/src/turtle_tag_game' returned '0': CONDA_PROMPT_MODIFIER=(base) DEBUGINFOD_URLS=https://debuginfod.ubuntu.com PYTHONPATH=/home/pranav/ros2_ws/build/turtle_tag_game/prefix_override:/usr/lib/python3/dist-packages/colcon_core/task/python/colcon_distutils_commands:/home/pranav/ros2_ws/install/turtle_tag_game/lib/python3.12/site-packages:${PYTHONPATH} /usr/bin/python3 -W ignore:setup.py install is deprecated -W ignore:easy_install command is deprecated setup.py egg_info --egg-base ../../build/turtle_tag_game build --build-base /home/pranav/ros2_ws/build/turtle_tag_game/build install --record /home/pranav/ros2_ws/build/turtle_tag_game/install.log --single-version-externally-managed install_data
[2.463s] INFO:colcon.colcon_core.shell:Creating environment descriptor '/home/pranav/ros2_ws/install/turtle_tag_game/share/turtle_tag_game/hook/pythonpath.dsv'
[2.464s] INFO:colcon.colcon_core.shell:Creating environment hook '/home/pranav/ros2_ws/install/turtle_tag_game/share/turtle_tag_game/hook/pythonpath.sh'
[2.465s] Level 1:colcon.colcon_core.environment:checking '/home/pranav/ros2_ws/install/turtle_tag_game/bin'
[2.465s] Level 1:colcon.colcon_core.environment:create_environment_scripts_only(turtle_tag_game)
[2.465s] INFO:colcon.colcon_core.shell:Creating package script '/home/pranav/ros2_ws/install/turtle_tag_game/share/turtle_tag_game/package.ps1'
[2.466s] INFO:colcon.colcon_core.shell:Creating package descriptor '/home/pranav/ros2_ws/install/turtle_tag_game/share/turtle_tag_game/package.dsv'
[2.467s] INFO:colcon.colcon_core.shell:Creating package script '/home/pranav/ros2_ws/install/turtle_tag_game/share/turtle_tag_game/package.sh'
[2.468s] INFO:colcon.colcon_core.shell:Creating package script '/home/pranav/ros2_ws/install/turtle_tag_game/share/turtle_tag_game/package.bash'
[2.468s] INFO:colcon.colcon_core.shell:Creating package script '/home/pranav/ros2_ws/install/turtle_tag_game/share/turtle_tag_game/package.zsh'
[2.469s] Level 1:colcon.colcon_core.environment:create_file_with_runtime_dependencies(/home/pranav/ros2_ws/install/turtle_tag_game/share/colcon-core/packages/turtle_tag_game)
[2.722s] INFO:colcon.colcon_core.task.python.build:Building Python package in '/home/pranav/ros2_ws/src/fizzbuzz'
[2.722s] INFO:colcon.colcon_core.shell:Skip shell extension 'powershell' for command environment: Not usable outside of PowerShell
[2.722s] DEBUG:colcon.colcon_core.shell:Skip shell extension 'dsv' for command environment
[2.728s] Level 1:colcon.colcon_core.environment:checking '/home/pranav/ros2_ws/install/webcam' for CMake module files
[2.728s] Level 1:colcon.colcon_core.environment:checking '/home/pranav/ros2_ws/install/webcam' for CMake config files
[2.728s] Level 1:colcon.colcon_core.environment:checking '/home/pranav/ros2_ws/install/webcam/lib'
[2.728s] Level 1:colcon.colcon_core.environment:checking '/home/pranav/ros2_ws/install/webcam/bin'
[2.728s] Level 1:colcon.colcon_core.environment:checking '/home/pranav/ros2_ws/install/webcam/lib/pkgconfig/webcam.pc'
[2.729s] Level 1:colcon.colcon_core.environment:checking '/home/pranav/ros2_ws/install/webcam/lib/python3.12/site-packages'
[2.729s] Level 1:colcon.colcon_core.shell:create_environment_hook('webcam', 'pythonpath')
[2.729s] INFO:colcon.colcon_core.shell:Creating environment hook '/home/pranav/ros2_ws/install/webcam/share/webcam/hook/pythonpath.ps1'
[2.729s] INFO:colcon.colcon_core.shell:Creating environment descriptor '/home/pranav/ros2_ws/install/webcam/share/webcam/hook/pythonpath.dsv'
[2.729s] INFO:colcon.colcon_core.shell:Creating environment hook '/home/pranav/ros2_ws/install/webcam/share/webcam/hook/pythonpath.sh'
[2.730s] Level 1:colcon.colcon_core.environment:checking '/home/pranav/ros2_ws/install/webcam/bin'
[2.730s] Level 1:colcon.colcon_core.environment:create_environment_scripts_only(webcam)
[2.730s] INFO:colcon.colcon_core.shell:Creating package script '/home/pranav/ros2_ws/install/webcam/share/webcam/package.ps1'
[2.734s] INFO:colcon.colcon_core.shell:Creating package descriptor '/home/pranav/ros2_ws/install/webcam/share/webcam/package.dsv'
[2.734s] INFO:colcon.colcon_core.shell:Creating package script '/home/pranav/ros2_ws/install/webcam/share/webcam/package.sh'
[2.734s] INFO:colcon.colcon_core.shell:Creating package script '/home/pranav/ros2_ws/install/webcam/share/webcam/package.bash'
[2.735s] INFO:colcon.colcon_core.shell:Creating package script '/home/pranav/ros2_ws/install/webcam/share/webcam/package.zsh'
[2.735s] Level 1:colcon.colcon_core.environment:create_file_with_runtime_dependencies(/home/pranav/ros2_ws/install/webcam/share/colcon-core/packages/webcam)
[2.736s] DEBUG:colcon.colcon_core.event_handler.log_command:Invoked command in '/home/pranav/ros2_ws/src/webcam' returned '0': CONDA_PROMPT_MODIFIER=(base) DEBUGINFOD_URLS=https://debuginfod.ubuntu.com PYTHONPATH=/home/pranav/ros2_ws/build/webcam/prefix_override:/usr/lib/python3/dist-packages/colcon_core/task/python/colcon_distutils_commands:/home/pranav/ros2_ws/install/webcam/lib/python3.12/site-packages:${PYTHONPATH} /usr/bin/python3 -W ignore:setup.py install is deprecated -W ignore:easy_install command is deprecated setup.py egg_info --egg-base ../../build/webcam build --build-base /home/pranav/ros2_ws/build/webcam/build install --record /home/pranav/ros2_ws/build/webcam/install.log --single-version-externally-managed install_data
[3.364s] DEBUG:colcon.colcon_core.event_handler.log_command:Invoking command in '/home/pranav/ros2_ws/src/fizzbuzz': AMENT_PREFIX_PATH=/home/pranav/ros2_ws/install/fizzbuzz_interfaces:${AMENT_PREFIX_PATH} CMAKE_PREFIX_PATH=/home/pranav/ros2_ws/install/fizzbuzz_interfaces:${CMAKE_PREFIX_PATH} CONDA_PROMPT_MODIFIER=(base) DEBUGINFOD_URLS=https://debuginfod.ubuntu.com LD_LIBRARY_PATH=/home/pranav/ros2_ws/install/fizzbuzz_interfaces/lib:${LD_LIBRARY_PATH} PYTHONPATH=/home/pranav/ros2_ws/build/fizzbuzz/prefix_override:/usr/lib/python3/dist-packages/colcon_core/task/python/colcon_distutils_commands:/home/pranav/ros2_ws/install/fizzbuzz/lib/python3.12/site-packages:/home/pranav/ros2_ws/install/fizzbuzz_interfaces/lib/python3.13/site-packages:/home/pranav/ros2_ws/install/fizzbuzz_interfaces/lib/python3.12/site-packages:${PYTHONPATH} /usr/bin/python3 -W ignore:setup.py install is deprecated -W ignore:easy_install command is deprecated setup.py egg_info --egg-base ../../build/fizzbuzz build --build-base /home/pranav/ros2_ws/build/fizzbuzz/build install --record /home/pranav/ros2_ws/build/fizzbuzz/install.log --single-version-externally-managed install_data
[3.763s] Level 1:colcon.colcon_core.environment:checking '/home/pranav/ros2_ws/install/fizzbuzz' for CMake module files
[3.763s] Level 1:colcon.colcon_core.environment:checking '/home/pranav/ros2_ws/install/fizzbuzz' for CMake config files
[3.764s] Level 1:colcon.colcon_core.environment:checking '/home/pranav/ros2_ws/install/fizzbuzz/lib'
[3.764s] Level 1:colcon.colcon_core.environment:checking '/home/pranav/ros2_ws/install/fizzbuzz/bin'
[3.764s] Level 1:colcon.colcon_core.environment:checking '/home/pranav/ros2_ws/install/fizzbuzz/lib/pkgconfig/fizzbuzz.pc'
[3.764s] Level 1:colcon.colcon_core.environment:checking '/home/pranav/ros2_ws/install/fizzbuzz/lib/python3.12/site-packages'
[3.764s] Level 1:colcon.colcon_core.shell:create_environment_hook('fizzbuzz', 'pythonpath')
[3.764s] INFO:colcon.colcon_core.shell:Creating environment hook '/home/pranav/ros2_ws/install/fizzbuzz/share/fizzbuzz/hook/pythonpath.ps1'
[3.764s] INFO:colcon.colcon_core.shell:Creating environment descriptor '/home/pranav/ros2_ws/install/fizzbuzz/share/fizzbuzz/hook/pythonpath.dsv'
[3.765s] INFO:colcon.colcon_core.shell:Creating environment hook '/home/pranav/ros2_ws/install/fizzbuzz/share/fizzbuzz/hook/pythonpath.sh'
[3.765s] Level 1:colcon.colcon_core.environment:checking '/home/pranav/ros2_ws/install/fizzbuzz/bin'
[3.765s] Level 1:colcon.colcon_core.environment:create_environment_scripts_only(fizzbuzz)
[3.765s] INFO:colcon.colcon_core.shell:Creating package script '/home/pranav/ros2_ws/install/fizzbuzz/share/fizzbuzz/package.ps1'
[3.766s] DEBUG:colcon.colcon_core.event_handler.log_command:Invoked command in '/home/pranav/ros2_ws/src/fizzbuzz' returned '0': AMENT_PREFIX_PATH=/home/pranav/ros2_ws/install/fizzbuzz_interfaces:${AMENT_PREFIX_PATH} CMAKE_PREFIX_PATH=/home/pranav/ros2_ws/install/fizzbuzz_interfaces:${CMAKE_PREFIX_PATH} CONDA_PROMPT_MODIFIER=(base) DEBUGINFOD_URLS=https://debuginfod.ubuntu.com LD_LIBRARY_PATH=/home/pranav/ros2_ws/install/fizzbuzz_interfaces/lib:${LD_LIBRARY_PATH} PYTHONPATH=/home/pranav/ros2_ws/build/fizzbuzz/prefix_override:/usr/lib/python3/dist-packages/colcon_core/task/python/colcon_distutils_commands:/home/pranav/ros2_ws/install/fizzbuzz/lib/python3.12/site-packages:/home/pranav/ros2_ws/install/fizzbuzz_interfaces/lib/python3.13/site-packages:/home/pranav/ros2_ws/install/fizzbuzz_interfaces/lib/python3.12/site-packages:${PYTHONPATH} /usr/bin/python3 -W ignore:setup.py install is deprecated -W ignore:easy_install command is deprecated setup.py egg_info --egg-base ../../build/fizzbuzz build --build-base /home/pranav/ros2_ws/build/fizzbuzz/build install --record /home/pranav/ros2_ws/build/fizzbuzz/install.log --single-version-externally-managed install_data
[3.766s] INFO:colcon.colcon_core.shell:Creating package descriptor '/home/pranav/ros2_ws/install/fizzbuzz/share/fizzbuzz/package.dsv'
[3.766s] INFO:colcon.colcon_core.shell:Creating package script '/home/pranav/ros2_ws/install/fizzbuzz/share/fizzbuzz/package.sh'
[3.767s] INFO:colcon.colcon_core.shell:Creating package script '/home/pranav/ros2_ws/install/fizzbuzz/share/fizzbuzz/package.bash'
[3.767s] INFO:colcon.colcon_core.shell:Creating package script '/home/pranav/ros2_ws/install/fizzbuzz/share/fizzbuzz/package.zsh'
[3.767s] Level 1:colcon.colcon_core.environment:create_file_with_runtime_dependencies(/home/pranav/ros2_ws/install/fizzbuzz/share/colcon-core/packages/fizzbuzz)
[3.769s] DEBUG:colcon.colcon_parallel_executor.executor.parallel:closing loop
[3.769s] DEBUG:colcon.colcon_parallel_executor.executor.parallel:loop closed
[3.769s] DEBUG:colcon.colcon_parallel_executor.executor.parallel:run_until_complete finished with '0'
[3.769s] DEBUG:colcon.colcon_core.event_reactor:joining thread
[3.789s] INFO:colcon.colcon_core.plugin_system:Skipping extension 'colcon_notification.desktop_notification.terminal_notifier': Not used on non-Darwin systems
[3.789s] INFO:colcon.colcon_core.plugin_system:Skipping extension 'colcon_notification.desktop_notification.win32': Not used on non-Windows systems
[3.789s] INFO:colcon.colcon_notification.desktop_notification:Sending desktop notification using 'notify2'
[3.803s] DEBUG:colcon.colcon_core.event_reactor:joined thread
[3.804s] INFO:colcon.colcon_core.shell:Creating prefix script '/home/pranav/ros2_ws/install/local_setup.ps1'
[3.804s] INFO:colcon.colcon_core.shell:Creating prefix util module '/home/pranav/ros2_ws/install/_local_setup_util_ps1.py'
[3.806s] INFO:colcon.colcon_core.shell:Creating prefix chain script '/home/pranav/ros2_ws/install/setup.ps1'
[3.809s] INFO:colcon.colcon_core.shell:Creating prefix script '/home/pranav/ros2_ws/install/local_setup.sh'
[3.809s] INFO:colcon.colcon_core.shell:Creating prefix util module '/home/pranav/ros2_ws/install/_local_setup_util_sh.py'
[3.809s] INFO:colcon.colcon_core.shell:Creating prefix chain script '/home/pranav/ros2_ws/install/setup.sh'
[3.810s] INFO:colcon.colcon_core.shell:Creating prefix script '/home/pranav/ros2_ws/install/local_setup.bash'
[3.811s] INFO:colcon.colcon_core.shell:Creating prefix chain script '/home/pranav/ros2_ws/install/setup.bash'
[3.811s] INFO:colcon.colcon_core.shell:Creating prefix script '/home/pranav/ros2_ws/install/local_setup.zsh'
[3.812s] INFO:colcon.colcon_core.shell:Creating prefix chain script '/home/pranav/ros2_ws/install/setup.zsh'
