[3.182s] Invoking command in '/home/firefox/Ros_ws-BWSI/src/pet': DEBUGINFOD_URLS=https://debuginfod.ubuntu.com PYTHONPATH=/home/firefox/Ros_ws-BWSI/build/pet/prefix_override:/usr/lib/python3/dist-packages/colcon_core/task/python/colcon_distutils_commands:/home/firefox/Ros_ws-BWSI/install/pet/lib/python3.12/site-packages:${PYTHONPATH} /usr/bin/python3 -W ignore:setup.py install is deprecated -W ignore:easy_install command is deprecated setup.py egg_info --egg-base ../../build/pet build --build-base /home/firefox/Ros_ws-BWSI/build/pet/build install --record /home/firefox/Ros_ws-BWSI/build/pet/install.log --single-version-externally-managed install_data
[3.845s] running egg_info
[3.887s] writing ../../build/pet/pet.egg-info/PKG-INFO
[3.889s] writing dependency_links to ../../build/pet/pet.egg-info/dependency_links.txt
[3.890s] writing entry points to ../../build/pet/pet.egg-info/entry_points.txt
[3.892s] writing requirements to ../../build/pet/pet.egg-info/requires.txt
[3.896s] writing top-level names to ../../build/pet/pet.egg-info/top_level.txt
[3.992s] reading manifest file '../../build/pet/pet.egg-info/SOURCES.txt'
[3.994s] writing manifest file '../../build/pet/pet.egg-info/SOURCES.txt'
[3.995s] running build
[3.995s] running build_py
[3.995s] running install
[4.012s] running install_lib
[4.061s] running install_data
[4.062s] running install_egg_info
[4.100s] removing '/home/firefox/Ros_ws-BWSI/install/pet/lib/python3.12/site-packages/pet-0.0.0-py3.12.egg-info' (and everything under it)
[4.101s] Copying ../../build/pet/pet.egg-info to /home/firefox/Ros_ws-BWSI/install/pet/lib/python3.12/site-packages/pet-0.0.0-py3.12.egg-info
[4.103s] running install_scripts
[4.436s] Installing pose_subscriber script to /home/firefox/Ros_ws-BWSI/install/pet/lib/pet
[4.440s] Installing turtle_controller script to /home/firefox/Ros_ws-BWSI/install/pet/lib/pet
[4.440s] writing list of installed files to '/home/firefox/Ros_ws-BWSI/build/pet/install.log'
[4.631s] Invoked command in '/home/firefox/Ros_ws-BWSI/src/pet' returned '0': DEBUGINFOD_URLS=https://debuginfod.ubuntu.com PYTHONPATH=/home/firefox/Ros_ws-BWSI/build/pet/prefix_override:/usr/lib/python3/dist-packages/colcon_core/task/python/colcon_distutils_commands:/home/firefox/Ros_ws-BWSI/install/pet/lib/python3.12/site-packages:${PYTHONPATH} /usr/bin/python3 -W ignore:setup.py install is deprecated -W ignore:easy_install command is deprecated setup.py egg_info --egg-base ../../build/pet build --build-base /home/firefox/Ros_ws-BWSI/build/pet/build install --record /home/firefox/Ros_ws-BWSI/build/pet/install.log --single-version-externally-managed install_data
