[0.000000] (-) TimerEvent: {}
[0.007604] (drone) JobQueued: {'identifier': 'drone', 'dependencies': OrderedDict()}
[0.007639] (fizzbuzz_interfaces) JobQueued: {'identifier': 'fizzbuzz_interfaces', 'dependencies': OrderedDict()}
[0.007651] (pet) JobQueued: {'identifier': 'pet', 'dependencies': OrderedDict()}
[0.007659] (turtle_tag_game) JobQueued: {'identifier': 'turtle_tag_game', 'dependencies': OrderedDict()}
[0.007666] (webcam) JobQueued: {'identifier': 'webcam', 'dependencies': OrderedDict()}
[0.007672] (fizzbuzz) JobQueued: {'identifier': 'fizzbuzz', 'dependencies': OrderedDict({'fizzbuzz_interfaces': '/home/pranav/ros2_ws/install/fizzbuzz_interfaces'})}
[0.007681] (fizzbuzz_interfaces) JobStarted: {'identifier': 'fizzbuzz_interfaces'}
[0.024326] (drone) JobStarted: {'identifier': 'drone'}
[0.045054] (pet) JobStarted: {'identifier': 'pet'}
[0.049456] (turtle_tag_game) JobStarted: {'identifier': 'turtle_tag_game'}
[0.065931] (fizzbuzz_interfaces) JobProgress: {'identifier': 'fizzbuzz_interfaces', 'progress': 'cmake'}
[0.066344] (fizzbuzz_interfaces) JobProgress: {'identifier': 'fizzbuzz_interfaces', 'progress': 'build'}
[0.066928] (fizzbuzz_interfaces) Command: {'cmd': ['/usr/bin/cmake', '--build', '/home/pranav/ros2_ws/build/fizzbuzz_interfaces', '--', '-j4', '-l4'], 'cwd': '/home/pranav/ros2_ws/build/fizzbuzz_interfaces', 'env': OrderedDict({'GJS_DEBUG_TOPICS': 'JS ERROR;JS LOG', 'LESSOPEN': '| /usr/bin/lesspipe %s', 'VSCODE_CWD': '/home/pranav', 'VSCODE_ESM_ENTRYPOINT': 'vs/code/electron-utility/sharedProcess/sharedProcessMain', 'CONDA_PROMPT_MODIFIER': '(base)', 'USER': 'pranav', 'VSCODE_NLS_CONFIG': '{"userLocale":"en-us","osLocale":"en-us","resolvedLanguage":"en","defaultMessagesFile":"/usr/share/code/resources/app/out/nls.messages.json","locale":"en-us","availableLanguages":{}}', 'GZ_CONFIG_PATH': '/opt/ros/jazzy/opt/gz_transport_vendor/share/gz:/opt/ros/jazzy/opt/gz_msgs_vendor/share/gz', 'XDG_SESSION_TYPE': 'wayland', 'CLUTTER_DISABLE_MIPMAPPED_TEXT': '1', 'SHLVL': '1', 'LD_LIBRARY_PATH': '/opt/ros/jazzy/opt/rviz_ogre_vendor/lib:/opt/ros/jazzy/lib/aarch64-linux-gnu:/opt/ros/jazzy/opt/gz_transport_vendor/lib:/opt/ros/jazzy/opt/gz_msgs_vendor/lib:/opt/ros/jazzy/opt/gz_math_vendor/lib:/opt/ros/jazzy/opt/gz_utils_vendor/lib:/opt/ros/jazzy/opt/gz_tools_vendor/lib:/opt/ros/jazzy/opt/gz_cmake_vendor/lib:/opt/ros/jazzy/lib', 'HOME': '/home/pranav', 'CHROME_DESKTOP': 'code.desktop', 'CONDA_SHLVL': '1', 'OLDPWD': '/home/pranav', 'DESKTOP_SESSION': 'ubuntu', 'VSCODE_IPC_HOOK': '/run/user/1000/vscode-18e0a460-1.10-main.sock', 'GIO_LAUNCHED_DESKTOP_FILE': '/usr/share/applications/code.desktop', 'ROS_PYTHON_VERSION': '3', 'GNOME_SHELL_SESSION_MODE': 'ubuntu', 'GTK_MODULES': 'gail:atk-bridge', 'MANAGERPID': '1689', 'SYSTEMD_EXEC_PID': '1873', 'IM_CONFIG_CHECK_ENV': '1', 'GSM_SKIP_SSH_AGENT_WORKAROUND': 'true', 'DBUS_SESSION_BUS_ADDRESS': 'unix:path=/run/user/1000/bus', 'GIO_LAUNCHED_DESKTOP_FILE_PID': '96473', 'VSCODE_CRASH_REPORTER_PROCESS_TYPE': 'shared-process', 'DEBUGINFOD_URLS': 'https://debuginfod.ubuntu.com', 'IM_CONFIG_PHASE': '1', 'WAYLAND_DISPLAY': 'wayland-0', 'ROS_DISTRO': 'jazzy', 'LOGNAME': 'pranav', 'JOURNAL_STREAM': '8:16712', '_': '/usr/bin/colcon', 'ROS_VERSION': '2', 'MEMORY_PRESSURE_WATCH': '/sys/fs/cgroup/user.slice/user-1000.slice/user@1000.service/session.slice/org.gnome.Shell@wayland.service/memory.pressure', 'XDG_SESSION_CLASS': 'user', 'USERNAME': 'pranav', 'GNOME_DESKTOP_SESSION_ID': 'this-is-deprecated', 'VSCODE_RESOLVING_ENVIRONMENT': '1', 'PATH': '/opt/ros/jazzy/opt/gz_msgs_vendor/bin:/opt/ros/jazzy/opt/gz_tools_vendor/bin:/opt/ros/jazzy/bin:/home/pranav/miniconda3/bin:/home/pranav/miniconda3/condabin:/home/pranav/.local/bin:/usr/local/sbin:/usr/local/bin:/usr/sbin:/usr/bin:/sbin:/bin:/usr/games:/usr/local/games:/snap/bin:/snap/bin', 'SESSION_MANAGER': 'local/pranav:@/tmp/.ICE-unix/1842,unix/pranav:/tmp/.ICE-unix/1842', 'INVOCATION_ID': '590146e1c45742bfac1cf51aed2100c9', 'XDG_MENU_PREFIX': 'gnome-', 'GNOME_SETUP_DISPLAY': ':1', 'XDG_RUNTIME_DIR': '/run/user/1000', 'GDK_BACKEND': 'x11', 'DISPLAY': ':0', 'LANG': 'en_US.UTF-8', 'XDG_CURRENT_DESKTOP': 'Unity', 'XMODIFIERS': '@im=ibus', 'XDG_SESSION_DESKTOP': 'ubuntu', 'XAUTHORITY': '/run/user/1000/.mutter-Xwaylandauth.NJN892', 'LS_COLORS': '', 'SSH_AUTH_SOCK': '/run/user/1000/keyring/ssh', 'AMENT_PREFIX_PATH': '/opt/ros/jazzy', 'CONDA_PYTHON_EXE': '/home/pranav/miniconda3/bin/python', 'ORIGINAL_XDG_CURRENT_DESKTOP': 'ubuntu:GNOME', 'SHELL': '/bin/bash', 'QT_ACCESSIBILITY': '1', 'ELECTRON_RUN_AS_NODE': '1', 'GDMSESSION': 'ubuntu', 'LESSCLOSE': '/usr/bin/lesspipe %s %s', 'CONDA_DEFAULT_ENV': 'base', 'GJS_DEBUG_OUTPUT': 'stderr', 'ROS_AUTOMATIC_DISCOVERY_RANGE': 'SUBNET', 'QT_IM_MODULE': 'ibus', 'PWD': '/home/pranav/ros2_ws/build/fizzbuzz_interfaces', 'LC_ALL': 'en_US.UTF-8', 'XDG_CONFIG_DIRS': '/etc/xdg/xdg-ubuntu:/etc/xdg', 'CONDA_EXE': '/home/pranav/miniconda3/bin/conda', 'VSCODE_CODE_CACHE_PATH': '/home/pranav/.config/Code/CachedData/2901c5ac6db8a986a5666c3af51ff804d05af0d4', 'XDG_DATA_DIRS': '/usr/share/ubuntu:/usr/share/gnome:/home/pranav/.local/share/flatpak/exports/share:/var/lib/flatpak/exports/share:/usr/local/share/:/usr/share/:/var/lib/snapd/desktop', 'PYTHONPATH': '/opt/ros/jazzy/lib/python3.12/site-packages', 'CONDA_PREFIX': '/home/pranav/miniconda3', 'COLCON': '1', 'MEMORY_PRESSURE_WRITE': 'c29tZSAyMDAwMDAgMjAwMDAwMAA=', 'ELECTRON_NO_ATTACH_CONSOLE': '1', 'CMAKE_PREFIX_PATH': '/opt/ros/jazzy/opt/gz_transport_vendor:/opt/ros/jazzy/opt/gz_msgs_vendor:/opt/ros/jazzy/opt/gz_math_vendor:/opt/ros/jazzy/opt/gz_utils_vendor:/opt/ros/jazzy/opt/gz_tools_vendor:/opt/ros/jazzy/opt/gz_cmake_vendor:/opt/ros/jazzy', 'VSCODE_PID': '96473'}), 'shell': False}
[0.100001] (-) TimerEvent: {}
[0.200137] (-) TimerEvent: {}
[0.300264] (-) TimerEvent: {}
[0.400402] (-) TimerEvent: {}
[0.500547] (-) TimerEvent: {}
[0.600693] (-) TimerEvent: {}
[0.700897] (-) TimerEvent: {}
[0.799700] (fizzbuzz_interfaces) StdoutLine: {'line': b'[  2%] Built target fizzbuzz_interfaces__rosidl_generator_type_description\n'}
[0.803149] (-) TimerEvent: {}
[0.803165] (fizzbuzz_interfaces) StdoutLine: {'line': b'[  2%] Built target ament_cmake_python_copy_fizzbuzz_interfaces\n'}
[0.803301] (fizzbuzz_interfaces) StdoutLine: {'line': b'[ 17%] Built target fizzbuzz_interfaces__rosidl_generator_c\n'}
[0.803364] (fizzbuzz_interfaces) StdoutLine: {'line': b'running egg_info\n'}
[0.803399] (fizzbuzz_interfaces) StdoutLine: {'line': b'writing fizzbuzz_interfaces.egg-info/PKG-INFO\n'}
[0.803432] (fizzbuzz_interfaces) StdoutLine: {'line': b'writing dependency_links to fizzbuzz_interfaces.egg-info/dependency_links.txt\n'}
[0.803463] (fizzbuzz_interfaces) StdoutLine: {'line': b'writing top-level names to fizzbuzz_interfaces.egg-info/top_level.txt\n'}
[0.803492] (fizzbuzz_interfaces) StdoutLine: {'line': b"reading manifest file 'fizzbuzz_interfaces.egg-info/SOURCES.txt'\n"}
[0.803520] (fizzbuzz_interfaces) StdoutLine: {'line': b"writing manifest file 'fizzbuzz_interfaces.egg-info/SOURCES.txt'\n"}
[0.803548] (fizzbuzz_interfaces) StdoutLine: {'line': b'[ 17%] Built target ament_cmake_python_build_fizzbuzz_interfaces_egg\n'}
[0.906863] (-) TimerEvent: {}
[1.008061] (-) TimerEvent: {}
[1.100144] (fizzbuzz_interfaces) StdoutLine: {'line': b'[ 26%] Built target fizzbuzz_interfaces__rosidl_typesupport_introspection_c\n'}
[1.100240] (fizzbuzz_interfaces) StdoutLine: {'line': b'[ 35%] Built target fizzbuzz_interfaces__rosidl_typesupport_c\n'}
[1.100279] (fizzbuzz_interfaces) StdoutLine: {'line': b'[ 44%] Built target fizzbuzz_interfaces__rosidl_typesupport_fastrtps_c\n'}
[1.100311] (fizzbuzz_interfaces) StdoutLine: {'line': b'[ 47%] Built target fizzbuzz_interfaces__cpp\n'}
[1.100341] (fizzbuzz_interfaces) StdoutLine: {'line': b'[ 55%] Built target fizzbuzz_interfaces__rosidl_typesupport_cpp\n'}
[1.100371] (fizzbuzz_interfaces) StdoutLine: {'line': b'[ 64%] Built target fizzbuzz_interfaces__rosidl_typesupport_introspection_cpp\n'}
[1.108885] (-) TimerEvent: {}
[1.114162] (fizzbuzz_interfaces) StdoutLine: {'line': b'[ 73%] Built target fizzbuzz_interfaces__rosidl_typesupport_fastrtps_cpp\n'}
[1.169147] (fizzbuzz_interfaces) StdoutLine: {'line': b'[ 73%] Built target fizzbuzz_interfaces\n'}
[1.200038] (fizzbuzz_interfaces) StdoutLine: {'line': b'[ 76%] Built target fizzbuzz_interfaces__py\n'}
[1.210863] (-) TimerEvent: {}
[1.241476] (fizzbuzz_interfaces) StdoutLine: {'line': b'[ 82%] Built target fizzbuzz_interfaces__rosidl_generator_py\n'}
[1.288293] (fizzbuzz_interfaces) StdoutLine: {'line': b'[ 88%] Built target fizzbuzz_interfaces_s__rosidl_typesupport_fastrtps_c\n'}
[1.310949] (-) TimerEvent: {}
[1.332556] (fizzbuzz_interfaces) StdoutLine: {'line': b'[ 94%] Built target fizzbuzz_interfaces_s__rosidl_typesupport_c\n'}
[1.379653] (fizzbuzz_interfaces) StdoutLine: {'line': b'[100%] Built target fizzbuzz_interfaces_s__rosidl_typesupport_introspection_c\n'}
[1.400431] (fizzbuzz_interfaces) CommandEnded: {'returncode': 0}
[1.401492] (fizzbuzz_interfaces) JobProgress: {'identifier': 'fizzbuzz_interfaces', 'progress': 'install'}
[1.417884] (-) TimerEvent: {}
[1.423104] (fizzbuzz_interfaces) Command: {'cmd': ['/usr/bin/cmake', '--install', '/home/pranav/ros2_ws/build/fizzbuzz_interfaces'], 'cwd': '/home/pranav/ros2_ws/build/fizzbuzz_interfaces', 'env': OrderedDict({'GJS_DEBUG_TOPICS': 'JS ERROR;JS LOG', 'LESSOPEN': '| /usr/bin/lesspipe %s', 'VSCODE_CWD': '/home/pranav', 'VSCODE_ESM_ENTRYPOINT': 'vs/code/electron-utility/sharedProcess/sharedProcessMain', 'CONDA_PROMPT_MODIFIER': '(base)', 'USER': 'pranav', 'VSCODE_NLS_CONFIG': '{"userLocale":"en-us","osLocale":"en-us","resolvedLanguage":"en","defaultMessagesFile":"/usr/share/code/resources/app/out/nls.messages.json","locale":"en-us","availableLanguages":{}}', 'GZ_CONFIG_PATH': '/opt/ros/jazzy/opt/gz_transport_vendor/share/gz:/opt/ros/jazzy/opt/gz_msgs_vendor/share/gz', 'XDG_SESSION_TYPE': 'wayland', 'CLUTTER_DISABLE_MIPMAPPED_TEXT': '1', 'SHLVL': '1', 'LD_LIBRARY_PATH': '/opt/ros/jazzy/opt/rviz_ogre_vendor/lib:/opt/ros/jazzy/lib/aarch64-linux-gnu:/opt/ros/jazzy/opt/gz_transport_vendor/lib:/opt/ros/jazzy/opt/gz_msgs_vendor/lib:/opt/ros/jazzy/opt/gz_math_vendor/lib:/opt/ros/jazzy/opt/gz_utils_vendor/lib:/opt/ros/jazzy/opt/gz_tools_vendor/lib:/opt/ros/jazzy/opt/gz_cmake_vendor/lib:/opt/ros/jazzy/lib', 'HOME': '/home/pranav', 'CHROME_DESKTOP': 'code.desktop', 'CONDA_SHLVL': '1', 'OLDPWD': '/home/pranav', 'DESKTOP_SESSION': 'ubuntu', 'VSCODE_IPC_HOOK': '/run/user/1000/vscode-18e0a460-1.10-main.sock', 'GIO_LAUNCHED_DESKTOP_FILE': '/usr/share/applications/code.desktop', 'ROS_PYTHON_VERSION': '3', 'GNOME_SHELL_SESSION_MODE': 'ubuntu', 'GTK_MODULES': 'gail:atk-bridge', 'MANAGERPID': '1689', 'SYSTEMD_EXEC_PID': '1873', 'IM_CONFIG_CHECK_ENV': '1', 'GSM_SKIP_SSH_AGENT_WORKAROUND': 'true', 'DBUS_SESSION_BUS_ADDRESS': 'unix:path=/run/user/1000/bus', 'GIO_LAUNCHED_DESKTOP_FILE_PID': '96473', 'VSCODE_CRASH_REPORTER_PROCESS_TYPE': 'shared-process', 'DEBUGINFOD_URLS': 'https://debuginfod.ubuntu.com', 'IM_CONFIG_PHASE': '1', 'WAYLAND_DISPLAY': 'wayland-0', 'ROS_DISTRO': 'jazzy', 'LOGNAME': 'pranav', 'JOURNAL_STREAM': '8:16712', '_': '/usr/bin/colcon', 'ROS_VERSION': '2', 'MEMORY_PRESSURE_WATCH': '/sys/fs/cgroup/user.slice/user-1000.slice/user@1000.service/session.slice/org.gnome.Shell@wayland.service/memory.pressure', 'XDG_SESSION_CLASS': 'user', 'USERNAME': 'pranav', 'GNOME_DESKTOP_SESSION_ID': 'this-is-deprecated', 'VSCODE_RESOLVING_ENVIRONMENT': '1', 'PATH': '/opt/ros/jazzy/opt/gz_msgs_vendor/bin:/opt/ros/jazzy/opt/gz_tools_vendor/bin:/opt/ros/jazzy/bin:/home/pranav/miniconda3/bin:/home/pranav/miniconda3/condabin:/home/pranav/.local/bin:/usr/local/sbin:/usr/local/bin:/usr/sbin:/usr/bin:/sbin:/bin:/usr/games:/usr/local/games:/snap/bin:/snap/bin', 'SESSION_MANAGER': 'local/pranav:@/tmp/.ICE-unix/1842,unix/pranav:/tmp/.ICE-unix/1842', 'INVOCATION_ID': '590146e1c45742bfac1cf51aed2100c9', 'XDG_MENU_PREFIX': 'gnome-', 'GNOME_SETUP_DISPLAY': ':1', 'XDG_RUNTIME_DIR': '/run/user/1000', 'GDK_BACKEND': 'x11', 'DISPLAY': ':0', 'LANG': 'en_US.UTF-8', 'XDG_CURRENT_DESKTOP': 'Unity', 'XMODIFIERS': '@im=ibus', 'XDG_SESSION_DESKTOP': 'ubuntu', 'XAUTHORITY': '/run/user/1000/.mutter-Xwaylandauth.NJN892', 'LS_COLORS': '', 'SSH_AUTH_SOCK': '/run/user/1000/keyring/ssh', 'AMENT_PREFIX_PATH': '/opt/ros/jazzy', 'CONDA_PYTHON_EXE': '/home/pranav/miniconda3/bin/python', 'ORIGINAL_XDG_CURRENT_DESKTOP': 'ubuntu:GNOME', 'SHELL': '/bin/bash', 'QT_ACCESSIBILITY': '1', 'ELECTRON_RUN_AS_NODE': '1', 'GDMSESSION': 'ubuntu', 'LESSCLOSE': '/usr/bin/lesspipe %s %s', 'CONDA_DEFAULT_ENV': 'base', 'GJS_DEBUG_OUTPUT': 'stderr', 'ROS_AUTOMATIC_DISCOVERY_RANGE': 'SUBNET', 'QT_IM_MODULE': 'ibus', 'PWD': '/home/pranav/ros2_ws/build/fizzbuzz_interfaces', 'LC_ALL': 'en_US.UTF-8', 'XDG_CONFIG_DIRS': '/etc/xdg/xdg-ubuntu:/etc/xdg', 'CONDA_EXE': '/home/pranav/miniconda3/bin/conda', 'VSCODE_CODE_CACHE_PATH': '/home/pranav/.config/Code/CachedData/2901c5ac6db8a986a5666c3af51ff804d05af0d4', 'XDG_DATA_DIRS': '/usr/share/ubuntu:/usr/share/gnome:/home/pranav/.local/share/flatpak/exports/share:/var/lib/flatpak/exports/share:/usr/local/share/:/usr/share/:/var/lib/snapd/desktop', 'PYTHONPATH': '/opt/ros/jazzy/lib/python3.12/site-packages', 'CONDA_PREFIX': '/home/pranav/miniconda3', 'COLCON': '1', 'MEMORY_PRESSURE_WRITE': 'c29tZSAyMDAwMDAgMjAwMDAwMAA=', 'ELECTRON_NO_ATTACH_CONSOLE': '1', 'CMAKE_PREFIX_PATH': '/opt/ros/jazzy/opt/gz_transport_vendor:/opt/ros/jazzy/opt/gz_msgs_vendor:/opt/ros/jazzy/opt/gz_math_vendor:/opt/ros/jazzy/opt/gz_utils_vendor:/opt/ros/jazzy/opt/gz_tools_vendor:/opt/ros/jazzy/opt/gz_cmake_vendor:/opt/ros/jazzy', 'VSCODE_PID': '96473'}), 'shell': False}
[1.440351] (fizzbuzz_interfaces) StdoutLine: {'line': b'-- Install configuration: ""\n'}
[1.448660] (fizzbuzz_interfaces) StdoutLine: {'line': b'-- Up-to-date: /home/pranav/ros2_ws/install/fizzbuzz_interfaces/include/fizzbuzz_interfaces/fizzbuzz_interfaces\n'}
[1.448764] (fizzbuzz_interfaces) StdoutLine: {'line': b'-- Up-to-date: /home/pranav/ros2_ws/install/fizzbuzz_interfaces/include/fizzbuzz_interfaces/fizzbuzz_interfaces/msg\n'}
[1.448847] (fizzbuzz_interfaces) StdoutLine: {'line': b'-- Up-to-date: /home/pranav/ros2_ws/install/fizzbuzz_interfaces/include/fizzbuzz_interfaces/fizzbuzz_interfaces/msg/detail\n'}
[1.448886] (fizzbuzz_interfaces) StdoutLine: {'line': b'-- Up-to-date: /home/pranav/ros2_ws/install/fizzbuzz_interfaces/include/fizzbuzz_interfaces/fizzbuzz_interfaces/msg/detail/fizz_buzz__type_support.c\n'}
[1.448922] (fizzbuzz_interfaces) StdoutLine: {'line': b'-- Up-to-date: /home/pranav/ros2_ws/install/fizzbuzz_interfaces/include/fizzbuzz_interfaces/fizzbuzz_interfaces/msg/detail/fizz_buzz__functions.c\n'}
[1.448955] (fizzbuzz_interfaces) StdoutLine: {'line': b'-- Up-to-date: /home/pranav/ros2_ws/install/fizzbuzz_interfaces/include/fizzbuzz_interfaces/fizzbuzz_interfaces/msg/detail/fizz_buzz__description.c\n'}
[1.448987] (fizzbuzz_interfaces) StdoutLine: {'line': b'-- Up-to-date: /home/pranav/ros2_ws/install/fizzbuzz_interfaces/lib/libfizzbuzz_interfaces__rosidl_generator_c.so\n'}
[1.449019] (fizzbuzz_interfaces) StdoutLine: {'line': b'-- Up-to-date: /home/pranav/ros2_ws/install/fizzbuzz_interfaces/include/fizzbuzz_interfaces/fizzbuzz_interfaces\n'}
[1.449049] (fizzbuzz_interfaces) StdoutLine: {'line': b'-- Up-to-date: /home/pranav/ros2_ws/install/fizzbuzz_interfaces/include/fizzbuzz_interfaces/fizzbuzz_interfaces/msg\n'}
[1.449080] (fizzbuzz_interfaces) StdoutLine: {'line': b'-- Up-to-date: /home/pranav/ros2_ws/install/fizzbuzz_interfaces/include/fizzbuzz_interfaces/fizzbuzz_interfaces/msg/detail\n'}
[1.449111] (fizzbuzz_interfaces) StdoutLine: {'line': b'-- Up-to-date: /home/pranav/ros2_ws/install/fizzbuzz_interfaces/lib/libfizzbuzz_interfaces__rosidl_typesupport_fastrtps_c.so\n'}
[1.449142] (fizzbuzz_interfaces) StdoutLine: {'line': b'-- Up-to-date: /home/pranav/ros2_ws/install/fizzbuzz_interfaces/include/fizzbuzz_interfaces/fizzbuzz_interfaces\n'}
[1.449183] (fizzbuzz_interfaces) StdoutLine: {'line': b'-- Up-to-date: /home/pranav/ros2_ws/install/fizzbuzz_interfaces/include/fizzbuzz_interfaces/fizzbuzz_interfaces/msg\n'}
[1.449215] (fizzbuzz_interfaces) StdoutLine: {'line': b'-- Up-to-date: /home/pranav/ros2_ws/install/fizzbuzz_interfaces/include/fizzbuzz_interfaces/fizzbuzz_interfaces/msg/detail\n'}
[1.449249] (fizzbuzz_interfaces) StdoutLine: {'line': b'-- Up-to-date: /home/pranav/ros2_ws/install/fizzbuzz_interfaces/include/fizzbuzz_interfaces/fizzbuzz_interfaces\n'}
[1.449280] (fizzbuzz_interfaces) StdoutLine: {'line': b'-- Up-to-date: /home/pranav/ros2_ws/install/fizzbuzz_interfaces/include/fizzbuzz_interfaces/fizzbuzz_interfaces/msg\n'}
[1.449310] (fizzbuzz_interfaces) StdoutLine: {'line': b'-- Up-to-date: /home/pranav/ros2_ws/install/fizzbuzz_interfaces/include/fizzbuzz_interfaces/fizzbuzz_interfaces/msg/detail\n'}
[1.449341] (fizzbuzz_interfaces) StdoutLine: {'line': b'-- Up-to-date: /home/pranav/ros2_ws/install/fizzbuzz_interfaces/include/fizzbuzz_interfaces/fizzbuzz_interfaces/msg/detail/dds_fastrtps\n'}
[1.449372] (fizzbuzz_interfaces) StdoutLine: {'line': b'-- Up-to-date: /home/pranav/ros2_ws/install/fizzbuzz_interfaces/lib/libfizzbuzz_interfaces__rosidl_typesupport_fastrtps_cpp.so\n'}
[1.449402] (fizzbuzz_interfaces) StdoutLine: {'line': b'-- Up-to-date: /home/pranav/ros2_ws/install/fizzbuzz_interfaces/include/fizzbuzz_interfaces/fizzbuzz_interfaces\n'}
[1.449432] (fizzbuzz_interfaces) StdoutLine: {'line': b'-- Up-to-date: /home/pranav/ros2_ws/install/fizzbuzz_interfaces/include/fizzbuzz_interfaces/fizzbuzz_interfaces/msg\n'}
[1.449462] (fizzbuzz_interfaces) StdoutLine: {'line': b'-- Up-to-date: /home/pranav/ros2_ws/install/fizzbuzz_interfaces/include/fizzbuzz_interfaces/fizzbuzz_interfaces/msg/detail\n'}
[1.449497] (fizzbuzz_interfaces) StdoutLine: {'line': b'-- Up-to-date: /home/pranav/ros2_ws/install/fizzbuzz_interfaces/include/fizzbuzz_interfaces/fizzbuzz_interfaces/msg/detail/fizz_buzz__type_support.c\n'}
[1.451581] (fizzbuzz_interfaces) StdoutLine: {'line': b'-- Up-to-date: /home/pranav/ros2_ws/install/fizzbuzz_interfaces/lib/libfizzbuzz_interfaces__rosidl_typesupport_introspection_c.so\n'}
[1.451663] (fizzbuzz_interfaces) StdoutLine: {'line': b'-- Up-to-date: /home/pranav/ros2_ws/install/fizzbuzz_interfaces/lib/libfizzbuzz_interfaces__rosidl_typesupport_c.so\n'}
[1.451703] (fizzbuzz_interfaces) StdoutLine: {'line': b'-- Up-to-date: /home/pranav/ros2_ws/install/fizzbuzz_interfaces/include/fizzbuzz_interfaces/fizzbuzz_interfaces\n'}
[1.451738] (fizzbuzz_interfaces) StdoutLine: {'line': b'-- Up-to-date: /home/pranav/ros2_ws/install/fizzbuzz_interfaces/include/fizzbuzz_interfaces/fizzbuzz_interfaces/msg\n'}
[1.451771] (fizzbuzz_interfaces) StdoutLine: {'line': b'-- Up-to-date: /home/pranav/ros2_ws/install/fizzbuzz_interfaces/include/fizzbuzz_interfaces/fizzbuzz_interfaces/msg/detail\n'}
[1.451908] (fizzbuzz_interfaces) StdoutLine: {'line': b'-- Up-to-date: /home/pranav/ros2_ws/install/fizzbuzz_interfaces/include/fizzbuzz_interfaces/fizzbuzz_interfaces/msg/detail/fizz_buzz__type_support.cpp\n'}
[1.451957] (fizzbuzz_interfaces) StdoutLine: {'line': b'-- Up-to-date: /home/pranav/ros2_ws/install/fizzbuzz_interfaces/lib/libfizzbuzz_interfaces__rosidl_typesupport_introspection_cpp.so\n'}
[1.451992] (fizzbuzz_interfaces) StdoutLine: {'line': b'-- Up-to-date: /home/pranav/ros2_ws/install/fizzbuzz_interfaces/lib/libfizzbuzz_interfaces__rosidl_typesupport_cpp.so\n'}
[1.452024] (fizzbuzz_interfaces) StdoutLine: {'line': b'-- Up-to-date: /home/pranav/ros2_ws/install/fizzbuzz_interfaces/lib/python3.13/site-packages/fizzbuzz_interfaces-0.0.0-py3.13.egg-info\n'}
[1.458711] (fizzbuzz_interfaces) StdoutLine: {'line': b'-- Installing: /home/pranav/ros2_ws/install/fizzbuzz_interfaces/lib/python3.13/site-packages/fizzbuzz_interfaces-0.0.0-py3.13.egg-info/PKG-INFO\n'}
[1.459010] (fizzbuzz_interfaces) StdoutLine: {'line': b'-- Installing: /home/pranav/ros2_ws/install/fizzbuzz_interfaces/lib/python3.13/site-packages/fizzbuzz_interfaces-0.0.0-py3.13.egg-info/dependency_links.txt\n'}
[1.459068] (fizzbuzz_interfaces) StdoutLine: {'line': b'-- Installing: /home/pranav/ros2_ws/install/fizzbuzz_interfaces/lib/python3.13/site-packages/fizzbuzz_interfaces-0.0.0-py3.13.egg-info/SOURCES.txt\n'}
[1.459106] (fizzbuzz_interfaces) StdoutLine: {'line': b'-- Installing: /home/pranav/ros2_ws/install/fizzbuzz_interfaces/lib/python3.13/site-packages/fizzbuzz_interfaces-0.0.0-py3.13.egg-info/top_level.txt\n'}
[1.459145] (fizzbuzz_interfaces) StdoutLine: {'line': b'-- Up-to-date: /home/pranav/ros2_ws/install/fizzbuzz_interfaces/lib/python3.13/site-packages/fizzbuzz_interfaces\n'}
[1.459178] (fizzbuzz_interfaces) StdoutLine: {'line': b'-- Up-to-date: /home/pranav/ros2_ws/install/fizzbuzz_interfaces/lib/python3.13/site-packages/fizzbuzz_interfaces/fizzbuzz_interfaces_s__rosidl_typesupport_introspection_c.so\n'}
[1.459223] (fizzbuzz_interfaces) StdoutLine: {'line': b'-- Up-to-date: /home/pranav/ros2_ws/install/fizzbuzz_interfaces/lib/python3.13/site-packages/fizzbuzz_interfaces/_fizzbuzz_interfaces_s.ep.rosidl_typesupport_c.c\n'}
[1.459256] (fizzbuzz_interfaces) StdoutLine: {'line': b'-- Up-to-date: /home/pranav/ros2_ws/install/fizzbuzz_interfaces/lib/python3.13/site-packages/fizzbuzz_interfaces/_fizzbuzz_interfaces_s.ep.rosidl_typesupport_introspection_c.c\n'}
[1.459287] (fizzbuzz_interfaces) StdoutLine: {'line': b'-- Up-to-date: /home/pranav/ros2_ws/install/fizzbuzz_interfaces/lib/python3.13/site-packages/fizzbuzz_interfaces/msg\n'}
[1.459321] (fizzbuzz_interfaces) StdoutLine: {'line': b'-- Up-to-date: /home/pranav/ros2_ws/install/fizzbuzz_interfaces/lib/python3.13/site-packages/fizzbuzz_interfaces/msg/_fizz_buzz_s.c\n'}
[1.459352] (fizzbuzz_interfaces) StdoutLine: {'line': b'-- Up-to-date: /home/pranav/ros2_ws/install/fizzbuzz_interfaces/lib/python3.13/site-packages/fizzbuzz_interfaces/msg/_fizz_buzz.py\n'}
[1.459382] (fizzbuzz_interfaces) StdoutLine: {'line': b'-- Up-to-date: /home/pranav/ros2_ws/install/fizzbuzz_interfaces/lib/python3.13/site-packages/fizzbuzz_interfaces/msg/__init__.py\n'}
[1.459412] (fizzbuzz_interfaces) StdoutLine: {'line': b'-- Up-to-date: /home/pranav/ros2_ws/install/fizzbuzz_interfaces/lib/python3.13/site-packages/fizzbuzz_interfaces/__init__.py\n'}
[1.459442] (fizzbuzz_interfaces) StdoutLine: {'line': b'-- Up-to-date: /home/pranav/ros2_ws/install/fizzbuzz_interfaces/lib/python3.13/site-packages/fizzbuzz_interfaces/fizzbuzz_interfaces_s__rosidl_typesupport_fastrtps_c.so\n'}
[1.459473] (fizzbuzz_interfaces) StdoutLine: {'line': b'-- Up-to-date: /home/pranav/ros2_ws/install/fizzbuzz_interfaces/lib/python3.13/site-packages/fizzbuzz_interfaces/_fizzbuzz_interfaces_s.ep.rosidl_typesupport_fastrtps_c.c\n'}
[1.459503] (fizzbuzz_interfaces) StdoutLine: {'line': b'-- Up-to-date: /home/pranav/ros2_ws/install/fizzbuzz_interfaces/lib/python3.13/site-packages/fizzbuzz_interfaces/fizzbuzz_interfaces_s__rosidl_typesupport_c.so\n'}
[1.518207] (-) TimerEvent: {}
[1.533656] (fizzbuzz_interfaces) StdoutLine: {'line': b"Listing '/home/pranav/ros2_ws/install/fizzbuzz_interfaces/lib/python3.13/site-packages/fizzbuzz_interfaces'...\n"}
[1.533780] (fizzbuzz_interfaces) StdoutLine: {'line': b"Listing '/home/pranav/ros2_ws/install/fizzbuzz_interfaces/lib/python3.13/site-packages/fizzbuzz_interfaces/msg'...\n"}
[1.547395] (fizzbuzz_interfaces) StdoutLine: {'line': b'-- Up-to-date: /home/pranav/ros2_ws/install/fizzbuzz_interfaces/lib/python3.13/site-packages/fizzbuzz_interfaces/fizzbuzz_interfaces_s__rosidl_typesupport_fastrtps_c.so\n'}
[1.558292] (fizzbuzz_interfaces) StdoutLine: {'line': b'-- Up-to-date: /home/pranav/ros2_ws/install/fizzbuzz_interfaces/lib/python3.13/site-packages/fizzbuzz_interfaces/fizzbuzz_interfaces_s__rosidl_typesupport_introspection_c.so\n'}
[1.558437] (fizzbuzz_interfaces) StdoutLine: {'line': b'-- Up-to-date: /home/pranav/ros2_ws/install/fizzbuzz_interfaces/lib/python3.13/site-packages/fizzbuzz_interfaces/fizzbuzz_interfaces_s__rosidl_typesupport_c.so\n'}
[1.558480] (fizzbuzz_interfaces) StdoutLine: {'line': b'-- Up-to-date: /home/pranav/ros2_ws/install/fizzbuzz_interfaces/lib/libfizzbuzz_interfaces__rosidl_generator_py.so\n'}
[1.558515] (fizzbuzz_interfaces) StdoutLine: {'line': b'-- Installing: /home/pranav/ros2_ws/install/fizzbuzz_interfaces/share/fizzbuzz_interfaces/package.dsv\n'}
[1.558547] (fizzbuzz_interfaces) StdoutLine: {'line': b'-- Up-to-date: /home/pranav/ros2_ws/install/fizzbuzz_interfaces/share/fizzbuzz_interfaces/cmake/export_fizzbuzz_interfaces__rosidl_generator_cExport.cmake\n'}
[1.558587] (fizzbuzz_interfaces) StdoutLine: {'line': b'-- Up-to-date: /home/pranav/ros2_ws/install/fizzbuzz_interfaces/share/fizzbuzz_interfaces/cmake/export_fizzbuzz_interfaces__rosidl_generator_cExport-noconfig.cmake\n'}
[1.558620] (fizzbuzz_interfaces) StdoutLine: {'line': b'-- Up-to-date: /home/pranav/ros2_ws/install/fizzbuzz_interfaces/share/fizzbuzz_interfaces/cmake/export_fizzbuzz_interfaces__rosidl_typesupport_fastrtps_cExport.cmake\n'}
[1.558651] (fizzbuzz_interfaces) StdoutLine: {'line': b'-- Up-to-date: /home/pranav/ros2_ws/install/fizzbuzz_interfaces/share/fizzbuzz_interfaces/cmake/export_fizzbuzz_interfaces__rosidl_typesupport_fastrtps_cExport-noconfig.cmake\n'}
[1.558682] (fizzbuzz_interfaces) StdoutLine: {'line': b'-- Up-to-date: /home/pranav/ros2_ws/install/fizzbuzz_interfaces/share/fizzbuzz_interfaces/cmake/export_fizzbuzz_interfaces__rosidl_generator_cppExport.cmake\n'}
[1.558713] (fizzbuzz_interfaces) StdoutLine: {'line': b'-- Up-to-date: /home/pranav/ros2_ws/install/fizzbuzz_interfaces/share/fizzbuzz_interfaces/cmake/export_fizzbuzz_interfaces__rosidl_typesupport_fastrtps_cppExport.cmake\n'}
[1.558744] (fizzbuzz_interfaces) StdoutLine: {'line': b'-- Up-to-date: /home/pranav/ros2_ws/install/fizzbuzz_interfaces/share/fizzbuzz_interfaces/cmake/export_fizzbuzz_interfaces__rosidl_typesupport_fastrtps_cppExport-noconfig.cmake\n'}
[1.558775] (fizzbuzz_interfaces) StdoutLine: {'line': b'-- Up-to-date: /home/pranav/ros2_ws/install/fizzbuzz_interfaces/share/fizzbuzz_interfaces/cmake/fizzbuzz_interfaces__rosidl_typesupport_introspection_cExport.cmake\n'}
[1.558957] (fizzbuzz_interfaces) StdoutLine: {'line': b'-- Up-to-date: /home/pranav/ros2_ws/install/fizzbuzz_interfaces/share/fizzbuzz_interfaces/cmake/fizzbuzz_interfaces__rosidl_typesupport_introspection_cExport-noconfig.cmake\n'}
[1.558993] (fizzbuzz_interfaces) StdoutLine: {'line': b'-- Up-to-date: /home/pranav/ros2_ws/install/fizzbuzz_interfaces/share/fizzbuzz_interfaces/cmake/fizzbuzz_interfaces__rosidl_typesupport_cExport.cmake\n'}
[1.559024] (fizzbuzz_interfaces) StdoutLine: {'line': b'-- Up-to-date: /home/pranav/ros2_ws/install/fizzbuzz_interfaces/share/fizzbuzz_interfaces/cmake/fizzbuzz_interfaces__rosidl_typesupport_cExport-noconfig.cmake\n'}
[1.559055] (fizzbuzz_interfaces) StdoutLine: {'line': b'-- Up-to-date: /home/pranav/ros2_ws/install/fizzbuzz_interfaces/share/fizzbuzz_interfaces/cmake/fizzbuzz_interfaces__rosidl_typesupport_introspection_cppExport.cmake\n'}
[1.559091] (fizzbuzz_interfaces) StdoutLine: {'line': b'-- Up-to-date: /home/pranav/ros2_ws/install/fizzbuzz_interfaces/share/fizzbuzz_interfaces/cmake/fizzbuzz_interfaces__rosidl_typesupport_introspection_cppExport-noconfig.cmake\n'}
[1.559123] (fizzbuzz_interfaces) StdoutLine: {'line': b'-- Up-to-date: /home/pranav/ros2_ws/install/fizzbuzz_interfaces/share/fizzbuzz_interfaces/cmake/fizzbuzz_interfaces__rosidl_typesupport_cppExport.cmake\n'}
[1.559155] (fizzbuzz_interfaces) StdoutLine: {'line': b'-- Up-to-date: /home/pranav/ros2_ws/install/fizzbuzz_interfaces/share/fizzbuzz_interfaces/cmake/fizzbuzz_interfaces__rosidl_typesupport_cppExport-noconfig.cmake\n'}
[1.559186] (fizzbuzz_interfaces) StdoutLine: {'line': b'-- Up-to-date: /home/pranav/ros2_ws/install/fizzbuzz_interfaces/share/fizzbuzz_interfaces/cmake/export_fizzbuzz_interfaces__rosidl_generator_pyExport.cmake\n'}
[1.559216] (fizzbuzz_interfaces) StdoutLine: {'line': b'-- Up-to-date: /home/pranav/ros2_ws/install/fizzbuzz_interfaces/share/fizzbuzz_interfaces/cmake/export_fizzbuzz_interfaces__rosidl_generator_pyExport-noconfig.cmake\n'}
[1.567990] (fizzbuzz_interfaces) CommandEnded: {'returncode': 0}
[1.606724] (fizzbuzz_interfaces) JobEnded: {'identifier': 'fizzbuzz_interfaces', 'rc': 0}
[1.607890] (webcam) JobStarted: {'identifier': 'webcam'}
[1.618289] (-) TimerEvent: {}
[1.718422] (-) TimerEvent: {}
[1.819293] (-) TimerEvent: {}
[1.921696] (-) TimerEvent: {}
[2.022766] (-) TimerEvent: {}
[2.123141] (-) TimerEvent: {}
[2.223738] (-) TimerEvent: {}
[2.276911] (pet) Command: {'cmd': ['/usr/bin/python3', '-W', 'ignore:setup.py install is deprecated', '-W', 'ignore:easy_install command is deprecated', 'setup.py', 'egg_info', '--egg-base', '../../build/pet', 'build', '--build-base', '/home/pranav/ros2_ws/build/pet/build', 'install', '--record', '/home/pranav/ros2_ws/build/pet/install.log', '--single-version-externally-managed', 'install_data'], 'cwd': '/home/pranav/ros2_ws/src/pet', 'env': {'GJS_DEBUG_TOPICS': 'JS ERROR;JS LOG', 'LESSOPEN': '| /usr/bin/lesspipe %s', 'VSCODE_CWD': '/home/pranav', 'VSCODE_ESM_ENTRYPOINT': 'vs/code/electron-utility/sharedProcess/sharedProcessMain', 'CONDA_PROMPT_MODIFIER': '(base)', 'USER': 'pranav', 'VSCODE_NLS_CONFIG': '{"userLocale":"en-us","osLocale":"en-us","resolvedLanguage":"en","defaultMessagesFile":"/usr/share/code/resources/app/out/nls.messages.json","locale":"en-us","availableLanguages":{}}', 'GZ_CONFIG_PATH': '/opt/ros/jazzy/opt/gz_transport_vendor/share/gz:/opt/ros/jazzy/opt/gz_msgs_vendor/share/gz', 'XDG_SESSION_TYPE': 'wayland', 'CLUTTER_DISABLE_MIPMAPPED_TEXT': '1', 'SHLVL': '1', 'LD_LIBRARY_PATH': '/opt/ros/jazzy/opt/rviz_ogre_vendor/lib:/opt/ros/jazzy/lib/aarch64-linux-gnu:/opt/ros/jazzy/opt/gz_transport_vendor/lib:/opt/ros/jazzy/opt/gz_msgs_vendor/lib:/opt/ros/jazzy/opt/gz_math_vendor/lib:/opt/ros/jazzy/opt/gz_utils_vendor/lib:/opt/ros/jazzy/opt/gz_tools_vendor/lib:/opt/ros/jazzy/opt/gz_cmake_vendor/lib:/opt/ros/jazzy/lib', 'HOME': '/home/pranav', 'CHROME_DESKTOP': 'code.desktop', 'CONDA_SHLVL': '1', 'OLDPWD': '/home/pranav', 'DESKTOP_SESSION': 'ubuntu', 'VSCODE_IPC_HOOK': '/run/user/1000/vscode-18e0a460-1.10-main.sock', 'GIO_LAUNCHED_DESKTOP_FILE': '/usr/share/applications/code.desktop', 'ROS_PYTHON_VERSION': '3', 'GNOME_SHELL_SESSION_MODE': 'ubuntu', 'GTK_MODULES': 'gail:atk-bridge', 'MANAGERPID': '1689', 'SYSTEMD_EXEC_PID': '1873', 'IM_CONFIG_CHECK_ENV': '1', 'GSM_SKIP_SSH_AGENT_WORKAROUND': 'true', 'DBUS_SESSION_BUS_ADDRESS': 'unix:path=/run/user/1000/bus', 'GIO_LAUNCHED_DESKTOP_FILE_PID': '96473', 'VSCODE_CRASH_REPORTER_PROCESS_TYPE': 'shared-process', 'DEBUGINFOD_URLS': 'https://debuginfod.ubuntu.com', 'IM_CONFIG_PHASE': '1', 'WAYLAND_DISPLAY': 'wayland-0', 'ROS_DISTRO': 'jazzy', 'LOGNAME': 'pranav', 'JOURNAL_STREAM': '8:16712', '_': '/usr/bin/colcon', 'ROS_VERSION': '2', 'MEMORY_PRESSURE_WATCH': '/sys/fs/cgroup/user.slice/user-1000.slice/user@1000.service/session.slice/org.gnome.Shell@wayland.service/memory.pressure', 'XDG_SESSION_CLASS': 'user', 'USERNAME': 'pranav', 'GNOME_DESKTOP_SESSION_ID': 'this-is-deprecated', 'VSCODE_RESOLVING_ENVIRONMENT': '1', 'PATH': '/opt/ros/jazzy/opt/gz_msgs_vendor/bin:/opt/ros/jazzy/opt/gz_tools_vendor/bin:/opt/ros/jazzy/bin:/home/pranav/miniconda3/bin:/home/pranav/miniconda3/condabin:/home/pranav/.local/bin:/usr/local/sbin:/usr/local/bin:/usr/sbin:/usr/bin:/sbin:/bin:/usr/games:/usr/local/games:/snap/bin:/snap/bin', 'SESSION_MANAGER': 'local/pranav:@/tmp/.ICE-unix/1842,unix/pranav:/tmp/.ICE-unix/1842', 'INVOCATION_ID': '590146e1c45742bfac1cf51aed2100c9', 'XDG_MENU_PREFIX': 'gnome-', 'GNOME_SETUP_DISPLAY': ':1', 'XDG_RUNTIME_DIR': '/run/user/1000', 'GDK_BACKEND': 'x11', 'DISPLAY': ':0', 'LANG': 'en_US.UTF-8', 'XDG_CURRENT_DESKTOP': 'Unity', 'XMODIFIERS': '@im=ibus', 'XDG_SESSION_DESKTOP': 'ubuntu', 'XAUTHORITY': '/run/user/1000/.mutter-Xwaylandauth.NJN892', 'LS_COLORS': '', 'SSH_AUTH_SOCK': '/run/user/1000/keyring/ssh', 'AMENT_PREFIX_PATH': '/opt/ros/jazzy', 'CONDA_PYTHON_EXE': '/home/pranav/miniconda3/bin/python', 'ORIGINAL_XDG_CURRENT_DESKTOP': 'ubuntu:GNOME', 'SHELL': '/bin/bash', 'QT_ACCESSIBILITY': '1', 'ELECTRON_RUN_AS_NODE': '1', 'GDMSESSION': 'ubuntu', 'LESSCLOSE': '/usr/bin/lesspipe %s %s', 'CONDA_DEFAULT_ENV': 'base', 'GJS_DEBUG_OUTPUT': 'stderr', 'ROS_AUTOMATIC_DISCOVERY_RANGE': 'SUBNET', 'QT_IM_MODULE': 'ibus', 'PWD': '/home/pranav/ros2_ws/build/pet', 'LC_ALL': 'en_US.UTF-8', 'XDG_CONFIG_DIRS': '/etc/xdg/xdg-ubuntu:/etc/xdg', 'CONDA_EXE': '/home/pranav/miniconda3/bin/conda', 'VSCODE_CODE_CACHE_PATH': '/home/pranav/.config/Code/CachedData/2901c5ac6db8a986a5666c3af51ff804d05af0d4', 'XDG_DATA_DIRS': '/usr/share/ubuntu:/usr/share/gnome:/home/pranav/.local/share/flatpak/exports/share:/var/lib/flatpak/exports/share:/usr/local/share/:/usr/share/:/var/lib/snapd/desktop', 'PYTHONPATH': '/home/pranav/ros2_ws/build/pet/prefix_override:/usr/lib/python3/dist-packages/colcon_core/task/python/colcon_distutils_commands:/home/pranav/ros2_ws/install/pet/lib/python3.12/site-packages:/opt/ros/jazzy/lib/python3.12/site-packages', 'CONDA_PREFIX': '/home/pranav/miniconda3', 'COLCON': '1', 'MEMORY_PRESSURE_WRITE': 'c29tZSAyMDAwMDAgMjAwMDAwMAA=', 'ELECTRON_NO_ATTACH_CONSOLE': '1', 'CMAKE_PREFIX_PATH': '/opt/ros/jazzy/opt/gz_transport_vendor:/opt/ros/jazzy/opt/gz_msgs_vendor:/opt/ros/jazzy/opt/gz_math_vendor:/opt/ros/jazzy/opt/gz_utils_vendor:/opt/ros/jazzy/opt/gz_tools_vendor:/opt/ros/jazzy/opt/gz_cmake_vendor', 'VSCODE_PID': '96473'}, 'shell': False}
[2.323891] (-) TimerEvent: {}
[2.348236] (turtle_tag_game) Command: {'cmd': ['/usr/bin/python3', '-W', 'ignore:setup.py install is deprecated', '-W', 'ignore:easy_install command is deprecated', 'setup.py', 'egg_info', '--egg-base', '../../build/turtle_tag_game', 'build', '--build-base', '/home/pranav/ros2_ws/build/turtle_tag_game/build', 'install', '--record', '/home/pranav/ros2_ws/build/turtle_tag_game/install.log', '--single-version-externally-managed', 'install_data'], 'cwd': '/home/pranav/ros2_ws/src/turtle_tag_game', 'env': {'GJS_DEBUG_TOPICS': 'JS ERROR;JS LOG', 'LESSOPEN': '| /usr/bin/lesspipe %s', 'VSCODE_CWD': '/home/pranav', 'VSCODE_ESM_ENTRYPOINT': 'vs/code/electron-utility/sharedProcess/sharedProcessMain', 'CONDA_PROMPT_MODIFIER': '(base)', 'USER': 'pranav', 'VSCODE_NLS_CONFIG': '{"userLocale":"en-us","osLocale":"en-us","resolvedLanguage":"en","defaultMessagesFile":"/usr/share/code/resources/app/out/nls.messages.json","locale":"en-us","availableLanguages":{}}', 'GZ_CONFIG_PATH': '/opt/ros/jazzy/opt/gz_transport_vendor/share/gz:/opt/ros/jazzy/opt/gz_msgs_vendor/share/gz', 'XDG_SESSION_TYPE': 'wayland', 'CLUTTER_DISABLE_MIPMAPPED_TEXT': '1', 'SHLVL': '1', 'LD_LIBRARY_PATH': '/opt/ros/jazzy/opt/rviz_ogre_vendor/lib:/opt/ros/jazzy/lib/aarch64-linux-gnu:/opt/ros/jazzy/opt/gz_transport_vendor/lib:/opt/ros/jazzy/opt/gz_msgs_vendor/lib:/opt/ros/jazzy/opt/gz_math_vendor/lib:/opt/ros/jazzy/opt/gz_utils_vendor/lib:/opt/ros/jazzy/opt/gz_tools_vendor/lib:/opt/ros/jazzy/opt/gz_cmake_vendor/lib:/opt/ros/jazzy/lib', 'HOME': '/home/pranav', 'CHROME_DESKTOP': 'code.desktop', 'CONDA_SHLVL': '1', 'OLDPWD': '/home/pranav', 'DESKTOP_SESSION': 'ubuntu', 'VSCODE_IPC_HOOK': '/run/user/1000/vscode-18e0a460-1.10-main.sock', 'GIO_LAUNCHED_DESKTOP_FILE': '/usr/share/applications/code.desktop', 'ROS_PYTHON_VERSION': '3', 'GNOME_SHELL_SESSION_MODE': 'ubuntu', 'GTK_MODULES': 'gail:atk-bridge', 'MANAGERPID': '1689', 'SYSTEMD_EXEC_PID': '1873', 'IM_CONFIG_CHECK_ENV': '1', 'GSM_SKIP_SSH_AGENT_WORKAROUND': 'true', 'DBUS_SESSION_BUS_ADDRESS': 'unix:path=/run/user/1000/bus', 'GIO_LAUNCHED_DESKTOP_FILE_PID': '96473', 'VSCODE_CRASH_REPORTER_PROCESS_TYPE': 'shared-process', 'DEBUGINFOD_URLS': 'https://debuginfod.ubuntu.com', 'IM_CONFIG_PHASE': '1', 'WAYLAND_DISPLAY': 'wayland-0', 'ROS_DISTRO': 'jazzy', 'LOGNAME': 'pranav', 'JOURNAL_STREAM': '8:16712', '_': '/usr/bin/colcon', 'ROS_VERSION': '2', 'MEMORY_PRESSURE_WATCH': '/sys/fs/cgroup/user.slice/user-1000.slice/user@1000.service/session.slice/org.gnome.Shell@wayland.service/memory.pressure', 'XDG_SESSION_CLASS': 'user', 'USERNAME': 'pranav', 'GNOME_DESKTOP_SESSION_ID': 'this-is-deprecated', 'VSCODE_RESOLVING_ENVIRONMENT': '1', 'PATH': '/opt/ros/jazzy/opt/gz_msgs_vendor/bin:/opt/ros/jazzy/opt/gz_tools_vendor/bin:/opt/ros/jazzy/bin:/home/pranav/miniconda3/bin:/home/pranav/miniconda3/condabin:/home/pranav/.local/bin:/usr/local/sbin:/usr/local/bin:/usr/sbin:/usr/bin:/sbin:/bin:/usr/games:/usr/local/games:/snap/bin:/snap/bin', 'SESSION_MANAGER': 'local/pranav:@/tmp/.ICE-unix/1842,unix/pranav:/tmp/.ICE-unix/1842', 'INVOCATION_ID': '590146e1c45742bfac1cf51aed2100c9', 'XDG_MENU_PREFIX': 'gnome-', 'GNOME_SETUP_DISPLAY': ':1', 'XDG_RUNTIME_DIR': '/run/user/1000', 'GDK_BACKEND': 'x11', 'DISPLAY': ':0', 'LANG': 'en_US.UTF-8', 'XDG_CURRENT_DESKTOP': 'Unity', 'XMODIFIERS': '@im=ibus', 'XDG_SESSION_DESKTOP': 'ubuntu', 'XAUTHORITY': '/run/user/1000/.mutter-Xwaylandauth.NJN892', 'LS_COLORS': '', 'SSH_AUTH_SOCK': '/run/user/1000/keyring/ssh', 'AMENT_PREFIX_PATH': '/opt/ros/jazzy', 'CONDA_PYTHON_EXE': '/home/pranav/miniconda3/bin/python', 'ORIGINAL_XDG_CURRENT_DESKTOP': 'ubuntu:GNOME', 'SHELL': '/bin/bash', 'QT_ACCESSIBILITY': '1', 'ELECTRON_RUN_AS_NODE': '1', 'GDMSESSION': 'ubuntu', 'LESSCLOSE': '/usr/bin/lesspipe %s %s', 'CONDA_DEFAULT_ENV': 'base', 'GJS_DEBUG_OUTPUT': 'stderr', 'ROS_AUTOMATIC_DISCOVERY_RANGE': 'SUBNET', 'QT_IM_MODULE': 'ibus', 'PWD': '/home/pranav/ros2_ws/build/turtle_tag_game', 'LC_ALL': 'en_US.UTF-8', 'XDG_CONFIG_DIRS': '/etc/xdg/xdg-ubuntu:/etc/xdg', 'CONDA_EXE': '/home/pranav/miniconda3/bin/conda', 'VSCODE_CODE_CACHE_PATH': '/home/pranav/.config/Code/CachedData/2901c5ac6db8a986a5666c3af51ff804d05af0d4', 'XDG_DATA_DIRS': '/usr/share/ubuntu:/usr/share/gnome:/home/pranav/.local/share/flatpak/exports/share:/var/lib/flatpak/exports/share:/usr/local/share/:/usr/share/:/var/lib/snapd/desktop', 'PYTHONPATH': '/home/pranav/ros2_ws/build/turtle_tag_game/prefix_override:/usr/lib/python3/dist-packages/colcon_core/task/python/colcon_distutils_commands:/home/pranav/ros2_ws/install/turtle_tag_game/lib/python3.12/site-packages:/opt/ros/jazzy/lib/python3.12/site-packages', 'CONDA_PREFIX': '/home/pranav/miniconda3', 'COLCON': '1', 'MEMORY_PRESSURE_WRITE': 'c29tZSAyMDAwMDAgMjAwMDAwMAA=', 'ELECTRON_NO_ATTACH_CONSOLE': '1', 'CMAKE_PREFIX_PATH': '/opt/ros/jazzy/opt/gz_transport_vendor:/opt/ros/jazzy/opt/gz_msgs_vendor:/opt/ros/jazzy/opt/gz_math_vendor:/opt/ros/jazzy/opt/gz_utils_vendor:/opt/ros/jazzy/opt/gz_tools_vendor:/opt/ros/jazzy/opt/gz_cmake_vendor', 'VSCODE_PID': '96473'}, 'shell': False}
[2.424905] (-) TimerEvent: {}
[2.525056] (-) TimerEvent: {}
[2.571425] (pet) StdoutLine: {'line': b'running egg_info\n'}
[2.594912] (pet) StdoutLine: {'line': b'writing ../../build/pet/pet.egg-info/PKG-INFO\n'}
[2.595125] (pet) StdoutLine: {'line': b'writing dependency_links to ../../build/pet/pet.egg-info/dependency_links.txt\n'}
[2.595422] (pet) StdoutLine: {'line': b'writing entry points to ../../build/pet/pet.egg-info/entry_points.txt\n'}
[2.596723] (pet) StdoutLine: {'line': b'writing requirements to ../../build/pet/pet.egg-info/requires.txt\n'}
[2.597369] (pet) StdoutLine: {'line': b'writing top-level names to ../../build/pet/pet.egg-info/top_level.txt\n'}
[2.625251] (-) TimerEvent: {}
[2.650294] (pet) StdoutLine: {'line': b"reading manifest file '../../build/pet/pet.egg-info/SOURCES.txt'\n"}
[2.654396] (pet) StdoutLine: {'line': b"writing manifest file '../../build/pet/pet.egg-info/SOURCES.txt'\n"}
[2.654528] (pet) StdoutLine: {'line': b'running build\n'}
[2.654568] (pet) StdoutLine: {'line': b'running build_py\n'}
[2.656978] (pet) StdoutLine: {'line': b'running install\n'}
[2.669105] (drone) Command: {'cmd': ['/usr/bin/python3', '-W', 'ignore:setup.py install is deprecated', '-W', 'ignore:easy_install command is deprecated', 'setup.py', 'egg_info', '--egg-base', '../../build/drone', 'build', '--build-base', '/home/pranav/ros2_ws/build/drone/build', 'install', '--record', '/home/pranav/ros2_ws/build/drone/install.log', '--single-version-externally-managed', 'install_data'], 'cwd': '/home/pranav/ros2_ws/src/drone', 'env': {'GJS_DEBUG_TOPICS': 'JS ERROR;JS LOG', 'LESSOPEN': '| /usr/bin/lesspipe %s', 'VSCODE_CWD': '/home/pranav', 'VSCODE_ESM_ENTRYPOINT': 'vs/code/electron-utility/sharedProcess/sharedProcessMain', 'CONDA_PROMPT_MODIFIER': '(base)', 'USER': 'pranav', 'VSCODE_NLS_CONFIG': '{"userLocale":"en-us","osLocale":"en-us","resolvedLanguage":"en","defaultMessagesFile":"/usr/share/code/resources/app/out/nls.messages.json","locale":"en-us","availableLanguages":{}}', 'GZ_CONFIG_PATH': '/opt/ros/jazzy/opt/gz_transport_vendor/share/gz:/opt/ros/jazzy/opt/gz_msgs_vendor/share/gz', 'XDG_SESSION_TYPE': 'wayland', 'CLUTTER_DISABLE_MIPMAPPED_TEXT': '1', 'SHLVL': '1', 'LD_LIBRARY_PATH': '/opt/ros/jazzy/opt/rviz_ogre_vendor/lib:/opt/ros/jazzy/lib/aarch64-linux-gnu:/opt/ros/jazzy/opt/gz_transport_vendor/lib:/opt/ros/jazzy/opt/gz_msgs_vendor/lib:/opt/ros/jazzy/opt/gz_math_vendor/lib:/opt/ros/jazzy/opt/gz_utils_vendor/lib:/opt/ros/jazzy/opt/gz_tools_vendor/lib:/opt/ros/jazzy/opt/gz_cmake_vendor/lib:/opt/ros/jazzy/lib', 'HOME': '/home/pranav', 'CHROME_DESKTOP': 'code.desktop', 'CONDA_SHLVL': '1', 'OLDPWD': '/home/pranav', 'DESKTOP_SESSION': 'ubuntu', 'VSCODE_IPC_HOOK': '/run/user/1000/vscode-18e0a460-1.10-main.sock', 'GIO_LAUNCHED_DESKTOP_FILE': '/usr/share/applications/code.desktop', 'ROS_PYTHON_VERSION': '3', 'GNOME_SHELL_SESSION_MODE': 'ubuntu', 'GTK_MODULES': 'gail:atk-bridge', 'MANAGERPID': '1689', 'SYSTEMD_EXEC_PID': '1873', 'IM_CONFIG_CHECK_ENV': '1', 'GSM_SKIP_SSH_AGENT_WORKAROUND': 'true', 'DBUS_SESSION_BUS_ADDRESS': 'unix:path=/run/user/1000/bus', 'GIO_LAUNCHED_DESKTOP_FILE_PID': '96473', 'VSCODE_CRASH_REPORTER_PROCESS_TYPE': 'shared-process', 'DEBUGINFOD_URLS': 'https://debuginfod.ubuntu.com', 'IM_CONFIG_PHASE': '1', 'WAYLAND_DISPLAY': 'wayland-0', 'ROS_DISTRO': 'jazzy', 'LOGNAME': 'pranav', 'JOURNAL_STREAM': '8:16712', '_': '/usr/bin/colcon', 'ROS_VERSION': '2', 'MEMORY_PRESSURE_WATCH': '/sys/fs/cgroup/user.slice/user-1000.slice/user@1000.service/session.slice/org.gnome.Shell@wayland.service/memory.pressure', 'XDG_SESSION_CLASS': 'user', 'USERNAME': 'pranav', 'GNOME_DESKTOP_SESSION_ID': 'this-is-deprecated', 'VSCODE_RESOLVING_ENVIRONMENT': '1', 'PATH': '/opt/ros/jazzy/opt/gz_msgs_vendor/bin:/opt/ros/jazzy/opt/gz_tools_vendor/bin:/opt/ros/jazzy/bin:/home/pranav/miniconda3/bin:/home/pranav/miniconda3/condabin:/home/pranav/.local/bin:/usr/local/sbin:/usr/local/bin:/usr/sbin:/usr/bin:/sbin:/bin:/usr/games:/usr/local/games:/snap/bin:/snap/bin', 'SESSION_MANAGER': 'local/pranav:@/tmp/.ICE-unix/1842,unix/pranav:/tmp/.ICE-unix/1842', 'INVOCATION_ID': '590146e1c45742bfac1cf51aed2100c9', 'XDG_MENU_PREFIX': 'gnome-', 'GNOME_SETUP_DISPLAY': ':1', 'XDG_RUNTIME_DIR': '/run/user/1000', 'GDK_BACKEND': 'x11', 'DISPLAY': ':0', 'LANG': 'en_US.UTF-8', 'XDG_CURRENT_DESKTOP': 'Unity', 'XMODIFIERS': '@im=ibus', 'XDG_SESSION_DESKTOP': 'ubuntu', 'XAUTHORITY': '/run/user/1000/.mutter-Xwaylandauth.NJN892', 'LS_COLORS': '', 'SSH_AUTH_SOCK': '/run/user/1000/keyring/ssh', 'AMENT_PREFIX_PATH': '/opt/ros/jazzy', 'CONDA_PYTHON_EXE': '/home/pranav/miniconda3/bin/python', 'ORIGINAL_XDG_CURRENT_DESKTOP': 'ubuntu:GNOME', 'SHELL': '/bin/bash', 'QT_ACCESSIBILITY': '1', 'ELECTRON_RUN_AS_NODE': '1', 'GDMSESSION': 'ubuntu', 'LESSCLOSE': '/usr/bin/lesspipe %s %s', 'CONDA_DEFAULT_ENV': 'base', 'GJS_DEBUG_OUTPUT': 'stderr', 'ROS_AUTOMATIC_DISCOVERY_RANGE': 'SUBNET', 'QT_IM_MODULE': 'ibus', 'PWD': '/home/pranav/ros2_ws/build/drone', 'LC_ALL': 'en_US.UTF-8', 'XDG_CONFIG_DIRS': '/etc/xdg/xdg-ubuntu:/etc/xdg', 'CONDA_EXE': '/home/pranav/miniconda3/bin/conda', 'VSCODE_CODE_CACHE_PATH': '/home/pranav/.config/Code/CachedData/2901c5ac6db8a986a5666c3af51ff804d05af0d4', 'XDG_DATA_DIRS': '/usr/share/ubuntu:/usr/share/gnome:/home/pranav/.local/share/flatpak/exports/share:/var/lib/flatpak/exports/share:/usr/local/share/:/usr/share/:/var/lib/snapd/desktop', 'PYTHONPATH': '/home/pranav/ros2_ws/build/drone/prefix_override:/usr/lib/python3/dist-packages/colcon_core/task/python/colcon_distutils_commands:/home/pranav/ros2_ws/install/drone/lib/python3.12/site-packages:/opt/ros/jazzy/lib/python3.12/site-packages', 'CONDA_PREFIX': '/home/pranav/miniconda3', 'COLCON': '1', 'MEMORY_PRESSURE_WRITE': 'c29tZSAyMDAwMDAgMjAwMDAwMAA=', 'ELECTRON_NO_ATTACH_CONSOLE': '1', 'CMAKE_PREFIX_PATH': '/opt/ros/jazzy/opt/gz_transport_vendor:/opt/ros/jazzy/opt/gz_msgs_vendor:/opt/ros/jazzy/opt/gz_math_vendor:/opt/ros/jazzy/opt/gz_utils_vendor:/opt/ros/jazzy/opt/gz_tools_vendor:/opt/ros/jazzy/opt/gz_cmake_vendor', 'VSCODE_PID': '96473'}, 'shell': False}
[2.676177] (pet) StdoutLine: {'line': b'running install_lib\n'}
[2.691512] (pet) StdoutLine: {'line': b'running install_data\n'}
[2.692114] (pet) StdoutLine: {'line': b'running install_egg_info\n'}
[2.693457] (turtle_tag_game) StdoutLine: {'line': b'running egg_info\n'}
[2.725387] (turtle_tag_game) StdoutLine: {'line': b'writing ../../build/turtle_tag_game/turtle_tag_game.egg-info/PKG-INFO\n'}
[2.726371] (-) TimerEvent: {}
[2.726424] (turtle_tag_game) StdoutLine: {'line': b'writing dependency_links to ../../build/turtle_tag_game/turtle_tag_game.egg-info/dependency_links.txt\n'}
[2.727435] (turtle_tag_game) StdoutLine: {'line': b'writing requirements to ../../build/turtle_tag_game/turtle_tag_game.egg-info/requires.txt\n'}
[2.729330] (turtle_tag_game) StdoutLine: {'line': b'writing top-level names to ../../build/turtle_tag_game/turtle_tag_game.egg-info/top_level.txt\n'}
[2.738955] (pet) StdoutLine: {'line': b"removing '/home/pranav/ros2_ws/install/pet/lib/python3.12/site-packages/pet-0.0.0-py3.12.egg-info' (and everything under it)\n"}
[2.739051] (pet) StdoutLine: {'line': b'Copying ../../build/pet/pet.egg-info to /home/pranav/ros2_ws/install/pet/lib/python3.12/site-packages/pet-0.0.0-py3.12.egg-info\n'}
[2.739091] (pet) StdoutLine: {'line': b'running install_scripts\n'}
[2.770340] (turtle_tag_game) StdoutLine: {'line': b"reading manifest file '../../build/turtle_tag_game/turtle_tag_game.egg-info/SOURCES.txt'\n"}
[2.771641] (turtle_tag_game) StdoutLine: {'line': b"writing manifest file '../../build/turtle_tag_game/turtle_tag_game.egg-info/SOURCES.txt'\n"}
[2.776580] (turtle_tag_game) StdoutLine: {'line': b'running build\n'}
[2.776676] (turtle_tag_game) StdoutLine: {'line': b'running build_py\n'}
[2.776725] (turtle_tag_game) StdoutLine: {'line': b'running install\n'}
[2.782763] (turtle_tag_game) StdoutLine: {'line': b'running install_lib\n'}
[2.803052] (turtle_tag_game) StdoutLine: {'line': b'running install_data\n'}
[2.803562] (turtle_tag_game) StdoutLine: {'line': b'running install_egg_info\n'}
[2.826525] (-) TimerEvent: {}
[2.828913] (turtle_tag_game) StdoutLine: {'line': b"removing '/home/pranav/ros2_ws/install/turtle_tag_game/lib/python3.12/site-packages/turtle_tag_game-0.0.0-py3.12.egg-info' (and everything under it)\n"}
[2.834053] (turtle_tag_game) StdoutLine: {'line': b'Copying ../../build/turtle_tag_game/turtle_tag_game.egg-info to /home/pranav/ros2_ws/install/turtle_tag_game/lib/python3.12/site-packages/turtle_tag_game-0.0.0-py3.12.egg-info\n'}
[2.838978] (turtle_tag_game) StdoutLine: {'line': b'running install_scripts\n'}
[2.926624] (-) TimerEvent: {}
[3.028851] (-) TimerEvent: {}
[3.076547] (webcam) Command: {'cmd': ['/usr/bin/python3', '-W', 'ignore:setup.py install is deprecated', '-W', 'ignore:easy_install command is deprecated', 'setup.py', 'egg_info', '--egg-base', '../build/webcam', 'build', '--build-base', '/home/pranav/ros2_ws/build/webcam/build', 'install', '--record', '/home/pranav/ros2_ws/build/webcam/install.log', '--single-version-externally-managed', 'install_data'], 'cwd': '/home/pranav/ros2_ws/webcam', 'env': {'GJS_DEBUG_TOPICS': 'JS ERROR;JS LOG', 'LESSOPEN': '| /usr/bin/lesspipe %s', 'VSCODE_CWD': '/home/pranav', 'VSCODE_ESM_ENTRYPOINT': 'vs/code/electron-utility/sharedProcess/sharedProcessMain', 'CONDA_PROMPT_MODIFIER': '(base)', 'USER': 'pranav', 'VSCODE_NLS_CONFIG': '{"userLocale":"en-us","osLocale":"en-us","resolvedLanguage":"en","defaultMessagesFile":"/usr/share/code/resources/app/out/nls.messages.json","locale":"en-us","availableLanguages":{}}', 'GZ_CONFIG_PATH': '/opt/ros/jazzy/opt/gz_transport_vendor/share/gz:/opt/ros/jazzy/opt/gz_msgs_vendor/share/gz', 'XDG_SESSION_TYPE': 'wayland', 'CLUTTER_DISABLE_MIPMAPPED_TEXT': '1', 'SHLVL': '1', 'LD_LIBRARY_PATH': '/opt/ros/jazzy/opt/rviz_ogre_vendor/lib:/opt/ros/jazzy/lib/aarch64-linux-gnu:/opt/ros/jazzy/opt/gz_transport_vendor/lib:/opt/ros/jazzy/opt/gz_msgs_vendor/lib:/opt/ros/jazzy/opt/gz_math_vendor/lib:/opt/ros/jazzy/opt/gz_utils_vendor/lib:/opt/ros/jazzy/opt/gz_tools_vendor/lib:/opt/ros/jazzy/opt/gz_cmake_vendor/lib:/opt/ros/jazzy/lib', 'HOME': '/home/pranav', 'CHROME_DESKTOP': 'code.desktop', 'CONDA_SHLVL': '1', 'OLDPWD': '/home/pranav', 'DESKTOP_SESSION': 'ubuntu', 'VSCODE_IPC_HOOK': '/run/user/1000/vscode-18e0a460-1.10-main.sock', 'GIO_LAUNCHED_DESKTOP_FILE': '/usr/share/applications/code.desktop', 'ROS_PYTHON_VERSION': '3', 'GNOME_SHELL_SESSION_MODE': 'ubuntu', 'GTK_MODULES': 'gail:atk-bridge', 'MANAGERPID': '1689', 'SYSTEMD_EXEC_PID': '1873', 'IM_CONFIG_CHECK_ENV': '1', 'GSM_SKIP_SSH_AGENT_WORKAROUND': 'true', 'DBUS_SESSION_BUS_ADDRESS': 'unix:path=/run/user/1000/bus', 'GIO_LAUNCHED_DESKTOP_FILE_PID': '96473', 'VSCODE_CRASH_REPORTER_PROCESS_TYPE': 'shared-process', 'DEBUGINFOD_URLS': 'https://debuginfod.ubuntu.com', 'IM_CONFIG_PHASE': '1', 'WAYLAND_DISPLAY': 'wayland-0', 'ROS_DISTRO': 'jazzy', 'LOGNAME': 'pranav', 'JOURNAL_STREAM': '8:16712', '_': '/usr/bin/colcon', 'ROS_VERSION': '2', 'MEMORY_PRESSURE_WATCH': '/sys/fs/cgroup/user.slice/user-1000.slice/user@1000.service/session.slice/org.gnome.Shell@wayland.service/memory.pressure', 'XDG_SESSION_CLASS': 'user', 'USERNAME': 'pranav', 'GNOME_DESKTOP_SESSION_ID': 'this-is-deprecated', 'VSCODE_RESOLVING_ENVIRONMENT': '1', 'PATH': '/opt/ros/jazzy/opt/gz_msgs_vendor/bin:/opt/ros/jazzy/opt/gz_tools_vendor/bin:/opt/ros/jazzy/bin:/home/pranav/miniconda3/bin:/home/pranav/miniconda3/condabin:/home/pranav/.local/bin:/usr/local/sbin:/usr/local/bin:/usr/sbin:/usr/bin:/sbin:/bin:/usr/games:/usr/local/games:/snap/bin:/snap/bin', 'SESSION_MANAGER': 'local/pranav:@/tmp/.ICE-unix/1842,unix/pranav:/tmp/.ICE-unix/1842', 'INVOCATION_ID': '590146e1c45742bfac1cf51aed2100c9', 'XDG_MENU_PREFIX': 'gnome-', 'GNOME_SETUP_DISPLAY': ':1', 'XDG_RUNTIME_DIR': '/run/user/1000', 'GDK_BACKEND': 'x11', 'DISPLAY': ':0', 'LANG': 'en_US.UTF-8', 'XDG_CURRENT_DESKTOP': 'Unity', 'XMODIFIERS': '@im=ibus', 'XDG_SESSION_DESKTOP': 'ubuntu', 'XAUTHORITY': '/run/user/1000/.mutter-Xwaylandauth.NJN892', 'LS_COLORS': '', 'SSH_AUTH_SOCK': '/run/user/1000/keyring/ssh', 'AMENT_PREFIX_PATH': '/opt/ros/jazzy', 'CONDA_PYTHON_EXE': '/home/pranav/miniconda3/bin/python', 'ORIGINAL_XDG_CURRENT_DESKTOP': 'ubuntu:GNOME', 'SHELL': '/bin/bash', 'QT_ACCESSIBILITY': '1', 'ELECTRON_RUN_AS_NODE': '1', 'GDMSESSION': 'ubuntu', 'LESSCLOSE': '/usr/bin/lesspipe %s %s', 'CONDA_DEFAULT_ENV': 'base', 'GJS_DEBUG_OUTPUT': 'stderr', 'ROS_AUTOMATIC_DISCOVERY_RANGE': 'SUBNET', 'QT_IM_MODULE': 'ibus', 'PWD': '/home/pranav/ros2_ws/build/webcam', 'LC_ALL': 'en_US.UTF-8', 'XDG_CONFIG_DIRS': '/etc/xdg/xdg-ubuntu:/etc/xdg', 'CONDA_EXE': '/home/pranav/miniconda3/bin/conda', 'VSCODE_CODE_CACHE_PATH': '/home/pranav/.config/Code/CachedData/2901c5ac6db8a986a5666c3af51ff804d05af0d4', 'XDG_DATA_DIRS': '/usr/share/ubuntu:/usr/share/gnome:/home/pranav/.local/share/flatpak/exports/share:/var/lib/flatpak/exports/share:/usr/local/share/:/usr/share/:/var/lib/snapd/desktop', 'PYTHONPATH': '/home/pranav/ros2_ws/build/webcam/prefix_override:/usr/lib/python3/dist-packages/colcon_core/task/python/colcon_distutils_commands:/home/pranav/ros2_ws/install/webcam/lib/python3.12/site-packages:/opt/ros/jazzy/lib/python3.12/site-packages', 'CONDA_PREFIX': '/home/pranav/miniconda3', 'COLCON': '1', 'MEMORY_PRESSURE_WRITE': 'c29tZSAyMDAwMDAgMjAwMDAwMAA=', 'ELECTRON_NO_ATTACH_CONSOLE': '1', 'CMAKE_PREFIX_PATH': '/opt/ros/jazzy/opt/gz_transport_vendor:/opt/ros/jazzy/opt/gz_msgs_vendor:/opt/ros/jazzy/opt/gz_math_vendor:/opt/ros/jazzy/opt/gz_utils_vendor:/opt/ros/jazzy/opt/gz_tools_vendor:/opt/ros/jazzy/opt/gz_cmake_vendor', 'VSCODE_PID': '96473'}, 'shell': False}
[3.105965] (pet) StdoutLine: {'line': b'Installing pose_subscriber script to /home/pranav/ros2_ws/install/pet/lib/pet\n'}
[3.107138] (pet) StdoutLine: {'line': b'Installing turtle_controller script to /home/pranav/ros2_ws/install/pet/lib/pet\n'}
[3.108211] (pet) StdoutLine: {'line': b"writing list of installed files to '/home/pranav/ros2_ws/build/pet/install.log'\n"}
[3.129514] (-) TimerEvent: {}
[3.183716] (turtle_tag_game) StdoutLine: {'line': b"writing list of installed files to '/home/pranav/ros2_ws/build/turtle_tag_game/install.log'\n"}
[3.188080] (pet) CommandEnded: {'returncode': 0}
[3.202343] (pet) JobEnded: {'identifier': 'pet', 'rc': 0}
[3.203412] (fizzbuzz) JobStarted: {'identifier': 'fizzbuzz'}
[3.231882] (-) TimerEvent: {}
[3.334865] (-) TimerEvent: {}
[3.435175] (-) TimerEvent: {}
[3.499335] (drone) StdoutLine: {'line': b'running egg_info\n'}
[3.499454] (drone) StdoutLine: {'line': b'writing ../../build/drone/drone.egg-info/PKG-INFO\n'}
[3.499493] (drone) StdoutLine: {'line': b'writing dependency_links to ../../build/drone/drone.egg-info/dependency_links.txt\n'}
[3.499527] (drone) StdoutLine: {'line': b'writing entry points to ../../build/drone/drone.egg-info/entry_points.txt\n'}
[3.499559] (drone) StdoutLine: {'line': b'writing requirements to ../../build/drone/drone.egg-info/requires.txt\n'}
[3.499590] (drone) StdoutLine: {'line': b'writing top-level names to ../../build/drone/drone.egg-info/top_level.txt\n'}
[3.499621] (drone) StdoutLine: {'line': b"reading manifest file '../../build/drone/drone.egg-info/SOURCES.txt'\n"}
[3.499651] (drone) StdoutLine: {'line': b"writing manifest file '../../build/drone/drone.egg-info/SOURCES.txt'\n"}
[3.499681] (drone) StdoutLine: {'line': b'running build\n'}
[3.499711] (drone) StdoutLine: {'line': b'running build_py\n'}
[3.499741] (drone) StdoutLine: {'line': b'running install\n'}
[3.499771] (drone) StdoutLine: {'line': b'running install_lib\n'}
[3.499910] (drone) StdoutLine: {'line': b'running install_data\n'}
[3.499945] (drone) StdoutLine: {'line': b'running install_egg_info\n'}
[3.499974] (drone) StdoutLine: {'line': b"removing '/home/pranav/ros2_ws/install/drone/lib/python3.12/site-packages/drone-0.0.0-py3.12.egg-info' (and everything under it)\n"}
[3.500006] (drone) StdoutLine: {'line': b'Copying ../../build/drone/drone.egg-info to /home/pranav/ros2_ws/install/drone/lib/python3.12/site-packages/drone-0.0.0-py3.12.egg-info\n'}
[3.500037] (drone) StdoutLine: {'line': b'running install_scripts\n'}
[3.500069] (webcam) StdoutLine: {'line': b'running egg_info\n'}
[3.500116] (webcam) StdoutLine: {'line': b'writing ../build/webcam/webcam.egg-info/PKG-INFO\n'}
[3.500147] (webcam) StdoutLine: {'line': b'writing dependency_links to ../build/webcam/webcam.egg-info/dependency_links.txt\n'}
[3.500177] (webcam) StdoutLine: {'line': b'writing requirements to ../build/webcam/webcam.egg-info/requires.txt\n'}
[3.500208] (webcam) StdoutLine: {'line': b'writing top-level names to ../build/webcam/webcam.egg-info/top_level.txt\n'}
[3.500238] (webcam) StdoutLine: {'line': b"reading manifest file '../build/webcam/webcam.egg-info/SOURCES.txt'\n"}
[3.500268] (webcam) StdoutLine: {'line': b"writing manifest file '../build/webcam/webcam.egg-info/SOURCES.txt'\n"}
[3.500298] (webcam) StdoutLine: {'line': b'running build\n'}
[3.500327] (webcam) StdoutLine: {'line': b'running build_py\n'}
[3.500357] (webcam) StdoutLine: {'line': b'running install\n'}
[3.500386] (webcam) StdoutLine: {'line': b'running install_lib\n'}
[3.500416] (webcam) StdoutLine: {'line': b'running install_data\n'}
[3.500446] (webcam) StdoutLine: {'line': b'running install_egg_info\n'}
[3.500476] (webcam) StdoutLine: {'line': b"removing '/home/pranav/ros2_ws/install/webcam/lib/python3.12/site-packages/webcam-0.0.0-py3.12.egg-info' (and everything under it)\n"}
[3.500507] (webcam) StdoutLine: {'line': b'Copying ../build/webcam/webcam.egg-info to /home/pranav/ros2_ws/install/webcam/lib/python3.12/site-packages/webcam-0.0.0-py3.12.egg-info\n'}
[3.500536] (webcam) StdoutLine: {'line': b'running install_scripts\n'}
[3.509925] (turtle_tag_game) CommandEnded: {'returncode': 0}
[3.513051] (turtle_tag_game) JobEnded: {'identifier': 'turtle_tag_game', 'rc': 0}
[3.535267] (-) TimerEvent: {}
[3.567624] (webcam) StdoutLine: {'line': b"writing list of installed files to '/home/pranav/ros2_ws/build/webcam/install.log'\n"}
[3.572313] (drone) StdoutLine: {'line': b'Installing pathfinder script to /home/pranav/ros2_ws/install/drone/lib/drone\n'}
[3.572417] (drone) StdoutLine: {'line': b"writing list of installed files to '/home/pranav/ros2_ws/build/drone/install.log'\n"}
[3.604981] (drone) CommandEnded: {'returncode': 0}
[3.607528] (drone) JobEnded: {'identifier': 'drone', 'rc': 0}
[3.607732] (webcam) CommandEnded: {'returncode': 0}
[3.614945] (webcam) JobEnded: {'identifier': 'webcam', 'rc': 0}
[3.635418] (-) TimerEvent: {}
[3.735659] (-) TimerEvent: {}
[3.836038] (-) TimerEvent: {}
[3.937873] (-) TimerEvent: {}
[4.038036] (-) TimerEvent: {}
[4.110299] (fizzbuzz) Command: {'cmd': ['/usr/bin/python3', '-W', 'ignore:setup.py install is deprecated', '-W', 'ignore:easy_install command is deprecated', 'setup.py', 'egg_info', '--egg-base', '../../build/fizzbuzz', 'build', '--build-base', '/home/pranav/ros2_ws/build/fizzbuzz/build', 'install', '--record', '/home/pranav/ros2_ws/build/fizzbuzz/install.log', '--single-version-externally-managed', 'install_data'], 'cwd': '/home/pranav/ros2_ws/src/fizzbuzz', 'env': {'GJS_DEBUG_TOPICS': 'JS ERROR;JS LOG', 'LESSOPEN': '| /usr/bin/lesspipe %s', 'VSCODE_CWD': '/home/pranav', 'VSCODE_ESM_ENTRYPOINT': 'vs/code/electron-utility/sharedProcess/sharedProcessMain', 'CONDA_PROMPT_MODIFIER': '(base)', 'USER': 'pranav', 'VSCODE_NLS_CONFIG': '{"userLocale":"en-us","osLocale":"en-us","resolvedLanguage":"en","defaultMessagesFile":"/usr/share/code/resources/app/out/nls.messages.json","locale":"en-us","availableLanguages":{}}', 'GZ_CONFIG_PATH': '/opt/ros/jazzy/opt/gz_transport_vendor/share/gz:/opt/ros/jazzy/opt/gz_msgs_vendor/share/gz', 'XDG_SESSION_TYPE': 'wayland', 'CLUTTER_DISABLE_MIPMAPPED_TEXT': '1', 'SHLVL': '1', 'LD_LIBRARY_PATH': '/home/pranav/ros2_ws/install/fizzbuzz_interfaces/lib:/opt/ros/jazzy/opt/rviz_ogre_vendor/lib:/opt/ros/jazzy/lib/aarch64-linux-gnu:/opt/ros/jazzy/opt/gz_transport_vendor/lib:/opt/ros/jazzy/opt/gz_msgs_vendor/lib:/opt/ros/jazzy/opt/gz_math_vendor/lib:/opt/ros/jazzy/opt/gz_utils_vendor/lib:/opt/ros/jazzy/opt/gz_tools_vendor/lib:/opt/ros/jazzy/opt/gz_cmake_vendor/lib:/opt/ros/jazzy/lib', 'HOME': '/home/pranav', 'CHROME_DESKTOP': 'code.desktop', 'CONDA_SHLVL': '1', 'OLDPWD': '/home/pranav', 'DESKTOP_SESSION': 'ubuntu', 'VSCODE_IPC_HOOK': '/run/user/1000/vscode-18e0a460-1.10-main.sock', 'GIO_LAUNCHED_DESKTOP_FILE': '/usr/share/applications/code.desktop', 'ROS_PYTHON_VERSION': '3', 'GNOME_SHELL_SESSION_MODE': 'ubuntu', 'GTK_MODULES': 'gail:atk-bridge', 'MANAGERPID': '1689', 'SYSTEMD_EXEC_PID': '1873', 'IM_CONFIG_CHECK_ENV': '1', 'GSM_SKIP_SSH_AGENT_WORKAROUND': 'true', 'DBUS_SESSION_BUS_ADDRESS': 'unix:path=/run/user/1000/bus', 'GIO_LAUNCHED_DESKTOP_FILE_PID': '96473', 'VSCODE_CRASH_REPORTER_PROCESS_TYPE': 'shared-process', 'DEBUGINFOD_URLS': 'https://debuginfod.ubuntu.com', 'IM_CONFIG_PHASE': '1', 'WAYLAND_DISPLAY': 'wayland-0', 'ROS_DISTRO': 'jazzy', 'LOGNAME': 'pranav', 'JOURNAL_STREAM': '8:16712', '_': '/usr/bin/colcon', 'ROS_VERSION': '2', 'MEMORY_PRESSURE_WATCH': '/sys/fs/cgroup/user.slice/user-1000.slice/user@1000.service/session.slice/org.gnome.Shell@wayland.service/memory.pressure', 'XDG_SESSION_CLASS': 'user', 'USERNAME': 'pranav', 'GNOME_DESKTOP_SESSION_ID': 'this-is-deprecated', 'VSCODE_RESOLVING_ENVIRONMENT': '1', 'PATH': '/opt/ros/jazzy/opt/gz_msgs_vendor/bin:/opt/ros/jazzy/opt/gz_tools_vendor/bin:/opt/ros/jazzy/bin:/home/pranav/miniconda3/bin:/home/pranav/miniconda3/condabin:/home/pranav/.local/bin:/usr/local/sbin:/usr/local/bin:/usr/sbin:/usr/bin:/sbin:/bin:/usr/games:/usr/local/games:/snap/bin:/snap/bin', 'SESSION_MANAGER': 'local/pranav:@/tmp/.ICE-unix/1842,unix/pranav:/tmp/.ICE-unix/1842', 'INVOCATION_ID': '590146e1c45742bfac1cf51aed2100c9', 'XDG_MENU_PREFIX': 'gnome-', 'GNOME_SETUP_DISPLAY': ':1', 'XDG_RUNTIME_DIR': '/run/user/1000', 'GDK_BACKEND': 'x11', 'DISPLAY': ':0', 'LANG': 'en_US.UTF-8', 'XDG_CURRENT_DESKTOP': 'Unity', 'XMODIFIERS': '@im=ibus', 'XDG_SESSION_DESKTOP': 'ubuntu', 'XAUTHORITY': '/run/user/1000/.mutter-Xwaylandauth.NJN892', 'LS_COLORS': '', 'SSH_AUTH_SOCK': '/run/user/1000/keyring/ssh', 'AMENT_PREFIX_PATH': '/home/pranav/ros2_ws/install/fizzbuzz_interfaces:/opt/ros/jazzy', 'CONDA_PYTHON_EXE': '/home/pranav/miniconda3/bin/python', 'ORIGINAL_XDG_CURRENT_DESKTOP': 'ubuntu:GNOME', 'SHELL': '/bin/bash', 'QT_ACCESSIBILITY': '1', 'ELECTRON_RUN_AS_NODE': '1', 'GDMSESSION': 'ubuntu', 'LESSCLOSE': '/usr/bin/lesspipe %s %s', 'CONDA_DEFAULT_ENV': 'base', 'GJS_DEBUG_OUTPUT': 'stderr', 'ROS_AUTOMATIC_DISCOVERY_RANGE': 'SUBNET', 'QT_IM_MODULE': 'ibus', 'PWD': '/home/pranav/ros2_ws/build/fizzbuzz', 'LC_ALL': 'en_US.UTF-8', 'XDG_CONFIG_DIRS': '/etc/xdg/xdg-ubuntu:/etc/xdg', 'CONDA_EXE': '/home/pranav/miniconda3/bin/conda', 'VSCODE_CODE_CACHE_PATH': '/home/pranav/.config/Code/CachedData/2901c5ac6db8a986a5666c3af51ff804d05af0d4', 'XDG_DATA_DIRS': '/usr/share/ubuntu:/usr/share/gnome:/home/pranav/.local/share/flatpak/exports/share:/var/lib/flatpak/exports/share:/usr/local/share/:/usr/share/:/var/lib/snapd/desktop', 'PYTHONPATH': '/home/pranav/ros2_ws/build/fizzbuzz/prefix_override:/usr/lib/python3/dist-packages/colcon_core/task/python/colcon_distutils_commands:/home/pranav/ros2_ws/install/fizzbuzz/lib/python3.12/site-packages:/home/pranav/ros2_ws/install/fizzbuzz_interfaces/lib/python3.13/site-packages:/home/pranav/ros2_ws/install/fizzbuzz_interfaces/lib/python3.12/site-packages:/opt/ros/jazzy/lib/python3.12/site-packages', 'CONDA_PREFIX': '/home/pranav/miniconda3', 'COLCON': '1', 'MEMORY_PRESSURE_WRITE': 'c29tZSAyMDAwMDAgMjAwMDAwMAA=', 'ELECTRON_NO_ATTACH_CONSOLE': '1', 'CMAKE_PREFIX_PATH': '/home/pranav/ros2_ws/install/fizzbuzz_interfaces:/opt/ros/jazzy/opt/gz_transport_vendor:/opt/ros/jazzy/opt/gz_msgs_vendor:/opt/ros/jazzy/opt/gz_math_vendor:/opt/ros/jazzy/opt/gz_utils_vendor:/opt/ros/jazzy/opt/gz_tools_vendor:/opt/ros/jazzy/opt/gz_cmake_vendor', 'VSCODE_PID': '96473'}, 'shell': False}
[4.138126] (-) TimerEvent: {}
[4.239912] (-) TimerEvent: {}
[4.330121] (fizzbuzz) StdoutLine: {'line': b'running egg_info\n'}
[4.340002] (-) TimerEvent: {}
[4.347119] (fizzbuzz) StdoutLine: {'line': b'writing ../../build/fizzbuzz/fizzbuzz.egg-info/PKG-INFO\n'}
[4.348166] (fizzbuzz) StdoutLine: {'line': b'writing dependency_links to ../../build/fizzbuzz/fizzbuzz.egg-info/dependency_links.txt\n'}
[4.348735] (fizzbuzz) StdoutLine: {'line': b'writing entry points to ../../build/fizzbuzz/fizzbuzz.egg-info/entry_points.txt\n'}
[4.349734] (fizzbuzz) StdoutLine: {'line': b'writing requirements to ../../build/fizzbuzz/fizzbuzz.egg-info/requires.txt\n'}
[4.352712] (fizzbuzz) StdoutLine: {'line': b'writing top-level names to ../../build/fizzbuzz/fizzbuzz.egg-info/top_level.txt\n'}
[4.380011] (fizzbuzz) StdoutLine: {'line': b"reading manifest file '../../build/fizzbuzz/fizzbuzz.egg-info/SOURCES.txt'\n"}
[4.381271] (fizzbuzz) StdoutLine: {'line': b"writing manifest file '../../build/fizzbuzz/fizzbuzz.egg-info/SOURCES.txt'\n"}
[4.382013] (fizzbuzz) StdoutLine: {'line': b'running build\n'}
[4.382970] (fizzbuzz) StdoutLine: {'line': b'running build_py\n'}
[4.383045] (fizzbuzz) StdoutLine: {'line': b'running install\n'}
[4.391027] (fizzbuzz) StdoutLine: {'line': b'running install_lib\n'}
[4.406943] (fizzbuzz) StdoutLine: {'line': b'running install_data\n'}
[4.407468] (fizzbuzz) StdoutLine: {'line': b'running install_egg_info\n'}
[4.423633] (fizzbuzz) StdoutLine: {'line': b"removing '/home/pranav/ros2_ws/install/fizzbuzz/lib/python3.12/site-packages/fizzbuzz-0.0.0-py3.12.egg-info' (and everything under it)\n"}
[4.428220] (fizzbuzz) StdoutLine: {'line': b'Copying ../../build/fizzbuzz/fizzbuzz.egg-info to /home/pranav/ros2_ws/install/fizzbuzz/lib/python3.12/site-packages/fizzbuzz-0.0.0-py3.12.egg-info\n'}
[4.428305] (fizzbuzz) StdoutLine: {'line': b'running install_scripts\n'}
[4.440093] (-) TimerEvent: {}
[4.544880] (-) TimerEvent: {}
[4.566715] (fizzbuzz) StdoutLine: {'line': b'Installing fizzbuzz_subscriber script to /home/pranav/ros2_ws/install/fizzbuzz/lib/fizzbuzz\n'}
[4.567498] (fizzbuzz) StdoutLine: {'line': b'Installing number_publisher script to /home/pranav/ros2_ws/install/fizzbuzz/lib/fizzbuzz\n'}
[4.568324] (fizzbuzz) StdoutLine: {'line': b"writing list of installed files to '/home/pranav/ros2_ws/build/fizzbuzz/install.log'\n"}
[4.594632] (fizzbuzz) CommandEnded: {'returncode': 0}
[4.601581] (fizzbuzz) JobEnded: {'identifier': 'fizzbuzz', 'rc': 0}
[4.602495] (-) EventReactorShutdown: {}
