[2.211s] Invoking command in '/home/firefox/Ros_ws-BWSI/src/drone': DEBUGINFOD_URLS=https://debuginfod.ubuntu.com PYTHONPATH=/home/firefox/Ros_ws-BWSI/build/drone/prefix_override:/usr/lib/python3/dist-packages/colcon_core/task/python/colcon_distutils_commands:/home/firefox/Ros_ws-BWSI/install/drone/lib/python3.12/site-packages:${PYTHONPATH} /usr/bin/python3 -W ignore:setup.py install is deprecated -W ignore:easy_install command is deprecated setup.py egg_info --egg-base ../../build/drone build --build-base /home/firefox/Ros_ws-BWSI/build/drone/build install --record /home/firefox/Ros_ws-BWSI/build/drone/install.log --single-version-externally-managed install_data
[2.784s] running egg_info
[2.844s] writing ../../build/drone/drone.egg-info/PKG-INFO
[2.844s] writing dependency_links to ../../build/drone/drone.egg-info/dependency_links.txt
[2.846s] writing entry points to ../../build/drone/drone.egg-info/entry_points.txt
[2.847s] writing requirements to ../../build/drone/drone.egg-info/requires.txt
[2.847s] writing top-level names to ../../build/drone/drone.egg-info/top_level.txt
[2.933s] reading manifest file '../../build/drone/drone.egg-info/SOURCES.txt'
[2.934s] writing manifest file '../../build/drone/drone.egg-info/SOURCES.txt'
[2.935s] running build
[2.935s] running build_py
[2.936s] copying drone/pathfinder.py -> /home/firefox/Ros_ws-BWSI/build/drone/build/lib/drone
[2.936s] running install
[2.950s] running install_lib
[2.995s] copying /home/firefox/Ros_ws-BWSI/build/drone/build/lib/drone/pathfinder.py -> /home/firefox/Ros_ws-BWSI/install/drone/lib/python3.12/site-packages/drone
[2.996s] byte-compiling /home/firefox/Ros_ws-BWSI/install/drone/lib/python3.12/site-packages/drone/pathfinder.py to pathfinder.cpython-312.pyc
[3.000s] running install_data
[3.000s] running install_egg_info
[3.042s] removing '/home/firefox/Ros_ws-BWSI/install/drone/lib/python3.12/site-packages/drone-0.0.0-py3.12.egg-info' (and everything under it)
[3.043s] Copying ../../build/drone/drone.egg-info to /home/firefox/Ros_ws-BWSI/install/drone/lib/python3.12/site-packages/drone-0.0.0-py3.12.egg-info
[3.045s] running install_scripts
[3.338s] Installing pathfinder script to /home/firefox/Ros_ws-BWSI/install/drone/lib/drone
[3.338s] writing list of installed files to '/home/firefox/Ros_ws-BWSI/build/drone/install.log'
[3.507s] Invoked command in '/home/firefox/Ros_ws-BWSI/src/drone' returned '0': DEBUGINFOD_URLS=https://debuginfod.ubuntu.com PYTHONPATH=/home/firefox/Ros_ws-BWSI/build/drone/prefix_override:/usr/lib/python3/dist-packages/colcon_core/task/python/colcon_distutils_commands:/home/firefox/Ros_ws-BWSI/install/drone/lib/python3.12/site-packages:${PYTHONPATH} /usr/bin/python3 -W ignore:setup.py install is deprecated -W ignore:easy_install command is deprecated setup.py egg_info --egg-base ../../build/drone build --build-base /home/firefox/Ros_ws-BWSI/build/drone/build install --record /home/firefox/Ros_ws-BWSI/build/drone/install.log --single-version-externally-managed install_data
