[0.601s] Invoking command in '/home/firefox/Ros_ws-BWSI/build/fizzbuzz_interfaces': CMAKE_PREFIX_PATH=${CMAKE_PREFIX_PATH}:/home/firefox/Ros_ws-BWSI/install/turtle_tag_game:/home/firefox/Ros_ws-BWSI/install/pet:/home/firefox/Ros_ws-BWSI/install/fizzbuzz:/home/firefox/Ros_ws-BWSI/install/drone:/home/firefox/camera_ws/install/uav:/opt/ros/jazzy DEBUGINFOD_URLS=https://debuginfod.ubuntu.com /usr/bin/cmake --build /home/firefox/Ros_ws-BWSI/build/fizzbuzz_interfaces -- -j4 -l4
[1.734s] [  2%] Built target fizzbuzz_interfaces__rosidl_generator_type_description
[1.735s] [  2%] Built target ament_cmake_python_copy_fizzbuzz_interfaces
[1.736s] [ 14%] Built target fizzbuzz_interfaces__cpp
[1.737s] [ 20%] Built target fizzbuzz_interfaces__rosidl_generator_c
[1.737s] [ 29%] Built target fizzbuzz_interfaces__rosidl_typesupport_fastrtps_cpp
[1.737s] [ 38%] Built target fizzbuzz_interfaces__rosidl_typesupport_introspection_c
[1.737s] [ 47%] Built target fizzbuzz_interfaces__rosidl_typesupport_c
[1.737s] [ 55%] Built target fizzbuzz_interfaces__rosidl_typesupport_introspection_cpp
[1.737s] [ 64%] Built target fizzbuzz_interfaces__rosidl_typesupport_cpp
[1.738s] [ 73%] Built target fizzbuzz_interfaces__rosidl_typesupport_fastrtps_c
[1.738s] [ 73%] Built target fizzbuzz_interfaces
[1.738s] [ 76%] Built target fizzbuzz_interfaces__py
[1.740s] [ 82%] Built target fizzbuzz_interfaces__rosidl_generator_py
[1.740s] [ 88%] Built target fizzbuzz_interfaces_s__rosidl_typesupport_fastrtps_c
[1.740s] [ 94%] Built target fizzbuzz_interfaces_s__rosidl_typesupport_introspection_c
[1.740s] [100%] Built target fizzbuzz_interfaces_s__rosidl_typesupport_c
[1.741s] running egg_info
[1.741s] writing fizzbuzz_interfaces.egg-info/PKG-INFO
[1.741s] writing dependency_links to fizzbuzz_interfaces.egg-info/dependency_links.txt
[1.741s] writing top-level names to fizzbuzz_interfaces.egg-info/top_level.txt
[1.741s] reading manifest file 'fizzbuzz_interfaces.egg-info/SOURCES.txt'
[1.741s] writing manifest file 'fizzbuzz_interfaces.egg-info/SOURCES.txt'
[1.742s] [100%] Built target ament_cmake_python_build_fizzbuzz_interfaces_egg
[1.742s] Invoked command in '/home/firefox/Ros_ws-BWSI/build/fizzbuzz_interfaces' returned '0': CMAKE_PREFIX_PATH=${CMAKE_PREFIX_PATH}:/home/firefox/Ros_ws-BWSI/install/turtle_tag_game:/home/firefox/Ros_ws-BWSI/install/pet:/home/firefox/Ros_ws-BWSI/install/fizzbuzz:/home/firefox/Ros_ws-BWSI/install/drone:/home/firefox/camera_ws/install/uav:/opt/ros/jazzy DEBUGINFOD_URLS=https://debuginfod.ubuntu.com /usr/bin/cmake --build /home/firefox/Ros_ws-BWSI/build/fizzbuzz_interfaces -- -j4 -l4
[1.764s] Invoking command in '/home/firefox/Ros_ws-BWSI/build/fizzbuzz_interfaces': CMAKE_PREFIX_PATH=${CMAKE_PREFIX_PATH}:/home/firefox/Ros_ws-BWSI/install/turtle_tag_game:/home/firefox/Ros_ws-BWSI/install/pet:/home/firefox/Ros_ws-BWSI/install/fizzbuzz:/home/firefox/Ros_ws-BWSI/install/drone:/home/firefox/camera_ws/install/uav:/opt/ros/jazzy DEBUGINFOD_URLS=https://debuginfod.ubuntu.com /usr/bin/cmake --install /home/firefox/Ros_ws-BWSI/build/fizzbuzz_interfaces
[2.187s] -- Install configuration: ""
[2.188s] -- Up-to-date: /home/firefox/Ros_ws-BWSI/install/fizzbuzz_interfaces/share/ament_index/resource_index/rosidl_interfaces/fizzbuzz_interfaces
[2.188s] -- Up-to-date: /home/firefox/Ros_ws-BWSI/install/fizzbuzz_interfaces/share/fizzbuzz_interfaces/msg/FizzBuzz.json
[2.188s] -- Up-to-date: /home/firefox/Ros_ws-BWSI/install/fizzbuzz_interfaces/include/fizzbuzz_interfaces/fizzbuzz_interfaces
[2.188s] -- Up-to-date: /home/firefox/Ros_ws-BWSI/install/fizzbuzz_interfaces/include/fizzbuzz_interfaces/fizzbuzz_interfaces/msg
[2.188s] -- Up-to-date: /home/firefox/Ros_ws-BWSI/install/fizzbuzz_interfaces/include/fizzbuzz_interfaces/fizzbuzz_interfaces/msg/rosidl_generator_c__visibility_control.h
[2.189s] -- Up-to-date: /home/firefox/Ros_ws-BWSI/install/fizzbuzz_interfaces/include/fizzbuzz_interfaces/fizzbuzz_interfaces/msg/detail
[2.189s] -- Up-to-date: /home/firefox/Ros_ws-BWSI/install/fizzbuzz_interfaces/include/fizzbuzz_interfaces/fizzbuzz_interfaces/msg/detail/fizz_buzz__functions.h
[2.189s] -- Up-to-date: /home/firefox/Ros_ws-BWSI/install/fizzbuzz_interfaces/include/fizzbuzz_interfaces/fizzbuzz_interfaces/msg/detail/fizz_buzz__struct.h
[2.189s] -- Up-to-date: /home/firefox/Ros_ws-BWSI/install/fizzbuzz_interfaces/include/fizzbuzz_interfaces/fizzbuzz_interfaces/msg/detail/fizz_buzz__functions.c
[2.189s] -- Up-to-date: /home/firefox/Ros_ws-BWSI/install/fizzbuzz_interfaces/include/fizzbuzz_interfaces/fizzbuzz_interfaces/msg/detail/fizz_buzz__type_support.h
[2.189s] -- Up-to-date: /home/firefox/Ros_ws-BWSI/install/fizzbuzz_interfaces/include/fizzbuzz_interfaces/fizzbuzz_interfaces/msg/detail/fizz_buzz__description.c
[2.189s] -- Up-to-date: /home/firefox/Ros_ws-BWSI/install/fizzbuzz_interfaces/include/fizzbuzz_interfaces/fizzbuzz_interfaces/msg/detail/fizz_buzz__type_support.c
[2.189s] -- Up-to-date: /home/firefox/Ros_ws-BWSI/install/fizzbuzz_interfaces/include/fizzbuzz_interfaces/fizzbuzz_interfaces/msg/fizz_buzz.h
[2.189s] -- Up-to-date: /home/firefox/Ros_ws-BWSI/install/fizzbuzz_interfaces/share/fizzbuzz_interfaces/environment/library_path.sh
[2.189s] -- Up-to-date: /home/firefox/Ros_ws-BWSI/install/fizzbuzz_interfaces/share/fizzbuzz_interfaces/environment/library_path.dsv
[2.190s] -- Up-to-date: /home/firefox/Ros_ws-BWSI/install/fizzbuzz_interfaces/lib/libfizzbuzz_interfaces__rosidl_generator_c.so
[2.190s] -- Up-to-date: /home/firefox/Ros_ws-BWSI/install/fizzbuzz_interfaces/include/fizzbuzz_interfaces/fizzbuzz_interfaces
[2.190s] -- Up-to-date: /home/firefox/Ros_ws-BWSI/install/fizzbuzz_interfaces/include/fizzbuzz_interfaces/fizzbuzz_interfaces/msg
[2.190s] -- Up-to-date: /home/firefox/Ros_ws-BWSI/install/fizzbuzz_interfaces/include/fizzbuzz_interfaces/fizzbuzz_interfaces/msg/rosidl_typesupport_fastrtps_c__visibility_control.h
[2.190s] -- Up-to-date: /home/firefox/Ros_ws-BWSI/install/fizzbuzz_interfaces/include/fizzbuzz_interfaces/fizzbuzz_interfaces/msg/detail
[2.190s] -- Up-to-date: /home/firefox/Ros_ws-BWSI/install/fizzbuzz_interfaces/include/fizzbuzz_interfaces/fizzbuzz_interfaces/msg/detail/fizz_buzz__rosidl_typesupport_fastrtps_c.h
[2.190s] -- Up-to-date: /home/firefox/Ros_ws-BWSI/install/fizzbuzz_interfaces/lib/libfizzbuzz_interfaces__rosidl_typesupport_fastrtps_c.so
[2.190s] -- Up-to-date: /home/firefox/Ros_ws-BWSI/install/fizzbuzz_interfaces/include/fizzbuzz_interfaces/fizzbuzz_interfaces
[2.190s] -- Up-to-date: /home/firefox/Ros_ws-BWSI/install/fizzbuzz_interfaces/include/fizzbuzz_interfaces/fizzbuzz_interfaces/msg
[2.190s] -- Up-to-date: /home/firefox/Ros_ws-BWSI/install/fizzbuzz_interfaces/include/fizzbuzz_interfaces/fizzbuzz_interfaces/msg/fizz_buzz.hpp
[2.191s] -- Up-to-date: /home/firefox/Ros_ws-BWSI/install/fizzbuzz_interfaces/include/fizzbuzz_interfaces/fizzbuzz_interfaces/msg/detail
[2.191s] -- Up-to-date: /home/firefox/Ros_ws-BWSI/install/fizzbuzz_interfaces/include/fizzbuzz_interfaces/fizzbuzz_interfaces/msg/detail/fizz_buzz__builder.hpp
[2.191s] -- Up-to-date: /home/firefox/Ros_ws-BWSI/install/fizzbuzz_interfaces/include/fizzbuzz_interfaces/fizzbuzz_interfaces/msg/detail/fizz_buzz__type_support.hpp
[2.191s] -- Up-to-date: /home/firefox/Ros_ws-BWSI/install/fizzbuzz_interfaces/include/fizzbuzz_interfaces/fizzbuzz_interfaces/msg/detail/fizz_buzz__struct.hpp
[2.191s] -- Up-to-date: /home/firefox/Ros_ws-BWSI/install/fizzbuzz_interfaces/include/fizzbuzz_interfaces/fizzbuzz_interfaces/msg/detail/fizz_buzz__traits.hpp
[2.191s] -- Up-to-date: /home/firefox/Ros_ws-BWSI/install/fizzbuzz_interfaces/include/fizzbuzz_interfaces/fizzbuzz_interfaces/msg/rosidl_generator_cpp__visibility_control.hpp
[2.191s] -- Up-to-date: /home/firefox/Ros_ws-BWSI/install/fizzbuzz_interfaces/include/fizzbuzz_interfaces/fizzbuzz_interfaces
[2.191s] -- Up-to-date: /home/firefox/Ros_ws-BWSI/install/fizzbuzz_interfaces/include/fizzbuzz_interfaces/fizzbuzz_interfaces/msg
[2.191s] -- Up-to-date: /home/firefox/Ros_ws-BWSI/install/fizzbuzz_interfaces/include/fizzbuzz_interfaces/fizzbuzz_interfaces/msg/detail
[2.191s] -- Up-to-date: /home/firefox/Ros_ws-BWSI/install/fizzbuzz_interfaces/include/fizzbuzz_interfaces/fizzbuzz_interfaces/msg/detail/dds_fastrtps
[2.192s] -- Up-to-date: /home/firefox/Ros_ws-BWSI/install/fizzbuzz_interfaces/include/fizzbuzz_interfaces/fizzbuzz_interfaces/msg/detail/fizz_buzz__rosidl_typesupport_fastrtps_cpp.hpp
[2.192s] -- Up-to-date: /home/firefox/Ros_ws-BWSI/install/fizzbuzz_interfaces/include/fizzbuzz_interfaces/fizzbuzz_interfaces/msg/rosidl_typesupport_fastrtps_cpp__visibility_control.h
[2.192s] -- Up-to-date: /home/firefox/Ros_ws-BWSI/install/fizzbuzz_interfaces/lib/libfizzbuzz_interfaces__rosidl_typesupport_fastrtps_cpp.so
[2.192s] -- Up-to-date: /home/firefox/Ros_ws-BWSI/install/fizzbuzz_interfaces/include/fizzbuzz_interfaces/fizzbuzz_interfaces
[2.192s] -- Up-to-date: /home/firefox/Ros_ws-BWSI/install/fizzbuzz_interfaces/include/fizzbuzz_interfaces/fizzbuzz_interfaces/msg
[2.192s] -- Up-to-date: /home/firefox/Ros_ws-BWSI/install/fizzbuzz_interfaces/include/fizzbuzz_interfaces/fizzbuzz_interfaces/msg/detail
[2.192s] -- Up-to-date: /home/firefox/Ros_ws-BWSI/install/fizzbuzz_interfaces/include/fizzbuzz_interfaces/fizzbuzz_interfaces/msg/detail/fizz_buzz__rosidl_typesupport_introspection_c.h
[2.193s] -- Up-to-date: /home/firefox/Ros_ws-BWSI/install/fizzbuzz_interfaces/include/fizzbuzz_interfaces/fizzbuzz_interfaces/msg/detail/fizz_buzz__type_support.c
[2.193s] -- Up-to-date: /home/firefox/Ros_ws-BWSI/install/fizzbuzz_interfaces/include/fizzbuzz_interfaces/fizzbuzz_interfaces/msg/rosidl_typesupport_introspection_c__visibility_control.h
[2.193s] -- Up-to-date: /home/firefox/Ros_ws-BWSI/install/fizzbuzz_interfaces/lib/libfizzbuzz_interfaces__rosidl_typesupport_introspection_c.so
[2.193s] -- Up-to-date: /home/firefox/Ros_ws-BWSI/install/fizzbuzz_interfaces/lib/libfizzbuzz_interfaces__rosidl_typesupport_c.so
[2.193s] -- Up-to-date: /home/firefox/Ros_ws-BWSI/install/fizzbuzz_interfaces/include/fizzbuzz_interfaces/fizzbuzz_interfaces
[2.193s] -- Up-to-date: /home/firefox/Ros_ws-BWSI/install/fizzbuzz_interfaces/include/fizzbuzz_interfaces/fizzbuzz_interfaces/msg
[2.194s] -- Up-to-date: /home/firefox/Ros_ws-BWSI/install/fizzbuzz_interfaces/include/fizzbuzz_interfaces/fizzbuzz_interfaces/msg/detail
[2.194s] -- Up-to-date: /home/firefox/Ros_ws-BWSI/install/fizzbuzz_interfaces/include/fizzbuzz_interfaces/fizzbuzz_interfaces/msg/detail/fizz_buzz__rosidl_typesupport_introspection_cpp.hpp
[2.194s] -- Up-to-date: /home/firefox/Ros_ws-BWSI/install/fizzbuzz_interfaces/include/fizzbuzz_interfaces/fizzbuzz_interfaces/msg/detail/fizz_buzz__type_support.cpp
[2.194s] -- Up-to-date: /home/firefox/Ros_ws-BWSI/install/fizzbuzz_interfaces/lib/libfizzbuzz_interfaces__rosidl_typesupport_introspection_cpp.so
[2.194s] -- Up-to-date: /home/firefox/Ros_ws-BWSI/install/fizzbuzz_interfaces/lib/libfizzbuzz_interfaces__rosidl_typesupport_cpp.so
[2.194s] -- Up-to-date: /home/firefox/Ros_ws-BWSI/install/fizzbuzz_interfaces/share/fizzbuzz_interfaces/environment/pythonpath.sh
[2.194s] -- Up-to-date: /home/firefox/Ros_ws-BWSI/install/fizzbuzz_interfaces/share/fizzbuzz_interfaces/environment/pythonpath.dsv
[2.194s] -- Up-to-date: /home/firefox/Ros_ws-BWSI/install/fizzbuzz_interfaces/lib/python3.12/site-packages/fizzbuzz_interfaces-0.0.0-py3.12.egg-info
[2.195s] -- Installing: /home/firefox/Ros_ws-BWSI/install/fizzbuzz_interfaces/lib/python3.12/site-packages/fizzbuzz_interfaces-0.0.0-py3.12.egg-info/dependency_links.txt
[2.195s] -- Installing: /home/firefox/Ros_ws-BWSI/install/fizzbuzz_interfaces/lib/python3.12/site-packages/fizzbuzz_interfaces-0.0.0-py3.12.egg-info/PKG-INFO
[2.195s] -- Installing: /home/firefox/Ros_ws-BWSI/install/fizzbuzz_interfaces/lib/python3.12/site-packages/fizzbuzz_interfaces-0.0.0-py3.12.egg-info/top_level.txt
[2.195s] -- Installing: /home/firefox/Ros_ws-BWSI/install/fizzbuzz_interfaces/lib/python3.12/site-packages/fizzbuzz_interfaces-0.0.0-py3.12.egg-info/SOURCES.txt
[2.195s] -- Up-to-date: /home/firefox/Ros_ws-BWSI/install/fizzbuzz_interfaces/lib/python3.12/site-packages/fizzbuzz_interfaces
[2.195s] -- Up-to-date: /home/firefox/Ros_ws-BWSI/install/fizzbuzz_interfaces/lib/python3.12/site-packages/fizzbuzz_interfaces/fizzbuzz_interfaces_s__rosidl_typesupport_introspection_c.so
[2.195s] -- Up-to-date: /home/firefox/Ros_ws-BWSI/install/fizzbuzz_interfaces/lib/python3.12/site-packages/fizzbuzz_interfaces/fizzbuzz_interfaces_s__rosidl_typesupport_c.so
[2.195s] -- Up-to-date: /home/firefox/Ros_ws-BWSI/install/fizzbuzz_interfaces/lib/python3.12/site-packages/fizzbuzz_interfaces/fizzbuzz_interfaces_s__rosidl_typesupport_fastrtps_c.so
[2.195s] -- Up-to-date: /home/firefox/Ros_ws-BWSI/install/fizzbuzz_interfaces/lib/python3.12/site-packages/fizzbuzz_interfaces/__init__.py
[2.195s] -- Up-to-date: /home/firefox/Ros_ws-BWSI/install/fizzbuzz_interfaces/lib/python3.12/site-packages/fizzbuzz_interfaces/_fizzbuzz_interfaces_s.ep.rosidl_typesupport_introspection_c.c
[2.195s] -- Up-to-date: /home/firefox/Ros_ws-BWSI/install/fizzbuzz_interfaces/lib/python3.12/site-packages/fizzbuzz_interfaces/msg
[2.196s] -- Up-to-date: /home/firefox/Ros_ws-BWSI/install/fizzbuzz_interfaces/lib/python3.12/site-packages/fizzbuzz_interfaces/msg/_fizz_buzz_s.c
[2.196s] -- Up-to-date: /home/firefox/Ros_ws-BWSI/install/fizzbuzz_interfaces/lib/python3.12/site-packages/fizzbuzz_interfaces/msg/__init__.py
[2.196s] -- Up-to-date: /home/firefox/Ros_ws-BWSI/install/fizzbuzz_interfaces/lib/python3.12/site-packages/fizzbuzz_interfaces/msg/_fizz_buzz.py
[2.196s] -- Up-to-date: /home/firefox/Ros_ws-BWSI/install/fizzbuzz_interfaces/lib/python3.12/site-packages/fizzbuzz_interfaces/_fizzbuzz_interfaces_s.ep.rosidl_typesupport_fastrtps_c.c
[2.196s] -- Up-to-date: /home/firefox/Ros_ws-BWSI/install/fizzbuzz_interfaces/lib/python3.12/site-packages/fizzbuzz_interfaces/_fizzbuzz_interfaces_s.ep.rosidl_typesupport_c.c
[2.196s] Listing '/home/firefox/Ros_ws-BWSI/install/fizzbuzz_interfaces/lib/python3.12/site-packages/fizzbuzz_interfaces'...
[2.196s] Listing '/home/firefox/Ros_ws-BWSI/install/fizzbuzz_interfaces/lib/python3.12/site-packages/fizzbuzz_interfaces/msg'...
[2.196s] -- Up-to-date: /home/firefox/Ros_ws-BWSI/install/fizzbuzz_interfaces/lib/python3.12/site-packages/fizzbuzz_interfaces/fizzbuzz_interfaces_s__rosidl_typesupport_fastrtps_c.so
[2.196s] -- Up-to-date: /home/firefox/Ros_ws-BWSI/install/fizzbuzz_interfaces/lib/python3.12/site-packages/fizzbuzz_interfaces/fizzbuzz_interfaces_s__rosidl_typesupport_introspection_c.so
[2.196s] -- Up-to-date: /home/firefox/Ros_ws-BWSI/install/fizzbuzz_interfaces/lib/python3.12/site-packages/fizzbuzz_interfaces/fizzbuzz_interfaces_s__rosidl_typesupport_c.so
[2.196s] -- Up-to-date: /home/firefox/Ros_ws-BWSI/install/fizzbuzz_interfaces/lib/libfizzbuzz_interfaces__rosidl_generator_py.so
[2.197s] -- Up-to-date: /home/firefox/Ros_ws-BWSI/install/fizzbuzz_interfaces/share/fizzbuzz_interfaces/msg/FizzBuzz.idl
[2.197s] -- Up-to-date: /home/firefox/Ros_ws-BWSI/install/fizzbuzz_interfaces/share/fizzbuzz_interfaces/msg/FizzBuzz.msg
[2.197s] -- Up-to-date: /home/firefox/Ros_ws-BWSI/install/fizzbuzz_interfaces/share/ament_index/resource_index/package_run_dependencies/fizzbuzz_interfaces
[2.197s] -- Up-to-date: /home/firefox/Ros_ws-BWSI/install/fizzbuzz_interfaces/share/ament_index/resource_index/parent_prefix_path/fizzbuzz_interfaces
[2.197s] -- Up-to-date: /home/firefox/Ros_ws-BWSI/install/fizzbuzz_interfaces/share/fizzbuzz_interfaces/environment/ament_prefix_path.sh
[2.197s] -- Up-to-date: /home/firefox/Ros_ws-BWSI/install/fizzbuzz_interfaces/share/fizzbuzz_interfaces/environment/ament_prefix_path.dsv
[2.197s] -- Up-to-date: /home/firefox/Ros_ws-BWSI/install/fizzbuzz_interfaces/share/fizzbuzz_interfaces/environment/path.sh
[2.197s] -- Up-to-date: /home/firefox/Ros_ws-BWSI/install/fizzbuzz_interfaces/share/fizzbuzz_interfaces/environment/path.dsv
[2.197s] -- Up-to-date: /home/firefox/Ros_ws-BWSI/install/fizzbuzz_interfaces/share/fizzbuzz_interfaces/local_setup.bash
[2.197s] -- Up-to-date: /home/firefox/Ros_ws-BWSI/install/fizzbuzz_interfaces/share/fizzbuzz_interfaces/local_setup.sh
[2.197s] -- Up-to-date: /home/firefox/Ros_ws-BWSI/install/fizzbuzz_interfaces/share/fizzbuzz_interfaces/local_setup.zsh
[2.198s] -- Up-to-date: /home/firefox/Ros_ws-BWSI/install/fizzbuzz_interfaces/share/fizzbuzz_interfaces/local_setup.dsv
[2.198s] -- Installing: /home/firefox/Ros_ws-BWSI/install/fizzbuzz_interfaces/share/fizzbuzz_interfaces/package.dsv
[2.198s] -- Up-to-date: /home/firefox/Ros_ws-BWSI/install/fizzbuzz_interfaces/share/ament_index/resource_index/packages/fizzbuzz_interfaces
[2.198s] -- Up-to-date: /home/firefox/Ros_ws-BWSI/install/fizzbuzz_interfaces/share/fizzbuzz_interfaces/cmake/export_fizzbuzz_interfaces__rosidl_generator_cExport.cmake
[2.198s] -- Up-to-date: /home/firefox/Ros_ws-BWSI/install/fizzbuzz_interfaces/share/fizzbuzz_interfaces/cmake/export_fizzbuzz_interfaces__rosidl_generator_cExport-noconfig.cmake
[2.198s] -- Up-to-date: /home/firefox/Ros_ws-BWSI/install/fizzbuzz_interfaces/share/fizzbuzz_interfaces/cmake/export_fizzbuzz_interfaces__rosidl_typesupport_fastrtps_cExport.cmake
[2.198s] -- Up-to-date: /home/firefox/Ros_ws-BWSI/install/fizzbuzz_interfaces/share/fizzbuzz_interfaces/cmake/export_fizzbuzz_interfaces__rosidl_typesupport_fastrtps_cExport-noconfig.cmake
[2.198s] -- Up-to-date: /home/firefox/Ros_ws-BWSI/install/fizzbuzz_interfaces/share/fizzbuzz_interfaces/cmake/export_fizzbuzz_interfaces__rosidl_generator_cppExport.cmake
[2.198s] -- Up-to-date: /home/firefox/Ros_ws-BWSI/install/fizzbuzz_interfaces/share/fizzbuzz_interfaces/cmake/export_fizzbuzz_interfaces__rosidl_typesupport_fastrtps_cppExport.cmake
[2.198s] -- Up-to-date: /home/firefox/Ros_ws-BWSI/install/fizzbuzz_interfaces/share/fizzbuzz_interfaces/cmake/export_fizzbuzz_interfaces__rosidl_typesupport_fastrtps_cppExport-noconfig.cmake
[2.199s] -- Up-to-date: /home/firefox/Ros_ws-BWSI/install/fizzbuzz_interfaces/share/fizzbuzz_interfaces/cmake/fizzbuzz_interfaces__rosidl_typesupport_introspection_cExport.cmake
[2.199s] -- Up-to-date: /home/firefox/Ros_ws-BWSI/install/fizzbuzz_interfaces/share/fizzbuzz_interfaces/cmake/fizzbuzz_interfaces__rosidl_typesupport_introspection_cExport-noconfig.cmake
[2.199s] -- Up-to-date: /home/firefox/Ros_ws-BWSI/install/fizzbuzz_interfaces/share/fizzbuzz_interfaces/cmake/fizzbuzz_interfaces__rosidl_typesupport_cExport.cmake
[2.199s] -- Up-to-date: /home/firefox/Ros_ws-BWSI/install/fizzbuzz_interfaces/share/fizzbuzz_interfaces/cmake/fizzbuzz_interfaces__rosidl_typesupport_cExport-noconfig.cmake
[2.199s] -- Up-to-date: /home/firefox/Ros_ws-BWSI/install/fizzbuzz_interfaces/share/fizzbuzz_interfaces/cmake/fizzbuzz_interfaces__rosidl_typesupport_introspection_cppExport.cmake
[2.199s] -- Up-to-date: /home/firefox/Ros_ws-BWSI/install/fizzbuzz_interfaces/share/fizzbuzz_interfaces/cmake/fizzbuzz_interfaces__rosidl_typesupport_introspection_cppExport-noconfig.cmake
[2.199s] -- Up-to-date: /home/firefox/Ros_ws-BWSI/install/fizzbuzz_interfaces/share/fizzbuzz_interfaces/cmake/fizzbuzz_interfaces__rosidl_typesupport_cppExport.cmake
[2.199s] -- Up-to-date: /home/firefox/Ros_ws-BWSI/install/fizzbuzz_interfaces/share/fizzbuzz_interfaces/cmake/fizzbuzz_interfaces__rosidl_typesupport_cppExport-noconfig.cmake
[2.199s] -- Up-to-date: /home/firefox/Ros_ws-BWSI/install/fizzbuzz_interfaces/share/fizzbuzz_interfaces/cmake/export_fizzbuzz_interfaces__rosidl_generator_pyExport.cmake
[2.199s] -- Up-to-date: /home/firefox/Ros_ws-BWSI/install/fizzbuzz_interfaces/share/fizzbuzz_interfaces/cmake/export_fizzbuzz_interfaces__rosidl_generator_pyExport-noconfig.cmake
[2.199s] -- Up-to-date: /home/firefox/Ros_ws-BWSI/install/fizzbuzz_interfaces/share/fizzbuzz_interfaces/cmake/rosidl_cmake-extras.cmake
[2.200s] -- Up-to-date: /home/firefox/Ros_ws-BWSI/install/fizzbuzz_interfaces/share/fizzbuzz_interfaces/cmake/ament_cmake_export_dependencies-extras.cmake
[2.200s] -- Up-to-date: /home/firefox/Ros_ws-BWSI/install/fizzbuzz_interfaces/share/fizzbuzz_interfaces/cmake/ament_cmake_export_include_directories-extras.cmake
[2.200s] -- Up-to-date: /home/firefox/Ros_ws-BWSI/install/fizzbuzz_interfaces/share/fizzbuzz_interfaces/cmake/ament_cmake_export_libraries-extras.cmake
[2.201s] -- Up-to-date: /home/firefox/Ros_ws-BWSI/install/fizzbuzz_interfaces/share/fizzbuzz_interfaces/cmake/ament_cmake_export_targets-extras.cmake
[2.201s] -- Up-to-date: /home/firefox/Ros_ws-BWSI/install/fizzbuzz_interfaces/share/fizzbuzz_interfaces/cmake/rosidl_cmake_export_typesupport_targets-extras.cmake
[2.201s] -- Up-to-date: /home/firefox/Ros_ws-BWSI/install/fizzbuzz_interfaces/share/fizzbuzz_interfaces/cmake/rosidl_cmake_export_typesupport_libraries-extras.cmake
[2.201s] -- Up-to-date: /home/firefox/Ros_ws-BWSI/install/fizzbuzz_interfaces/share/fizzbuzz_interfaces/cmake/fizzbuzz_interfacesConfig.cmake
[2.201s] -- Up-to-date: /home/firefox/Ros_ws-BWSI/install/fizzbuzz_interfaces/share/fizzbuzz_interfaces/cmake/fizzbuzz_interfacesConfig-version.cmake
[2.201s] -- Up-to-date: /home/firefox/Ros_ws-BWSI/install/fizzbuzz_interfaces/share/fizzbuzz_interfaces/package.xml
[2.241s] Invoked command in '/home/firefox/Ros_ws-BWSI/build/fizzbuzz_interfaces' returned '0': CMAKE_PREFIX_PATH=${CMAKE_PREFIX_PATH}:/home/firefox/Ros_ws-BWSI/install/turtle_tag_game:/home/firefox/Ros_ws-BWSI/install/pet:/home/firefox/Ros_ws-BWSI/install/fizzbuzz:/home/firefox/Ros_ws-BWSI/install/drone:/home/firefox/camera_ws/install/uav:/opt/ros/jazzy DEBUGINFOD_URLS=https://debuginfod.ubuntu.com /usr/bin/cmake --install /home/firefox/Ros_ws-BWSI/build/fizzbuzz_interfaces
