running egg_info
creating ../build/webcam/webcam.egg-info
writing ../build/webcam/webcam.egg-info/PKG-INFO
writing dependency_links to ../build/webcam/webcam.egg-info/dependency_links.txt
writing requirements to ../build/webcam/webcam.egg-info/requires.txt
writing top-level names to ../build/webcam/webcam.egg-info/top_level.txt
writing manifest file '../build/webcam/webcam.egg-info/SOURCES.txt'
reading manifest file '../build/webcam/webcam.egg-info/SOURCES.txt'
writing manifest file '../build/webcam/webcam.egg-info/SOURCES.txt'
running build
running build_py
creating /home/pranav/ros2_ws/build/webcam/build
creating /home/pranav/ros2_ws/build/webcam/build/lib
creating /home/pranav/ros2_ws/build/webcam/build/lib/webcam
copying webcam/__init__.py -> /home/pranav/ros2_ws/build/webcam/build/lib/webcam
running install
running install_lib
creating /home/pranav/ros2_ws/install/webcam/lib/python3.12/site-packages/webcam
copying /home/pranav/ros2_ws/build/webcam/build/lib/webcam/__init__.py -> /home/pranav/ros2_ws/install/webcam/lib/python3.12/site-packages/webcam
byte-compiling /home/pranav/ros2_ws/install/webcam/lib/python3.12/site-packages/webcam/__init__.py to __init__.cpython-312.pyc
running install_data
creating /home/pranav/ros2_ws/install/webcam/share/ament_index
creating /home/pranav/ros2_ws/install/webcam/share/ament_index/resource_index
creating /home/pranav/ros2_ws/install/webcam/share/ament_index/resource_index/packages
copying resource/webcam -> /home/pranav/ros2_ws/install/webcam/share/ament_index/resource_index/packages
copying package.xml -> /home/pranav/ros2_ws/install/webcam/share/webcam
running install_egg_info
Copying ../build/webcam/webcam.egg-info to /home/pranav/ros2_ws/install/webcam/lib/python3.12/site-packages/webcam-0.0.0-py3.12.egg-info
running install_scripts
writing list of installed files to '/home/pranav/ros2_ws/build/webcam/install.log'
