[0.366s] DEBUG:colcon:Command line arguments: ['/usr/bin/colcon', 'build']
[0.366s] DEBUG:colcon:Parsed command line arguments: Namespace(log_base=None, log_level=None, verb_name='build', build_base='build', install_base='install', merge_install=False, symlink_install=False, test_result_base=None, continue_on_error=False, executor='parallel', parallel_workers=4, event_handlers=None, ignore_user_meta=False, metas=['./colcon.meta'], base_paths=['.'], packages_ignore=None, packages_ignore_regex=None, paths=None, packages_up_to=None, packages_up_to_regex=None, packages_above=None, packages_above_and_dependencies=None, packages_above_depth=None, packages_select_by_dep=None, packages_skip_by_dep=None, packages_skip_up_to=None, packages_select_build_failed=False, packages_skip_build_finished=False, packages_select_test_failures=False, packages_skip_test_passed=False, packages_select=None, packages_skip=None, packages_select_regex=None, packages_skip_regex=None, packages_start=None, packages_end=None, allow_overriding=[], cmake_args=None, cmake_target=None, cmake_target_skip_unavailable=False, cmake_clean_cache=False, cmake_clean_first=False, cmake_force_configure=False, meson_args=[], ament_cmake_args=None, catkin_cmake_args=None, catkin_skip_building_tests=False, verb_parser=<colcon_defaults.argument_parser.defaults.DefaultArgumentsDecorator object at 0xffffb4980920>, verb_extension=<colcon_core.verb.build.BuildVerb object at 0xffffb565d3a0>, main=<bound method BuildVerb.main of <colcon_core.verb.build.BuildVerb object at 0xffffb565d3a0>>)
[0.433s] Level 1:colcon.colcon_core.package_discovery:discover_packages(colcon_meta) check parameters
[0.434s] Level 1:colcon.colcon_core.package_discovery:discover_packages(recursive) check parameters
[0.434s] Level 1:colcon.colcon_core.package_discovery:discover_packages(ignore) check parameters
[0.434s] Level 1:colcon.colcon_core.package_discovery:discover_packages(path) check parameters
[0.434s] Level 1:colcon.colcon_core.package_discovery:discover_packages(colcon_meta) discover
[0.434s] Level 1:colcon.colcon_core.package_discovery:discover_packages(recursive) discover
[0.434s] INFO:colcon.colcon_core.package_discovery:Crawling recursively for packages in '/home/firefox/Ros_ws-BWSI'
[0.434s] Level 1:colcon.colcon_core.package_identification:_identify(.) by extensions ['ignore', 'ignore_ament_install']
[0.434s] Level 1:colcon.colcon_core.package_identification:_identify(.) by extension 'ignore'
[0.434s] Level 1:colcon.colcon_core.package_identification:_identify(.) by extension 'ignore_ament_install'
[0.434s] Level 1:colcon.colcon_core.package_identification:_identify(.) by extensions ['colcon_pkg']
[0.434s] Level 1:colcon.colcon_core.package_identification:_identify(.) by extension 'colcon_pkg'
[0.434s] Level 1:colcon.colcon_core.package_identification:_identify(.) by extensions ['colcon_meta']
[0.435s] Level 1:colcon.colcon_core.package_identification:_identify(.) by extension 'colcon_meta'
[0.435s] Level 1:colcon.colcon_core.package_identification:_identify(.) by extensions ['ros']
[0.435s] Level 1:colcon.colcon_core.package_identification:_identify(.) by extension 'ros'
[0.513s] Level 1:colcon.colcon_core.package_identification:_identify(.) by extensions ['cmake', 'meson', 'python']
[0.513s] Level 1:colcon.colcon_core.package_identification:_identify(.) by extension 'cmake'
[0.513s] Level 1:colcon.colcon_core.package_identification:_identify(.) by extension 'meson'
[0.513s] Level 1:colcon.colcon_core.package_identification:_identify(.) by extension 'python'
[0.513s] Level 1:colcon.colcon_core.package_identification:_identify(.) by extensions ['python_setup_py']
[0.513s] Level 1:colcon.colcon_core.package_identification:_identify(.) by extension 'python_setup_py'
[0.514s] Level 1:colcon.colcon_core.package_identification:_identify(build) by extensions ['ignore', 'ignore_ament_install']
[0.514s] Level 1:colcon.colcon_core.package_identification:_identify(build) by extension 'ignore'
[0.514s] Level 1:colcon.colcon_core.package_identification:_identify(build) ignored
[0.514s] Level 1:colcon.colcon_core.package_identification:_identify(install) by extensions ['ignore', 'ignore_ament_install']
[0.514s] Level 1:colcon.colcon_core.package_identification:_identify(install) by extension 'ignore'
[0.514s] Level 1:colcon.colcon_core.package_identification:_identify(install) ignored
[0.514s] Level 1:colcon.colcon_core.package_identification:_identify(log) by extensions ['ignore', 'ignore_ament_install']
[0.514s] Level 1:colcon.colcon_core.package_identification:_identify(log) by extension 'ignore'
[0.514s] Level 1:colcon.colcon_core.package_identification:_identify(log) ignored
[0.514s] Level 1:colcon.colcon_core.package_identification:_identify(src) by extensions ['ignore', 'ignore_ament_install']
[0.515s] Level 1:colcon.colcon_core.package_identification:_identify(src) by extension 'ignore'
[0.515s] Level 1:colcon.colcon_core.package_identification:_identify(src) by extension 'ignore_ament_install'
[0.515s] Level 1:colcon.colcon_core.package_identification:_identify(src) by extensions ['colcon_pkg']
[0.515s] Level 1:colcon.colcon_core.package_identification:_identify(src) by extension 'colcon_pkg'
[0.515s] Level 1:colcon.colcon_core.package_identification:_identify(src) by extensions ['colcon_meta']
[0.515s] Level 1:colcon.colcon_core.package_identification:_identify(src) by extension 'colcon_meta'
[0.515s] Level 1:colcon.colcon_core.package_identification:_identify(src) by extensions ['ros']
[0.515s] Level 1:colcon.colcon_core.package_identification:_identify(src) by extension 'ros'
[0.515s] Level 1:colcon.colcon_core.package_identification:_identify(src) by extensions ['cmake', 'meson', 'python']
[0.515s] Level 1:colcon.colcon_core.package_identification:_identify(src) by extension 'cmake'
[0.515s] Level 1:colcon.colcon_core.package_identification:_identify(src) by extension 'meson'
[0.515s] Level 1:colcon.colcon_core.package_identification:_identify(src) by extension 'python'
[0.515s] Level 1:colcon.colcon_core.package_identification:_identify(src) by extensions ['python_setup_py']
[0.515s] Level 1:colcon.colcon_core.package_identification:_identify(src) by extension 'python_setup_py'
[0.515s] Level 1:colcon.colcon_core.package_identification:_identify(src/drone) by extensions ['ignore', 'ignore_ament_install']
[0.515s] Level 1:colcon.colcon_core.package_identification:_identify(src/drone) by extension 'ignore'
[0.515s] Level 1:colcon.colcon_core.package_identification:_identify(src/drone) by extension 'ignore_ament_install'
[0.516s] Level 1:colcon.colcon_core.package_identification:_identify(src/drone) by extensions ['colcon_pkg']
[0.516s] Level 1:colcon.colcon_core.package_identification:_identify(src/drone) by extension 'colcon_pkg'
[0.516s] Level 1:colcon.colcon_core.package_identification:_identify(src/drone) by extensions ['colcon_meta']
[0.516s] Level 1:colcon.colcon_core.package_identification:_identify(src/drone) by extension 'colcon_meta'
[0.516s] Level 1:colcon.colcon_core.package_identification:_identify(src/drone) by extensions ['ros']
[0.516s] Level 1:colcon.colcon_core.package_identification:_identify(src/drone) by extension 'ros'
[0.519s] DEBUG:colcon.colcon_core.package_identification:Package 'src/drone' with type 'ros.ament_python' and name 'drone'
[0.519s] Level 1:colcon.colcon_core.package_identification:_identify(src/fizzbuzz) by extensions ['ignore', 'ignore_ament_install']
[0.519s] Level 1:colcon.colcon_core.package_identification:_identify(src/fizzbuzz) by extension 'ignore'
[0.519s] Level 1:colcon.colcon_core.package_identification:_identify(src/fizzbuzz) by extension 'ignore_ament_install'
[0.519s] Level 1:colcon.colcon_core.package_identification:_identify(src/fizzbuzz) by extensions ['colcon_pkg']
[0.519s] Level 1:colcon.colcon_core.package_identification:_identify(src/fizzbuzz) by extension 'colcon_pkg'
[0.520s] Level 1:colcon.colcon_core.package_identification:_identify(src/fizzbuzz) by extensions ['colcon_meta']
[0.520s] Level 1:colcon.colcon_core.package_identification:_identify(src/fizzbuzz) by extension 'colcon_meta'
[0.520s] Level 1:colcon.colcon_core.package_identification:_identify(src/fizzbuzz) by extensions ['ros']
[0.520s] Level 1:colcon.colcon_core.package_identification:_identify(src/fizzbuzz) by extension 'ros'
[0.521s] DEBUG:colcon.colcon_core.package_identification:Package 'src/fizzbuzz' with type 'ros.ament_python' and name 'fizzbuzz'
[0.521s] Level 1:colcon.colcon_core.package_identification:_identify(src/fizzbuzz_interfaces) by extensions ['ignore', 'ignore_ament_install']
[0.521s] Level 1:colcon.colcon_core.package_identification:_identify(src/fizzbuzz_interfaces) by extension 'ignore'
[0.521s] Level 1:colcon.colcon_core.package_identification:_identify(src/fizzbuzz_interfaces) by extension 'ignore_ament_install'
[0.521s] Level 1:colcon.colcon_core.package_identification:_identify(src/fizzbuzz_interfaces) by extensions ['colcon_pkg']
[0.521s] Level 1:colcon.colcon_core.package_identification:_identify(src/fizzbuzz_interfaces) by extension 'colcon_pkg'
[0.521s] Level 1:colcon.colcon_core.package_identification:_identify(src/fizzbuzz_interfaces) by extensions ['colcon_meta']
[0.521s] Level 1:colcon.colcon_core.package_identification:_identify(src/fizzbuzz_interfaces) by extension 'colcon_meta'
[0.521s] Level 1:colcon.colcon_core.package_identification:_identify(src/fizzbuzz_interfaces) by extensions ['ros']
[0.521s] Level 1:colcon.colcon_core.package_identification:_identify(src/fizzbuzz_interfaces) by extension 'ros'
[0.522s] DEBUG:colcon.colcon_core.package_identification:Package 'src/fizzbuzz_interfaces' with type 'ros.ament_cmake' and name 'fizzbuzz_interfaces'
[0.522s] Level 1:colcon.colcon_core.package_identification:_identify(src/pet) by extensions ['ignore', 'ignore_ament_install']
[0.522s] Level 1:colcon.colcon_core.package_identification:_identify(src/pet) by extension 'ignore'
[0.523s] Level 1:colcon.colcon_core.package_identification:_identify(src/pet) by extension 'ignore_ament_install'
[0.523s] Level 1:colcon.colcon_core.package_identification:_identify(src/pet) by extensions ['colcon_pkg']
[0.523s] Level 1:colcon.colcon_core.package_identification:_identify(src/pet) by extension 'colcon_pkg'
[0.523s] Level 1:colcon.colcon_core.package_identification:_identify(src/pet) by extensions ['colcon_meta']
[0.524s] Level 1:colcon.colcon_core.package_identification:_identify(src/pet) by extension 'colcon_meta'
[0.524s] Level 1:colcon.colcon_core.package_identification:_identify(src/pet) by extensions ['ros']
[0.524s] Level 1:colcon.colcon_core.package_identification:_identify(src/pet) by extension 'ros'
[0.526s] DEBUG:colcon.colcon_core.package_identification:Package 'src/pet' with type 'ros.ament_python' and name 'pet'
[0.527s] Level 1:colcon.colcon_core.package_identification:_identify(src/turtle_tag_game) by extensions ['ignore', 'ignore_ament_install']
[0.528s] Level 1:colcon.colcon_core.package_identification:_identify(src/turtle_tag_game) by extension 'ignore'
[0.528s] Level 1:colcon.colcon_core.package_identification:_identify(src/turtle_tag_game) by extension 'ignore_ament_install'
[0.528s] Level 1:colcon.colcon_core.package_identification:_identify(src/turtle_tag_game) by extensions ['colcon_pkg']
[0.528s] Level 1:colcon.colcon_core.package_identification:_identify(src/turtle_tag_game) by extension 'colcon_pkg'
[0.528s] Level 1:colcon.colcon_core.package_identification:_identify(src/turtle_tag_game) by extensions ['colcon_meta']
[0.528s] Level 1:colcon.colcon_core.package_identification:_identify(src/turtle_tag_game) by extension 'colcon_meta'
[0.528s] Level 1:colcon.colcon_core.package_identification:_identify(src/turtle_tag_game) by extensions ['ros']
[0.528s] Level 1:colcon.colcon_core.package_identification:_identify(src/turtle_tag_game) by extension 'ros'
[0.530s] DEBUG:colcon.colcon_core.package_identification:Package 'src/turtle_tag_game' with type 'ros.ament_python' and name 'turtle_tag_game'
[0.530s] Level 1:colcon.colcon_core.package_discovery:discover_packages(recursive) using defaults
[0.530s] Level 1:colcon.colcon_core.package_discovery:discover_packages(ignore) discover
[0.530s] Level 1:colcon.colcon_core.package_discovery:discover_packages(ignore) using defaults
[0.530s] Level 1:colcon.colcon_core.package_discovery:discover_packages(path) discover
[0.530s] Level 1:colcon.colcon_core.package_discovery:discover_packages(path) using defaults
[0.551s] Level 1:colcon.colcon_core.package_discovery:discover_packages(prefix_path) check parameters
[0.551s] Level 1:colcon.colcon_core.package_discovery:discover_packages(prefix_path) discover
[0.553s] DEBUG:colcon.colcon_installed_package_information.package_discovery:Found 4 installed packages in /home/firefox/camera_ws/install
[0.555s] DEBUG:colcon.colcon_installed_package_information.package_discovery:Found 270 installed packages in /opt/ros/jazzy
[0.557s] Level 1:colcon.colcon_core.package_discovery:discover_packages(prefix_path) using defaults
[0.637s] Level 5:colcon.colcon_core.verb:set package 'drone' build argument 'cmake_args' from command line to 'None'
[0.637s] Level 5:colcon.colcon_core.verb:set package 'drone' build argument 'cmake_target' from command line to 'None'
[0.637s] Level 5:colcon.colcon_core.verb:set package 'drone' build argument 'cmake_target_skip_unavailable' from command line to 'False'
[0.637s] Level 5:colcon.colcon_core.verb:set package 'drone' build argument 'cmake_clean_cache' from command line to 'False'
[0.637s] Level 5:colcon.colcon_core.verb:set package 'drone' build argument 'cmake_clean_first' from command line to 'False'
[0.637s] Level 5:colcon.colcon_core.verb:set package 'drone' build argument 'cmake_force_configure' from command line to 'False'
[0.637s] Level 5:colcon.colcon_core.verb:set package 'drone' build argument 'meson_args' from command line to '[]'
[0.637s] Level 5:colcon.colcon_core.verb:set package 'drone' build argument 'ament_cmake_args' from command line to 'None'
[0.637s] Level 5:colcon.colcon_core.verb:set package 'drone' build argument 'catkin_cmake_args' from command line to 'None'
[0.637s] Level 5:colcon.colcon_core.verb:set package 'drone' build argument 'catkin_skip_building_tests' from command line to 'False'
[0.637s] DEBUG:colcon.colcon_core.verb:Building package 'drone' with the following arguments: {'ament_cmake_args': None, 'build_base': '/home/firefox/Ros_ws-BWSI/build/drone', 'catkin_cmake_args': None, 'catkin_skip_building_tests': False, 'cmake_args': None, 'cmake_clean_cache': False, 'cmake_clean_first': False, 'cmake_force_configure': False, 'cmake_target': None, 'cmake_target_skip_unavailable': False, 'install_base': '/home/firefox/Ros_ws-BWSI/install/drone', 'merge_install': False, 'meson_args': [], 'path': '/home/firefox/Ros_ws-BWSI/src/drone', 'symlink_install': False, 'test_result_base': None}
[0.647s] Level 5:colcon.colcon_core.verb:set package 'fizzbuzz_interfaces' build argument 'cmake_args' from command line to 'None'
[0.647s] Level 5:colcon.colcon_core.verb:set package 'fizzbuzz_interfaces' build argument 'cmake_target' from command line to 'None'
[0.647s] Level 5:colcon.colcon_core.verb:set package 'fizzbuzz_interfaces' build argument 'cmake_target_skip_unavailable' from command line to 'False'
[0.647s] Level 5:colcon.colcon_core.verb:set package 'fizzbuzz_interfaces' build argument 'cmake_clean_cache' from command line to 'False'
[0.647s] Level 5:colcon.colcon_core.verb:set package 'fizzbuzz_interfaces' build argument 'cmake_clean_first' from command line to 'False'
[0.647s] Level 5:colcon.colcon_core.verb:set package 'fizzbuzz_interfaces' build argument 'cmake_force_configure' from command line to 'False'
[0.647s] Level 5:colcon.colcon_core.verb:set package 'fizzbuzz_interfaces' build argument 'meson_args' from command line to '[]'
[0.647s] Level 5:colcon.colcon_core.verb:set package 'fizzbuzz_interfaces' build argument 'ament_cmake_args' from command line to 'None'
[0.647s] Level 5:colcon.colcon_core.verb:set package 'fizzbuzz_interfaces' build argument 'catkin_cmake_args' from command line to 'None'
[0.647s] Level 5:colcon.colcon_core.verb:set package 'fizzbuzz_interfaces' build argument 'catkin_skip_building_tests' from command line to 'False'
[0.647s] DEBUG:colcon.colcon_core.verb:Building package 'fizzbuzz_interfaces' with the following arguments: {'ament_cmake_args': None, 'build_base': '/home/firefox/Ros_ws-BWSI/build/fizzbuzz_interfaces', 'catkin_cmake_args': None, 'catkin_skip_building_tests': False, 'cmake_args': None, 'cmake_clean_cache': False, 'cmake_clean_first': False, 'cmake_force_configure': False, 'cmake_target': None, 'cmake_target_skip_unavailable': False, 'install_base': '/home/firefox/Ros_ws-BWSI/install/fizzbuzz_interfaces', 'merge_install': False, 'meson_args': [], 'path': '/home/firefox/Ros_ws-BWSI/src/fizzbuzz_interfaces', 'symlink_install': False, 'test_result_base': None}
[0.661s] Level 5:colcon.colcon_core.verb:set package 'pet' build argument 'cmake_args' from command line to 'None'
[0.661s] Level 5:colcon.colcon_core.verb:set package 'pet' build argument 'cmake_target' from command line to 'None'
[0.661s] Level 5:colcon.colcon_core.verb:set package 'pet' build argument 'cmake_target_skip_unavailable' from command line to 'False'
[0.661s] Level 5:colcon.colcon_core.verb:set package 'pet' build argument 'cmake_clean_cache' from command line to 'False'
[0.661s] Level 5:colcon.colcon_core.verb:set package 'pet' build argument 'cmake_clean_first' from command line to 'False'
[0.661s] Level 5:colcon.colcon_core.verb:set package 'pet' build argument 'cmake_force_configure' from command line to 'False'
[0.661s] Level 5:colcon.colcon_core.verb:set package 'pet' build argument 'meson_args' from command line to '[]'
[0.661s] Level 5:colcon.colcon_core.verb:set package 'pet' build argument 'ament_cmake_args' from command line to 'None'
[0.661s] Level 5:colcon.colcon_core.verb:set package 'pet' build argument 'catkin_cmake_args' from command line to 'None'
[0.661s] Level 5:colcon.colcon_core.verb:set package 'pet' build argument 'catkin_skip_building_tests' from command line to 'False'
[0.662s] DEBUG:colcon.colcon_core.verb:Building package 'pet' with the following arguments: {'ament_cmake_args': None, 'build_base': '/home/firefox/Ros_ws-BWSI/build/pet', 'catkin_cmake_args': None, 'catkin_skip_building_tests': False, 'cmake_args': None, 'cmake_clean_cache': False, 'cmake_clean_first': False, 'cmake_force_configure': False, 'cmake_target': None, 'cmake_target_skip_unavailable': False, 'install_base': '/home/firefox/Ros_ws-BWSI/install/pet', 'merge_install': False, 'meson_args': [], 'path': '/home/firefox/Ros_ws-BWSI/src/pet', 'symlink_install': False, 'test_result_base': None}
[0.671s] Level 5:colcon.colcon_core.verb:set package 'turtle_tag_game' build argument 'cmake_args' from command line to 'None'
[0.671s] Level 5:colcon.colcon_core.verb:set package 'turtle_tag_game' build argument 'cmake_target' from command line to 'None'
[0.671s] Level 5:colcon.colcon_core.verb:set package 'turtle_tag_game' build argument 'cmake_target_skip_unavailable' from command line to 'False'
[0.671s] Level 5:colcon.colcon_core.verb:set package 'turtle_tag_game' build argument 'cmake_clean_cache' from command line to 'False'
[0.672s] Level 5:colcon.colcon_core.verb:set package 'turtle_tag_game' build argument 'cmake_clean_first' from command line to 'False'
[0.672s] Level 5:colcon.colcon_core.verb:set package 'turtle_tag_game' build argument 'cmake_force_configure' from command line to 'False'
[0.672s] Level 5:colcon.colcon_core.verb:set package 'turtle_tag_game' build argument 'meson_args' from command line to '[]'
[0.672s] Level 5:colcon.colcon_core.verb:set package 'turtle_tag_game' build argument 'ament_cmake_args' from command line to 'None'
[0.672s] Level 5:colcon.colcon_core.verb:set package 'turtle_tag_game' build argument 'catkin_cmake_args' from command line to 'None'
[0.672s] Level 5:colcon.colcon_core.verb:set package 'turtle_tag_game' build argument 'catkin_skip_building_tests' from command line to 'False'
[0.672s] DEBUG:colcon.colcon_core.verb:Building package 'turtle_tag_game' with the following arguments: {'ament_cmake_args': None, 'build_base': '/home/firefox/Ros_ws-BWSI/build/turtle_tag_game', 'catkin_cmake_args': None, 'catkin_skip_building_tests': False, 'cmake_args': None, 'cmake_clean_cache': False, 'cmake_clean_first': False, 'cmake_force_configure': False, 'cmake_target': None, 'cmake_target_skip_unavailable': False, 'install_base': '/home/firefox/Ros_ws-BWSI/install/turtle_tag_game', 'merge_install': False, 'meson_args': [], 'path': '/home/firefox/Ros_ws-BWSI/src/turtle_tag_game', 'symlink_install': False, 'test_result_base': None}
[0.681s] Level 5:colcon.colcon_core.verb:set package 'fizzbuzz' build argument 'cmake_args' from command line to 'None'
[0.681s] Level 5:colcon.colcon_core.verb:set package 'fizzbuzz' build argument 'cmake_target' from command line to 'None'
[0.681s] Level 5:colcon.colcon_core.verb:set package 'fizzbuzz' build argument 'cmake_target_skip_unavailable' from command line to 'False'
[0.681s] Level 5:colcon.colcon_core.verb:set package 'fizzbuzz' build argument 'cmake_clean_cache' from command line to 'False'
[0.681s] Level 5:colcon.colcon_core.verb:set package 'fizzbuzz' build argument 'cmake_clean_first' from command line to 'False'
[0.681s] Level 5:colcon.colcon_core.verb:set package 'fizzbuzz' build argument 'cmake_force_configure' from command line to 'False'
[0.681s] Level 5:colcon.colcon_core.verb:set package 'fizzbuzz' build argument 'meson_args' from command line to '[]'
[0.681s] Level 5:colcon.colcon_core.verb:set package 'fizzbuzz' build argument 'ament_cmake_args' from command line to 'None'
[0.681s] Level 5:colcon.colcon_core.verb:set package 'fizzbuzz' build argument 'catkin_cmake_args' from command line to 'None'
[0.681s] Level 5:colcon.colcon_core.verb:set package 'fizzbuzz' build argument 'catkin_skip_building_tests' from command line to 'False'
[0.681s] DEBUG:colcon.colcon_core.verb:Building package 'fizzbuzz' with the following arguments: {'ament_cmake_args': None, 'build_base': '/home/firefox/Ros_ws-BWSI/build/fizzbuzz', 'catkin_cmake_args': None, 'catkin_skip_building_tests': False, 'cmake_args': None, 'cmake_clean_cache': False, 'cmake_clean_first': False, 'cmake_force_configure': False, 'cmake_target': None, 'cmake_target_skip_unavailable': False, 'install_base': '/home/firefox/Ros_ws-BWSI/install/fizzbuzz', 'merge_install': False, 'meson_args': [], 'path': '/home/firefox/Ros_ws-BWSI/src/fizzbuzz', 'symlink_install': False, 'test_result_base': None}
[0.682s] INFO:colcon.colcon_core.executor:Executing jobs using 'parallel' executor
[0.683s] DEBUG:colcon.colcon_parallel_executor.executor.parallel:run_until_complete
[0.684s] INFO:colcon.colcon_ros.task.ament_cmake.build:Building ROS package in '/home/firefox/Ros_ws-BWSI/src/fizzbuzz_interfaces' with build type 'ament_cmake'
[0.685s] INFO:colcon.colcon_cmake.task.cmake.build:Building CMake package in '/home/firefox/Ros_ws-BWSI/src/fizzbuzz_interfaces'
[0.696s] INFO:colcon.colcon_core.plugin_system:Skipping extension 'colcon_core.shell.bat': Not used on non-Windows systems
[0.697s] INFO:colcon.colcon_core.shell:Skip shell extension 'powershell' for command environment: Not usable outside of PowerShell
[0.698s] DEBUG:colcon.colcon_core.shell:Skip shell extension 'dsv' for command environment
[0.706s] INFO:colcon.colcon_ros.task.ament_python.build:Building ROS package in '/home/firefox/Ros_ws-BWSI/src/drone' with build type 'ament_python'
[0.706s] Level 1:colcon.colcon_core.shell:create_environment_hook('drone', 'ament_prefix_path')
[0.707s] INFO:colcon.colcon_core.shell:Creating environment hook '/home/firefox/Ros_ws-BWSI/install/drone/share/drone/hook/ament_prefix_path.ps1'
[0.708s] INFO:colcon.colcon_core.shell:Creating environment descriptor '/home/firefox/Ros_ws-BWSI/install/drone/share/drone/hook/ament_prefix_path.dsv'
[0.709s] INFO:colcon.colcon_core.shell:Creating environment hook '/home/firefox/Ros_ws-BWSI/install/drone/share/drone/hook/ament_prefix_path.sh'
[0.710s] INFO:colcon.colcon_core.shell:Skip shell extension 'powershell' for command environment: Not usable outside of PowerShell
[0.710s] DEBUG:colcon.colcon_core.shell:Skip shell extension 'dsv' for command environment
[0.714s] INFO:colcon.colcon_ros.task.ament_python.build:Building ROS package in '/home/firefox/Ros_ws-BWSI/src/pet' with build type 'ament_python'
[0.714s] Level 1:colcon.colcon_core.shell:create_environment_hook('pet', 'ament_prefix_path')
[0.715s] INFO:colcon.colcon_core.shell:Creating environment hook '/home/firefox/Ros_ws-BWSI/install/pet/share/pet/hook/ament_prefix_path.ps1'
[0.716s] INFO:colcon.colcon_core.shell:Creating environment descriptor '/home/firefox/Ros_ws-BWSI/install/pet/share/pet/hook/ament_prefix_path.dsv'
[0.716s] INFO:colcon.colcon_core.shell:Creating environment hook '/home/firefox/Ros_ws-BWSI/install/pet/share/pet/hook/ament_prefix_path.sh'
[0.717s] INFO:colcon.colcon_core.shell:Skip shell extension 'powershell' for command environment: Not usable outside of PowerShell
[0.718s] DEBUG:colcon.colcon_core.shell:Skip shell extension 'dsv' for command environment
[0.725s] INFO:colcon.colcon_ros.task.ament_python.build:Building ROS package in '/home/firefox/Ros_ws-BWSI/src/turtle_tag_game' with build type 'ament_python'
[0.725s] Level 1:colcon.colcon_core.shell:create_environment_hook('turtle_tag_game', 'ament_prefix_path')
[0.726s] INFO:colcon.colcon_core.shell:Creating environment hook '/home/firefox/Ros_ws-BWSI/install/turtle_tag_game/share/turtle_tag_game/hook/ament_prefix_path.ps1'
[0.727s] INFO:colcon.colcon_core.shell:Creating environment descriptor '/home/firefox/Ros_ws-BWSI/install/turtle_tag_game/share/turtle_tag_game/hook/ament_prefix_path.dsv'
[0.733s] INFO:colcon.colcon_core.shell:Creating environment hook '/home/firefox/Ros_ws-BWSI/install/turtle_tag_game/share/turtle_tag_game/hook/ament_prefix_path.sh'
[0.738s] INFO:colcon.colcon_core.shell:Skip shell extension 'powershell' for command environment: Not usable outside of PowerShell
[0.738s] DEBUG:colcon.colcon_core.shell:Skip shell extension 'dsv' for command environment
[0.761s] DEBUG:colcon.colcon_core.event_handler.log_command:Invoking command in '/home/firefox/Ros_ws-BWSI/build/fizzbuzz_interfaces': CMAKE_PREFIX_PATH=${CMAKE_PREFIX_PATH}:/home/firefox/camera_ws/install/uav:/opt/ros/jazzy DEBUGINFOD_URLS=https://debuginfod.ubuntu.com /usr/bin/cmake --build /home/firefox/Ros_ws-BWSI/build/fizzbuzz_interfaces -- -j4 -l4
[1.437s] INFO:colcon.colcon_core.task.python.build:Building Python package in '/home/firefox/Ros_ws-BWSI/src/drone'
[1.437s] INFO:colcon.colcon_core.shell:Skip shell extension 'powershell' for command environment: Not usable outside of PowerShell
[1.437s] DEBUG:colcon.colcon_core.shell:Skip shell extension 'dsv' for command environment
[1.888s] INFO:colcon.colcon_core.task.python.build:Building Python package in '/home/firefox/Ros_ws-BWSI/src/pet'
[1.888s] INFO:colcon.colcon_core.shell:Skip shell extension 'powershell' for command environment: Not usable outside of PowerShell
[1.888s] DEBUG:colcon.colcon_core.shell:Skip shell extension 'dsv' for command environment
[1.910s] DEBUG:colcon.colcon_core.event_handler.log_command:Invoked command in '/home/firefox/Ros_ws-BWSI/build/fizzbuzz_interfaces' returned '0': CMAKE_PREFIX_PATH=${CMAKE_PREFIX_PATH}:/home/firefox/camera_ws/install/uav:/opt/ros/jazzy DEBUGINFOD_URLS=https://debuginfod.ubuntu.com /usr/bin/cmake --build /home/firefox/Ros_ws-BWSI/build/fizzbuzz_interfaces -- -j4 -l4
[1.935s] DEBUG:colcon.colcon_core.event_handler.log_command:Invoking command in '/home/firefox/Ros_ws-BWSI/build/fizzbuzz_interfaces': CMAKE_PREFIX_PATH=${CMAKE_PREFIX_PATH}:/home/firefox/camera_ws/install/uav:/opt/ros/jazzy DEBUGINFOD_URLS=https://debuginfod.ubuntu.com /usr/bin/cmake --install /home/firefox/Ros_ws-BWSI/build/fizzbuzz_interfaces
[2.352s] INFO:colcon.colcon_core.task.python.build:Building Python package in '/home/firefox/Ros_ws-BWSI/src/turtle_tag_game'
[2.352s] INFO:colcon.colcon_core.shell:Skip shell extension 'powershell' for command environment: Not usable outside of PowerShell
[2.353s] DEBUG:colcon.colcon_core.shell:Skip shell extension 'dsv' for command environment
[2.379s] Level 1:colcon.colcon_core.environment:create_environment_scripts_only(fizzbuzz_interfaces)
[2.384s] DEBUG:colcon.colcon_core.event_handler.log_command:Invoked command in '/home/firefox/Ros_ws-BWSI/build/fizzbuzz_interfaces' returned '0': CMAKE_PREFIX_PATH=${CMAKE_PREFIX_PATH}:/home/firefox/camera_ws/install/uav:/opt/ros/jazzy DEBUGINFOD_URLS=https://debuginfod.ubuntu.com /usr/bin/cmake --install /home/firefox/Ros_ws-BWSI/build/fizzbuzz_interfaces
[2.386s] Level 1:colcon.colcon_core.environment:checking '/home/firefox/Ros_ws-BWSI/install/fizzbuzz_interfaces' for CMake module files
[2.387s] Level 1:colcon.colcon_core.environment:checking '/home/firefox/Ros_ws-BWSI/install/fizzbuzz_interfaces' for CMake config files
[2.388s] Level 1:colcon.colcon_core.shell:create_environment_hook('fizzbuzz_interfaces', 'cmake_prefix_path')
[2.388s] INFO:colcon.colcon_core.shell:Creating environment hook '/home/firefox/Ros_ws-BWSI/install/fizzbuzz_interfaces/share/fizzbuzz_interfaces/hook/cmake_prefix_path.ps1'
[2.389s] INFO:colcon.colcon_core.shell:Creating environment descriptor '/home/firefox/Ros_ws-BWSI/install/fizzbuzz_interfaces/share/fizzbuzz_interfaces/hook/cmake_prefix_path.dsv'
[2.390s] INFO:colcon.colcon_core.shell:Creating environment hook '/home/firefox/Ros_ws-BWSI/install/fizzbuzz_interfaces/share/fizzbuzz_interfaces/hook/cmake_prefix_path.sh'
[2.392s] Level 1:colcon.colcon_core.environment:checking '/home/firefox/Ros_ws-BWSI/install/fizzbuzz_interfaces/lib'
[2.392s] Level 1:colcon.colcon_core.shell:create_environment_hook('fizzbuzz_interfaces', 'ld_library_path_lib')
[2.392s] INFO:colcon.colcon_core.shell:Creating environment hook '/home/firefox/Ros_ws-BWSI/install/fizzbuzz_interfaces/share/fizzbuzz_interfaces/hook/ld_library_path_lib.ps1'
[2.393s] INFO:colcon.colcon_core.shell:Creating environment descriptor '/home/firefox/Ros_ws-BWSI/install/fizzbuzz_interfaces/share/fizzbuzz_interfaces/hook/ld_library_path_lib.dsv'
[2.394s] INFO:colcon.colcon_core.shell:Creating environment hook '/home/firefox/Ros_ws-BWSI/install/fizzbuzz_interfaces/share/fizzbuzz_interfaces/hook/ld_library_path_lib.sh'
[2.398s] Level 1:colcon.colcon_core.environment:checking '/home/firefox/Ros_ws-BWSI/install/fizzbuzz_interfaces/bin'
[2.398s] Level 1:colcon.colcon_core.environment:checking '/home/firefox/Ros_ws-BWSI/install/fizzbuzz_interfaces/lib/pkgconfig/fizzbuzz_interfaces.pc'
[2.398s] Level 1:colcon.colcon_core.environment:checking '/home/firefox/Ros_ws-BWSI/install/fizzbuzz_interfaces/lib/python3.12/site-packages'
[2.399s] Level 1:colcon.colcon_core.shell:create_environment_hook('fizzbuzz_interfaces', 'pythonpath')
[2.399s] INFO:colcon.colcon_core.shell:Creating environment hook '/home/firefox/Ros_ws-BWSI/install/fizzbuzz_interfaces/share/fizzbuzz_interfaces/hook/pythonpath.ps1'
[2.400s] INFO:colcon.colcon_core.shell:Creating environment descriptor '/home/firefox/Ros_ws-BWSI/install/fizzbuzz_interfaces/share/fizzbuzz_interfaces/hook/pythonpath.dsv'
[2.401s] INFO:colcon.colcon_core.shell:Creating environment hook '/home/firefox/Ros_ws-BWSI/install/fizzbuzz_interfaces/share/fizzbuzz_interfaces/hook/pythonpath.sh'
[2.403s] Level 1:colcon.colcon_core.environment:checking '/home/firefox/Ros_ws-BWSI/install/fizzbuzz_interfaces/bin'
[2.406s] INFO:colcon.colcon_core.shell:Creating package script '/home/firefox/Ros_ws-BWSI/install/fizzbuzz_interfaces/share/fizzbuzz_interfaces/package.ps1'
[2.409s] INFO:colcon.colcon_core.shell:Creating package descriptor '/home/firefox/Ros_ws-BWSI/install/fizzbuzz_interfaces/share/fizzbuzz_interfaces/package.dsv'
[2.413s] INFO:colcon.colcon_core.shell:Creating package script '/home/firefox/Ros_ws-BWSI/install/fizzbuzz_interfaces/share/fizzbuzz_interfaces/package.sh'
[2.418s] INFO:colcon.colcon_core.shell:Creating package script '/home/firefox/Ros_ws-BWSI/install/fizzbuzz_interfaces/share/fizzbuzz_interfaces/package.bash'
[2.419s] INFO:colcon.colcon_core.shell:Creating package script '/home/firefox/Ros_ws-BWSI/install/fizzbuzz_interfaces/share/fizzbuzz_interfaces/package.zsh'
[2.425s] Level 1:colcon.colcon_core.environment:create_file_with_runtime_dependencies(/home/firefox/Ros_ws-BWSI/install/fizzbuzz_interfaces/share/colcon-core/packages/fizzbuzz_interfaces)
[2.427s] Level 1:colcon.colcon_core.environment:create_environment_scripts_only(fizzbuzz_interfaces)
[2.427s] Level 1:colcon.colcon_core.environment:checking '/home/firefox/Ros_ws-BWSI/install/fizzbuzz_interfaces' for CMake module files
[2.430s] Level 1:colcon.colcon_core.environment:checking '/home/firefox/Ros_ws-BWSI/install/fizzbuzz_interfaces' for CMake config files
[2.431s] Level 1:colcon.colcon_core.shell:create_environment_hook('fizzbuzz_interfaces', 'cmake_prefix_path')
[2.434s] INFO:colcon.colcon_core.shell:Creating environment hook '/home/firefox/Ros_ws-BWSI/install/fizzbuzz_interfaces/share/fizzbuzz_interfaces/hook/cmake_prefix_path.ps1'
[2.437s] INFO:colcon.colcon_core.shell:Creating environment descriptor '/home/firefox/Ros_ws-BWSI/install/fizzbuzz_interfaces/share/fizzbuzz_interfaces/hook/cmake_prefix_path.dsv'
[2.439s] INFO:colcon.colcon_core.shell:Creating environment hook '/home/firefox/Ros_ws-BWSI/install/fizzbuzz_interfaces/share/fizzbuzz_interfaces/hook/cmake_prefix_path.sh'
[2.444s] Level 1:colcon.colcon_core.environment:checking '/home/firefox/Ros_ws-BWSI/install/fizzbuzz_interfaces/lib'
[2.444s] Level 1:colcon.colcon_core.shell:create_environment_hook('fizzbuzz_interfaces', 'ld_library_path_lib')
[2.445s] INFO:colcon.colcon_core.shell:Creating environment hook '/home/firefox/Ros_ws-BWSI/install/fizzbuzz_interfaces/share/fizzbuzz_interfaces/hook/ld_library_path_lib.ps1'
[2.448s] INFO:colcon.colcon_core.shell:Creating environment descriptor '/home/firefox/Ros_ws-BWSI/install/fizzbuzz_interfaces/share/fizzbuzz_interfaces/hook/ld_library_path_lib.dsv'
[2.452s] INFO:colcon.colcon_core.shell:Creating environment hook '/home/firefox/Ros_ws-BWSI/install/fizzbuzz_interfaces/share/fizzbuzz_interfaces/hook/ld_library_path_lib.sh'
[2.453s] Level 1:colcon.colcon_core.environment:checking '/home/firefox/Ros_ws-BWSI/install/fizzbuzz_interfaces/bin'
[2.453s] Level 1:colcon.colcon_core.environment:checking '/home/firefox/Ros_ws-BWSI/install/fizzbuzz_interfaces/lib/pkgconfig/fizzbuzz_interfaces.pc'
[2.454s] Level 1:colcon.colcon_core.environment:checking '/home/firefox/Ros_ws-BWSI/install/fizzbuzz_interfaces/lib/python3.12/site-packages'
[2.454s] Level 1:colcon.colcon_core.shell:create_environment_hook('fizzbuzz_interfaces', 'pythonpath')
[2.455s] INFO:colcon.colcon_core.shell:Creating environment hook '/home/firefox/Ros_ws-BWSI/install/fizzbuzz_interfaces/share/fizzbuzz_interfaces/hook/pythonpath.ps1'
[2.457s] INFO:colcon.colcon_core.shell:Creating environment descriptor '/home/firefox/Ros_ws-BWSI/install/fizzbuzz_interfaces/share/fizzbuzz_interfaces/hook/pythonpath.dsv'
[2.461s] INFO:colcon.colcon_core.shell:Creating environment hook '/home/firefox/Ros_ws-BWSI/install/fizzbuzz_interfaces/share/fizzbuzz_interfaces/hook/pythonpath.sh'
[2.466s] Level 1:colcon.colcon_core.environment:checking '/home/firefox/Ros_ws-BWSI/install/fizzbuzz_interfaces/bin'
[2.467s] INFO:colcon.colcon_core.shell:Creating package script '/home/firefox/Ros_ws-BWSI/install/fizzbuzz_interfaces/share/fizzbuzz_interfaces/package.ps1'
[2.468s] INFO:colcon.colcon_core.shell:Creating package descriptor '/home/firefox/Ros_ws-BWSI/install/fizzbuzz_interfaces/share/fizzbuzz_interfaces/package.dsv'
[2.472s] INFO:colcon.colcon_core.shell:Creating package script '/home/firefox/Ros_ws-BWSI/install/fizzbuzz_interfaces/share/fizzbuzz_interfaces/package.sh'
[2.476s] INFO:colcon.colcon_core.shell:Creating package script '/home/firefox/Ros_ws-BWSI/install/fizzbuzz_interfaces/share/fizzbuzz_interfaces/package.bash'
[2.480s] INFO:colcon.colcon_core.shell:Creating package script '/home/firefox/Ros_ws-BWSI/install/fizzbuzz_interfaces/share/fizzbuzz_interfaces/package.zsh'
[2.485s] Level 1:colcon.colcon_core.environment:create_file_with_runtime_dependencies(/home/firefox/Ros_ws-BWSI/install/fizzbuzz_interfaces/share/colcon-core/packages/fizzbuzz_interfaces)
[2.508s] INFO:colcon.colcon_ros.task.ament_python.build:Building ROS package in '/home/firefox/Ros_ws-BWSI/src/fizzbuzz' with build type 'ament_python'
[2.511s] Level 1:colcon.colcon_core.shell:create_environment_hook('fizzbuzz', 'ament_prefix_path')
[2.512s] INFO:colcon.colcon_core.shell:Creating environment hook '/home/firefox/Ros_ws-BWSI/install/fizzbuzz/share/fizzbuzz/hook/ament_prefix_path.ps1'
[2.514s] INFO:colcon.colcon_core.shell:Creating environment descriptor '/home/firefox/Ros_ws-BWSI/install/fizzbuzz/share/fizzbuzz/hook/ament_prefix_path.dsv'
[2.519s] INFO:colcon.colcon_core.shell:Creating environment hook '/home/firefox/Ros_ws-BWSI/install/fizzbuzz/share/fizzbuzz/hook/ament_prefix_path.sh'
[2.521s] INFO:colcon.colcon_core.shell:Skip shell extension 'powershell' for command environment: Not usable outside of PowerShell
[2.521s] DEBUG:colcon.colcon_core.shell:Skip shell extension 'dsv' for command environment
[3.084s] INFO:colcon.colcon_core.task.python.build:Building Python package in '/home/firefox/Ros_ws-BWSI/src/fizzbuzz'
[3.084s] INFO:colcon.colcon_core.shell:Skip shell extension 'powershell' for command environment: Not usable outside of PowerShell
[3.084s] DEBUG:colcon.colcon_core.shell:Skip shell extension 'dsv' for command environment
[3.815s] DEBUG:colcon.colcon_core.event_handler.log_command:Invoking command in '/home/firefox/Ros_ws-BWSI/src/drone': DEBUGINFOD_URLS=https://debuginfod.ubuntu.com PYTHONPATH=/home/firefox/Ros_ws-BWSI/build/drone/prefix_override:/usr/lib/python3/dist-packages/colcon_core/task/python/colcon_distutils_commands:/home/firefox/Ros_ws-BWSI/install/drone/lib/python3.12/site-packages:${PYTHONPATH} /usr/bin/python3 -W ignore:setup.py install is deprecated -W ignore:easy_install command is deprecated setup.py egg_info --egg-base ../../build/drone build --build-base /home/firefox/Ros_ws-BWSI/build/drone/build install --record /home/firefox/Ros_ws-BWSI/build/drone/install.log --single-version-externally-managed install_data
[3.896s] DEBUG:colcon.colcon_core.event_handler.log_command:Invoking command in '/home/firefox/Ros_ws-BWSI/src/pet': DEBUGINFOD_URLS=https://debuginfod.ubuntu.com PYTHONPATH=/home/firefox/Ros_ws-BWSI/build/pet/prefix_override:/usr/lib/python3/dist-packages/colcon_core/task/python/colcon_distutils_commands:/home/firefox/Ros_ws-BWSI/install/pet/lib/python3.12/site-packages:${PYTHONPATH} /usr/bin/python3 -W ignore:setup.py install is deprecated -W ignore:easy_install command is deprecated setup.py egg_info --egg-base ../../build/pet build --build-base /home/firefox/Ros_ws-BWSI/build/pet/build install --record /home/firefox/Ros_ws-BWSI/build/pet/install.log --single-version-externally-managed install_data
[3.973s] DEBUG:colcon.colcon_core.event_handler.log_command:Invoking command in '/home/firefox/Ros_ws-BWSI/src/turtle_tag_game': DEBUGINFOD_URLS=https://debuginfod.ubuntu.com PYTHONPATH=/home/firefox/Ros_ws-BWSI/build/turtle_tag_game/prefix_override:/usr/lib/python3/dist-packages/colcon_core/task/python/colcon_distutils_commands:/home/firefox/Ros_ws-BWSI/install/turtle_tag_game/lib/python3.12/site-packages:${PYTHONPATH} /usr/bin/python3 -W ignore:setup.py install is deprecated -W ignore:easy_install command is deprecated setup.py egg_info --egg-base ../../build/turtle_tag_game build --build-base /home/firefox/Ros_ws-BWSI/build/turtle_tag_game/build install --record /home/firefox/Ros_ws-BWSI/build/turtle_tag_game/install.log --single-version-externally-managed install_data
[4.621s] DEBUG:colcon.colcon_core.event_handler.log_command:Invoking command in '/home/firefox/Ros_ws-BWSI/src/fizzbuzz': AMENT_PREFIX_PATH=/home/firefox/Ros_ws-BWSI/install/fizzbuzz_interfaces:${AMENT_PREFIX_PATH} CMAKE_PREFIX_PATH=/home/firefox/Ros_ws-BWSI/install/fizzbuzz_interfaces:${CMAKE_PREFIX_PATH} DEBUGINFOD_URLS=https://debuginfod.ubuntu.com LD_LIBRARY_PATH=/home/firefox/Ros_ws-BWSI/install/fizzbuzz_interfaces/lib:${LD_LIBRARY_PATH} PYTHONPATH=/home/firefox/Ros_ws-BWSI/build/fizzbuzz/prefix_override:/usr/lib/python3/dist-packages/colcon_core/task/python/colcon_distutils_commands:/home/firefox/Ros_ws-BWSI/install/fizzbuzz/lib/python3.12/site-packages:/home/firefox/Ros_ws-BWSI/install/fizzbuzz_interfaces/lib/python3.12/site-packages:${PYTHONPATH} /usr/bin/python3 -W ignore:setup.py install is deprecated -W ignore:easy_install command is deprecated setup.py egg_info --egg-base ../../build/fizzbuzz build --build-base /home/firefox/Ros_ws-BWSI/build/fizzbuzz/build install --record /home/firefox/Ros_ws-BWSI/build/fizzbuzz/install.log --single-version-externally-managed install_data
[5.227s] Level 1:colcon.colcon_core.environment:checking '/home/firefox/Ros_ws-BWSI/install/drone' for CMake module files
[5.228s] Level 1:colcon.colcon_core.environment:checking '/home/firefox/Ros_ws-BWSI/install/drone' for CMake config files
[5.228s] DEBUG:colcon.colcon_core.event_handler.log_command:Invoked command in '/home/firefox/Ros_ws-BWSI/src/drone' returned '0': DEBUGINFOD_URLS=https://debuginfod.ubuntu.com PYTHONPATH=/home/firefox/Ros_ws-BWSI/build/drone/prefix_override:/usr/lib/python3/dist-packages/colcon_core/task/python/colcon_distutils_commands:/home/firefox/Ros_ws-BWSI/install/drone/lib/python3.12/site-packages:${PYTHONPATH} /usr/bin/python3 -W ignore:setup.py install is deprecated -W ignore:easy_install command is deprecated setup.py egg_info --egg-base ../../build/drone build --build-base /home/firefox/Ros_ws-BWSI/build/drone/build install --record /home/firefox/Ros_ws-BWSI/build/drone/install.log --single-version-externally-managed install_data
[5.235s] Level 1:colcon.colcon_core.environment:checking '/home/firefox/Ros_ws-BWSI/install/drone/lib'
[5.236s] Level 1:colcon.colcon_core.environment:checking '/home/firefox/Ros_ws-BWSI/install/drone/bin'
[5.237s] Level 1:colcon.colcon_core.environment:checking '/home/firefox/Ros_ws-BWSI/install/drone/lib/pkgconfig/drone.pc'
[5.239s] Level 1:colcon.colcon_core.environment:checking '/home/firefox/Ros_ws-BWSI/install/drone/lib/python3.12/site-packages'
[5.241s] Level 1:colcon.colcon_core.shell:create_environment_hook('drone', 'pythonpath')
[5.242s] INFO:colcon.colcon_core.shell:Creating environment hook '/home/firefox/Ros_ws-BWSI/install/drone/share/drone/hook/pythonpath.ps1'
[5.243s] INFO:colcon.colcon_core.shell:Creating environment descriptor '/home/firefox/Ros_ws-BWSI/install/drone/share/drone/hook/pythonpath.dsv'
[5.245s] INFO:colcon.colcon_core.shell:Creating environment hook '/home/firefox/Ros_ws-BWSI/install/drone/share/drone/hook/pythonpath.sh'
[5.253s] Level 1:colcon.colcon_core.environment:checking '/home/firefox/Ros_ws-BWSI/install/drone/bin'
[5.254s] Level 1:colcon.colcon_core.environment:create_environment_scripts_only(drone)
[5.258s] INFO:colcon.colcon_core.shell:Creating package script '/home/firefox/Ros_ws-BWSI/install/drone/share/drone/package.ps1'
[5.260s] INFO:colcon.colcon_core.shell:Creating package descriptor '/home/firefox/Ros_ws-BWSI/install/drone/share/drone/package.dsv'
[5.266s] INFO:colcon.colcon_core.shell:Creating package script '/home/firefox/Ros_ws-BWSI/install/drone/share/drone/package.sh'
[5.271s] INFO:colcon.colcon_core.shell:Creating package script '/home/firefox/Ros_ws-BWSI/install/drone/share/drone/package.bash'
[5.276s] INFO:colcon.colcon_core.shell:Creating package script '/home/firefox/Ros_ws-BWSI/install/drone/share/drone/package.zsh'
[5.277s] Level 1:colcon.colcon_core.environment:create_file_with_runtime_dependencies(/home/firefox/Ros_ws-BWSI/install/drone/share/colcon-core/packages/drone)
[5.345s] Level 1:colcon.colcon_core.environment:checking '/home/firefox/Ros_ws-BWSI/install/pet' for CMake module files
[5.346s] DEBUG:colcon.colcon_core.event_handler.log_command:Invoked command in '/home/firefox/Ros_ws-BWSI/src/pet' returned '0': DEBUGINFOD_URLS=https://debuginfod.ubuntu.com PYTHONPATH=/home/firefox/Ros_ws-BWSI/build/pet/prefix_override:/usr/lib/python3/dist-packages/colcon_core/task/python/colcon_distutils_commands:/home/firefox/Ros_ws-BWSI/install/pet/lib/python3.12/site-packages:${PYTHONPATH} /usr/bin/python3 -W ignore:setup.py install is deprecated -W ignore:easy_install command is deprecated setup.py egg_info --egg-base ../../build/pet build --build-base /home/firefox/Ros_ws-BWSI/build/pet/build install --record /home/firefox/Ros_ws-BWSI/build/pet/install.log --single-version-externally-managed install_data
[5.348s] Level 1:colcon.colcon_core.environment:checking '/home/firefox/Ros_ws-BWSI/install/pet' for CMake config files
[5.351s] Level 1:colcon.colcon_core.environment:checking '/home/firefox/Ros_ws-BWSI/install/pet/lib'
[5.352s] Level 1:colcon.colcon_core.environment:checking '/home/firefox/Ros_ws-BWSI/install/pet/bin'
[5.353s] Level 1:colcon.colcon_core.environment:checking '/home/firefox/Ros_ws-BWSI/install/pet/lib/pkgconfig/pet.pc'
[5.354s] Level 1:colcon.colcon_core.environment:checking '/home/firefox/Ros_ws-BWSI/install/pet/lib/python3.12/site-packages'
[5.354s] Level 1:colcon.colcon_core.shell:create_environment_hook('pet', 'pythonpath')
[5.355s] INFO:colcon.colcon_core.shell:Creating environment hook '/home/firefox/Ros_ws-BWSI/install/pet/share/pet/hook/pythonpath.ps1'
[5.357s] INFO:colcon.colcon_core.shell:Creating environment descriptor '/home/firefox/Ros_ws-BWSI/install/pet/share/pet/hook/pythonpath.dsv'
[5.361s] INFO:colcon.colcon_core.shell:Creating environment hook '/home/firefox/Ros_ws-BWSI/install/pet/share/pet/hook/pythonpath.sh'
[5.366s] Level 1:colcon.colcon_core.environment:checking '/home/firefox/Ros_ws-BWSI/install/pet/bin'
[5.367s] Level 1:colcon.colcon_core.environment:create_environment_scripts_only(pet)
[5.367s] INFO:colcon.colcon_core.shell:Creating package script '/home/firefox/Ros_ws-BWSI/install/pet/share/pet/package.ps1'
[5.368s] INFO:colcon.colcon_core.shell:Creating package descriptor '/home/firefox/Ros_ws-BWSI/install/pet/share/pet/package.dsv'
[5.369s] INFO:colcon.colcon_core.shell:Creating package script '/home/firefox/Ros_ws-BWSI/install/pet/share/pet/package.sh'
[5.370s] INFO:colcon.colcon_core.shell:Creating package script '/home/firefox/Ros_ws-BWSI/install/pet/share/pet/package.bash'
[5.374s] INFO:colcon.colcon_core.shell:Creating package script '/home/firefox/Ros_ws-BWSI/install/pet/share/pet/package.zsh'
[5.379s] Level 1:colcon.colcon_core.environment:create_file_with_runtime_dependencies(/home/firefox/Ros_ws-BWSI/install/pet/share/colcon-core/packages/pet)
[5.382s] Level 1:colcon.colcon_core.environment:checking '/home/firefox/Ros_ws-BWSI/install/turtle_tag_game' for CMake module files
[5.384s] Level 1:colcon.colcon_core.environment:checking '/home/firefox/Ros_ws-BWSI/install/turtle_tag_game' for CMake config files
[5.385s] Level 1:colcon.colcon_core.environment:checking '/home/firefox/Ros_ws-BWSI/install/turtle_tag_game/lib'
[5.386s] Level 1:colcon.colcon_core.environment:checking '/home/firefox/Ros_ws-BWSI/install/turtle_tag_game/bin'
[5.386s] Level 1:colcon.colcon_core.environment:checking '/home/firefox/Ros_ws-BWSI/install/turtle_tag_game/lib/pkgconfig/turtle_tag_game.pc'
[5.387s] Level 1:colcon.colcon_core.environment:checking '/home/firefox/Ros_ws-BWSI/install/turtle_tag_game/lib/python3.12/site-packages'
[5.389s] Level 1:colcon.colcon_core.shell:create_environment_hook('turtle_tag_game', 'pythonpath')
[5.389s] INFO:colcon.colcon_core.shell:Creating environment hook '/home/firefox/Ros_ws-BWSI/install/turtle_tag_game/share/turtle_tag_game/hook/pythonpath.ps1'
[5.388s] DEBUG:colcon.colcon_core.event_handler.log_command:Invoked command in '/home/firefox/Ros_ws-BWSI/src/turtle_tag_game' returned '0': DEBUGINFOD_URLS=https://debuginfod.ubuntu.com PYTHONPATH=/home/firefox/Ros_ws-BWSI/build/turtle_tag_game/prefix_override:/usr/lib/python3/dist-packages/colcon_core/task/python/colcon_distutils_commands:/home/firefox/Ros_ws-BWSI/install/turtle_tag_game/lib/python3.12/site-packages:${PYTHONPATH} /usr/bin/python3 -W ignore:setup.py install is deprecated -W ignore:easy_install command is deprecated setup.py egg_info --egg-base ../../build/turtle_tag_game build --build-base /home/firefox/Ros_ws-BWSI/build/turtle_tag_game/build install --record /home/firefox/Ros_ws-BWSI/build/turtle_tag_game/install.log --single-version-externally-managed install_data
[5.391s] INFO:colcon.colcon_core.shell:Creating environment descriptor '/home/firefox/Ros_ws-BWSI/install/turtle_tag_game/share/turtle_tag_game/hook/pythonpath.dsv'
[5.392s] INFO:colcon.colcon_core.shell:Creating environment hook '/home/firefox/Ros_ws-BWSI/install/turtle_tag_game/share/turtle_tag_game/hook/pythonpath.sh'
[5.393s] Level 1:colcon.colcon_core.environment:checking '/home/firefox/Ros_ws-BWSI/install/turtle_tag_game/bin'
[5.393s] Level 1:colcon.colcon_core.environment:create_environment_scripts_only(turtle_tag_game)
[5.393s] INFO:colcon.colcon_core.shell:Creating package script '/home/firefox/Ros_ws-BWSI/install/turtle_tag_game/share/turtle_tag_game/package.ps1'
[5.395s] INFO:colcon.colcon_core.shell:Creating package descriptor '/home/firefox/Ros_ws-BWSI/install/turtle_tag_game/share/turtle_tag_game/package.dsv'
[5.398s] INFO:colcon.colcon_core.shell:Creating package script '/home/firefox/Ros_ws-BWSI/install/turtle_tag_game/share/turtle_tag_game/package.sh'
[5.399s] INFO:colcon.colcon_core.shell:Creating package script '/home/firefox/Ros_ws-BWSI/install/turtle_tag_game/share/turtle_tag_game/package.bash'
[5.400s] INFO:colcon.colcon_core.shell:Creating package script '/home/firefox/Ros_ws-BWSI/install/turtle_tag_game/share/turtle_tag_game/package.zsh'
[5.401s] Level 1:colcon.colcon_core.environment:create_file_with_runtime_dependencies(/home/firefox/Ros_ws-BWSI/install/turtle_tag_game/share/colcon-core/packages/turtle_tag_game)
[5.915s] Level 1:colcon.colcon_core.environment:checking '/home/firefox/Ros_ws-BWSI/install/fizzbuzz' for CMake module files
[5.915s] DEBUG:colcon.colcon_core.event_handler.log_command:Invoked command in '/home/firefox/Ros_ws-BWSI/src/fizzbuzz' returned '0': AMENT_PREFIX_PATH=/home/firefox/Ros_ws-BWSI/install/fizzbuzz_interfaces:${AMENT_PREFIX_PATH} CMAKE_PREFIX_PATH=/home/firefox/Ros_ws-BWSI/install/fizzbuzz_interfaces:${CMAKE_PREFIX_PATH} DEBUGINFOD_URLS=https://debuginfod.ubuntu.com LD_LIBRARY_PATH=/home/firefox/Ros_ws-BWSI/install/fizzbuzz_interfaces/lib:${LD_LIBRARY_PATH} PYTHONPATH=/home/firefox/Ros_ws-BWSI/build/fizzbuzz/prefix_override:/usr/lib/python3/dist-packages/colcon_core/task/python/colcon_distutils_commands:/home/firefox/Ros_ws-BWSI/install/fizzbuzz/lib/python3.12/site-packages:/home/firefox/Ros_ws-BWSI/install/fizzbuzz_interfaces/lib/python3.12/site-packages:${PYTHONPATH} /usr/bin/python3 -W ignore:setup.py install is deprecated -W ignore:easy_install command is deprecated setup.py egg_info --egg-base ../../build/fizzbuzz build --build-base /home/firefox/Ros_ws-BWSI/build/fizzbuzz/build install --record /home/firefox/Ros_ws-BWSI/build/fizzbuzz/install.log --single-version-externally-managed install_data
[5.916s] Level 1:colcon.colcon_core.environment:checking '/home/firefox/Ros_ws-BWSI/install/fizzbuzz' for CMake config files
[5.917s] Level 1:colcon.colcon_core.environment:checking '/home/firefox/Ros_ws-BWSI/install/fizzbuzz/lib'
[5.917s] Level 1:colcon.colcon_core.environment:checking '/home/firefox/Ros_ws-BWSI/install/fizzbuzz/bin'
[5.917s] Level 1:colcon.colcon_core.environment:checking '/home/firefox/Ros_ws-BWSI/install/fizzbuzz/lib/pkgconfig/fizzbuzz.pc'
[5.917s] Level 1:colcon.colcon_core.environment:checking '/home/firefox/Ros_ws-BWSI/install/fizzbuzz/lib/python3.12/site-packages'
[5.917s] Level 1:colcon.colcon_core.shell:create_environment_hook('fizzbuzz', 'pythonpath')
[5.918s] INFO:colcon.colcon_core.shell:Creating environment hook '/home/firefox/Ros_ws-BWSI/install/fizzbuzz/share/fizzbuzz/hook/pythonpath.ps1'
[5.919s] INFO:colcon.colcon_core.shell:Creating environment descriptor '/home/firefox/Ros_ws-BWSI/install/fizzbuzz/share/fizzbuzz/hook/pythonpath.dsv'
[5.919s] INFO:colcon.colcon_core.shell:Creating environment hook '/home/firefox/Ros_ws-BWSI/install/fizzbuzz/share/fizzbuzz/hook/pythonpath.sh'
[5.923s] Level 1:colcon.colcon_core.environment:checking '/home/firefox/Ros_ws-BWSI/install/fizzbuzz/bin'
[5.924s] Level 1:colcon.colcon_core.environment:create_environment_scripts_only(fizzbuzz)
[5.925s] INFO:colcon.colcon_core.shell:Creating package script '/home/firefox/Ros_ws-BWSI/install/fizzbuzz/share/fizzbuzz/package.ps1'
[5.927s] INFO:colcon.colcon_core.shell:Creating package descriptor '/home/firefox/Ros_ws-BWSI/install/fizzbuzz/share/fizzbuzz/package.dsv'
[5.928s] INFO:colcon.colcon_core.shell:Creating package script '/home/firefox/Ros_ws-BWSI/install/fizzbuzz/share/fizzbuzz/package.sh'
[5.929s] INFO:colcon.colcon_core.shell:Creating package script '/home/firefox/Ros_ws-BWSI/install/fizzbuzz/share/fizzbuzz/package.bash'
[5.929s] INFO:colcon.colcon_core.shell:Creating package script '/home/firefox/Ros_ws-BWSI/install/fizzbuzz/share/fizzbuzz/package.zsh'
[5.930s] Level 1:colcon.colcon_core.environment:create_file_with_runtime_dependencies(/home/firefox/Ros_ws-BWSI/install/fizzbuzz/share/colcon-core/packages/fizzbuzz)
[5.931s] DEBUG:colcon.colcon_parallel_executor.executor.parallel:closing loop
[5.932s] DEBUG:colcon.colcon_parallel_executor.executor.parallel:loop closed
[5.932s] DEBUG:colcon.colcon_parallel_executor.executor.parallel:run_until_complete finished with '0'
[5.933s] DEBUG:colcon.colcon_core.event_reactor:joining thread
[5.951s] INFO:colcon.colcon_core.plugin_system:Skipping extension 'colcon_notification.desktop_notification.terminal_notifier': Not used on non-Darwin systems
[5.951s] INFO:colcon.colcon_core.plugin_system:Skipping extension 'colcon_notification.desktop_notification.win32': Not used on non-Windows systems
[5.951s] INFO:colcon.colcon_notification.desktop_notification:Sending desktop notification using 'notify2'
[5.983s] DEBUG:colcon.colcon_core.event_reactor:joined thread
[5.984s] INFO:colcon.colcon_core.shell:Creating prefix script '/home/firefox/Ros_ws-BWSI/install/local_setup.ps1'
[5.986s] INFO:colcon.colcon_core.shell:Creating prefix util module '/home/firefox/Ros_ws-BWSI/install/_local_setup_util_ps1.py'
[5.988s] INFO:colcon.colcon_core.shell:Creating prefix chain script '/home/firefox/Ros_ws-BWSI/install/setup.ps1'
[5.992s] INFO:colcon.colcon_core.shell:Creating prefix script '/home/firefox/Ros_ws-BWSI/install/local_setup.sh'
[5.993s] INFO:colcon.colcon_core.shell:Creating prefix util module '/home/firefox/Ros_ws-BWSI/install/_local_setup_util_sh.py'
[5.994s] INFO:colcon.colcon_core.shell:Creating prefix chain script '/home/firefox/Ros_ws-BWSI/install/setup.sh'
[6.001s] INFO:colcon.colcon_core.shell:Creating prefix script '/home/firefox/Ros_ws-BWSI/install/local_setup.bash'
[6.005s] INFO:colcon.colcon_core.shell:Creating prefix chain script '/home/firefox/Ros_ws-BWSI/install/setup.bash'
[6.009s] INFO:colcon.colcon_core.shell:Creating prefix script '/home/firefox/Ros_ws-BWSI/install/local_setup.zsh'
[6.012s] INFO:colcon.colcon_core.shell:Creating prefix chain script '/home/firefox/Ros_ws-BWSI/install/setup.zsh'
