running egg_info
writing ../../build/pet/pet.egg-info/PKG-INFO
writing dependency_links to ../../build/pet/pet.egg-info/dependency_links.txt
writing entry points to ../../build/pet/pet.egg-info/entry_points.txt
writing requirements to ../../build/pet/pet.egg-info/requires.txt
writing top-level names to ../../build/pet/pet.egg-info/top_level.txt
reading manifest file '../../build/pet/pet.egg-info/SOURCES.txt'
writing manifest file '../../build/pet/pet.egg-info/SOURCES.txt'
running build
running build_py
running install
running install_lib
running install_data
running install_egg_info
removing '/home/pranav/ros2_ws/install/pet/lib/python3.12/site-packages/pet-0.0.0-py3.12.egg-info' (and everything under it)
Copying ../../build/pet/pet.egg-info to /home/pranav/ros2_ws/install/pet/lib/python3.12/site-packages/pet-0.0.0-py3.12.egg-info
running install_scripts
Installing pose_subscriber script to /home/pranav/ros2_ws/install/pet/lib/pet
Installing turtle_controller script to /home/pranav/ros2_ws/install/pet/lib/pet
writing list of installed files to '/home/pranav/ros2_ws/build/pet/install.log'
