[0.304s] DEBUG:colcon:Command line arguments: ['/usr/bin/colcon', 'build']
[0.304s] DEBUG:colcon:Parsed command line arguments: Namespace(log_base=None, log_level=None, verb_name='build', build_base='build', install_base='install', merge_install=False, symlink_install=False, test_result_base=None, continue_on_error=False, executor='parallel', parallel_workers=4, event_handlers=None, ignore_user_meta=False, metas=['./colcon.meta'], base_paths=['.'], packages_ignore=None, packages_ignore_regex=None, paths=None, packages_up_to=None, packages_up_to_regex=None, packages_above=None, packages_above_and_dependencies=None, packages_above_depth=None, packages_select_by_dep=None, packages_skip_by_dep=None, packages_skip_up_to=None, packages_select_build_failed=False, packages_skip_build_finished=False, packages_select_test_failures=False, packages_skip_test_passed=False, packages_select=None, packages_skip=None, packages_select_regex=None, packages_skip_regex=None, packages_start=None, packages_end=None, allow_overriding=[], cmake_args=None, cmake_target=None, cmake_target_skip_unavailable=False, cmake_clean_cache=False, cmake_clean_first=False, cmake_force_configure=False, meson_args=[], ament_cmake_args=None, catkin_cmake_args=None, catkin_skip_building_tests=False, verb_parser=<colcon_defaults.argument_parser.defaults.DefaultArgumentsDecorator object at 0xffff82711160>, verb_extension=<colcon_core.verb.build.BuildVerb object at 0xffff828bdb20>, main=<bound method BuildVerb.main of <colcon_core.verb.build.BuildVerb object at 0xffff828bdb20>>)
[0.361s] Level 1:colcon.colcon_core.package_discovery:discover_packages(colcon_meta) check parameters
[0.362s] Level 1:colcon.colcon_core.package_discovery:discover_packages(recursive) check parameters
[0.362s] Level 1:colcon.colcon_core.package_discovery:discover_packages(ignore) check parameters
[0.362s] Level 1:colcon.colcon_core.package_discovery:discover_packages(path) check parameters
[0.362s] Level 1:colcon.colcon_core.package_discovery:discover_packages(colcon_meta) discover
[0.362s] Level 1:colcon.colcon_core.package_discovery:discover_packages(recursive) discover
[0.362s] INFO:colcon.colcon_core.package_discovery:Crawling recursively for packages in '/home/firefox/Ros_ws-BWSI'
[0.362s] Level 1:colcon.colcon_core.package_identification:_identify(.) by extensions ['ignore', 'ignore_ament_install']
[0.362s] Level 1:colcon.colcon_core.package_identification:_identify(.) by extension 'ignore'
[0.362s] Level 1:colcon.colcon_core.package_identification:_identify(.) by extension 'ignore_ament_install'
[0.362s] Level 1:colcon.colcon_core.package_identification:_identify(.) by extensions ['colcon_pkg']
[0.362s] Level 1:colcon.colcon_core.package_identification:_identify(.) by extension 'colcon_pkg'
[0.362s] Level 1:colcon.colcon_core.package_identification:_identify(.) by extensions ['colcon_meta']
[0.362s] Level 1:colcon.colcon_core.package_identification:_identify(.) by extension 'colcon_meta'
[0.363s] Level 1:colcon.colcon_core.package_identification:_identify(.) by extensions ['ros']
[0.363s] Level 1:colcon.colcon_core.package_identification:_identify(.) by extension 'ros'
[0.445s] Level 1:colcon.colcon_core.package_identification:_identify(.) by extensions ['cmake', 'meson', 'python']
[0.445s] Level 1:colcon.colcon_core.package_identification:_identify(.) by extension 'cmake'
[0.445s] Level 1:colcon.colcon_core.package_identification:_identify(.) by extension 'meson'
[0.446s] Level 1:colcon.colcon_core.package_identification:_identify(.) by extension 'python'
[0.446s] Level 1:colcon.colcon_core.package_identification:_identify(.) by extensions ['python_setup_py']
[0.446s] Level 1:colcon.colcon_core.package_identification:_identify(.) by extension 'python_setup_py'
[0.446s] Level 1:colcon.colcon_core.package_identification:_identify(build) by extensions ['ignore', 'ignore_ament_install']
[0.446s] Level 1:colcon.colcon_core.package_identification:_identify(build) by extension 'ignore'
[0.446s] Level 1:colcon.colcon_core.package_identification:_identify(build) ignored
[0.447s] Level 1:colcon.colcon_core.package_identification:_identify(install) by extensions ['ignore', 'ignore_ament_install']
[0.447s] Level 1:colcon.colcon_core.package_identification:_identify(install) by extension 'ignore'
[0.447s] Level 1:colcon.colcon_core.package_identification:_identify(install) ignored
[0.447s] Level 1:colcon.colcon_core.package_identification:_identify(log) by extensions ['ignore', 'ignore_ament_install']
[0.447s] Level 1:colcon.colcon_core.package_identification:_identify(log) by extension 'ignore'
[0.447s] Level 1:colcon.colcon_core.package_identification:_identify(log) ignored
[0.447s] Level 1:colcon.colcon_core.package_identification:_identify(src) by extensions ['ignore', 'ignore_ament_install']
[0.447s] Level 1:colcon.colcon_core.package_identification:_identify(src) by extension 'ignore'
[0.448s] Level 1:colcon.colcon_core.package_identification:_identify(src) by extension 'ignore_ament_install'
[0.448s] Level 1:colcon.colcon_core.package_identification:_identify(src) by extensions ['colcon_pkg']
[0.448s] Level 1:colcon.colcon_core.package_identification:_identify(src) by extension 'colcon_pkg'
[0.448s] Level 1:colcon.colcon_core.package_identification:_identify(src) by extensions ['colcon_meta']
[0.448s] Level 1:colcon.colcon_core.package_identification:_identify(src) by extension 'colcon_meta'
[0.448s] Level 1:colcon.colcon_core.package_identification:_identify(src) by extensions ['ros']
[0.448s] Level 1:colcon.colcon_core.package_identification:_identify(src) by extension 'ros'
[0.448s] Level 1:colcon.colcon_core.package_identification:_identify(src) by extensions ['cmake', 'meson', 'python']
[0.448s] Level 1:colcon.colcon_core.package_identification:_identify(src) by extension 'cmake'
[0.448s] Level 1:colcon.colcon_core.package_identification:_identify(src) by extension 'meson'
[0.448s] Level 1:colcon.colcon_core.package_identification:_identify(src) by extension 'python'
[0.448s] Level 1:colcon.colcon_core.package_identification:_identify(src) by extensions ['python_setup_py']
[0.448s] Level 1:colcon.colcon_core.package_identification:_identify(src) by extension 'python_setup_py'
[0.449s] Level 1:colcon.colcon_core.package_identification:_identify(src/drone) by extensions ['ignore', 'ignore_ament_install']
[0.449s] Level 1:colcon.colcon_core.package_identification:_identify(src/drone) by extension 'ignore'
[0.449s] Level 1:colcon.colcon_core.package_identification:_identify(src/drone) by extension 'ignore_ament_install'
[0.449s] Level 1:colcon.colcon_core.package_identification:_identify(src/drone) by extensions ['colcon_pkg']
[0.449s] Level 1:colcon.colcon_core.package_identification:_identify(src/drone) by extension 'colcon_pkg'
[0.449s] Level 1:colcon.colcon_core.package_identification:_identify(src/drone) by extensions ['colcon_meta']
[0.449s] Level 1:colcon.colcon_core.package_identification:_identify(src/drone) by extension 'colcon_meta'
[0.449s] Level 1:colcon.colcon_core.package_identification:_identify(src/drone) by extensions ['ros']
[0.449s] Level 1:colcon.colcon_core.package_identification:_identify(src/drone) by extension 'ros'
[0.453s] DEBUG:colcon.colcon_core.package_identification:Package 'src/drone' with type 'ros.ament_python' and name 'drone'
[0.454s] Level 1:colcon.colcon_core.package_identification:_identify(src/fizzbuzz) by extensions ['ignore', 'ignore_ament_install']
[0.454s] Level 1:colcon.colcon_core.package_identification:_identify(src/fizzbuzz) by extension 'ignore'
[0.454s] Level 1:colcon.colcon_core.package_identification:_identify(src/fizzbuzz) by extension 'ignore_ament_install'
[0.454s] Level 1:colcon.colcon_core.package_identification:_identify(src/fizzbuzz) by extensions ['colcon_pkg']
[0.454s] Level 1:colcon.colcon_core.package_identification:_identify(src/fizzbuzz) by extension 'colcon_pkg'
[0.454s] Level 1:colcon.colcon_core.package_identification:_identify(src/fizzbuzz) by extensions ['colcon_meta']
[0.454s] Level 1:colcon.colcon_core.package_identification:_identify(src/fizzbuzz) by extension 'colcon_meta'
[0.455s] Level 1:colcon.colcon_core.package_identification:_identify(src/fizzbuzz) by extensions ['ros']
[0.455s] Level 1:colcon.colcon_core.package_identification:_identify(src/fizzbuzz) by extension 'ros'
[0.456s] DEBUG:colcon.colcon_core.package_identification:Package 'src/fizzbuzz' with type 'ros.ament_python' and name 'fizzbuzz'
[0.456s] Level 1:colcon.colcon_core.package_identification:_identify(src/fizzbuzz_interfaces) by extensions ['ignore', 'ignore_ament_install']
[0.456s] Level 1:colcon.colcon_core.package_identification:_identify(src/fizzbuzz_interfaces) by extension 'ignore'
[0.456s] Level 1:colcon.colcon_core.package_identification:_identify(src/fizzbuzz_interfaces) by extension 'ignore_ament_install'
[0.456s] Level 1:colcon.colcon_core.package_identification:_identify(src/fizzbuzz_interfaces) by extensions ['colcon_pkg']
[0.456s] Level 1:colcon.colcon_core.package_identification:_identify(src/fizzbuzz_interfaces) by extension 'colcon_pkg'
[0.456s] Level 1:colcon.colcon_core.package_identification:_identify(src/fizzbuzz_interfaces) by extensions ['colcon_meta']
[0.456s] Level 1:colcon.colcon_core.package_identification:_identify(src/fizzbuzz_interfaces) by extension 'colcon_meta'
[0.456s] Level 1:colcon.colcon_core.package_identification:_identify(src/fizzbuzz_interfaces) by extensions ['ros']
[0.457s] Level 1:colcon.colcon_core.package_identification:_identify(src/fizzbuzz_interfaces) by extension 'ros'
[0.458s] DEBUG:colcon.colcon_core.package_identification:Package 'src/fizzbuzz_interfaces' with type 'ros.ament_cmake' and name 'fizzbuzz_interfaces'
[0.458s] Level 1:colcon.colcon_core.package_identification:_identify(src/pet) by extensions ['ignore', 'ignore_ament_install']
[0.458s] Level 1:colcon.colcon_core.package_identification:_identify(src/pet) by extension 'ignore'
[0.458s] Level 1:colcon.colcon_core.package_identification:_identify(src/pet) by extension 'ignore_ament_install'
[0.458s] Level 1:colcon.colcon_core.package_identification:_identify(src/pet) by extensions ['colcon_pkg']
[0.458s] Level 1:colcon.colcon_core.package_identification:_identify(src/pet) by extension 'colcon_pkg'
[0.458s] Level 1:colcon.colcon_core.package_identification:_identify(src/pet) by extensions ['colcon_meta']
[0.458s] Level 1:colcon.colcon_core.package_identification:_identify(src/pet) by extension 'colcon_meta'
[0.458s] Level 1:colcon.colcon_core.package_identification:_identify(src/pet) by extensions ['ros']
[0.458s] Level 1:colcon.colcon_core.package_identification:_identify(src/pet) by extension 'ros'
[0.459s] DEBUG:colcon.colcon_core.package_identification:Package 'src/pet' with type 'ros.ament_python' and name 'pet'
[0.460s] Level 1:colcon.colcon_core.package_identification:_identify(src/turtle_tag_game) by extensions ['ignore', 'ignore_ament_install']
[0.460s] Level 1:colcon.colcon_core.package_identification:_identify(src/turtle_tag_game) by extension 'ignore'
[0.460s] Level 1:colcon.colcon_core.package_identification:_identify(src/turtle_tag_game) by extension 'ignore_ament_install'
[0.460s] Level 1:colcon.colcon_core.package_identification:_identify(src/turtle_tag_game) by extensions ['colcon_pkg']
[0.460s] Level 1:colcon.colcon_core.package_identification:_identify(src/turtle_tag_game) by extension 'colcon_pkg'
[0.460s] Level 1:colcon.colcon_core.package_identification:_identify(src/turtle_tag_game) by extensions ['colcon_meta']
[0.460s] Level 1:colcon.colcon_core.package_identification:_identify(src/turtle_tag_game) by extension 'colcon_meta'
[0.460s] Level 1:colcon.colcon_core.package_identification:_identify(src/turtle_tag_game) by extensions ['ros']
[0.460s] Level 1:colcon.colcon_core.package_identification:_identify(src/turtle_tag_game) by extension 'ros'
[0.462s] DEBUG:colcon.colcon_core.package_identification:Package 'src/turtle_tag_game' with type 'ros.ament_python' and name 'turtle_tag_game'
[0.462s] Level 1:colcon.colcon_core.package_discovery:discover_packages(recursive) using defaults
[0.462s] Level 1:colcon.colcon_core.package_discovery:discover_packages(ignore) discover
[0.462s] Level 1:colcon.colcon_core.package_discovery:discover_packages(ignore) using defaults
[0.462s] Level 1:colcon.colcon_core.package_discovery:discover_packages(path) discover
[0.462s] Level 1:colcon.colcon_core.package_discovery:discover_packages(path) using defaults
[0.490s] Level 1:colcon.colcon_core.package_discovery:discover_packages(prefix_path) check parameters
[0.491s] Level 1:colcon.colcon_core.package_discovery:discover_packages(prefix_path) discover
[0.495s] DEBUG:colcon.colcon_installed_package_information.package_discovery:Found 5 installed packages in /home/firefox/Ros_ws-BWSI/install
[0.496s] DEBUG:colcon.colcon_installed_package_information.package_discovery:Found 4 installed packages in /home/firefox/camera_ws/install
[0.499s] DEBUG:colcon.colcon_installed_package_information.package_discovery:Found 270 installed packages in /opt/ros/jazzy
[0.500s] Level 1:colcon.colcon_core.package_discovery:discover_packages(prefix_path) using defaults
[0.599s] Level 5:colcon.colcon_core.verb:set package 'drone' build argument 'cmake_args' from command line to 'None'
[0.599s] Level 5:colcon.colcon_core.verb:set package 'drone' build argument 'cmake_target' from command line to 'None'
[0.599s] Level 5:colcon.colcon_core.verb:set package 'drone' build argument 'cmake_target_skip_unavailable' from command line to 'False'
[0.600s] Level 5:colcon.colcon_core.verb:set package 'drone' build argument 'cmake_clean_cache' from command line to 'False'
[0.600s] Level 5:colcon.colcon_core.verb:set package 'drone' build argument 'cmake_clean_first' from command line to 'False'
[0.600s] Level 5:colcon.colcon_core.verb:set package 'drone' build argument 'cmake_force_configure' from command line to 'False'
[0.600s] Level 5:colcon.colcon_core.verb:set package 'drone' build argument 'meson_args' from command line to '[]'
[0.600s] Level 5:colcon.colcon_core.verb:set package 'drone' build argument 'ament_cmake_args' from command line to 'None'
[0.600s] Level 5:colcon.colcon_core.verb:set package 'drone' build argument 'catkin_cmake_args' from command line to 'None'
[0.600s] Level 5:colcon.colcon_core.verb:set package 'drone' build argument 'catkin_skip_building_tests' from command line to 'False'
[0.600s] DEBUG:colcon.colcon_core.verb:Building package 'drone' with the following arguments: {'ament_cmake_args': None, 'build_base': '/home/firefox/Ros_ws-BWSI/build/drone', 'catkin_cmake_args': None, 'catkin_skip_building_tests': False, 'cmake_args': None, 'cmake_clean_cache': False, 'cmake_clean_first': False, 'cmake_force_configure': False, 'cmake_target': None, 'cmake_target_skip_unavailable': False, 'install_base': '/home/firefox/Ros_ws-BWSI/install/drone', 'merge_install': False, 'meson_args': [], 'path': '/home/firefox/Ros_ws-BWSI/src/drone', 'symlink_install': False, 'test_result_base': None}
[0.610s] Level 5:colcon.colcon_core.verb:set package 'fizzbuzz_interfaces' build argument 'cmake_args' from command line to 'None'
[0.610s] Level 5:colcon.colcon_core.verb:set package 'fizzbuzz_interfaces' build argument 'cmake_target' from command line to 'None'
[0.610s] Level 5:colcon.colcon_core.verb:set package 'fizzbuzz_interfaces' build argument 'cmake_target_skip_unavailable' from command line to 'False'
[0.610s] Level 5:colcon.colcon_core.verb:set package 'fizzbuzz_interfaces' build argument 'cmake_clean_cache' from command line to 'False'
[0.610s] Level 5:colcon.colcon_core.verb:set package 'fizzbuzz_interfaces' build argument 'cmake_clean_first' from command line to 'False'
[0.610s] Level 5:colcon.colcon_core.verb:set package 'fizzbuzz_interfaces' build argument 'cmake_force_configure' from command line to 'False'
[0.610s] Level 5:colcon.colcon_core.verb:set package 'fizzbuzz_interfaces' build argument 'meson_args' from command line to '[]'
[0.610s] Level 5:colcon.colcon_core.verb:set package 'fizzbuzz_interfaces' build argument 'ament_cmake_args' from command line to 'None'
[0.610s] Level 5:colcon.colcon_core.verb:set package 'fizzbuzz_interfaces' build argument 'catkin_cmake_args' from command line to 'None'
[0.610s] Level 5:colcon.colcon_core.verb:set package 'fizzbuzz_interfaces' build argument 'catkin_skip_building_tests' from command line to 'False'
[0.610s] DEBUG:colcon.colcon_core.verb:Building package 'fizzbuzz_interfaces' with the following arguments: {'ament_cmake_args': None, 'build_base': '/home/firefox/Ros_ws-BWSI/build/fizzbuzz_interfaces', 'catkin_cmake_args': None, 'catkin_skip_building_tests': False, 'cmake_args': None, 'cmake_clean_cache': False, 'cmake_clean_first': False, 'cmake_force_configure': False, 'cmake_target': None, 'cmake_target_skip_unavailable': False, 'install_base': '/home/firefox/Ros_ws-BWSI/install/fizzbuzz_interfaces', 'merge_install': False, 'meson_args': [], 'path': '/home/firefox/Ros_ws-BWSI/src/fizzbuzz_interfaces', 'symlink_install': False, 'test_result_base': None}
[0.619s] Level 5:colcon.colcon_core.verb:set package 'pet' build argument 'cmake_args' from command line to 'None'
[0.619s] Level 5:colcon.colcon_core.verb:set package 'pet' build argument 'cmake_target' from command line to 'None'
[0.619s] Level 5:colcon.colcon_core.verb:set package 'pet' build argument 'cmake_target_skip_unavailable' from command line to 'False'
[0.619s] Level 5:colcon.colcon_core.verb:set package 'pet' build argument 'cmake_clean_cache' from command line to 'False'
[0.619s] Level 5:colcon.colcon_core.verb:set package 'pet' build argument 'cmake_clean_first' from command line to 'False'
[0.619s] Level 5:colcon.colcon_core.verb:set package 'pet' build argument 'cmake_force_configure' from command line to 'False'
[0.619s] Level 5:colcon.colcon_core.verb:set package 'pet' build argument 'meson_args' from command line to '[]'
[0.619s] Level 5:colcon.colcon_core.verb:set package 'pet' build argument 'ament_cmake_args' from command line to 'None'
[0.619s] Level 5:colcon.colcon_core.verb:set package 'pet' build argument 'catkin_cmake_args' from command line to 'None'
[0.619s] Level 5:colcon.colcon_core.verb:set package 'pet' build argument 'catkin_skip_building_tests' from command line to 'False'
[0.620s] DEBUG:colcon.colcon_core.verb:Building package 'pet' with the following arguments: {'ament_cmake_args': None, 'build_base': '/home/firefox/Ros_ws-BWSI/build/pet', 'catkin_cmake_args': None, 'catkin_skip_building_tests': False, 'cmake_args': None, 'cmake_clean_cache': False, 'cmake_clean_first': False, 'cmake_force_configure': False, 'cmake_target': None, 'cmake_target_skip_unavailable': False, 'install_base': '/home/firefox/Ros_ws-BWSI/install/pet', 'merge_install': False, 'meson_args': [], 'path': '/home/firefox/Ros_ws-BWSI/src/pet', 'symlink_install': False, 'test_result_base': None}
[0.630s] Level 5:colcon.colcon_core.verb:set package 'turtle_tag_game' build argument 'cmake_args' from command line to 'None'
[0.630s] Level 5:colcon.colcon_core.verb:set package 'turtle_tag_game' build argument 'cmake_target' from command line to 'None'
[0.630s] Level 5:colcon.colcon_core.verb:set package 'turtle_tag_game' build argument 'cmake_target_skip_unavailable' from command line to 'False'
[0.630s] Level 5:colcon.colcon_core.verb:set package 'turtle_tag_game' build argument 'cmake_clean_cache' from command line to 'False'
[0.630s] Level 5:colcon.colcon_core.verb:set package 'turtle_tag_game' build argument 'cmake_clean_first' from command line to 'False'
[0.630s] Level 5:colcon.colcon_core.verb:set package 'turtle_tag_game' build argument 'cmake_force_configure' from command line to 'False'
[0.630s] Level 5:colcon.colcon_core.verb:set package 'turtle_tag_game' build argument 'meson_args' from command line to '[]'
[0.630s] Level 5:colcon.colcon_core.verb:set package 'turtle_tag_game' build argument 'ament_cmake_args' from command line to 'None'
[0.630s] Level 5:colcon.colcon_core.verb:set package 'turtle_tag_game' build argument 'catkin_cmake_args' from command line to 'None'
[0.630s] Level 5:colcon.colcon_core.verb:set package 'turtle_tag_game' build argument 'catkin_skip_building_tests' from command line to 'False'
[0.630s] DEBUG:colcon.colcon_core.verb:Building package 'turtle_tag_game' with the following arguments: {'ament_cmake_args': None, 'build_base': '/home/firefox/Ros_ws-BWSI/build/turtle_tag_game', 'catkin_cmake_args': None, 'catkin_skip_building_tests': False, 'cmake_args': None, 'cmake_clean_cache': False, 'cmake_clean_first': False, 'cmake_force_configure': False, 'cmake_target': None, 'cmake_target_skip_unavailable': False, 'install_base': '/home/firefox/Ros_ws-BWSI/install/turtle_tag_game', 'merge_install': False, 'meson_args': [], 'path': '/home/firefox/Ros_ws-BWSI/src/turtle_tag_game', 'symlink_install': False, 'test_result_base': None}
[0.639s] Level 5:colcon.colcon_core.verb:set package 'fizzbuzz' build argument 'cmake_args' from command line to 'None'
[0.639s] Level 5:colcon.colcon_core.verb:set package 'fizzbuzz' build argument 'cmake_target' from command line to 'None'
[0.640s] Level 5:colcon.colcon_core.verb:set package 'fizzbuzz' build argument 'cmake_target_skip_unavailable' from command line to 'False'
[0.640s] Level 5:colcon.colcon_core.verb:set package 'fizzbuzz' build argument 'cmake_clean_cache' from command line to 'False'
[0.640s] Level 5:colcon.colcon_core.verb:set package 'fizzbuzz' build argument 'cmake_clean_first' from command line to 'False'
[0.640s] Level 5:colcon.colcon_core.verb:set package 'fizzbuzz' build argument 'cmake_force_configure' from command line to 'False'
[0.640s] Level 5:colcon.colcon_core.verb:set package 'fizzbuzz' build argument 'meson_args' from command line to '[]'
[0.640s] Level 5:colcon.colcon_core.verb:set package 'fizzbuzz' build argument 'ament_cmake_args' from command line to 'None'
[0.640s] Level 5:colcon.colcon_core.verb:set package 'fizzbuzz' build argument 'catkin_cmake_args' from command line to 'None'
[0.640s] Level 5:colcon.colcon_core.verb:set package 'fizzbuzz' build argument 'catkin_skip_building_tests' from command line to 'False'
[0.640s] DEBUG:colcon.colcon_core.verb:Building package 'fizzbuzz' with the following arguments: {'ament_cmake_args': None, 'build_base': '/home/firefox/Ros_ws-BWSI/build/fizzbuzz', 'catkin_cmake_args': None, 'catkin_skip_building_tests': False, 'cmake_args': None, 'cmake_clean_cache': False, 'cmake_clean_first': False, 'cmake_force_configure': False, 'cmake_target': None, 'cmake_target_skip_unavailable': False, 'install_base': '/home/firefox/Ros_ws-BWSI/install/fizzbuzz', 'merge_install': False, 'meson_args': [], 'path': '/home/firefox/Ros_ws-BWSI/src/fizzbuzz', 'symlink_install': False, 'test_result_base': None}
[0.640s] INFO:colcon.colcon_core.executor:Executing jobs using 'parallel' executor
[0.641s] DEBUG:colcon.colcon_parallel_executor.executor.parallel:run_until_complete
[0.642s] INFO:colcon.colcon_ros.task.ament_cmake.build:Building ROS package in '/home/firefox/Ros_ws-BWSI/src/fizzbuzz_interfaces' with build type 'ament_cmake'
[0.642s] INFO:colcon.colcon_cmake.task.cmake.build:Building CMake package in '/home/firefox/Ros_ws-BWSI/src/fizzbuzz_interfaces'
[0.649s] INFO:colcon.colcon_core.plugin_system:Skipping extension 'colcon_core.shell.bat': Not used on non-Windows systems
[0.649s] INFO:colcon.colcon_core.shell:Skip shell extension 'powershell' for command environment: Not usable outside of PowerShell
[0.649s] DEBUG:colcon.colcon_core.shell:Skip shell extension 'dsv' for command environment
[0.659s] INFO:colcon.colcon_ros.task.ament_python.build:Building ROS package in '/home/firefox/Ros_ws-BWSI/src/drone' with build type 'ament_python'
[0.659s] Level 1:colcon.colcon_core.shell:create_environment_hook('drone', 'ament_prefix_path')
[0.659s] INFO:colcon.colcon_core.shell:Creating environment hook '/home/firefox/Ros_ws-BWSI/install/drone/share/drone/hook/ament_prefix_path.ps1'
[0.660s] INFO:colcon.colcon_core.shell:Creating environment descriptor '/home/firefox/Ros_ws-BWSI/install/drone/share/drone/hook/ament_prefix_path.dsv'
[0.663s] INFO:colcon.colcon_core.shell:Creating environment hook '/home/firefox/Ros_ws-BWSI/install/drone/share/drone/hook/ament_prefix_path.sh'
[0.664s] INFO:colcon.colcon_core.shell:Skip shell extension 'powershell' for command environment: Not usable outside of PowerShell
[0.664s] DEBUG:colcon.colcon_core.shell:Skip shell extension 'dsv' for command environment
[0.669s] INFO:colcon.colcon_ros.task.ament_python.build:Building ROS package in '/home/firefox/Ros_ws-BWSI/src/pet' with build type 'ament_python'
[0.669s] Level 1:colcon.colcon_core.shell:create_environment_hook('pet', 'ament_prefix_path')
[0.670s] INFO:colcon.colcon_core.shell:Creating environment hook '/home/firefox/Ros_ws-BWSI/install/pet/share/pet/hook/ament_prefix_path.ps1'
[0.671s] INFO:colcon.colcon_core.shell:Creating environment descriptor '/home/firefox/Ros_ws-BWSI/install/pet/share/pet/hook/ament_prefix_path.dsv'
[0.671s] INFO:colcon.colcon_core.shell:Creating environment hook '/home/firefox/Ros_ws-BWSI/install/pet/share/pet/hook/ament_prefix_path.sh'
[0.672s] INFO:colcon.colcon_core.shell:Skip shell extension 'powershell' for command environment: Not usable outside of PowerShell
[0.673s] DEBUG:colcon.colcon_core.shell:Skip shell extension 'dsv' for command environment
[0.678s] INFO:colcon.colcon_ros.task.ament_python.build:Building ROS package in '/home/firefox/Ros_ws-BWSI/src/turtle_tag_game' with build type 'ament_python'
[0.678s] Level 1:colcon.colcon_core.shell:create_environment_hook('turtle_tag_game', 'ament_prefix_path')
[0.678s] INFO:colcon.colcon_core.shell:Creating environment hook '/home/firefox/Ros_ws-BWSI/install/turtle_tag_game/share/turtle_tag_game/hook/ament_prefix_path.ps1'
[0.681s] INFO:colcon.colcon_core.shell:Creating environment descriptor '/home/firefox/Ros_ws-BWSI/install/turtle_tag_game/share/turtle_tag_game/hook/ament_prefix_path.dsv'
[0.683s] INFO:colcon.colcon_core.shell:Creating environment hook '/home/firefox/Ros_ws-BWSI/install/turtle_tag_game/share/turtle_tag_game/hook/ament_prefix_path.sh'
[0.685s] INFO:colcon.colcon_core.shell:Skip shell extension 'powershell' for command environment: Not usable outside of PowerShell
[0.685s] DEBUG:colcon.colcon_core.shell:Skip shell extension 'dsv' for command environment
[0.699s] DEBUG:colcon.colcon_core.event_handler.log_command:Invoking command in '/home/firefox/Ros_ws-BWSI/build/fizzbuzz_interfaces': CMAKE_PREFIX_PATH=${CMAKE_PREFIX_PATH}:/home/firefox/Ros_ws-BWSI/install/turtle_tag_game:/home/firefox/Ros_ws-BWSI/install/pet:/home/firefox/Ros_ws-BWSI/install/fizzbuzz:/home/firefox/Ros_ws-BWSI/install/drone:/home/firefox/camera_ws/install/uav:/opt/ros/jazzy DEBUGINFOD_URLS=https://debuginfod.ubuntu.com /usr/bin/cmake --build /home/firefox/Ros_ws-BWSI/build/fizzbuzz_interfaces -- -j4 -l4
[1.339s] INFO:colcon.colcon_core.task.python.build:Building Python package in '/home/firefox/Ros_ws-BWSI/src/drone'
[1.339s] INFO:colcon.colcon_core.shell:Skip shell extension 'powershell' for command environment: Not usable outside of PowerShell
[1.339s] DEBUG:colcon.colcon_core.shell:Skip shell extension 'dsv' for command environment
[1.749s] INFO:colcon.colcon_core.task.python.build:Building Python package in '/home/firefox/Ros_ws-BWSI/src/pet'
[1.750s] INFO:colcon.colcon_core.shell:Skip shell extension 'powershell' for command environment: Not usable outside of PowerShell
[1.750s] DEBUG:colcon.colcon_core.shell:Skip shell extension 'dsv' for command environment
[1.768s] DEBUG:colcon.colcon_core.event_handler.log_command:Invoked command in '/home/firefox/Ros_ws-BWSI/build/fizzbuzz_interfaces' returned '0': CMAKE_PREFIX_PATH=${CMAKE_PREFIX_PATH}:/home/firefox/Ros_ws-BWSI/install/turtle_tag_game:/home/firefox/Ros_ws-BWSI/install/pet:/home/firefox/Ros_ws-BWSI/install/fizzbuzz:/home/firefox/Ros_ws-BWSI/install/drone:/home/firefox/camera_ws/install/uav:/opt/ros/jazzy DEBUGINFOD_URLS=https://debuginfod.ubuntu.com /usr/bin/cmake --build /home/firefox/Ros_ws-BWSI/build/fizzbuzz_interfaces -- -j4 -l4
[1.788s] DEBUG:colcon.colcon_core.event_handler.log_command:Invoking command in '/home/firefox/Ros_ws-BWSI/build/fizzbuzz_interfaces': CMAKE_PREFIX_PATH=${CMAKE_PREFIX_PATH}:/home/firefox/Ros_ws-BWSI/install/turtle_tag_game:/home/firefox/Ros_ws-BWSI/install/pet:/home/firefox/Ros_ws-BWSI/install/fizzbuzz:/home/firefox/Ros_ws-BWSI/install/drone:/home/firefox/camera_ws/install/uav:/opt/ros/jazzy DEBUGINFOD_URLS=https://debuginfod.ubuntu.com /usr/bin/cmake --install /home/firefox/Ros_ws-BWSI/build/fizzbuzz_interfaces
[2.129s] INFO:colcon.colcon_core.task.python.build:Building Python package in '/home/firefox/Ros_ws-BWSI/src/turtle_tag_game'
[2.129s] INFO:colcon.colcon_core.shell:Skip shell extension 'powershell' for command environment: Not usable outside of PowerShell
[2.129s] DEBUG:colcon.colcon_core.shell:Skip shell extension 'dsv' for command environment
[2.210s] Level 1:colcon.colcon_core.environment:create_environment_scripts_only(fizzbuzz_interfaces)
[2.215s] DEBUG:colcon.colcon_core.event_handler.log_command:Invoked command in '/home/firefox/Ros_ws-BWSI/build/fizzbuzz_interfaces' returned '0': CMAKE_PREFIX_PATH=${CMAKE_PREFIX_PATH}:/home/firefox/Ros_ws-BWSI/install/turtle_tag_game:/home/firefox/Ros_ws-BWSI/install/pet:/home/firefox/Ros_ws-BWSI/install/fizzbuzz:/home/firefox/Ros_ws-BWSI/install/drone:/home/firefox/camera_ws/install/uav:/opt/ros/jazzy DEBUGINFOD_URLS=https://debuginfod.ubuntu.com /usr/bin/cmake --install /home/firefox/Ros_ws-BWSI/build/fizzbuzz_interfaces
[2.218s] Level 1:colcon.colcon_core.environment:checking '/home/firefox/Ros_ws-BWSI/install/fizzbuzz_interfaces' for CMake module files
[2.220s] Level 1:colcon.colcon_core.environment:checking '/home/firefox/Ros_ws-BWSI/install/fizzbuzz_interfaces' for CMake config files
[2.224s] Level 1:colcon.colcon_core.shell:create_environment_hook('fizzbuzz_interfaces', 'cmake_prefix_path')
[2.224s] INFO:colcon.colcon_core.shell:Creating environment hook '/home/firefox/Ros_ws-BWSI/install/fizzbuzz_interfaces/share/fizzbuzz_interfaces/hook/cmake_prefix_path.ps1'
[2.225s] INFO:colcon.colcon_core.shell:Creating environment descriptor '/home/firefox/Ros_ws-BWSI/install/fizzbuzz_interfaces/share/fizzbuzz_interfaces/hook/cmake_prefix_path.dsv'
[2.230s] INFO:colcon.colcon_core.shell:Creating environment hook '/home/firefox/Ros_ws-BWSI/install/fizzbuzz_interfaces/share/fizzbuzz_interfaces/hook/cmake_prefix_path.sh'
[2.231s] Level 1:colcon.colcon_core.environment:checking '/home/firefox/Ros_ws-BWSI/install/fizzbuzz_interfaces/lib'
[2.232s] Level 1:colcon.colcon_core.shell:create_environment_hook('fizzbuzz_interfaces', 'ld_library_path_lib')
[2.232s] INFO:colcon.colcon_core.shell:Creating environment hook '/home/firefox/Ros_ws-BWSI/install/fizzbuzz_interfaces/share/fizzbuzz_interfaces/hook/ld_library_path_lib.ps1'
[2.235s] INFO:colcon.colcon_core.shell:Creating environment descriptor '/home/firefox/Ros_ws-BWSI/install/fizzbuzz_interfaces/share/fizzbuzz_interfaces/hook/ld_library_path_lib.dsv'
[2.240s] INFO:colcon.colcon_core.shell:Creating environment hook '/home/firefox/Ros_ws-BWSI/install/fizzbuzz_interfaces/share/fizzbuzz_interfaces/hook/ld_library_path_lib.sh'
[2.244s] Level 1:colcon.colcon_core.environment:checking '/home/firefox/Ros_ws-BWSI/install/fizzbuzz_interfaces/bin'
[2.244s] Level 1:colcon.colcon_core.environment:checking '/home/firefox/Ros_ws-BWSI/install/fizzbuzz_interfaces/lib/pkgconfig/fizzbuzz_interfaces.pc'
[2.245s] Level 1:colcon.colcon_core.environment:checking '/home/firefox/Ros_ws-BWSI/install/fizzbuzz_interfaces/lib/python3.12/site-packages'
[2.245s] Level 1:colcon.colcon_core.shell:create_environment_hook('fizzbuzz_interfaces', 'pythonpath')
[2.246s] INFO:colcon.colcon_core.shell:Creating environment hook '/home/firefox/Ros_ws-BWSI/install/fizzbuzz_interfaces/share/fizzbuzz_interfaces/hook/pythonpath.ps1'
[2.249s] INFO:colcon.colcon_core.shell:Creating environment descriptor '/home/firefox/Ros_ws-BWSI/install/fizzbuzz_interfaces/share/fizzbuzz_interfaces/hook/pythonpath.dsv'
[2.253s] INFO:colcon.colcon_core.shell:Creating environment hook '/home/firefox/Ros_ws-BWSI/install/fizzbuzz_interfaces/share/fizzbuzz_interfaces/hook/pythonpath.sh'
[2.258s] Level 1:colcon.colcon_core.environment:checking '/home/firefox/Ros_ws-BWSI/install/fizzbuzz_interfaces/bin'
[2.259s] INFO:colcon.colcon_core.shell:Creating package script '/home/firefox/Ros_ws-BWSI/install/fizzbuzz_interfaces/share/fizzbuzz_interfaces/package.ps1'
[2.262s] INFO:colcon.colcon_core.shell:Creating package descriptor '/home/firefox/Ros_ws-BWSI/install/fizzbuzz_interfaces/share/fizzbuzz_interfaces/package.dsv'
[2.263s] INFO:colcon.colcon_core.shell:Creating package script '/home/firefox/Ros_ws-BWSI/install/fizzbuzz_interfaces/share/fizzbuzz_interfaces/package.sh'
[2.266s] INFO:colcon.colcon_core.shell:Creating package script '/home/firefox/Ros_ws-BWSI/install/fizzbuzz_interfaces/share/fizzbuzz_interfaces/package.bash'
[2.268s] INFO:colcon.colcon_core.shell:Creating package script '/home/firefox/Ros_ws-BWSI/install/fizzbuzz_interfaces/share/fizzbuzz_interfaces/package.zsh'
[2.271s] Level 1:colcon.colcon_core.environment:create_file_with_runtime_dependencies(/home/firefox/Ros_ws-BWSI/install/fizzbuzz_interfaces/share/colcon-core/packages/fizzbuzz_interfaces)
[2.277s] Level 1:colcon.colcon_core.environment:create_environment_scripts_only(fizzbuzz_interfaces)
[2.278s] Level 1:colcon.colcon_core.environment:checking '/home/firefox/Ros_ws-BWSI/install/fizzbuzz_interfaces' for CMake module files
[2.279s] Level 1:colcon.colcon_core.environment:checking '/home/firefox/Ros_ws-BWSI/install/fizzbuzz_interfaces' for CMake config files
[2.280s] Level 1:colcon.colcon_core.shell:create_environment_hook('fizzbuzz_interfaces', 'cmake_prefix_path')
[2.281s] INFO:colcon.colcon_core.shell:Creating environment hook '/home/firefox/Ros_ws-BWSI/install/fizzbuzz_interfaces/share/fizzbuzz_interfaces/hook/cmake_prefix_path.ps1'
[2.282s] INFO:colcon.colcon_core.shell:Creating environment descriptor '/home/firefox/Ros_ws-BWSI/install/fizzbuzz_interfaces/share/fizzbuzz_interfaces/hook/cmake_prefix_path.dsv'
[2.283s] INFO:colcon.colcon_core.shell:Creating environment hook '/home/firefox/Ros_ws-BWSI/install/fizzbuzz_interfaces/share/fizzbuzz_interfaces/hook/cmake_prefix_path.sh'
[2.285s] Level 1:colcon.colcon_core.environment:checking '/home/firefox/Ros_ws-BWSI/install/fizzbuzz_interfaces/lib'
[2.285s] Level 1:colcon.colcon_core.shell:create_environment_hook('fizzbuzz_interfaces', 'ld_library_path_lib')
[2.286s] INFO:colcon.colcon_core.shell:Creating environment hook '/home/firefox/Ros_ws-BWSI/install/fizzbuzz_interfaces/share/fizzbuzz_interfaces/hook/ld_library_path_lib.ps1'
[2.288s] INFO:colcon.colcon_core.shell:Creating environment descriptor '/home/firefox/Ros_ws-BWSI/install/fizzbuzz_interfaces/share/fizzbuzz_interfaces/hook/ld_library_path_lib.dsv'
[2.292s] INFO:colcon.colcon_core.shell:Creating environment hook '/home/firefox/Ros_ws-BWSI/install/fizzbuzz_interfaces/share/fizzbuzz_interfaces/hook/ld_library_path_lib.sh'
[2.296s] Level 1:colcon.colcon_core.environment:checking '/home/firefox/Ros_ws-BWSI/install/fizzbuzz_interfaces/bin'
[2.297s] Level 1:colcon.colcon_core.environment:checking '/home/firefox/Ros_ws-BWSI/install/fizzbuzz_interfaces/lib/pkgconfig/fizzbuzz_interfaces.pc'
[2.297s] Level 1:colcon.colcon_core.environment:checking '/home/firefox/Ros_ws-BWSI/install/fizzbuzz_interfaces/lib/python3.12/site-packages'
[2.297s] Level 1:colcon.colcon_core.shell:create_environment_hook('fizzbuzz_interfaces', 'pythonpath')
[2.298s] INFO:colcon.colcon_core.shell:Creating environment hook '/home/firefox/Ros_ws-BWSI/install/fizzbuzz_interfaces/share/fizzbuzz_interfaces/hook/pythonpath.ps1'
[2.299s] INFO:colcon.colcon_core.shell:Creating environment descriptor '/home/firefox/Ros_ws-BWSI/install/fizzbuzz_interfaces/share/fizzbuzz_interfaces/hook/pythonpath.dsv'
[2.303s] INFO:colcon.colcon_core.shell:Creating environment hook '/home/firefox/Ros_ws-BWSI/install/fizzbuzz_interfaces/share/fizzbuzz_interfaces/hook/pythonpath.sh'
[2.308s] Level 1:colcon.colcon_core.environment:checking '/home/firefox/Ros_ws-BWSI/install/fizzbuzz_interfaces/bin'
[2.309s] INFO:colcon.colcon_core.shell:Creating package script '/home/firefox/Ros_ws-BWSI/install/fizzbuzz_interfaces/share/fizzbuzz_interfaces/package.ps1'
[2.312s] INFO:colcon.colcon_core.shell:Creating package descriptor '/home/firefox/Ros_ws-BWSI/install/fizzbuzz_interfaces/share/fizzbuzz_interfaces/package.dsv'
[2.313s] INFO:colcon.colcon_core.shell:Creating package script '/home/firefox/Ros_ws-BWSI/install/fizzbuzz_interfaces/share/fizzbuzz_interfaces/package.sh'
[2.317s] INFO:colcon.colcon_core.shell:Creating package script '/home/firefox/Ros_ws-BWSI/install/fizzbuzz_interfaces/share/fizzbuzz_interfaces/package.bash'
[2.322s] INFO:colcon.colcon_core.shell:Creating package script '/home/firefox/Ros_ws-BWSI/install/fizzbuzz_interfaces/share/fizzbuzz_interfaces/package.zsh'
[2.326s] Level 1:colcon.colcon_core.environment:create_file_with_runtime_dependencies(/home/firefox/Ros_ws-BWSI/install/fizzbuzz_interfaces/share/colcon-core/packages/fizzbuzz_interfaces)
[2.327s] INFO:colcon.colcon_ros.task.ament_python.build:Building ROS package in '/home/firefox/Ros_ws-BWSI/src/fizzbuzz' with build type 'ament_python'
[2.328s] Level 1:colcon.colcon_core.shell:create_environment_hook('fizzbuzz', 'ament_prefix_path')
[2.329s] INFO:colcon.colcon_core.shell:Creating environment hook '/home/firefox/Ros_ws-BWSI/install/fizzbuzz/share/fizzbuzz/hook/ament_prefix_path.ps1'
[2.331s] INFO:colcon.colcon_core.shell:Creating environment descriptor '/home/firefox/Ros_ws-BWSI/install/fizzbuzz/share/fizzbuzz/hook/ament_prefix_path.dsv'
[2.333s] INFO:colcon.colcon_core.shell:Creating environment hook '/home/firefox/Ros_ws-BWSI/install/fizzbuzz/share/fizzbuzz/hook/ament_prefix_path.sh'
[2.335s] INFO:colcon.colcon_core.shell:Skip shell extension 'powershell' for command environment: Not usable outside of PowerShell
[2.336s] DEBUG:colcon.colcon_core.shell:Skip shell extension 'dsv' for command environment
[2.803s] INFO:colcon.colcon_core.task.python.build:Building Python package in '/home/firefox/Ros_ws-BWSI/src/fizzbuzz'
[2.804s] INFO:colcon.colcon_core.shell:Skip shell extension 'powershell' for command environment: Not usable outside of PowerShell
[2.804s] DEBUG:colcon.colcon_core.shell:Skip shell extension 'dsv' for command environment
[3.387s] DEBUG:colcon.colcon_core.event_handler.log_command:Invoking command in '/home/firefox/Ros_ws-BWSI/src/drone': DEBUGINFOD_URLS=https://debuginfod.ubuntu.com PYTHONPATH=/home/firefox/Ros_ws-BWSI/build/drone/prefix_override:/usr/lib/python3/dist-packages/colcon_core/task/python/colcon_distutils_commands:/home/firefox/Ros_ws-BWSI/install/drone/lib/python3.12/site-packages:${PYTHONPATH} /usr/bin/python3 -W ignore:setup.py install is deprecated -W ignore:easy_install command is deprecated setup.py egg_info --egg-base ../../build/drone build --build-base /home/firefox/Ros_ws-BWSI/build/drone/build install --record /home/firefox/Ros_ws-BWSI/build/drone/install.log --single-version-externally-managed install_data
[3.398s] DEBUG:colcon.colcon_core.event_handler.log_command:Invoking command in '/home/firefox/Ros_ws-BWSI/src/turtle_tag_game': DEBUGINFOD_URLS=https://debuginfod.ubuntu.com PYTHONPATH=/home/firefox/Ros_ws-BWSI/build/turtle_tag_game/prefix_override:/usr/lib/python3/dist-packages/colcon_core/task/python/colcon_distutils_commands:/home/firefox/Ros_ws-BWSI/install/turtle_tag_game/lib/python3.12/site-packages:${PYTHONPATH} /usr/bin/python3 -W ignore:setup.py install is deprecated -W ignore:easy_install command is deprecated setup.py egg_info --egg-base ../../build/turtle_tag_game build --build-base /home/firefox/Ros_ws-BWSI/build/turtle_tag_game/build install --record /home/firefox/Ros_ws-BWSI/build/turtle_tag_game/install.log --single-version-externally-managed install_data
[3.412s] DEBUG:colcon.colcon_core.event_handler.log_command:Invoking command in '/home/firefox/Ros_ws-BWSI/src/pet': DEBUGINFOD_URLS=https://debuginfod.ubuntu.com PYTHONPATH=/home/firefox/Ros_ws-BWSI/build/pet/prefix_override:/usr/lib/python3/dist-packages/colcon_core/task/python/colcon_distutils_commands:/home/firefox/Ros_ws-BWSI/install/pet/lib/python3.12/site-packages:${PYTHONPATH} /usr/bin/python3 -W ignore:setup.py install is deprecated -W ignore:easy_install command is deprecated setup.py egg_info --egg-base ../../build/pet build --build-base /home/firefox/Ros_ws-BWSI/build/pet/build install --record /home/firefox/Ros_ws-BWSI/build/pet/install.log --single-version-externally-managed install_data
[4.027s] DEBUG:colcon.colcon_core.event_handler.log_command:Invoking command in '/home/firefox/Ros_ws-BWSI/src/fizzbuzz': DEBUGINFOD_URLS=https://debuginfod.ubuntu.com PYTHONPATH=/home/firefox/Ros_ws-BWSI/build/fizzbuzz/prefix_override:/usr/lib/python3/dist-packages/colcon_core/task/python/colcon_distutils_commands:/home/firefox/Ros_ws-BWSI/install/fizzbuzz/lib/python3.12/site-packages:/home/firefox/Ros_ws-BWSI/install/fizzbuzz_interfaces/lib/python3.12/site-packages:/home/firefox/Ros_ws-BWSI/install/turtle_tag_game/lib/python3.12/site-packages:/home/firefox/Ros_ws-BWSI/install/pet/lib/python3.12/site-packages:/home/firefox/Ros_ws-BWSI/install/fizzbuzz/lib/python3.12/site-packages:/home/firefox/Ros_ws-BWSI/install/drone/lib/python3.12/site-packages:/home/firefox/camera_ws/install/uav/lib/python3.12/site-packages:/home/firefox/camera_ws/install/libcamera/lib/python3.12/site-packages:/opt/ros/jazzy/lib/python3.12/site-packages /usr/bin/python3 -W ignore:setup.py install is deprecated -W ignore:easy_install command is deprecated setup.py egg_info --egg-base ../../build/fizzbuzz build --build-base /home/firefox/Ros_ws-BWSI/build/fizzbuzz/build install --record /home/firefox/Ros_ws-BWSI/build/fizzbuzz/install.log --single-version-externally-managed install_data
[4.441s] Level 1:colcon.colcon_core.environment:checking '/home/firefox/Ros_ws-BWSI/install/turtle_tag_game' for CMake module files
[4.441s] DEBUG:colcon.colcon_core.event_handler.log_command:Invoked command in '/home/firefox/Ros_ws-BWSI/src/turtle_tag_game' returned '0': DEBUGINFOD_URLS=https://debuginfod.ubuntu.com PYTHONPATH=/home/firefox/Ros_ws-BWSI/build/turtle_tag_game/prefix_override:/usr/lib/python3/dist-packages/colcon_core/task/python/colcon_distutils_commands:/home/firefox/Ros_ws-BWSI/install/turtle_tag_game/lib/python3.12/site-packages:${PYTHONPATH} /usr/bin/python3 -W ignore:setup.py install is deprecated -W ignore:easy_install command is deprecated setup.py egg_info --egg-base ../../build/turtle_tag_game build --build-base /home/firefox/Ros_ws-BWSI/build/turtle_tag_game/build install --record /home/firefox/Ros_ws-BWSI/build/turtle_tag_game/install.log --single-version-externally-managed install_data
[4.442s] Level 1:colcon.colcon_core.environment:checking '/home/firefox/Ros_ws-BWSI/install/turtle_tag_game' for CMake config files
[4.443s] Level 1:colcon.colcon_core.environment:checking '/home/firefox/Ros_ws-BWSI/install/turtle_tag_game/lib'
[4.444s] Level 1:colcon.colcon_core.environment:checking '/home/firefox/Ros_ws-BWSI/install/turtle_tag_game/bin'
[4.444s] Level 1:colcon.colcon_core.environment:checking '/home/firefox/Ros_ws-BWSI/install/turtle_tag_game/lib/pkgconfig/turtle_tag_game.pc'
[4.444s] Level 1:colcon.colcon_core.environment:checking '/home/firefox/Ros_ws-BWSI/install/turtle_tag_game/lib/python3.12/site-packages'
[4.444s] Level 1:colcon.colcon_core.shell:create_environment_hook('turtle_tag_game', 'pythonpath')
[4.445s] INFO:colcon.colcon_core.shell:Creating environment hook '/home/firefox/Ros_ws-BWSI/install/turtle_tag_game/share/turtle_tag_game/hook/pythonpath.ps1'
[4.446s] INFO:colcon.colcon_core.shell:Creating environment descriptor '/home/firefox/Ros_ws-BWSI/install/turtle_tag_game/share/turtle_tag_game/hook/pythonpath.dsv'
[4.447s] INFO:colcon.colcon_core.shell:Creating environment hook '/home/firefox/Ros_ws-BWSI/install/turtle_tag_game/share/turtle_tag_game/hook/pythonpath.sh'
[4.449s] Level 1:colcon.colcon_core.environment:checking '/home/firefox/Ros_ws-BWSI/install/turtle_tag_game/bin'
[4.449s] Level 1:colcon.colcon_core.environment:create_environment_scripts_only(turtle_tag_game)
[4.450s] INFO:colcon.colcon_core.shell:Creating package script '/home/firefox/Ros_ws-BWSI/install/turtle_tag_game/share/turtle_tag_game/package.ps1'
[4.452s] INFO:colcon.colcon_core.shell:Creating package descriptor '/home/firefox/Ros_ws-BWSI/install/turtle_tag_game/share/turtle_tag_game/package.dsv'
[4.457s] INFO:colcon.colcon_core.shell:Creating package script '/home/firefox/Ros_ws-BWSI/install/turtle_tag_game/share/turtle_tag_game/package.sh'
[4.461s] INFO:colcon.colcon_core.shell:Creating package script '/home/firefox/Ros_ws-BWSI/install/turtle_tag_game/share/turtle_tag_game/package.bash'
[4.462s] INFO:colcon.colcon_core.shell:Creating package script '/home/firefox/Ros_ws-BWSI/install/turtle_tag_game/share/turtle_tag_game/package.zsh'
[4.466s] Level 1:colcon.colcon_core.environment:create_file_with_runtime_dependencies(/home/firefox/Ros_ws-BWSI/install/turtle_tag_game/share/colcon-core/packages/turtle_tag_game)
[4.475s] Level 1:colcon.colcon_core.environment:checking '/home/firefox/Ros_ws-BWSI/install/drone' for CMake module files
[4.478s] Level 1:colcon.colcon_core.environment:checking '/home/firefox/Ros_ws-BWSI/install/drone' for CMake config files
[4.485s] Level 1:colcon.colcon_core.environment:checking '/home/firefox/Ros_ws-BWSI/install/drone/lib'
[4.485s] Level 1:colcon.colcon_core.environment:checking '/home/firefox/Ros_ws-BWSI/install/drone/bin'
[4.485s] Level 1:colcon.colcon_core.environment:checking '/home/firefox/Ros_ws-BWSI/install/drone/lib/pkgconfig/drone.pc'
[4.486s] Level 1:colcon.colcon_core.environment:checking '/home/firefox/Ros_ws-BWSI/install/drone/lib/python3.12/site-packages'
[4.486s] Level 1:colcon.colcon_core.shell:create_environment_hook('drone', 'pythonpath')
[4.486s] INFO:colcon.colcon_core.shell:Creating environment hook '/home/firefox/Ros_ws-BWSI/install/drone/share/drone/hook/pythonpath.ps1'
[4.487s] INFO:colcon.colcon_core.shell:Creating environment descriptor '/home/firefox/Ros_ws-BWSI/install/drone/share/drone/hook/pythonpath.dsv'
[4.488s] DEBUG:colcon.colcon_core.event_handler.log_command:Invoked command in '/home/firefox/Ros_ws-BWSI/src/drone' returned '0': DEBUGINFOD_URLS=https://debuginfod.ubuntu.com PYTHONPATH=/home/firefox/Ros_ws-BWSI/build/drone/prefix_override:/usr/lib/python3/dist-packages/colcon_core/task/python/colcon_distutils_commands:/home/firefox/Ros_ws-BWSI/install/drone/lib/python3.12/site-packages:${PYTHONPATH} /usr/bin/python3 -W ignore:setup.py install is deprecated -W ignore:easy_install command is deprecated setup.py egg_info --egg-base ../../build/drone build --build-base /home/firefox/Ros_ws-BWSI/build/drone/build install --record /home/firefox/Ros_ws-BWSI/build/drone/install.log --single-version-externally-managed install_data
[4.491s] INFO:colcon.colcon_core.shell:Creating environment hook '/home/firefox/Ros_ws-BWSI/install/drone/share/drone/hook/pythonpath.sh'
[4.495s] Level 1:colcon.colcon_core.environment:checking '/home/firefox/Ros_ws-BWSI/install/drone/bin'
[4.495s] Level 1:colcon.colcon_core.environment:create_environment_scripts_only(drone)
[4.496s] INFO:colcon.colcon_core.shell:Creating package script '/home/firefox/Ros_ws-BWSI/install/drone/share/drone/package.ps1'
[4.497s] INFO:colcon.colcon_core.shell:Creating package descriptor '/home/firefox/Ros_ws-BWSI/install/drone/share/drone/package.dsv'
[4.498s] INFO:colcon.colcon_core.shell:Creating package script '/home/firefox/Ros_ws-BWSI/install/drone/share/drone/package.sh'
[4.498s] INFO:colcon.colcon_core.shell:Creating package script '/home/firefox/Ros_ws-BWSI/install/drone/share/drone/package.bash'
[4.500s] INFO:colcon.colcon_core.shell:Creating package script '/home/firefox/Ros_ws-BWSI/install/drone/share/drone/package.zsh'
[4.500s] Level 1:colcon.colcon_core.environment:create_file_with_runtime_dependencies(/home/firefox/Ros_ws-BWSI/install/drone/share/colcon-core/packages/drone)
[4.506s] Level 1:colcon.colcon_core.environment:checking '/home/firefox/Ros_ws-BWSI/install/pet' for CMake module files
[4.508s] Level 1:colcon.colcon_core.environment:checking '/home/firefox/Ros_ws-BWSI/install/pet' for CMake config files
[4.508s] DEBUG:colcon.colcon_core.event_handler.log_command:Invoked command in '/home/firefox/Ros_ws-BWSI/src/pet' returned '0': DEBUGINFOD_URLS=https://debuginfod.ubuntu.com PYTHONPATH=/home/firefox/Ros_ws-BWSI/build/pet/prefix_override:/usr/lib/python3/dist-packages/colcon_core/task/python/colcon_distutils_commands:/home/firefox/Ros_ws-BWSI/install/pet/lib/python3.12/site-packages:${PYTHONPATH} /usr/bin/python3 -W ignore:setup.py install is deprecated -W ignore:easy_install command is deprecated setup.py egg_info --egg-base ../../build/pet build --build-base /home/firefox/Ros_ws-BWSI/build/pet/build install --record /home/firefox/Ros_ws-BWSI/build/pet/install.log --single-version-externally-managed install_data
[4.515s] Level 1:colcon.colcon_core.environment:checking '/home/firefox/Ros_ws-BWSI/install/pet/lib'
[4.515s] Level 1:colcon.colcon_core.environment:checking '/home/firefox/Ros_ws-BWSI/install/pet/bin'
[4.515s] Level 1:colcon.colcon_core.environment:checking '/home/firefox/Ros_ws-BWSI/install/pet/lib/pkgconfig/pet.pc'
[4.516s] Level 1:colcon.colcon_core.environment:checking '/home/firefox/Ros_ws-BWSI/install/pet/lib/python3.12/site-packages'
[4.516s] Level 1:colcon.colcon_core.shell:create_environment_hook('pet', 'pythonpath')
[4.516s] INFO:colcon.colcon_core.shell:Creating environment hook '/home/firefox/Ros_ws-BWSI/install/pet/share/pet/hook/pythonpath.ps1'
[4.517s] INFO:colcon.colcon_core.shell:Creating environment descriptor '/home/firefox/Ros_ws-BWSI/install/pet/share/pet/hook/pythonpath.dsv'
[4.520s] INFO:colcon.colcon_core.shell:Creating environment hook '/home/firefox/Ros_ws-BWSI/install/pet/share/pet/hook/pythonpath.sh'
[4.525s] Level 1:colcon.colcon_core.environment:checking '/home/firefox/Ros_ws-BWSI/install/pet/bin'
[4.525s] Level 1:colcon.colcon_core.environment:create_environment_scripts_only(pet)
[4.526s] INFO:colcon.colcon_core.shell:Creating package script '/home/firefox/Ros_ws-BWSI/install/pet/share/pet/package.ps1'
[4.529s] INFO:colcon.colcon_core.shell:Creating package descriptor '/home/firefox/Ros_ws-BWSI/install/pet/share/pet/package.dsv'
[4.533s] INFO:colcon.colcon_core.shell:Creating package script '/home/firefox/Ros_ws-BWSI/install/pet/share/pet/package.sh'
[4.535s] INFO:colcon.colcon_core.shell:Creating package script '/home/firefox/Ros_ws-BWSI/install/pet/share/pet/package.bash'
[4.540s] INFO:colcon.colcon_core.shell:Creating package script '/home/firefox/Ros_ws-BWSI/install/pet/share/pet/package.zsh'
[4.544s] Level 1:colcon.colcon_core.environment:create_file_with_runtime_dependencies(/home/firefox/Ros_ws-BWSI/install/pet/share/colcon-core/packages/pet)
[5.031s] Level 1:colcon.colcon_core.environment:checking '/home/firefox/Ros_ws-BWSI/install/fizzbuzz' for CMake module files
[5.032s] DEBUG:colcon.colcon_core.event_handler.log_command:Invoked command in '/home/firefox/Ros_ws-BWSI/src/fizzbuzz' returned '0': DEBUGINFOD_URLS=https://debuginfod.ubuntu.com PYTHONPATH=/home/firefox/Ros_ws-BWSI/build/fizzbuzz/prefix_override:/usr/lib/python3/dist-packages/colcon_core/task/python/colcon_distutils_commands:/home/firefox/Ros_ws-BWSI/install/fizzbuzz/lib/python3.12/site-packages:/home/firefox/Ros_ws-BWSI/install/fizzbuzz_interfaces/lib/python3.12/site-packages:/home/firefox/Ros_ws-BWSI/install/turtle_tag_game/lib/python3.12/site-packages:/home/firefox/Ros_ws-BWSI/install/pet/lib/python3.12/site-packages:/home/firefox/Ros_ws-BWSI/install/fizzbuzz/lib/python3.12/site-packages:/home/firefox/Ros_ws-BWSI/install/drone/lib/python3.12/site-packages:/home/firefox/camera_ws/install/uav/lib/python3.12/site-packages:/home/firefox/camera_ws/install/libcamera/lib/python3.12/site-packages:/opt/ros/jazzy/lib/python3.12/site-packages /usr/bin/python3 -W ignore:setup.py install is deprecated -W ignore:easy_install command is deprecated setup.py egg_info --egg-base ../../build/fizzbuzz build --build-base /home/firefox/Ros_ws-BWSI/build/fizzbuzz/build install --record /home/firefox/Ros_ws-BWSI/build/fizzbuzz/install.log --single-version-externally-managed install_data
[5.032s] Level 1:colcon.colcon_core.environment:checking '/home/firefox/Ros_ws-BWSI/install/fizzbuzz' for CMake config files
[5.033s] Level 1:colcon.colcon_core.environment:checking '/home/firefox/Ros_ws-BWSI/install/fizzbuzz/lib'
[5.033s] Level 1:colcon.colcon_core.environment:checking '/home/firefox/Ros_ws-BWSI/install/fizzbuzz/bin'
[5.033s] Level 1:colcon.colcon_core.environment:checking '/home/firefox/Ros_ws-BWSI/install/fizzbuzz/lib/pkgconfig/fizzbuzz.pc'
[5.033s] Level 1:colcon.colcon_core.environment:checking '/home/firefox/Ros_ws-BWSI/install/fizzbuzz/lib/python3.12/site-packages'
[5.033s] Level 1:colcon.colcon_core.shell:create_environment_hook('fizzbuzz', 'pythonpath')
[5.034s] INFO:colcon.colcon_core.shell:Creating environment hook '/home/firefox/Ros_ws-BWSI/install/fizzbuzz/share/fizzbuzz/hook/pythonpath.ps1'
[5.034s] INFO:colcon.colcon_core.shell:Creating environment descriptor '/home/firefox/Ros_ws-BWSI/install/fizzbuzz/share/fizzbuzz/hook/pythonpath.dsv'
[5.035s] INFO:colcon.colcon_core.shell:Creating environment hook '/home/firefox/Ros_ws-BWSI/install/fizzbuzz/share/fizzbuzz/hook/pythonpath.sh'
[5.036s] Level 1:colcon.colcon_core.environment:checking '/home/firefox/Ros_ws-BWSI/install/fizzbuzz/bin'
[5.036s] Level 1:colcon.colcon_core.environment:create_environment_scripts_only(fizzbuzz)
[5.037s] INFO:colcon.colcon_core.shell:Creating package script '/home/firefox/Ros_ws-BWSI/install/fizzbuzz/share/fizzbuzz/package.ps1'
[5.039s] INFO:colcon.colcon_core.shell:Creating package descriptor '/home/firefox/Ros_ws-BWSI/install/fizzbuzz/share/fizzbuzz/package.dsv'
[5.040s] INFO:colcon.colcon_core.shell:Creating package script '/home/firefox/Ros_ws-BWSI/install/fizzbuzz/share/fizzbuzz/package.sh'
[5.040s] INFO:colcon.colcon_core.shell:Creating package script '/home/firefox/Ros_ws-BWSI/install/fizzbuzz/share/fizzbuzz/package.bash'
[5.041s] INFO:colcon.colcon_core.shell:Creating package script '/home/firefox/Ros_ws-BWSI/install/fizzbuzz/share/fizzbuzz/package.zsh'
[5.042s] Level 1:colcon.colcon_core.environment:create_file_with_runtime_dependencies(/home/firefox/Ros_ws-BWSI/install/fizzbuzz/share/colcon-core/packages/fizzbuzz)
[5.044s] DEBUG:colcon.colcon_parallel_executor.executor.parallel:closing loop
[5.044s] DEBUG:colcon.colcon_parallel_executor.executor.parallel:loop closed
[5.044s] DEBUG:colcon.colcon_parallel_executor.executor.parallel:run_until_complete finished with '0'
[5.045s] DEBUG:colcon.colcon_core.event_reactor:joining thread
[5.063s] INFO:colcon.colcon_core.plugin_system:Skipping extension 'colcon_notification.desktop_notification.terminal_notifier': Not used on non-Darwin systems
[5.063s] INFO:colcon.colcon_core.plugin_system:Skipping extension 'colcon_notification.desktop_notification.win32': Not used on non-Windows systems
[5.063s] INFO:colcon.colcon_notification.desktop_notification:Sending desktop notification using 'notify2'
[5.089s] DEBUG:colcon.colcon_core.event_reactor:joined thread
[5.089s] INFO:colcon.colcon_core.shell:Creating prefix script '/home/firefox/Ros_ws-BWSI/install/local_setup.ps1'
[5.091s] INFO:colcon.colcon_core.shell:Creating prefix util module '/home/firefox/Ros_ws-BWSI/install/_local_setup_util_ps1.py'
[5.093s] INFO:colcon.colcon_core.shell:Creating prefix chain script '/home/firefox/Ros_ws-BWSI/install/setup.ps1'
[5.097s] INFO:colcon.colcon_core.shell:Creating prefix script '/home/firefox/Ros_ws-BWSI/install/local_setup.sh'
[5.101s] INFO:colcon.colcon_core.shell:Creating prefix util module '/home/firefox/Ros_ws-BWSI/install/_local_setup_util_sh.py'
[5.106s] INFO:colcon.colcon_core.shell:Creating prefix chain script '/home/firefox/Ros_ws-BWSI/install/setup.sh'
[5.112s] INFO:colcon.colcon_core.shell:Creating prefix script '/home/firefox/Ros_ws-BWSI/install/local_setup.bash'
[5.116s] INFO:colcon.colcon_core.shell:Creating prefix chain script '/home/firefox/Ros_ws-BWSI/install/setup.bash'
[5.120s] INFO:colcon.colcon_core.shell:Creating prefix script '/home/firefox/Ros_ws-BWSI/install/local_setup.zsh'
[5.125s] INFO:colcon.colcon_core.shell:Creating prefix chain script '/home/firefox/Ros_ws-BWSI/install/setup.zsh'
