[3.126s] Invoking command in '/home/pranav/ros2_ws/src/turtle_tag_game': CONDA_PROMPT_MODIFIER=(ros2_jazzy) DEBUGINFOD_URLS=https://debuginfod.ubuntu.com PYTHONPATH=/home/pranav/ros2_ws/build/turtle_tag_game/prefix_override:/home/pranav/miniconda3/envs/ros2_jazzy/lib/python3.12/site-packages/colcon_core/task/python/colcon_distutils_commands:/home/pranav/ros2_ws/install/turtle_tag_game/lib/python3.12/site-packages:${PYTHONPATH} /home/pranav/miniconda3/envs/ros2_jazzy/bin/python3.12 -W ignore:setup.py install is deprecated -W ignore:easy_install command is deprecated setup.py egg_info --egg-base ../../build/turtle_tag_game build --build-base /home/pranav/ros2_ws/build/turtle_tag_game/build install --record /home/pranav/ros2_ws/build/turtle_tag_game/install.log --single-version-externally-managed install_data
[3.434s] /home/pranav/miniconda3/envs/ros2_jazzy/lib/python3.12/site-packages/setuptools/_distutils/dist.py:289: UserWarning: Unknown distribution option: 'tests_require'
[3.434s]   warnings.warn(msg)
[3.684s] running egg_info
[3.709s] writing ../../build/turtle_tag_game/turtle_tag_game.egg-info/PKG-INFO
[3.710s] writing dependency_links to ../../build/turtle_tag_game/turtle_tag_game.egg-info/dependency_links.txt
[3.714s] writing requirements to ../../build/turtle_tag_game/turtle_tag_game.egg-info/requires.txt
[3.714s] writing top-level names to ../../build/turtle_tag_game/turtle_tag_game.egg-info/top_level.txt
[3.820s] reading manifest file '../../build/turtle_tag_game/turtle_tag_game.egg-info/SOURCES.txt'
[3.821s] writing manifest file '../../build/turtle_tag_game/turtle_tag_game.egg-info/SOURCES.txt'
[3.823s] running build
[3.823s] running build_py
[3.828s] copying turtle_tag_game/pose_sub_and_pub.py -> /home/pranav/ros2_ws/build/turtle_tag_game/build/lib/turtle_tag_game
[3.828s] copying turtle_tag_game/__init__.py -> /home/pranav/ros2_ws/build/turtle_tag_game/build/lib/turtle_tag_game
[3.828s] running install
[3.846s] running install_lib
[3.883s] running install_data
[3.884s] copying resource/turtle_tag_game -> /home/pranav/ros2_ws/install/turtle_tag_game/share/ament_index/resource_index/packages
[3.885s] copying package.xml -> /home/pranav/ros2_ws/install/turtle_tag_game/share/turtle_tag_game
[3.886s] running install_egg_info
[3.918s] removing '/home/pranav/ros2_ws/install/turtle_tag_game/lib/python3.12/site-packages/turtle_tag_game-0.0.0-py3.12.egg-info' (and everything under it)
[3.919s] Copying ../../build/turtle_tag_game/turtle_tag_game.egg-info to /home/pranav/ros2_ws/install/turtle_tag_game/lib/python3.12/site-packages/turtle_tag_game-0.0.0-py3.12.egg-info
[3.929s] running install_scripts
[4.094s] writing list of installed files to '/home/pranav/ros2_ws/build/turtle_tag_game/install.log'
[4.212s] Invoked command in '/home/pranav/ros2_ws/src/turtle_tag_game' returned '0': CONDA_PROMPT_MODIFIER=(ros2_jazzy) DEBUGINFOD_URLS=https://debuginfod.ubuntu.com PYTHONPATH=/home/pranav/ros2_ws/build/turtle_tag_game/prefix_override:/home/pranav/miniconda3/envs/ros2_jazzy/lib/python3.12/site-packages/colcon_core/task/python/colcon_distutils_commands:/home/pranav/ros2_ws/install/turtle_tag_game/lib/python3.12/site-packages:${PYTHONPATH} /home/pranav/miniconda3/envs/ros2_jazzy/bin/python3.12 -W ignore:setup.py install is deprecated -W ignore:easy_install command is deprecated setup.py egg_info --egg-base ../../build/turtle_tag_game build --build-base /home/pranav/ros2_ws/build/turtle_tag_game/build install --record /home/pranav/ros2_ws/build/turtle_tag_game/install.log --single-version-externally-managed install_data
