[1.523s] Invoking command in '/home/pranav/ros2_ws/src/fizzbuzz': AMENT_PREFIX_PATH=/home/pranav/ros2_ws/install/fizzbuzz_interfaces:${AMENT_PREFIX_PATH} CMAKE_PREFIX_PATH=/home/pranav/ros2_ws/install/fizzbuzz_interfaces:${CMAKE_PREFIX_PATH} CONDA_PROMPT_MODIFIER=(ros2_jazzy) DEBUGINFOD_URLS=https://debuginfod.ubuntu.com LD_LIBRARY_PATH=/home/pranav/ros2_ws/install/fizzbuzz_interfaces/lib:${LD_LIBRARY_PATH} PYTHONPATH=/home/pranav/ros2_ws/build/fizzbuzz/prefix_override:/home/pranav/miniconda3/envs/ros2_jazzy/lib/python3.12/site-packages/colcon_core/task/python/colcon_distutils_commands:/home/pranav/ros2_ws/install/fizzbuzz/lib/python3.12/site-packages:/home/pranav/ros2_ws/install/fizzbuzz_interfaces/lib/python3.13/site-packages:/home/pranav/ros2_ws/install/fizzbuzz_interfaces/lib/python3.12/site-packages:${PYTHONPATH} /home/pranav/miniconda3/envs/ros2_jazzy/bin/python3.12 -W ignore:setup.py install is deprecated -W ignore:easy_install command is deprecated setup.py egg_info --egg-base ../../build/fizzbuzz build --build-base /home/pranav/ros2_ws/build/fizzbuzz/build install --record /home/pranav/ros2_ws/build/fizzbuzz/install.log --single-version-externally-managed install_data
[1.906s] /home/pranav/miniconda3/envs/ros2_jazzy/lib/python3.12/site-packages/setuptools/_distutils/dist.py:289: UserWarning: Unknown distribution option: 'tests_require'
[1.906s]   warnings.warn(msg)
[2.164s] running egg_info
[2.205s] writing ../../build/fizzbuzz/fizzbuzz.egg-info/PKG-INFO
[2.205s] writing dependency_links to ../../build/fizzbuzz/fizzbuzz.egg-info/dependency_links.txt
[2.210s] writing entry points to ../../build/fizzbuzz/fizzbuzz.egg-info/entry_points.txt
[2.210s] writing requirements to ../../build/fizzbuzz/fizzbuzz.egg-info/requires.txt
[2.211s] writing top-level names to ../../build/fizzbuzz/fizzbuzz.egg-info/top_level.txt
[2.278s] reading manifest file '../../build/fizzbuzz/fizzbuzz.egg-info/SOURCES.txt'
[2.279s] writing manifest file '../../build/fizzbuzz/fizzbuzz.egg-info/SOURCES.txt'
[2.280s] running build
[2.280s] running build_py
[2.281s] copying fizzbuzz/number_publisher.py -> /home/pranav/ros2_ws/build/fizzbuzz/build/lib/fizzbuzz
[2.281s] copying fizzbuzz/__init__.py -> /home/pranav/ros2_ws/build/fizzbuzz/build/lib/fizzbuzz
[2.281s] copying fizzbuzz/fizzbuzz_subscriber.py -> /home/pranav/ros2_ws/build/fizzbuzz/build/lib/fizzbuzz
[2.281s] running install
[2.286s] running install_lib
[2.311s] running install_data
[2.313s] copying resource/fizzbuzz -> /home/pranav/ros2_ws/install/fizzbuzz/share/ament_index/resource_index/packages
[2.313s] copying package.xml -> /home/pranav/ros2_ws/install/fizzbuzz/share/fizzbuzz
[2.323s] running install_egg_info
[2.352s] removing '/home/pranav/ros2_ws/install/fizzbuzz/lib/python3.12/site-packages/fizzbuzz-0.0.0-py3.12.egg-info' (and everything under it)
[2.356s] Copying ../../build/fizzbuzz/fizzbuzz.egg-info to /home/pranav/ros2_ws/install/fizzbuzz/lib/python3.12/site-packages/fizzbuzz-0.0.0-py3.12.egg-info
[2.359s] running install_scripts
[2.531s] Installing fizzbuzz_subscriber script to /home/pranav/ros2_ws/install/fizzbuzz/lib/fizzbuzz
[2.531s] Installing number_publisher script to /home/pranav/ros2_ws/install/fizzbuzz/lib/fizzbuzz
[2.531s] writing list of installed files to '/home/pranav/ros2_ws/build/fizzbuzz/install.log'
[2.614s] Invoked command in '/home/pranav/ros2_ws/src/fizzbuzz' returned '0': AMENT_PREFIX_PATH=/home/pranav/ros2_ws/install/fizzbuzz_interfaces:${AMENT_PREFIX_PATH} CMAKE_PREFIX_PATH=/home/pranav/ros2_ws/install/fizzbuzz_interfaces:${CMAKE_PREFIX_PATH} CONDA_PROMPT_MODIFIER=(ros2_jazzy) DEBUGINFOD_URLS=https://debuginfod.ubuntu.com LD_LIBRARY_PATH=/home/pranav/ros2_ws/install/fizzbuzz_interfaces/lib:${LD_LIBRARY_PATH} PYTHONPATH=/home/pranav/ros2_ws/build/fizzbuzz/prefix_override:/home/pranav/miniconda3/envs/ros2_jazzy/lib/python3.12/site-packages/colcon_core/task/python/colcon_distutils_commands:/home/pranav/ros2_ws/install/fizzbuzz/lib/python3.12/site-packages:/home/pranav/ros2_ws/install/fizzbuzz_interfaces/lib/python3.13/site-packages:/home/pranav/ros2_ws/install/fizzbuzz_interfaces/lib/python3.12/site-packages:${PYTHONPATH} /home/pranav/miniconda3/envs/ros2_jazzy/bin/python3.12 -W ignore:setup.py install is deprecated -W ignore:easy_install command is deprecated setup.py egg_info --egg-base ../../build/fizzbuzz build --build-base /home/pranav/ros2_ws/build/fizzbuzz/build install --record /home/pranav/ros2_ws/build/fizzbuzz/install.log --single-version-externally-managed install_data
