[0.767s] Invoking command in '/home/pranav/ros2_ws/src/pet': DEBUGINFOD_URLS=https://debuginfod.ubuntu.com PS1=(ros2_py312_env) \[\e]0;\u@\h: \w\a\]${debian_chroot:+($debian_chroot)}\[\033[01;32m\]\u@\h\[\033[00m\]:\[\033[01;34m\]\w\[\033[00m\]\$ PYTHONPATH=/home/pranav/ros2_ws/build/pet/prefix_override:/usr/lib/python3/dist-packages/colcon_core/task/python/colcon_distutils_commands:/home/pranav/ros2_ws/install/pet/lib/python3.12/site-packages:${PYTHONPATH} VIRTUAL_ENV_PROMPT=(ros2_py312_env) /usr/bin/python3 -W ignore:setup.py install is deprecated -W ignore:easy_install command is deprecated setup.py egg_info --egg-base ../../build/pet build --build-base /home/pranav/ros2_ws/build/pet/build install --record /home/pranav/ros2_ws/build/pet/install.log --single-version-externally-managed install_data
[0.906s] running egg_info
[0.916s] writing ../../build/pet/pet.egg-info/PKG-INFO
[0.916s] writing dependency_links to ../../build/pet/pet.egg-info/dependency_links.txt
[0.917s] writing entry points to ../../build/pet/pet.egg-info/entry_points.txt
[0.917s] writing requirements to ../../build/pet/pet.egg-info/requires.txt
[0.918s] writing top-level names to ../../build/pet/pet.egg-info/top_level.txt
[0.938s] reading manifest file '../../build/pet/pet.egg-info/SOURCES.txt'
[0.938s] writing manifest file '../../build/pet/pet.egg-info/SOURCES.txt'
[0.939s] running build
[0.939s] running build_py
[0.939s] running install
[0.944s] running install_lib
[0.953s] running install_data
[0.953s] running install_egg_info
[0.963s] removing '/home/pranav/ros2_ws/install/pet/lib/python3.12/site-packages/pet-0.0.0-py3.12.egg-info' (and everything under it)
[0.964s] Copying ../../build/pet/pet.egg-info to /home/pranav/ros2_ws/install/pet/lib/python3.12/site-packages/pet-0.0.0-py3.12.egg-info
[0.966s] running install_scripts
[1.035s] Installing pose_subscriber script to /home/pranav/ros2_ws/install/pet/lib/pet
[1.035s] Installing turtle_controller script to /home/pranav/ros2_ws/install/pet/lib/pet
[1.035s] writing list of installed files to '/home/pranav/ros2_ws/build/pet/install.log'
[1.059s] Invoked command in '/home/pranav/ros2_ws/src/pet' returned '0': DEBUGINFOD_URLS=https://debuginfod.ubuntu.com PS1=(ros2_py312_env) \[\e]0;\u@\h: \w\a\]${debian_chroot:+($debian_chroot)}\[\033[01;32m\]\u@\h\[\033[00m\]:\[\033[01;34m\]\w\[\033[00m\]\$ PYTHONPATH=/home/pranav/ros2_ws/build/pet/prefix_override:/usr/lib/python3/dist-packages/colcon_core/task/python/colcon_distutils_commands:/home/pranav/ros2_ws/install/pet/lib/python3.12/site-packages:${PYTHONPATH} VIRTUAL_ENV_PROMPT=(ros2_py312_env) /usr/bin/python3 -W ignore:setup.py install is deprecated -W ignore:easy_install command is deprecated setup.py egg_info --egg-base ../../build/pet build --build-base /home/pranav/ros2_ws/build/pet/build install --record /home/pranav/ros2_ws/build/pet/install.log --single-version-externally-managed install_data
