[0.944s] Invoking command in '/home/pranav/ros2_ws/build/turtle_tag_game': CONDA_PROMPT_MODIFIER=(base) DEBUGINFOD_URLS=https://debuginfod.ubuntu.com PYTHONPATH=/home/pranav/ros2_ws/build/turtle_tag_game/prefix_override:/usr/lib/python3/dist-packages/colcon_core/task/python/colcon_distutils_commands:/home/pranav/ros2_ws/install/turtle_tag_game/lib/python3.12/site-packages:${PYTHONPATH} VIRTUAL_ENV_PROMPT=(ros2_py312_env) /usr/bin/python3 -W ignore:setup.py install is deprecated -W ignore:easy_install command is deprecated setup.py develop --uninstall --editable --build-directory /home/pranav/ros2_ws/build/turtle_tag_game/build
[1.182s] running develop
[1.390s] Removing /home/pranav/ros2_ws/install/turtle_tag_game/lib/python3.12/site-packages/turtle-tag-game.egg-link (link to .)
[1.433s] Invoked command in '/home/pranav/ros2_ws/build/turtle_tag_game' returned '0': CONDA_PROMPT_MODIFIER=(base) DEBUGINFOD_URLS=https://debuginfod.ubuntu.com PYTHONPATH=/home/pranav/ros2_ws/build/turtle_tag_game/prefix_override:/usr/lib/python3/dist-packages/colcon_core/task/python/colcon_distutils_commands:/home/pranav/ros2_ws/install/turtle_tag_game/lib/python3.12/site-packages:${PYTHONPATH} VIRTUAL_ENV_PROMPT=(ros2_py312_env) /usr/bin/python3 -W ignore:setup.py install is deprecated -W ignore:easy_install command is deprecated setup.py develop --uninstall --editable --build-directory /home/pranav/ros2_ws/build/turtle_tag_game/build
[1.433s] Invoking command in '/home/pranav/ros2_ws/src/turtle_tag_game': CONDA_PROMPT_MODIFIER=(base) DEBUGINFOD_URLS=https://debuginfod.ubuntu.com PYTHONPATH=/home/pranav/ros2_ws/build/turtle_tag_game/prefix_override:/usr/lib/python3/dist-packages/colcon_core/task/python/colcon_distutils_commands:/home/pranav/ros2_ws/install/turtle_tag_game/lib/python3.12/site-packages:${PYTHONPATH} VIRTUAL_ENV_PROMPT=(ros2_py312_env) /usr/bin/python3 -W ignore:setup.py install is deprecated -W ignore:easy_install command is deprecated setup.py egg_info --egg-base ../../build/turtle_tag_game build --build-base /home/pranav/ros2_ws/build/turtle_tag_game/build install --record /home/pranav/ros2_ws/build/turtle_tag_game/install.log --single-version-externally-managed install_data --force
[1.670s] running egg_info
[1.684s] writing ../../build/turtle_tag_game/turtle_tag_game.egg-info/PKG-INFO
[1.684s] writing dependency_links to ../../build/turtle_tag_game/turtle_tag_game.egg-info/dependency_links.txt
[1.684s] writing requirements to ../../build/turtle_tag_game/turtle_tag_game.egg-info/requires.txt
[1.684s] writing top-level names to ../../build/turtle_tag_game/turtle_tag_game.egg-info/top_level.txt
[1.699s] reading manifest file '../../build/turtle_tag_game/turtle_tag_game.egg-info/SOURCES.txt'
[1.700s] writing manifest file '../../build/turtle_tag_game/turtle_tag_game.egg-info/SOURCES.txt'
[1.700s] running build
[1.701s] running build_py
[1.701s] creating /home/pranav/ros2_ws/build/turtle_tag_game/build
[1.701s] creating /home/pranav/ros2_ws/build/turtle_tag_game/build/lib
[1.701s] creating /home/pranav/ros2_ws/build/turtle_tag_game/build/lib/turtle_tag_game
[1.701s] copying turtle_tag_game/pose_sub_and_pub.py -> /home/pranav/ros2_ws/build/turtle_tag_game/build/lib/turtle_tag_game
[1.701s] copying turtle_tag_game/__init__.py -> /home/pranav/ros2_ws/build/turtle_tag_game/build/lib/turtle_tag_game
[1.701s] running install
[1.704s] running install_lib
[1.716s] creating /home/pranav/ros2_ws/install/turtle_tag_game/lib/python3.12/site-packages/turtle_tag_game
[1.718s] copying /home/pranav/ros2_ws/build/turtle_tag_game/build/lib/turtle_tag_game/pose_sub_and_pub.py -> /home/pranav/ros2_ws/install/turtle_tag_game/lib/python3.12/site-packages/turtle_tag_game
[1.718s] copying /home/pranav/ros2_ws/build/turtle_tag_game/build/lib/turtle_tag_game/__init__.py -> /home/pranav/ros2_ws/install/turtle_tag_game/lib/python3.12/site-packages/turtle_tag_game
[1.718s] byte-compiling /home/pranav/ros2_ws/install/turtle_tag_game/lib/python3.12/site-packages/turtle_tag_game/pose_sub_and_pub.py to pose_sub_and_pub.cpython-312.pyc
[1.719s] byte-compiling /home/pranav/ros2_ws/install/turtle_tag_game/lib/python3.12/site-packages/turtle_tag_game/__init__.py to __init__.cpython-312.pyc
[1.719s] running install_data
[1.719s] copying resource/turtle_tag_game -> /home/pranav/ros2_ws/install/turtle_tag_game/share/ament_index/resource_index/packages
[1.719s] copying package.xml -> /home/pranav/ros2_ws/install/turtle_tag_game/share/turtle_tag_game
[1.719s] running install_egg_info
[1.731s] Copying ../../build/turtle_tag_game/turtle_tag_game.egg-info to /home/pranav/ros2_ws/install/turtle_tag_game/lib/python3.12/site-packages/turtle_tag_game-0.0.0-py3.12.egg-info
[1.731s] running install_scripts
[1.814s] writing list of installed files to '/home/pranav/ros2_ws/build/turtle_tag_game/install.log'
[1.894s] Invoked command in '/home/pranav/ros2_ws/src/turtle_tag_game' returned '0': CONDA_PROMPT_MODIFIER=(base) DEBUGINFOD_URLS=https://debuginfod.ubuntu.com PYTHONPATH=/home/pranav/ros2_ws/build/turtle_tag_game/prefix_override:/usr/lib/python3/dist-packages/colcon_core/task/python/colcon_distutils_commands:/home/pranav/ros2_ws/install/turtle_tag_game/lib/python3.12/site-packages:${PYTHONPATH} VIRTUAL_ENV_PROMPT=(ros2_py312_env) /usr/bin/python3 -W ignore:setup.py install is deprecated -W ignore:easy_install command is deprecated setup.py egg_info --egg-base ../../build/turtle_tag_game build --build-base /home/pranav/ros2_ws/build/turtle_tag_game/build install --record /home/pranav/ros2_ws/build/turtle_tag_game/install.log --single-version-externally-managed install_data --force
