[0.045s] Invoking command in '/home/pranav/ros2_ws/build/fizzbuzz_interfaces': CMAKE_PREFIX_PATH=${CMAKE_PREFIX_PATH}:/opt/ros/jazzy CONDA_PROMPT_MODIFIER=(base) DEBUGINFOD_URLS=https://debuginfod.ubuntu.com /usr/bin/cmake --build /home/pranav/ros2_ws/build/fizzbuzz_interfaces -- -j4 -l4
[0.779s] [  2%] Built target fizzbuzz_interfaces__rosidl_generator_type_description
[0.779s] [  2%] Built target ament_cmake_python_copy_fizzbuzz_interfaces
[0.780s] [ 17%] Built target fizzbuzz_interfaces__rosidl_generator_c
[0.780s] running egg_info
[0.780s] writing fizzbuzz_interfaces.egg-info/PKG-INFO
[0.780s] writing dependency_links to fizzbuzz_interfaces.egg-info/dependency_links.txt
[0.780s] writing top-level names to fizzbuzz_interfaces.egg-info/top_level.txt
[0.780s] reading manifest file 'fizzbuzz_interfaces.egg-info/SOURCES.txt'
[0.780s] writing manifest file 'fizzbuzz_interfaces.egg-info/SOURCES.txt'
[0.780s] [ 17%] Built target ament_cmake_python_build_fizzbuzz_interfaces_egg
[0.780s] [ 26%] Built target fizzbuzz_interfaces__rosidl_typesupport_introspection_c
[0.811s] [ 35%] Built target fizzbuzz_interfaces__rosidl_typesupport_c
[0.857s] [ 44%] Built target fizzbuzz_interfaces__rosidl_typesupport_fastrtps_c
[0.900s] [ 47%] Built target fizzbuzz_interfaces__cpp
[0.963s] [ 55%] Built target fizzbuzz_interfaces__rosidl_typesupport_cpp
[1.027s] [ 64%] Built target fizzbuzz_interfaces__rosidl_typesupport_introspection_cpp
[1.078s] [ 73%] Built target fizzbuzz_interfaces__rosidl_typesupport_fastrtps_cpp
[1.093s] [ 73%] Built target fizzbuzz_interfaces
[1.136s] [ 76%] Built target fizzbuzz_interfaces__py
[1.195s] [ 82%] Built target fizzbuzz_interfaces__rosidl_generator_py
[1.221s] [ 88%] Built target fizzbuzz_interfaces_s__rosidl_typesupport_fastrtps_c
[1.245s] [ 94%] Built target fizzbuzz_interfaces_s__rosidl_typesupport_c
[1.271s] [100%] Built target fizzbuzz_interfaces_s__rosidl_typesupport_introspection_c
[1.281s] Invoked command in '/home/pranav/ros2_ws/build/fizzbuzz_interfaces' returned '0': CMAKE_PREFIX_PATH=${CMAKE_PREFIX_PATH}:/opt/ros/jazzy CONDA_PROMPT_MODIFIER=(base) DEBUGINFOD_URLS=https://debuginfod.ubuntu.com /usr/bin/cmake --build /home/pranav/ros2_ws/build/fizzbuzz_interfaces -- -j4 -l4
[1.291s] Invoking command in '/home/pranav/ros2_ws/build/fizzbuzz_interfaces': CMAKE_PREFIX_PATH=${CMAKE_PREFIX_PATH}:/opt/ros/jazzy CONDA_PROMPT_MODIFIER=(base) DEBUGINFOD_URLS=https://debuginfod.ubuntu.com /usr/bin/cmake --install /home/pranav/ros2_ws/build/fizzbuzz_interfaces
[1.299s] -- Install configuration: ""
[1.301s] -- Up-to-date: /home/pranav/ros2_ws/install/fizzbuzz_interfaces/include/fizzbuzz_interfaces/fizzbuzz_interfaces
[1.302s] -- Up-to-date: /home/pranav/ros2_ws/install/fizzbuzz_interfaces/include/fizzbuzz_interfaces/fizzbuzz_interfaces/msg
[1.302s] -- Up-to-date: /home/pranav/ros2_ws/install/fizzbuzz_interfaces/include/fizzbuzz_interfaces/fizzbuzz_interfaces/msg/detail
[1.303s] -- Up-to-date: /home/pranav/ros2_ws/install/fizzbuzz_interfaces/include/fizzbuzz_interfaces/fizzbuzz_interfaces/msg/detail/fizz_buzz__type_support.c
[1.303s] -- Up-to-date: /home/pranav/ros2_ws/install/fizzbuzz_interfaces/include/fizzbuzz_interfaces/fizzbuzz_interfaces/msg/detail/fizz_buzz__functions.c
[1.303s] -- Up-to-date: /home/pranav/ros2_ws/install/fizzbuzz_interfaces/include/fizzbuzz_interfaces/fizzbuzz_interfaces/msg/detail/fizz_buzz__description.c
[1.305s] -- Up-to-date: /home/pranav/ros2_ws/install/fizzbuzz_interfaces/lib/libfizzbuzz_interfaces__rosidl_generator_c.so
[1.306s] -- Up-to-date: /home/pranav/ros2_ws/install/fizzbuzz_interfaces/include/fizzbuzz_interfaces/fizzbuzz_interfaces
[1.306s] -- Up-to-date: /home/pranav/ros2_ws/install/fizzbuzz_interfaces/include/fizzbuzz_interfaces/fizzbuzz_interfaces/msg
[1.306s] -- Up-to-date: /home/pranav/ros2_ws/install/fizzbuzz_interfaces/include/fizzbuzz_interfaces/fizzbuzz_interfaces/msg/detail
[1.309s] -- Up-to-date: /home/pranav/ros2_ws/install/fizzbuzz_interfaces/lib/libfizzbuzz_interfaces__rosidl_typesupport_fastrtps_c.so
[1.309s] -- Up-to-date: /home/pranav/ros2_ws/install/fizzbuzz_interfaces/include/fizzbuzz_interfaces/fizzbuzz_interfaces
[1.311s] -- Up-to-date: /home/pranav/ros2_ws/install/fizzbuzz_interfaces/include/fizzbuzz_interfaces/fizzbuzz_interfaces/msg
[1.311s] -- Up-to-date: /home/pranav/ros2_ws/install/fizzbuzz_interfaces/include/fizzbuzz_interfaces/fizzbuzz_interfaces/msg/detail
[1.312s] -- Up-to-date: /home/pranav/ros2_ws/install/fizzbuzz_interfaces/include/fizzbuzz_interfaces/fizzbuzz_interfaces
[1.314s] -- Up-to-date: /home/pranav/ros2_ws/install/fizzbuzz_interfaces/include/fizzbuzz_interfaces/fizzbuzz_interfaces/msg
[1.314s] -- Up-to-date: /home/pranav/ros2_ws/install/fizzbuzz_interfaces/include/fizzbuzz_interfaces/fizzbuzz_interfaces/msg/detail
[1.314s] -- Up-to-date: /home/pranav/ros2_ws/install/fizzbuzz_interfaces/include/fizzbuzz_interfaces/fizzbuzz_interfaces/msg/detail/dds_fastrtps
[1.316s] -- Up-to-date: /home/pranav/ros2_ws/install/fizzbuzz_interfaces/lib/libfizzbuzz_interfaces__rosidl_typesupport_fastrtps_cpp.so
[1.316s] -- Up-to-date: /home/pranav/ros2_ws/install/fizzbuzz_interfaces/include/fizzbuzz_interfaces/fizzbuzz_interfaces
[1.316s] -- Up-to-date: /home/pranav/ros2_ws/install/fizzbuzz_interfaces/include/fizzbuzz_interfaces/fizzbuzz_interfaces/msg
[1.317s] -- Up-to-date: /home/pranav/ros2_ws/install/fizzbuzz_interfaces/include/fizzbuzz_interfaces/fizzbuzz_interfaces/msg/detail
[1.318s] -- Up-to-date: /home/pranav/ros2_ws/install/fizzbuzz_interfaces/include/fizzbuzz_interfaces/fizzbuzz_interfaces/msg/detail/fizz_buzz__type_support.c
[1.321s] -- Up-to-date: /home/pranav/ros2_ws/install/fizzbuzz_interfaces/lib/libfizzbuzz_interfaces__rosidl_typesupport_introspection_c.so
[1.322s] -- Up-to-date: /home/pranav/ros2_ws/install/fizzbuzz_interfaces/lib/libfizzbuzz_interfaces__rosidl_typesupport_c.so
[1.322s] -- Up-to-date: /home/pranav/ros2_ws/install/fizzbuzz_interfaces/include/fizzbuzz_interfaces/fizzbuzz_interfaces
[1.322s] -- Up-to-date: /home/pranav/ros2_ws/install/fizzbuzz_interfaces/include/fizzbuzz_interfaces/fizzbuzz_interfaces/msg
[1.323s] -- Up-to-date: /home/pranav/ros2_ws/install/fizzbuzz_interfaces/include/fizzbuzz_interfaces/fizzbuzz_interfaces/msg/detail
[1.324s] -- Up-to-date: /home/pranav/ros2_ws/install/fizzbuzz_interfaces/include/fizzbuzz_interfaces/fizzbuzz_interfaces/msg/detail/fizz_buzz__type_support.cpp
[1.324s] -- Up-to-date: /home/pranav/ros2_ws/install/fizzbuzz_interfaces/lib/libfizzbuzz_interfaces__rosidl_typesupport_introspection_cpp.so
[1.325s] -- Up-to-date: /home/pranav/ros2_ws/install/fizzbuzz_interfaces/lib/libfizzbuzz_interfaces__rosidl_typesupport_cpp.so
[1.328s] -- Up-to-date: /home/pranav/ros2_ws/install/fizzbuzz_interfaces/lib/python3.13/site-packages/fizzbuzz_interfaces-0.0.0-py3.13.egg-info
[1.328s] -- Installing: /home/pranav/ros2_ws/install/fizzbuzz_interfaces/lib/python3.13/site-packages/fizzbuzz_interfaces-0.0.0-py3.13.egg-info/PKG-INFO
[1.331s] -- Installing: /home/pranav/ros2_ws/install/fizzbuzz_interfaces/lib/python3.13/site-packages/fizzbuzz_interfaces-0.0.0-py3.13.egg-info/dependency_links.txt
[1.331s] -- Installing: /home/pranav/ros2_ws/install/fizzbuzz_interfaces/lib/python3.13/site-packages/fizzbuzz_interfaces-0.0.0-py3.13.egg-info/SOURCES.txt
[1.332s] -- Installing: /home/pranav/ros2_ws/install/fizzbuzz_interfaces/lib/python3.13/site-packages/fizzbuzz_interfaces-0.0.0-py3.13.egg-info/top_level.txt
[1.332s] -- Up-to-date: /home/pranav/ros2_ws/install/fizzbuzz_interfaces/lib/python3.13/site-packages/fizzbuzz_interfaces
[1.332s] -- Up-to-date: /home/pranav/ros2_ws/install/fizzbuzz_interfaces/lib/python3.13/site-packages/fizzbuzz_interfaces/fizzbuzz_interfaces_s__rosidl_typesupport_introspection_c.so
[1.332s] -- Up-to-date: /home/pranav/ros2_ws/install/fizzbuzz_interfaces/lib/python3.13/site-packages/fizzbuzz_interfaces/_fizzbuzz_interfaces_s.ep.rosidl_typesupport_c.c
[1.332s] -- Up-to-date: /home/pranav/ros2_ws/install/fizzbuzz_interfaces/lib/python3.13/site-packages/fizzbuzz_interfaces/_fizzbuzz_interfaces_s.ep.rosidl_typesupport_introspection_c.c
[1.332s] -- Up-to-date: /home/pranav/ros2_ws/install/fizzbuzz_interfaces/lib/python3.13/site-packages/fizzbuzz_interfaces/msg
[1.332s] -- Up-to-date: /home/pranav/ros2_ws/install/fizzbuzz_interfaces/lib/python3.13/site-packages/fizzbuzz_interfaces/msg/_fizz_buzz_s.c
[1.332s] -- Up-to-date: /home/pranav/ros2_ws/install/fizzbuzz_interfaces/lib/python3.13/site-packages/fizzbuzz_interfaces/msg/_fizz_buzz.py
[1.332s] -- Up-to-date: /home/pranav/ros2_ws/install/fizzbuzz_interfaces/lib/python3.13/site-packages/fizzbuzz_interfaces/msg/__init__.py
[1.332s] -- Up-to-date: /home/pranav/ros2_ws/install/fizzbuzz_interfaces/lib/python3.13/site-packages/fizzbuzz_interfaces/__init__.py
[1.332s] -- Up-to-date: /home/pranav/ros2_ws/install/fizzbuzz_interfaces/lib/python3.13/site-packages/fizzbuzz_interfaces/fizzbuzz_interfaces_s__rosidl_typesupport_fastrtps_c.so
[1.332s] -- Up-to-date: /home/pranav/ros2_ws/install/fizzbuzz_interfaces/lib/python3.13/site-packages/fizzbuzz_interfaces/_fizzbuzz_interfaces_s.ep.rosidl_typesupport_fastrtps_c.c
[1.332s] -- Up-to-date: /home/pranav/ros2_ws/install/fizzbuzz_interfaces/lib/python3.13/site-packages/fizzbuzz_interfaces/fizzbuzz_interfaces_s__rosidl_typesupport_c.so
[1.385s] Listing '/home/pranav/ros2_ws/install/fizzbuzz_interfaces/lib/python3.13/site-packages/fizzbuzz_interfaces'...
[1.385s] Listing '/home/pranav/ros2_ws/install/fizzbuzz_interfaces/lib/python3.13/site-packages/fizzbuzz_interfaces/msg'...
[1.390s] -- Up-to-date: /home/pranav/ros2_ws/install/fizzbuzz_interfaces/lib/python3.13/site-packages/fizzbuzz_interfaces/fizzbuzz_interfaces_s__rosidl_typesupport_fastrtps_c.so
[1.392s] -- Up-to-date: /home/pranav/ros2_ws/install/fizzbuzz_interfaces/lib/python3.13/site-packages/fizzbuzz_interfaces/fizzbuzz_interfaces_s__rosidl_typesupport_introspection_c.so
[1.394s] -- Up-to-date: /home/pranav/ros2_ws/install/fizzbuzz_interfaces/lib/python3.13/site-packages/fizzbuzz_interfaces/fizzbuzz_interfaces_s__rosidl_typesupport_c.so
[1.397s] -- Up-to-date: /home/pranav/ros2_ws/install/fizzbuzz_interfaces/lib/libfizzbuzz_interfaces__rosidl_generator_py.so
[1.400s] -- Installing: /home/pranav/ros2_ws/install/fizzbuzz_interfaces/share/fizzbuzz_interfaces/package.dsv
[1.405s] -- Up-to-date: /home/pranav/ros2_ws/install/fizzbuzz_interfaces/share/fizzbuzz_interfaces/cmake/export_fizzbuzz_interfaces__rosidl_generator_cExport.cmake
[1.406s] -- Up-to-date: /home/pranav/ros2_ws/install/fizzbuzz_interfaces/share/fizzbuzz_interfaces/cmake/export_fizzbuzz_interfaces__rosidl_generator_cExport-noconfig.cmake
[1.407s] -- Up-to-date: /home/pranav/ros2_ws/install/fizzbuzz_interfaces/share/fizzbuzz_interfaces/cmake/export_fizzbuzz_interfaces__rosidl_typesupport_fastrtps_cExport.cmake
[1.407s] -- Up-to-date: /home/pranav/ros2_ws/install/fizzbuzz_interfaces/share/fizzbuzz_interfaces/cmake/export_fizzbuzz_interfaces__rosidl_typesupport_fastrtps_cExport-noconfig.cmake
[1.407s] -- Up-to-date: /home/pranav/ros2_ws/install/fizzbuzz_interfaces/share/fizzbuzz_interfaces/cmake/export_fizzbuzz_interfaces__rosidl_generator_cppExport.cmake
[1.407s] -- Up-to-date: /home/pranav/ros2_ws/install/fizzbuzz_interfaces/share/fizzbuzz_interfaces/cmake/export_fizzbuzz_interfaces__rosidl_typesupport_fastrtps_cppExport.cmake
[1.408s] -- Up-to-date: /home/pranav/ros2_ws/install/fizzbuzz_interfaces/share/fizzbuzz_interfaces/cmake/export_fizzbuzz_interfaces__rosidl_typesupport_fastrtps_cppExport-noconfig.cmake
[1.408s] -- Up-to-date: /home/pranav/ros2_ws/install/fizzbuzz_interfaces/share/fizzbuzz_interfaces/cmake/fizzbuzz_interfaces__rosidl_typesupport_introspection_cExport.cmake
[1.408s] -- Up-to-date: /home/pranav/ros2_ws/install/fizzbuzz_interfaces/share/fizzbuzz_interfaces/cmake/fizzbuzz_interfaces__rosidl_typesupport_introspection_cExport-noconfig.cmake
[1.413s] -- Up-to-date: /home/pranav/ros2_ws/install/fizzbuzz_interfaces/share/fizzbuzz_interfaces/cmake/fizzbuzz_interfaces__rosidl_typesupport_cExport.cmake
[1.414s] -- Up-to-date: /home/pranav/ros2_ws/install/fizzbuzz_interfaces/share/fizzbuzz_interfaces/cmake/fizzbuzz_interfaces__rosidl_typesupport_cExport-noconfig.cmake
[1.414s] -- Up-to-date: /home/pranav/ros2_ws/install/fizzbuzz_interfaces/share/fizzbuzz_interfaces/cmake/fizzbuzz_interfaces__rosidl_typesupport_introspection_cppExport.cmake
[1.414s] -- Up-to-date: /home/pranav/ros2_ws/install/fizzbuzz_interfaces/share/fizzbuzz_interfaces/cmake/fizzbuzz_interfaces__rosidl_typesupport_introspection_cppExport-noconfig.cmake
[1.418s] -- Up-to-date: /home/pranav/ros2_ws/install/fizzbuzz_interfaces/share/fizzbuzz_interfaces/cmake/fizzbuzz_interfaces__rosidl_typesupport_cppExport.cmake
[1.418s] -- Up-to-date: /home/pranav/ros2_ws/install/fizzbuzz_interfaces/share/fizzbuzz_interfaces/cmake/fizzbuzz_interfaces__rosidl_typesupport_cppExport-noconfig.cmake
[1.424s] -- Up-to-date: /home/pranav/ros2_ws/install/fizzbuzz_interfaces/share/fizzbuzz_interfaces/cmake/export_fizzbuzz_interfaces__rosidl_generator_pyExport.cmake
[1.425s] -- Up-to-date: /home/pranav/ros2_ws/install/fizzbuzz_interfaces/share/fizzbuzz_interfaces/cmake/export_fizzbuzz_interfaces__rosidl_generator_pyExport-noconfig.cmake
[1.432s] Invoked command in '/home/pranav/ros2_ws/build/fizzbuzz_interfaces' returned '0': CMAKE_PREFIX_PATH=${CMAKE_PREFIX_PATH}:/opt/ros/jazzy CONDA_PROMPT_MODIFIER=(base) DEBUGINFOD_URLS=https://debuginfod.ubuntu.com /usr/bin/cmake --install /home/pranav/ros2_ws/build/fizzbuzz_interfaces
