[0.421s] Invoking command in '/home/pranav/ros2_ws/build/fizzbuzz': AMENT_PREFIX_PATH=/home/pranav/ros2_ws/install/fizzbuzz_interfaces:${AMENT_PREFIX_PATH} CMAKE_PREFIX_PATH=/home/pranav/ros2_ws/install/fizzbuzz_interfaces:${CMAKE_PREFIX_PATH} CONDA_PROMPT_MODIFIER=(base) DEBUGINFOD_URLS=https://debuginfod.ubuntu.com LD_LIBRARY_PATH=/home/pranav/ros2_ws/install/fizzbuzz_interfaces/lib:${LD_LIBRARY_PATH} PYTHONPATH=/home/pranav/ros2_ws/build/fizzbuzz/prefix_override:/usr/lib/python3/dist-packages/colcon_core/task/python/colcon_distutils_commands:/home/pranav/ros2_ws/install/fizzbuzz/lib/python3.12/site-packages:/home/pranav/ros2_ws/install/fizzbuzz_interfaces/lib/python3.12/site-packages:${PYTHONPATH} VIRTUAL_ENV_PROMPT=(ros2_py312_env) /usr/bin/python3 -W ignore:setup.py install is deprecated -W ignore:easy_install command is deprecated setup.py develop --uninstall --editable --build-directory /home/pranav/ros2_ws/build/fizzbuzz/build
[0.559s] running develop
[0.676s] Removing /home/pranav/ros2_ws/install/fizzbuzz/lib/python3.12/site-packages/fizzbuzz.egg-link (link to .)
[0.694s] Invoked command in '/home/pranav/ros2_ws/build/fizzbuzz' returned '0': AMENT_PREFIX_PATH=/home/pranav/ros2_ws/install/fizzbuzz_interfaces:${AMENT_PREFIX_PATH} CMAKE_PREFIX_PATH=/home/pranav/ros2_ws/install/fizzbuzz_interfaces:${CMAKE_PREFIX_PATH} CONDA_PROMPT_MODIFIER=(base) DEBUGINFOD_URLS=https://debuginfod.ubuntu.com LD_LIBRARY_PATH=/home/pranav/ros2_ws/install/fizzbuzz_interfaces/lib:${LD_LIBRARY_PATH} PYTHONPATH=/home/pranav/ros2_ws/build/fizzbuzz/prefix_override:/usr/lib/python3/dist-packages/colcon_core/task/python/colcon_distutils_commands:/home/pranav/ros2_ws/install/fizzbuzz/lib/python3.12/site-packages:/home/pranav/ros2_ws/install/fizzbuzz_interfaces/lib/python3.12/site-packages:${PYTHONPATH} VIRTUAL_ENV_PROMPT=(ros2_py312_env) /usr/bin/python3 -W ignore:setup.py install is deprecated -W ignore:easy_install command is deprecated setup.py develop --uninstall --editable --build-directory /home/pranav/ros2_ws/build/fizzbuzz/build
[0.695s] Invoking command in '/home/pranav/ros2_ws/src/fizzbuzz': AMENT_PREFIX_PATH=/home/pranav/ros2_ws/install/fizzbuzz_interfaces:${AMENT_PREFIX_PATH} CMAKE_PREFIX_PATH=/home/pranav/ros2_ws/install/fizzbuzz_interfaces:${CMAKE_PREFIX_PATH} CONDA_PROMPT_MODIFIER=(base) DEBUGINFOD_URLS=https://debuginfod.ubuntu.com LD_LIBRARY_PATH=/home/pranav/ros2_ws/install/fizzbuzz_interfaces/lib:${LD_LIBRARY_PATH} PYTHONPATH=/home/pranav/ros2_ws/build/fizzbuzz/prefix_override:/usr/lib/python3/dist-packages/colcon_core/task/python/colcon_distutils_commands:/home/pranav/ros2_ws/install/fizzbuzz/lib/python3.12/site-packages:/home/pranav/ros2_ws/install/fizzbuzz_interfaces/lib/python3.12/site-packages:${PYTHONPATH} VIRTUAL_ENV_PROMPT=(ros2_py312_env) /usr/bin/python3 -W ignore:setup.py install is deprecated -W ignore:easy_install command is deprecated setup.py egg_info --egg-base ../../build/fizzbuzz build --build-base /home/pranav/ros2_ws/build/fizzbuzz/build install --record /home/pranav/ros2_ws/build/fizzbuzz/install.log --single-version-externally-managed install_data --force
[0.816s] running egg_info
[0.825s] writing ../../build/fizzbuzz/fizzbuzz.egg-info/PKG-INFO
[0.825s] writing dependency_links to ../../build/fizzbuzz/fizzbuzz.egg-info/dependency_links.txt
[0.825s] writing entry points to ../../build/fizzbuzz/fizzbuzz.egg-info/entry_points.txt
[0.825s] writing requirements to ../../build/fizzbuzz/fizzbuzz.egg-info/requires.txt
[0.825s] writing top-level names to ../../build/fizzbuzz/fizzbuzz.egg-info/top_level.txt
[0.844s] reading manifest file '../../build/fizzbuzz/fizzbuzz.egg-info/SOURCES.txt'
[0.844s] writing manifest file '../../build/fizzbuzz/fizzbuzz.egg-info/SOURCES.txt'
[0.845s] running build
[0.845s] running build_py
[0.845s] creating /home/pranav/ros2_ws/build/fizzbuzz/build
[0.845s] creating /home/pranav/ros2_ws/build/fizzbuzz/build/lib
[0.845s] creating /home/pranav/ros2_ws/build/fizzbuzz/build/lib/fizzbuzz
[0.845s] copying fizzbuzz/number_publisher.py -> /home/pranav/ros2_ws/build/fizzbuzz/build/lib/fizzbuzz
[0.845s] copying fizzbuzz/__init__.py -> /home/pranav/ros2_ws/build/fizzbuzz/build/lib/fizzbuzz
[0.845s] copying fizzbuzz/fizzbuzz_subscriber.py -> /home/pranav/ros2_ws/build/fizzbuzz/build/lib/fizzbuzz
[0.845s] running install
[0.849s] running install_lib
[0.860s] creating /home/pranav/ros2_ws/install/fizzbuzz/lib/python3.12/site-packages/fizzbuzz
[0.860s] copying /home/pranav/ros2_ws/build/fizzbuzz/build/lib/fizzbuzz/number_publisher.py -> /home/pranav/ros2_ws/install/fizzbuzz/lib/python3.12/site-packages/fizzbuzz
[0.860s] copying /home/pranav/ros2_ws/build/fizzbuzz/build/lib/fizzbuzz/__init__.py -> /home/pranav/ros2_ws/install/fizzbuzz/lib/python3.12/site-packages/fizzbuzz
[0.860s] copying /home/pranav/ros2_ws/build/fizzbuzz/build/lib/fizzbuzz/fizzbuzz_subscriber.py -> /home/pranav/ros2_ws/install/fizzbuzz/lib/python3.12/site-packages/fizzbuzz
[0.860s] byte-compiling /home/pranav/ros2_ws/install/fizzbuzz/lib/python3.12/site-packages/fizzbuzz/number_publisher.py to number_publisher.cpython-312.pyc
[0.861s] byte-compiling /home/pranav/ros2_ws/install/fizzbuzz/lib/python3.12/site-packages/fizzbuzz/__init__.py to __init__.cpython-312.pyc
[0.861s] byte-compiling /home/pranav/ros2_ws/install/fizzbuzz/lib/python3.12/site-packages/fizzbuzz/fizzbuzz_subscriber.py to fizzbuzz_subscriber.cpython-312.pyc
[0.861s] running install_data
[0.861s] copying resource/fizzbuzz -> /home/pranav/ros2_ws/install/fizzbuzz/share/ament_index/resource_index/packages
[0.861s] copying package.xml -> /home/pranav/ros2_ws/install/fizzbuzz/share/fizzbuzz
[0.861s] running install_egg_info
[0.876s] Copying ../../build/fizzbuzz/fizzbuzz.egg-info to /home/pranav/ros2_ws/install/fizzbuzz/lib/python3.12/site-packages/fizzbuzz-0.0.0-py3.12.egg-info
[0.877s] running install_scripts
[0.941s] Installing fizzbuzz_subscriber script to /home/pranav/ros2_ws/install/fizzbuzz/lib/fizzbuzz
[0.941s] Installing number_publisher script to /home/pranav/ros2_ws/install/fizzbuzz/lib/fizzbuzz
[0.941s] writing list of installed files to '/home/pranav/ros2_ws/build/fizzbuzz/install.log'
[0.957s] Invoked command in '/home/pranav/ros2_ws/src/fizzbuzz' returned '0': AMENT_PREFIX_PATH=/home/pranav/ros2_ws/install/fizzbuzz_interfaces:${AMENT_PREFIX_PATH} CMAKE_PREFIX_PATH=/home/pranav/ros2_ws/install/fizzbuzz_interfaces:${CMAKE_PREFIX_PATH} CONDA_PROMPT_MODIFIER=(base) DEBUGINFOD_URLS=https://debuginfod.ubuntu.com LD_LIBRARY_PATH=/home/pranav/ros2_ws/install/fizzbuzz_interfaces/lib:${LD_LIBRARY_PATH} PYTHONPATH=/home/pranav/ros2_ws/build/fizzbuzz/prefix_override:/usr/lib/python3/dist-packages/colcon_core/task/python/colcon_distutils_commands:/home/pranav/ros2_ws/install/fizzbuzz/lib/python3.12/site-packages:/home/pranav/ros2_ws/install/fizzbuzz_interfaces/lib/python3.12/site-packages:${PYTHONPATH} VIRTUAL_ENV_PROMPT=(ros2_py312_env) /usr/bin/python3 -W ignore:setup.py install is deprecated -W ignore:easy_install command is deprecated setup.py egg_info --egg-base ../../build/fizzbuzz build --build-base /home/pranav/ros2_ws/build/fizzbuzz/build install --record /home/pranav/ros2_ws/build/fizzbuzz/install.log --single-version-externally-managed install_data --force
