[3.098s] Invoking command in '/home/pranav/ros2_ws/src/drone': CONDA_PROMPT_MODIFIER=(base) DEBUGINFOD_URLS=https://debuginfod.ubuntu.com PYTHONPATH=/home/pranav/ros2_ws/build/drone/prefix_override:/usr/lib/python3/dist-packages/colcon_core/task/python/colcon_distutils_commands:/home/pranav/ros2_ws/install/drone/lib/python3.12/site-packages:${PYTHONPATH} /usr/bin/python3 -W ignore:setup.py install is deprecated -W ignore:easy_install command is deprecated setup.py egg_info --egg-base ../../build/drone build --build-base /home/pranav/ros2_ws/build/drone/build install --record /home/pranav/ros2_ws/build/drone/install.log --single-version-externally-managed install_data
[3.490s] running egg_info
[3.501s] writing ../../build/drone/drone.egg-info/PKG-INFO
[3.502s] writing dependency_links to ../../build/drone/drone.egg-info/dependency_links.txt
[3.503s] writing entry points to ../../build/drone/drone.egg-info/entry_points.txt
[3.503s] writing requirements to ../../build/drone/drone.egg-info/requires.txt
[3.503s] writing top-level names to ../../build/drone/drone.egg-info/top_level.txt
[3.530s] reading manifest file '../../build/drone/drone.egg-info/SOURCES.txt'
[3.531s] writing manifest file '../../build/drone/drone.egg-info/SOURCES.txt'
[3.532s] running build
[3.532s] running build_py
[3.533s] running install
[3.538s] running install_lib
[3.553s] running install_data
[3.554s] running install_egg_info
[3.567s] removing '/home/pranav/ros2_ws/install/drone/lib/python3.12/site-packages/drone-0.0.0-py3.12.egg-info' (and everything under it)
[3.570s] Copying ../../build/drone/drone.egg-info to /home/pranav/ros2_ws/install/drone/lib/python3.12/site-packages/drone-0.0.0-py3.12.egg-info
[3.571s] running install_scripts
[3.779s] Installing pathfinder script to /home/pranav/ros2_ws/install/drone/lib/drone
[3.780s] writing list of installed files to '/home/pranav/ros2_ws/build/drone/install.log'
[3.932s] Invoked command in '/home/pranav/ros2_ws/src/drone' returned '0': CONDA_PROMPT_MODIFIER=(base) DEBUGINFOD_URLS=https://debuginfod.ubuntu.com PYTHONPATH=/home/pranav/ros2_ws/build/drone/prefix_override:/usr/lib/python3/dist-packages/colcon_core/task/python/colcon_distutils_commands:/home/pranav/ros2_ws/install/drone/lib/python3.12/site-packages:${PYTHONPATH} /usr/bin/python3 -W ignore:setup.py install is deprecated -W ignore:easy_install command is deprecated setup.py egg_info --egg-base ../../build/drone build --build-base /home/pranav/ros2_ws/build/drone/build install --record /home/pranav/ros2_ws/build/drone/install.log --single-version-externally-managed install_data
