[0.963s] Invoking command in '/home/pranav/ros2_ws/src/webcam': CONDA_PROMPT_MODIFIER=(base) DEBUGINFOD_URLS=https://debuginfod.ubuntu.com PYTHONPATH=/home/pranav/ros2_ws/build/webcam/prefix_override:/usr/lib/python3/dist-packages/colcon_core/task/python/colcon_distutils_commands:/home/pranav/ros2_ws/install/webcam/lib/python3.12/site-packages:${PYTHONPATH} /usr/bin/python3 -W ignore:setup.py install is deprecated -W ignore:easy_install command is deprecated setup.py egg_info --egg-base ../../build/webcam build --build-base /home/pranav/ros2_ws/build/webcam/build install --record /home/pranav/ros2_ws/build/webcam/install.log --single-version-externally-managed install_data
[1.553s] running egg_info
[1.576s] writing ../../build/webcam/webcam.egg-info/PKG-INFO
[1.576s] writing dependency_links to ../../build/webcam/webcam.egg-info/dependency_links.txt
[1.577s] writing requirements to ../../build/webcam/webcam.egg-info/requires.txt
[1.578s] writing top-level names to ../../build/webcam/webcam.egg-info/top_level.txt
[1.607s] reading manifest file '../../build/webcam/webcam.egg-info/SOURCES.txt'
[1.608s] writing manifest file '../../build/webcam/webcam.egg-info/SOURCES.txt'
[1.617s] running build
[1.617s] running build_py
[1.617s] copying webcam/webcam_node.py -> /home/pranav/ros2_ws/build/webcam/build/lib/webcam
[1.624s] running install
[1.628s] running install_lib
[1.652s] copying /home/pranav/ros2_ws/build/webcam/build/lib/webcam/webcam_node.py -> /home/pranav/ros2_ws/install/webcam/lib/python3.12/site-packages/webcam
[1.654s] byte-compiling /home/pranav/ros2_ws/install/webcam/lib/python3.12/site-packages/webcam/webcam_node.py to webcam_node.cpython-312.pyc
[1.659s] running install_data
[1.659s] running install_egg_info
[1.696s] removing '/home/pranav/ros2_ws/install/webcam/lib/python3.12/site-packages/webcam-0.0.0-py3.12.egg-info' (and everything under it)
[1.696s] Copying ../../build/webcam/webcam.egg-info to /home/pranav/ros2_ws/install/webcam/lib/python3.12/site-packages/webcam-0.0.0-py3.12.egg-info
[1.696s] running install_scripts
[1.899s] writing list of installed files to '/home/pranav/ros2_ws/build/webcam/install.log'
[1.929s] Invoked command in '/home/pranav/ros2_ws/src/webcam' returned '0': CONDA_PROMPT_MODIFIER=(base) DEBUGINFOD_URLS=https://debuginfod.ubuntu.com PYTHONPATH=/home/pranav/ros2_ws/build/webcam/prefix_override:/usr/lib/python3/dist-packages/colcon_core/task/python/colcon_distutils_commands:/home/pranav/ros2_ws/install/webcam/lib/python3.12/site-packages:${PYTHONPATH} /usr/bin/python3 -W ignore:setup.py install is deprecated -W ignore:easy_install command is deprecated setup.py egg_info --egg-base ../../build/webcam build --build-base /home/pranav/ros2_ws/build/webcam/build install --record /home/pranav/ros2_ws/build/webcam/install.log --single-version-externally-managed install_data
