[3.388s] Invoking command in '/home/firefox/Ros_ws-BWSI/src/drone': DEBUGINFOD_URLS=https://debuginfod.ubuntu.com PYTHONPATH=/home/firefox/Ros_ws-BWSI/build/drone/prefix_override:/usr/lib/python3/dist-packages/colcon_core/task/python/colcon_distutils_commands:/home/firefox/Ros_ws-BWSI/install/drone/lib/python3.12/site-packages:${PYTHONPATH} /usr/bin/python3 -W ignore:setup.py install is deprecated -W ignore:easy_install command is deprecated setup.py egg_info --egg-base ../../build/drone build --build-base /home/firefox/Ros_ws-BWSI/build/drone/build install --record /home/firefox/Ros_ws-BWSI/build/drone/install.log --single-version-externally-managed install_data
[4.127s] running egg_info
[4.177s] writing ../../build/drone/drone.egg-info/PKG-INFO
[4.178s] writing dependency_links to ../../build/drone/drone.egg-info/dependency_links.txt
[4.184s] writing entry points to ../../build/drone/drone.egg-info/entry_points.txt
[4.189s] writing requirements to ../../build/drone/drone.egg-info/requires.txt
[4.191s] writing top-level names to ../../build/drone/drone.egg-info/top_level.txt
[4.290s] reading manifest file '../../build/drone/drone.egg-info/SOURCES.txt'
[4.291s] writing manifest file '../../build/drone/drone.egg-info/SOURCES.txt'
[4.292s] running build
[4.292s] running build_py
[4.293s] copying drone/pathfinder.py -> /home/firefox/Ros_ws-BWSI/build/drone/build/lib/drone
[4.297s] running install
[4.305s] running install_lib
[4.390s] copying /home/firefox/Ros_ws-BWSI/build/drone/build/lib/drone/pathfinder.py -> /home/firefox/Ros_ws-BWSI/install/drone/lib/python3.12/site-packages/drone
[4.396s] byte-compiling /home/firefox/Ros_ws-BWSI/install/drone/lib/python3.12/site-packages/drone/pathfinder.py to pathfinder.cpython-312.pyc
[4.397s] running install_data
[4.398s] running install_egg_info
[4.447s] removing '/home/firefox/Ros_ws-BWSI/install/drone/lib/python3.12/site-packages/drone-0.0.0-py3.12.egg-info' (and everything under it)
[4.448s] Copying ../../build/drone/drone.egg-info to /home/firefox/Ros_ws-BWSI/install/drone/lib/python3.12/site-packages/drone-0.0.0-py3.12.egg-info
[4.449s] running install_scripts
[4.760s] Installing pathfinder script to /home/firefox/Ros_ws-BWSI/install/drone/lib/drone
[4.766s] writing list of installed files to '/home/firefox/Ros_ws-BWSI/build/drone/install.log'
[4.918s] Invoked command in '/home/firefox/Ros_ws-BWSI/src/drone' returned '0': DEBUGINFOD_URLS=https://debuginfod.ubuntu.com PYTHONPATH=/home/firefox/Ros_ws-BWSI/build/drone/prefix_override:/usr/lib/python3/dist-packages/colcon_core/task/python/colcon_distutils_commands:/home/firefox/Ros_ws-BWSI/install/drone/lib/python3.12/site-packages:${PYTHONPATH} /usr/bin/python3 -W ignore:setup.py install is deprecated -W ignore:easy_install command is deprecated setup.py egg_info --egg-base ../../build/drone build --build-base /home/firefox/Ros_ws-BWSI/build/drone/build install --record /home/firefox/Ros_ws-BWSI/build/drone/install.log --single-version-externally-managed install_data
