[  2%] Built target fizzbuzz_interfaces__rosidl_generator_type_description
[  2%] Built target ament_cmake_python_copy_fizzbuzz_interfaces
[ 20%] Built target fizzbuzz_interfaces__rosidl_generator_c
[ 20%] Built target fizzbuzz_interfaces__cpp
[ 29%] Built target fizzbuzz_interfaces__rosidl_typesupport_introspection_c
[ 38%] Built target fizzbuzz_interfaces__rosidl_typesupport_introspection_cpp
[ 47%] Built target fizzbuzz_interfaces__rosidl_typesupport_cpp
[ 55%] Built target fizzbuzz_interfaces__rosidl_typesupport_fastrtps_c
[ 64%] Built target fizzbuzz_interfaces__rosidl_typesupport_fastrtps_cpp
[ 73%] Built target fizzbuzz_interfaces__rosidl_typesupport_c
[ 73%] Built target fizzbuzz_interfaces
[ 76%] Built target fizzbuzz_interfaces__py
[ 82%] Built target fizzbuzz_interfaces__rosidl_generator_py
running egg_info
[ 88%] Built target fizzbuzz_interfaces_s__rosidl_typesupport_fastrtps_c
writing fizzbuzz_interfaces.egg-info/PKG-INFO
writing dependency_links to fizzbuzz_interfaces.egg-info/dependency_links.txt
writing top-level names to fizzbuzz_interfaces.egg-info/top_level.txt
[ 94%] Built target fizzbuzz_interfaces_s__rosidl_typesupport_c
reading manifest file 'fizzbuzz_interfaces.egg-info/SOURCES.txt'
writing manifest file 'fizzbuzz_interfaces.egg-info/SOURCES.txt'
[100%] Built target ament_cmake_python_build_fizzbuzz_interfaces_egg
[100%] Built target fizzbuzz_interfaces_s__rosidl_typesupport_introspection_c
