[2.112s] Invoking command in '/home/firefox/Ros_ws-BWSI/src/fizzbuzz': AMENT_PREFIX_PATH=/home/firefox/Ros_ws-BWSI/install/fizzbuzz_interfaces:${AMENT_PREFIX_PATH} CMAKE_PREFIX_PATH=/home/firefox/Ros_ws-BWSI/install/fizzbuzz_interfaces:${CMAKE_PREFIX_PATH} DEBUGINFOD_URLS=https://debuginfod.ubuntu.com LD_LIBRARY_PATH=/home/firefox/Ros_ws-BWSI/install/fizzbuzz_interfaces/lib:${LD_LIBRARY_PATH} PYTHONPATH=/home/firefox/Ros_ws-BWSI/build/fizzbuzz/prefix_override:/usr/lib/python3/dist-packages/colcon_core/task/python/colcon_distutils_commands:/home/firefox/Ros_ws-BWSI/install/fizzbuzz/lib/python3.12/site-packages:/home/firefox/Ros_ws-BWSI/install/fizzbuzz_interfaces/lib/python3.12/site-packages:${PYTHONPATH} /usr/bin/python3 -W ignore:setup.py install is deprecated -W ignore:easy_install command is deprecated setup.py egg_info --egg-base ../../build/fizzbuzz build --build-base /home/firefox/Ros_ws-BWSI/build/fizzbuzz/build install --record /home/firefox/Ros_ws-BWSI/build/fizzbuzz/install.log --single-version-externally-managed install_data
[2.867s] running egg_info
[2.909s] writing ../../build/fizzbuzz/fizzbuzz.egg-info/PKG-INFO
[2.910s] writing dependency_links to ../../build/fizzbuzz/fizzbuzz.egg-info/dependency_links.txt
[2.911s] writing entry points to ../../build/fizzbuzz/fizzbuzz.egg-info/entry_points.txt
[2.911s] writing requirements to ../../build/fizzbuzz/fizzbuzz.egg-info/requires.txt
[2.917s] writing top-level names to ../../build/fizzbuzz/fizzbuzz.egg-info/top_level.txt
[2.990s] reading manifest file '../../build/fizzbuzz/fizzbuzz.egg-info/SOURCES.txt'
[2.991s] writing manifest file '../../build/fizzbuzz/fizzbuzz.egg-info/SOURCES.txt'
[2.991s] running build
[2.992s] running build_py
[2.992s] running install
[3.002s] running install_lib
[3.036s] running install_data
[3.037s] running install_egg_info
[3.071s] removing '/home/firefox/Ros_ws-BWSI/install/fizzbuzz/lib/python3.12/site-packages/fizzbuzz-0.0.0-py3.12.egg-info' (and everything under it)
[3.072s] Copying ../../build/fizzbuzz/fizzbuzz.egg-info to /home/firefox/Ros_ws-BWSI/install/fizzbuzz/lib/python3.12/site-packages/fizzbuzz-0.0.0-py3.12.egg-info
[3.073s] running install_scripts
[3.295s] Installing fizzbuzz_subscriber script to /home/firefox/Ros_ws-BWSI/install/fizzbuzz/lib/fizzbuzz
[3.295s] Installing number_publisher script to /home/firefox/Ros_ws-BWSI/install/fizzbuzz/lib/fizzbuzz
[3.300s] writing list of installed files to '/home/firefox/Ros_ws-BWSI/build/fizzbuzz/install.log'
[3.407s] Invoked command in '/home/firefox/Ros_ws-BWSI/src/fizzbuzz' returned '0': AMENT_PREFIX_PATH=/home/firefox/Ros_ws-BWSI/install/fizzbuzz_interfaces:${AMENT_PREFIX_PATH} CMAKE_PREFIX_PATH=/home/firefox/Ros_ws-BWSI/install/fizzbuzz_interfaces:${CMAKE_PREFIX_PATH} DEBUGINFOD_URLS=https://debuginfod.ubuntu.com LD_LIBRARY_PATH=/home/firefox/Ros_ws-BWSI/install/fizzbuzz_interfaces/lib:${LD_LIBRARY_PATH} PYTHONPATH=/home/firefox/Ros_ws-BWSI/build/fizzbuzz/prefix_override:/usr/lib/python3/dist-packages/colcon_core/task/python/colcon_distutils_commands:/home/firefox/Ros_ws-BWSI/install/fizzbuzz/lib/python3.12/site-packages:/home/firefox/Ros_ws-BWSI/install/fizzbuzz_interfaces/lib/python3.12/site-packages:${PYTHONPATH} /usr/bin/python3 -W ignore:setup.py install is deprecated -W ignore:easy_install command is deprecated setup.py egg_info --egg-base ../../build/fizzbuzz build --build-base /home/firefox/Ros_ws-BWSI/build/fizzbuzz/build install --record /home/firefox/Ros_ws-BWSI/build/fizzbuzz/install.log --single-version-externally-managed install_data
