[0.917s] Invoking command in '/home/pranav/ros2_ws/src/fizzbuzz': AMENT_PREFIX_PATH=/home/pranav/ros2_ws/install/fizzbuzz_interfaces:${AMENT_PREFIX_PATH} CMAKE_PREFIX_PATH=/home/pranav/ros2_ws/install/fizzbuzz_interfaces:${CMAKE_PREFIX_PATH} CONDA_PROMPT_MODIFIER=(base) DEBUGINFOD_URLS=https://debuginfod.ubuntu.com LD_LIBRARY_PATH=/home/pranav/ros2_ws/install/fizzbuzz_interfaces/lib:${LD_LIBRARY_PATH} PYTHONPATH=/home/pranav/ros2_ws/build/fizzbuzz/prefix_override:/usr/lib/python3/dist-packages/colcon_core/task/python/colcon_distutils_commands:/home/pranav/ros2_ws/install/fizzbuzz/lib/python3.12/site-packages:/home/pranav/ros2_ws/install/fizzbuzz_interfaces/lib/python3.13/site-packages:/home/pranav/ros2_ws/install/fizzbuzz_interfaces/lib/python3.12/site-packages:${PYTHONPATH} /usr/bin/python3 -W ignore:setup.py install is deprecated -W ignore:easy_install command is deprecated setup.py egg_info --egg-base ../../build/fizzbuzz build --build-base /home/pranav/ros2_ws/build/fizzbuzz/build install --record /home/pranav/ros2_ws/build/fizzbuzz/install.log --single-version-externally-managed install_data
[1.154s] running egg_info
[1.167s] writing ../../build/fizzbuzz/fizzbuzz.egg-info/PKG-INFO
[1.169s] writing dependency_links to ../../build/fizzbuzz/fizzbuzz.egg-info/dependency_links.txt
[1.169s] writing entry points to ../../build/fizzbuzz/fizzbuzz.egg-info/entry_points.txt
[1.170s] writing requirements to ../../build/fizzbuzz/fizzbuzz.egg-info/requires.txt
[1.170s] writing top-level names to ../../build/fizzbuzz/fizzbuzz.egg-info/top_level.txt
[1.194s] reading manifest file '../../build/fizzbuzz/fizzbuzz.egg-info/SOURCES.txt'
[1.195s] writing manifest file '../../build/fizzbuzz/fizzbuzz.egg-info/SOURCES.txt'
[1.196s] running build
[1.196s] running build_py
[1.196s] running install
[1.201s] running install_lib
[1.217s] running install_data
[1.217s] running install_egg_info
[1.234s] removing '/home/pranav/ros2_ws/install/fizzbuzz/lib/python3.12/site-packages/fizzbuzz-0.0.0-py3.12.egg-info' (and everything under it)
[1.235s] Copying ../../build/fizzbuzz/fizzbuzz.egg-info to /home/pranav/ros2_ws/install/fizzbuzz/lib/python3.12/site-packages/fizzbuzz-0.0.0-py3.12.egg-info
[1.235s] running install_scripts
[1.354s] Installing fizzbuzz_subscriber script to /home/pranav/ros2_ws/install/fizzbuzz/lib/fizzbuzz
[1.354s] Installing number_publisher script to /home/pranav/ros2_ws/install/fizzbuzz/lib/fizzbuzz
[1.354s] writing list of installed files to '/home/pranav/ros2_ws/build/fizzbuzz/install.log'
[1.377s] Invoked command in '/home/pranav/ros2_ws/src/fizzbuzz' returned '0': AMENT_PREFIX_PATH=/home/pranav/ros2_ws/install/fizzbuzz_interfaces:${AMENT_PREFIX_PATH} CMAKE_PREFIX_PATH=/home/pranav/ros2_ws/install/fizzbuzz_interfaces:${CMAKE_PREFIX_PATH} CONDA_PROMPT_MODIFIER=(base) DEBUGINFOD_URLS=https://debuginfod.ubuntu.com LD_LIBRARY_PATH=/home/pranav/ros2_ws/install/fizzbuzz_interfaces/lib:${LD_LIBRARY_PATH} PYTHONPATH=/home/pranav/ros2_ws/build/fizzbuzz/prefix_override:/usr/lib/python3/dist-packages/colcon_core/task/python/colcon_distutils_commands:/home/pranav/ros2_ws/install/fizzbuzz/lib/python3.12/site-packages:/home/pranav/ros2_ws/install/fizzbuzz_interfaces/lib/python3.13/site-packages:/home/pranav/ros2_ws/install/fizzbuzz_interfaces/lib/python3.12/site-packages:${PYTHONPATH} /usr/bin/python3 -W ignore:setup.py install is deprecated -W ignore:easy_install command is deprecated setup.py egg_info --egg-base ../../build/fizzbuzz build --build-base /home/pranav/ros2_ws/build/fizzbuzz/build install --record /home/pranav/ros2_ws/build/fizzbuzz/install.log --single-version-externally-managed install_data
