[0.074s] Invoking command in '/home/firefox/Ros_ws-BWSI/build/fizzbuzz_interfaces': CMAKE_PREFIX_PATH=${CMAKE_PREFIX_PATH}:/home/firefox/Ros_ws-BWSI/install/turtle_tag_game:/home/firefox/Ros_ws-BWSI/install/pet:/home/firefox/Ros_ws-BWSI/install/fizzbuzz:/home/firefox/Ros_ws-BWSI/install/drone:/home/firefox/camera_ws/install/uav:/opt/ros/jazzy DEBUGINFOD_URLS=https://debuginfod.ubuntu.com /usr/bin/cmake --build /home/firefox/Ros_ws-BWSI/build/fizzbuzz_interfaces -- -j4 -l4
[1.365s] [  2%] Built target fizzbuzz_interfaces__rosidl_generator_type_description
[1.365s] [  2%] Built target ament_cmake_python_copy_fizzbuzz_interfaces
[1.365s] [  5%] Built target fizzbuzz_interfaces__cpp
[1.366s] [ 20%] Built target fizzbuzz_interfaces__rosidl_generator_c
[1.366s] [ 29%] Built target fizzbuzz_interfaces__rosidl_typesupport_fastrtps_cpp
[1.366s] [ 38%] Built target fizzbuzz_interfaces__rosidl_typesupport_introspection_c
[1.366s] [ 47%] Built target fizzbuzz_interfaces__rosidl_typesupport_c
[1.366s] [ 55%] Built target fizzbuzz_interfaces__rosidl_typesupport_introspection_cpp
[1.366s] [ 64%] Built target fizzbuzz_interfaces__rosidl_typesupport_cpp
[1.366s] [ 73%] Built target fizzbuzz_interfaces__rosidl_typesupport_fastrtps_c
[1.366s] [ 73%] Built target fizzbuzz_interfaces
[1.367s] [ 76%] Built target fizzbuzz_interfaces__py
[1.367s] [ 82%] Built target fizzbuzz_interfaces__rosidl_generator_py
[1.367s] [ 88%] Built target fizzbuzz_interfaces_s__rosidl_typesupport_c
[1.367s] [ 94%] Built target fizzbuzz_interfaces_s__rosidl_typesupport_introspection_c
[1.367s] [100%] Built target fizzbuzz_interfaces_s__rosidl_typesupport_fastrtps_c
[1.367s] running egg_info
[1.367s] writing fizzbuzz_interfaces.egg-info/PKG-INFO
[1.367s] writing dependency_links to fizzbuzz_interfaces.egg-info/dependency_links.txt
[1.368s] writing top-level names to fizzbuzz_interfaces.egg-info/top_level.txt
[1.368s] reading manifest file 'fizzbuzz_interfaces.egg-info/SOURCES.txt'
[1.368s] writing manifest file 'fizzbuzz_interfaces.egg-info/SOURCES.txt'
[1.368s] [100%] Built target ament_cmake_python_build_fizzbuzz_interfaces_egg
[1.369s] Invoked command in '/home/firefox/Ros_ws-BWSI/build/fizzbuzz_interfaces' returned '0': CMAKE_PREFIX_PATH=${CMAKE_PREFIX_PATH}:/home/firefox/Ros_ws-BWSI/install/turtle_tag_game:/home/firefox/Ros_ws-BWSI/install/pet:/home/firefox/Ros_ws-BWSI/install/fizzbuzz:/home/firefox/Ros_ws-BWSI/install/drone:/home/firefox/camera_ws/install/uav:/opt/ros/jazzy DEBUGINFOD_URLS=https://debuginfod.ubuntu.com /usr/bin/cmake --build /home/firefox/Ros_ws-BWSI/build/fizzbuzz_interfaces -- -j4 -l4
[1.393s] Invoking command in '/home/firefox/Ros_ws-BWSI/build/fizzbuzz_interfaces': CMAKE_PREFIX_PATH=${CMAKE_PREFIX_PATH}:/home/firefox/Ros_ws-BWSI/install/turtle_tag_game:/home/firefox/Ros_ws-BWSI/install/pet:/home/firefox/Ros_ws-BWSI/install/fizzbuzz:/home/firefox/Ros_ws-BWSI/install/drone:/home/firefox/camera_ws/install/uav:/opt/ros/jazzy DEBUGINFOD_URLS=https://debuginfod.ubuntu.com /usr/bin/cmake --install /home/firefox/Ros_ws-BWSI/build/fizzbuzz_interfaces
[1.840s] -- Install configuration: ""
[1.840s] -- Up-to-date: /home/firefox/Ros_ws-BWSI/install/fizzbuzz_interfaces/share/ament_index/resource_index/rosidl_interfaces/fizzbuzz_interfaces
[1.840s] -- Up-to-date: /home/firefox/Ros_ws-BWSI/install/fizzbuzz_interfaces/share/fizzbuzz_interfaces/msg/FizzBuzz.json
[1.840s] -- Up-to-date: /home/firefox/Ros_ws-BWSI/install/fizzbuzz_interfaces/include/fizzbuzz_interfaces/fizzbuzz_interfaces
[1.840s] -- Up-to-date: /home/firefox/Ros_ws-BWSI/install/fizzbuzz_interfaces/include/fizzbuzz_interfaces/fizzbuzz_interfaces/msg
[1.840s] -- Up-to-date: /home/firefox/Ros_ws-BWSI/install/fizzbuzz_interfaces/include/fizzbuzz_interfaces/fizzbuzz_interfaces/msg/rosidl_generator_c__visibility_control.h
[1.841s] -- Up-to-date: /home/firefox/Ros_ws-BWSI/install/fizzbuzz_interfaces/include/fizzbuzz_interfaces/fizzbuzz_interfaces/msg/detail
[1.841s] -- Up-to-date: /home/firefox/Ros_ws-BWSI/install/fizzbuzz_interfaces/include/fizzbuzz_interfaces/fizzbuzz_interfaces/msg/detail/fizz_buzz__functions.h
[1.841s] -- Up-to-date: /home/firefox/Ros_ws-BWSI/install/fizzbuzz_interfaces/include/fizzbuzz_interfaces/fizzbuzz_interfaces/msg/detail/fizz_buzz__struct.h
[1.842s] -- Up-to-date: /home/firefox/Ros_ws-BWSI/install/fizzbuzz_interfaces/include/fizzbuzz_interfaces/fizzbuzz_interfaces/msg/detail/fizz_buzz__functions.c
[1.842s] -- Up-to-date: /home/firefox/Ros_ws-BWSI/install/fizzbuzz_interfaces/include/fizzbuzz_interfaces/fizzbuzz_interfaces/msg/detail/fizz_buzz__type_support.h
[1.842s] -- Up-to-date: /home/firefox/Ros_ws-BWSI/install/fizzbuzz_interfaces/include/fizzbuzz_interfaces/fizzbuzz_interfaces/msg/detail/fizz_buzz__description.c
[1.842s] -- Up-to-date: /home/firefox/Ros_ws-BWSI/install/fizzbuzz_interfaces/include/fizzbuzz_interfaces/fizzbuzz_interfaces/msg/detail/fizz_buzz__type_support.c
[1.842s] -- Up-to-date: /home/firefox/Ros_ws-BWSI/install/fizzbuzz_interfaces/include/fizzbuzz_interfaces/fizzbuzz_interfaces/msg/fizz_buzz.h
[1.842s] -- Up-to-date: /home/firefox/Ros_ws-BWSI/install/fizzbuzz_interfaces/share/fizzbuzz_interfaces/environment/library_path.sh
[1.842s] -- Up-to-date: /home/firefox/Ros_ws-BWSI/install/fizzbuzz_interfaces/share/fizzbuzz_interfaces/environment/library_path.dsv
[1.842s] -- Up-to-date: /home/firefox/Ros_ws-BWSI/install/fizzbuzz_interfaces/lib/libfizzbuzz_interfaces__rosidl_generator_c.so
[1.842s] -- Up-to-date: /home/firefox/Ros_ws-BWSI/install/fizzbuzz_interfaces/include/fizzbuzz_interfaces/fizzbuzz_interfaces
[1.842s] -- Up-to-date: /home/firefox/Ros_ws-BWSI/install/fizzbuzz_interfaces/include/fizzbuzz_interfaces/fizzbuzz_interfaces/msg
[1.843s] -- Up-to-date: /home/firefox/Ros_ws-BWSI/install/fizzbuzz_interfaces/include/fizzbuzz_interfaces/fizzbuzz_interfaces/msg/rosidl_typesupport_fastrtps_c__visibility_control.h
[1.843s] -- Up-to-date: /home/firefox/Ros_ws-BWSI/install/fizzbuzz_interfaces/include/fizzbuzz_interfaces/fizzbuzz_interfaces/msg/detail
[1.843s] -- Up-to-date: /home/firefox/Ros_ws-BWSI/install/fizzbuzz_interfaces/include/fizzbuzz_interfaces/fizzbuzz_interfaces/msg/detail/fizz_buzz__rosidl_typesupport_fastrtps_c.h
[1.843s] -- Up-to-date: /home/firefox/Ros_ws-BWSI/install/fizzbuzz_interfaces/lib/libfizzbuzz_interfaces__rosidl_typesupport_fastrtps_c.so
[1.843s] -- Up-to-date: /home/firefox/Ros_ws-BWSI/install/fizzbuzz_interfaces/include/fizzbuzz_interfaces/fizzbuzz_interfaces
[1.843s] -- Up-to-date: /home/firefox/Ros_ws-BWSI/install/fizzbuzz_interfaces/include/fizzbuzz_interfaces/fizzbuzz_interfaces/msg
[1.843s] -- Up-to-date: /home/firefox/Ros_ws-BWSI/install/fizzbuzz_interfaces/include/fizzbuzz_interfaces/fizzbuzz_interfaces/msg/fizz_buzz.hpp
[1.843s] -- Up-to-date: /home/firefox/Ros_ws-BWSI/install/fizzbuzz_interfaces/include/fizzbuzz_interfaces/fizzbuzz_interfaces/msg/detail
[1.843s] -- Up-to-date: /home/firefox/Ros_ws-BWSI/install/fizzbuzz_interfaces/include/fizzbuzz_interfaces/fizzbuzz_interfaces/msg/detail/fizz_buzz__builder.hpp
[1.843s] -- Up-to-date: /home/firefox/Ros_ws-BWSI/install/fizzbuzz_interfaces/include/fizzbuzz_interfaces/fizzbuzz_interfaces/msg/detail/fizz_buzz__type_support.hpp
[1.843s] -- Up-to-date: /home/firefox/Ros_ws-BWSI/install/fizzbuzz_interfaces/include/fizzbuzz_interfaces/fizzbuzz_interfaces/msg/detail/fizz_buzz__struct.hpp
[1.843s] -- Up-to-date: /home/firefox/Ros_ws-BWSI/install/fizzbuzz_interfaces/include/fizzbuzz_interfaces/fizzbuzz_interfaces/msg/detail/fizz_buzz__traits.hpp
[1.844s] -- Up-to-date: /home/firefox/Ros_ws-BWSI/install/fizzbuzz_interfaces/include/fizzbuzz_interfaces/fizzbuzz_interfaces/msg/rosidl_generator_cpp__visibility_control.hpp
[1.844s] -- Up-to-date: /home/firefox/Ros_ws-BWSI/install/fizzbuzz_interfaces/include/fizzbuzz_interfaces/fizzbuzz_interfaces
[1.844s] -- Up-to-date: /home/firefox/Ros_ws-BWSI/install/fizzbuzz_interfaces/include/fizzbuzz_interfaces/fizzbuzz_interfaces/msg
[1.844s] -- Up-to-date: /home/firefox/Ros_ws-BWSI/install/fizzbuzz_interfaces/include/fizzbuzz_interfaces/fizzbuzz_interfaces/msg/detail
[1.844s] -- Up-to-date: /home/firefox/Ros_ws-BWSI/install/fizzbuzz_interfaces/include/fizzbuzz_interfaces/fizzbuzz_interfaces/msg/detail/dds_fastrtps
[1.844s] -- Up-to-date: /home/firefox/Ros_ws-BWSI/install/fizzbuzz_interfaces/include/fizzbuzz_interfaces/fizzbuzz_interfaces/msg/detail/fizz_buzz__rosidl_typesupport_fastrtps_cpp.hpp
[1.844s] -- Up-to-date: /home/firefox/Ros_ws-BWSI/install/fizzbuzz_interfaces/include/fizzbuzz_interfaces/fizzbuzz_interfaces/msg/rosidl_typesupport_fastrtps_cpp__visibility_control.h
[1.844s] -- Up-to-date: /home/firefox/Ros_ws-BWSI/install/fizzbuzz_interfaces/lib/libfizzbuzz_interfaces__rosidl_typesupport_fastrtps_cpp.so
[1.844s] -- Up-to-date: /home/firefox/Ros_ws-BWSI/install/fizzbuzz_interfaces/include/fizzbuzz_interfaces/fizzbuzz_interfaces
[1.844s] -- Up-to-date: /home/firefox/Ros_ws-BWSI/install/fizzbuzz_interfaces/include/fizzbuzz_interfaces/fizzbuzz_interfaces/msg
[1.844s] -- Up-to-date: /home/firefox/Ros_ws-BWSI/install/fizzbuzz_interfaces/include/fizzbuzz_interfaces/fizzbuzz_interfaces/msg/detail
[1.844s] -- Up-to-date: /home/firefox/Ros_ws-BWSI/install/fizzbuzz_interfaces/include/fizzbuzz_interfaces/fizzbuzz_interfaces/msg/detail/fizz_buzz__rosidl_typesupport_introspection_c.h
[1.845s] -- Up-to-date: /home/firefox/Ros_ws-BWSI/install/fizzbuzz_interfaces/include/fizzbuzz_interfaces/fizzbuzz_interfaces/msg/detail/fizz_buzz__type_support.c
[1.845s] -- Up-to-date: /home/firefox/Ros_ws-BWSI/install/fizzbuzz_interfaces/include/fizzbuzz_interfaces/fizzbuzz_interfaces/msg/rosidl_typesupport_introspection_c__visibility_control.h
[1.845s] -- Up-to-date: /home/firefox/Ros_ws-BWSI/install/fizzbuzz_interfaces/lib/libfizzbuzz_interfaces__rosidl_typesupport_introspection_c.so
[1.845s] -- Up-to-date: /home/firefox/Ros_ws-BWSI/install/fizzbuzz_interfaces/lib/libfizzbuzz_interfaces__rosidl_typesupport_c.so
[1.845s] -- Up-to-date: /home/firefox/Ros_ws-BWSI/install/fizzbuzz_interfaces/include/fizzbuzz_interfaces/fizzbuzz_interfaces
[1.845s] -- Up-to-date: /home/firefox/Ros_ws-BWSI/install/fizzbuzz_interfaces/include/fizzbuzz_interfaces/fizzbuzz_interfaces/msg
[1.845s] -- Up-to-date: /home/firefox/Ros_ws-BWSI/install/fizzbuzz_interfaces/include/fizzbuzz_interfaces/fizzbuzz_interfaces/msg/detail
[1.845s] -- Up-to-date: /home/firefox/Ros_ws-BWSI/install/fizzbuzz_interfaces/include/fizzbuzz_interfaces/fizzbuzz_interfaces/msg/detail/fizz_buzz__rosidl_typesupport_introspection_cpp.hpp
[1.845s] -- Up-to-date: /home/firefox/Ros_ws-BWSI/install/fizzbuzz_interfaces/include/fizzbuzz_interfaces/fizzbuzz_interfaces/msg/detail/fizz_buzz__type_support.cpp
[1.846s] -- Up-to-date: /home/firefox/Ros_ws-BWSI/install/fizzbuzz_interfaces/lib/libfizzbuzz_interfaces__rosidl_typesupport_introspection_cpp.so
[1.846s] -- Up-to-date: /home/firefox/Ros_ws-BWSI/install/fizzbuzz_interfaces/lib/libfizzbuzz_interfaces__rosidl_typesupport_cpp.so
[1.846s] -- Up-to-date: /home/firefox/Ros_ws-BWSI/install/fizzbuzz_interfaces/share/fizzbuzz_interfaces/environment/pythonpath.sh
[1.846s] -- Up-to-date: /home/firefox/Ros_ws-BWSI/install/fizzbuzz_interfaces/share/fizzbuzz_interfaces/environment/pythonpath.dsv
[1.846s] -- Up-to-date: /home/firefox/Ros_ws-BWSI/install/fizzbuzz_interfaces/lib/python3.12/site-packages/fizzbuzz_interfaces-0.0.0-py3.12.egg-info
[1.847s] -- Installing: /home/firefox/Ros_ws-BWSI/install/fizzbuzz_interfaces/lib/python3.12/site-packages/fizzbuzz_interfaces-0.0.0-py3.12.egg-info/dependency_links.txt
[1.847s] -- Installing: /home/firefox/Ros_ws-BWSI/install/fizzbuzz_interfaces/lib/python3.12/site-packages/fizzbuzz_interfaces-0.0.0-py3.12.egg-info/PKG-INFO
[1.847s] -- Installing: /home/firefox/Ros_ws-BWSI/install/fizzbuzz_interfaces/lib/python3.12/site-packages/fizzbuzz_interfaces-0.0.0-py3.12.egg-info/top_level.txt
[1.847s] -- Installing: /home/firefox/Ros_ws-BWSI/install/fizzbuzz_interfaces/lib/python3.12/site-packages/fizzbuzz_interfaces-0.0.0-py3.12.egg-info/SOURCES.txt
[1.847s] -- Up-to-date: /home/firefox/Ros_ws-BWSI/install/fizzbuzz_interfaces/lib/python3.12/site-packages/fizzbuzz_interfaces
[1.847s] -- Up-to-date: /home/firefox/Ros_ws-BWSI/install/fizzbuzz_interfaces/lib/python3.12/site-packages/fizzbuzz_interfaces/fizzbuzz_interfaces_s__rosidl_typesupport_introspection_c.so
[1.848s] -- Up-to-date: /home/firefox/Ros_ws-BWSI/install/fizzbuzz_interfaces/lib/python3.12/site-packages/fizzbuzz_interfaces/fizzbuzz_interfaces_s__rosidl_typesupport_c.so
[1.848s] -- Up-to-date: /home/firefox/Ros_ws-BWSI/install/fizzbuzz_interfaces/lib/python3.12/site-packages/fizzbuzz_interfaces/fizzbuzz_interfaces_s__rosidl_typesupport_fastrtps_c.so
[1.848s] -- Up-to-date: /home/firefox/Ros_ws-BWSI/install/fizzbuzz_interfaces/lib/python3.12/site-packages/fizzbuzz_interfaces/__init__.py
[1.848s] -- Up-to-date: /home/firefox/Ros_ws-BWSI/install/fizzbuzz_interfaces/lib/python3.12/site-packages/fizzbuzz_interfaces/_fizzbuzz_interfaces_s.ep.rosidl_typesupport_introspection_c.c
[1.848s] -- Up-to-date: /home/firefox/Ros_ws-BWSI/install/fizzbuzz_interfaces/lib/python3.12/site-packages/fizzbuzz_interfaces/msg
[1.848s] -- Up-to-date: /home/firefox/Ros_ws-BWSI/install/fizzbuzz_interfaces/lib/python3.12/site-packages/fizzbuzz_interfaces/msg/_fizz_buzz_s.c
[1.848s] -- Up-to-date: /home/firefox/Ros_ws-BWSI/install/fizzbuzz_interfaces/lib/python3.12/site-packages/fizzbuzz_interfaces/msg/__init__.py
[1.848s] -- Up-to-date: /home/firefox/Ros_ws-BWSI/install/fizzbuzz_interfaces/lib/python3.12/site-packages/fizzbuzz_interfaces/msg/_fizz_buzz.py
[1.849s] -- Up-to-date: /home/firefox/Ros_ws-BWSI/install/fizzbuzz_interfaces/lib/python3.12/site-packages/fizzbuzz_interfaces/_fizzbuzz_interfaces_s.ep.rosidl_typesupport_fastrtps_c.c
[1.849s] -- Up-to-date: /home/firefox/Ros_ws-BWSI/install/fizzbuzz_interfaces/lib/python3.12/site-packages/fizzbuzz_interfaces/_fizzbuzz_interfaces_s.ep.rosidl_typesupport_c.c
[1.849s] Listing '/home/firefox/Ros_ws-BWSI/install/fizzbuzz_interfaces/lib/python3.12/site-packages/fizzbuzz_interfaces'...
[1.849s] Listing '/home/firefox/Ros_ws-BWSI/install/fizzbuzz_interfaces/lib/python3.12/site-packages/fizzbuzz_interfaces/msg'...
[1.849s] -- Up-to-date: /home/firefox/Ros_ws-BWSI/install/fizzbuzz_interfaces/lib/python3.12/site-packages/fizzbuzz_interfaces/fizzbuzz_interfaces_s__rosidl_typesupport_fastrtps_c.so
[1.849s] -- Up-to-date: /home/firefox/Ros_ws-BWSI/install/fizzbuzz_interfaces/lib/python3.12/site-packages/fizzbuzz_interfaces/fizzbuzz_interfaces_s__rosidl_typesupport_introspection_c.so
[1.849s] -- Up-to-date: /home/firefox/Ros_ws-BWSI/install/fizzbuzz_interfaces/lib/python3.12/site-packages/fizzbuzz_interfaces/fizzbuzz_interfaces_s__rosidl_typesupport_c.so
[1.850s] -- Up-to-date: /home/firefox/Ros_ws-BWSI/install/fizzbuzz_interfaces/lib/libfizzbuzz_interfaces__rosidl_generator_py.so
[1.850s] -- Up-to-date: /home/firefox/Ros_ws-BWSI/install/fizzbuzz_interfaces/share/fizzbuzz_interfaces/msg/FizzBuzz.idl
[1.850s] -- Up-to-date: /home/firefox/Ros_ws-BWSI/install/fizzbuzz_interfaces/share/fizzbuzz_interfaces/msg/FizzBuzz.msg
[1.850s] -- Up-to-date: /home/firefox/Ros_ws-BWSI/install/fizzbuzz_interfaces/share/ament_index/resource_index/package_run_dependencies/fizzbuzz_interfaces
[1.850s] -- Up-to-date: /home/firefox/Ros_ws-BWSI/install/fizzbuzz_interfaces/share/ament_index/resource_index/parent_prefix_path/fizzbuzz_interfaces
[1.851s] -- Up-to-date: /home/firefox/Ros_ws-BWSI/install/fizzbuzz_interfaces/share/fizzbuzz_interfaces/environment/ament_prefix_path.sh
[1.851s] -- Up-to-date: /home/firefox/Ros_ws-BWSI/install/fizzbuzz_interfaces/share/fizzbuzz_interfaces/environment/ament_prefix_path.dsv
[1.851s] -- Up-to-date: /home/firefox/Ros_ws-BWSI/install/fizzbuzz_interfaces/share/fizzbuzz_interfaces/environment/path.sh
[1.851s] -- Up-to-date: /home/firefox/Ros_ws-BWSI/install/fizzbuzz_interfaces/share/fizzbuzz_interfaces/environment/path.dsv
[1.851s] -- Up-to-date: /home/firefox/Ros_ws-BWSI/install/fizzbuzz_interfaces/share/fizzbuzz_interfaces/local_setup.bash
[1.851s] -- Up-to-date: /home/firefox/Ros_ws-BWSI/install/fizzbuzz_interfaces/share/fizzbuzz_interfaces/local_setup.sh
[1.851s] -- Up-to-date: /home/firefox/Ros_ws-BWSI/install/fizzbuzz_interfaces/share/fizzbuzz_interfaces/local_setup.zsh
[1.851s] -- Up-to-date: /home/firefox/Ros_ws-BWSI/install/fizzbuzz_interfaces/share/fizzbuzz_interfaces/local_setup.dsv
[1.852s] -- Installing: /home/firefox/Ros_ws-BWSI/install/fizzbuzz_interfaces/share/fizzbuzz_interfaces/package.dsv
[1.853s] -- Up-to-date: /home/firefox/Ros_ws-BWSI/install/fizzbuzz_interfaces/share/ament_index/resource_index/packages/fizzbuzz_interfaces
[1.853s] -- Up-to-date: /home/firefox/Ros_ws-BWSI/install/fizzbuzz_interfaces/share/fizzbuzz_interfaces/cmake/export_fizzbuzz_interfaces__rosidl_generator_cExport.cmake
[1.853s] -- Up-to-date: /home/firefox/Ros_ws-BWSI/install/fizzbuzz_interfaces/share/fizzbuzz_interfaces/cmake/export_fizzbuzz_interfaces__rosidl_generator_cExport-noconfig.cmake
[1.853s] -- Up-to-date: /home/firefox/Ros_ws-BWSI/install/fizzbuzz_interfaces/share/fizzbuzz_interfaces/cmake/export_fizzbuzz_interfaces__rosidl_typesupport_fastrtps_cExport.cmake
[1.853s] -- Up-to-date: /home/firefox/Ros_ws-BWSI/install/fizzbuzz_interfaces/share/fizzbuzz_interfaces/cmake/export_fizzbuzz_interfaces__rosidl_typesupport_fastrtps_cExport-noconfig.cmake
[1.853s] -- Up-to-date: /home/firefox/Ros_ws-BWSI/install/fizzbuzz_interfaces/share/fizzbuzz_interfaces/cmake/export_fizzbuzz_interfaces__rosidl_generator_cppExport.cmake
[1.854s] -- Up-to-date: /home/firefox/Ros_ws-BWSI/install/fizzbuzz_interfaces/share/fizzbuzz_interfaces/cmake/export_fizzbuzz_interfaces__rosidl_typesupport_fastrtps_cppExport.cmake
[1.854s] -- Up-to-date: /home/firefox/Ros_ws-BWSI/install/fizzbuzz_interfaces/share/fizzbuzz_interfaces/cmake/export_fizzbuzz_interfaces__rosidl_typesupport_fastrtps_cppExport-noconfig.cmake
[1.854s] -- Up-to-date: /home/firefox/Ros_ws-BWSI/install/fizzbuzz_interfaces/share/fizzbuzz_interfaces/cmake/fizzbuzz_interfaces__rosidl_typesupport_introspection_cExport.cmake
[1.854s] -- Up-to-date: /home/firefox/Ros_ws-BWSI/install/fizzbuzz_interfaces/share/fizzbuzz_interfaces/cmake/fizzbuzz_interfaces__rosidl_typesupport_introspection_cExport-noconfig.cmake
[1.854s] -- Up-to-date: /home/firefox/Ros_ws-BWSI/install/fizzbuzz_interfaces/share/fizzbuzz_interfaces/cmake/fizzbuzz_interfaces__rosidl_typesupport_cExport.cmake
[1.854s] -- Up-to-date: /home/firefox/Ros_ws-BWSI/install/fizzbuzz_interfaces/share/fizzbuzz_interfaces/cmake/fizzbuzz_interfaces__rosidl_typesupport_cExport-noconfig.cmake
[1.854s] -- Up-to-date: /home/firefox/Ros_ws-BWSI/install/fizzbuzz_interfaces/share/fizzbuzz_interfaces/cmake/fizzbuzz_interfaces__rosidl_typesupport_introspection_cppExport.cmake
[1.854s] -- Up-to-date: /home/firefox/Ros_ws-BWSI/install/fizzbuzz_interfaces/share/fizzbuzz_interfaces/cmake/fizzbuzz_interfaces__rosidl_typesupport_introspection_cppExport-noconfig.cmake
[1.854s] -- Up-to-date: /home/firefox/Ros_ws-BWSI/install/fizzbuzz_interfaces/share/fizzbuzz_interfaces/cmake/fizzbuzz_interfaces__rosidl_typesupport_cppExport.cmake
[1.854s] -- Up-to-date: /home/firefox/Ros_ws-BWSI/install/fizzbuzz_interfaces/share/fizzbuzz_interfaces/cmake/fizzbuzz_interfaces__rosidl_typesupport_cppExport-noconfig.cmake
[1.854s] -- Up-to-date: /home/firefox/Ros_ws-BWSI/install/fizzbuzz_interfaces/share/fizzbuzz_interfaces/cmake/export_fizzbuzz_interfaces__rosidl_generator_pyExport.cmake
[1.855s] -- Up-to-date: /home/firefox/Ros_ws-BWSI/install/fizzbuzz_interfaces/share/fizzbuzz_interfaces/cmake/export_fizzbuzz_interfaces__rosidl_generator_pyExport-noconfig.cmake
[1.855s] -- Up-to-date: /home/firefox/Ros_ws-BWSI/install/fizzbuzz_interfaces/share/fizzbuzz_interfaces/cmake/rosidl_cmake-extras.cmake
[1.855s] -- Up-to-date: /home/firefox/Ros_ws-BWSI/install/fizzbuzz_interfaces/share/fizzbuzz_interfaces/cmake/ament_cmake_export_dependencies-extras.cmake
[1.855s] -- Up-to-date: /home/firefox/Ros_ws-BWSI/install/fizzbuzz_interfaces/share/fizzbuzz_interfaces/cmake/ament_cmake_export_include_directories-extras.cmake
[1.855s] -- Up-to-date: /home/firefox/Ros_ws-BWSI/install/fizzbuzz_interfaces/share/fizzbuzz_interfaces/cmake/ament_cmake_export_libraries-extras.cmake
[1.855s] -- Up-to-date: /home/firefox/Ros_ws-BWSI/install/fizzbuzz_interfaces/share/fizzbuzz_interfaces/cmake/ament_cmake_export_targets-extras.cmake
[1.858s] -- Up-to-date: /home/firefox/Ros_ws-BWSI/install/fizzbuzz_interfaces/share/fizzbuzz_interfaces/cmake/rosidl_cmake_export_typesupport_targets-extras.cmake
[1.858s] -- Up-to-date: /home/firefox/Ros_ws-BWSI/install/fizzbuzz_interfaces/share/fizzbuzz_interfaces/cmake/rosidl_cmake_export_typesupport_libraries-extras.cmake
[1.858s] -- Up-to-date: /home/firefox/Ros_ws-BWSI/install/fizzbuzz_interfaces/share/fizzbuzz_interfaces/cmake/fizzbuzz_interfacesConfig.cmake
[1.858s] -- Up-to-date: /home/firefox/Ros_ws-BWSI/install/fizzbuzz_interfaces/share/fizzbuzz_interfaces/cmake/fizzbuzz_interfacesConfig-version.cmake
[1.858s] -- Up-to-date: /home/firefox/Ros_ws-BWSI/install/fizzbuzz_interfaces/share/fizzbuzz_interfaces/package.xml
[1.863s] Invoked command in '/home/firefox/Ros_ws-BWSI/build/fizzbuzz_interfaces' returned '0': CMAKE_PREFIX_PATH=${CMAKE_PREFIX_PATH}:/home/firefox/Ros_ws-BWSI/install/turtle_tag_game:/home/firefox/Ros_ws-BWSI/install/pet:/home/firefox/Ros_ws-BWSI/install/fizzbuzz:/home/firefox/Ros_ws-BWSI/install/drone:/home/firefox/camera_ws/install/uav:/opt/ros/jazzy DEBUGINFOD_URLS=https://debuginfod.ubuntu.com /usr/bin/cmake --install /home/firefox/Ros_ws-BWSI/build/fizzbuzz_interfaces
