[1.113s] Invoking command in '/home/pranav/ros2_ws/src/webcam': CONDA_PROMPT_MODIFIER=(base) DEBUGINFOD_URLS=https://debuginfod.ubuntu.com PYTHONPATH=/home/pranav/ros2_ws/build/webcam/prefix_override:/usr/lib/python3/dist-packages/colcon_core/task/python/colcon_distutils_commands:/home/pranav/ros2_ws/install/webcam/lib/python3.12/site-packages:${PYTHONPATH} /usr/bin/python3 -W ignore:setup.py install is deprecated -W ignore:easy_install command is deprecated setup.py egg_info --egg-base ../../build/webcam build --build-base /home/pranav/ros2_ws/build/webcam/build install --record /home/pranav/ros2_ws/build/webcam/install.log --single-version-externally-managed install_data
[1.480s] running egg_info
[1.526s] writing ../../build/webcam/webcam.egg-info/PKG-INFO
[1.527s] writing dependency_links to ../../build/webcam/webcam.egg-info/dependency_links.txt
[1.527s] writing entry points to ../../build/webcam/webcam.egg-info/entry_points.txt
[1.527s] writing requirements to ../../build/webcam/webcam.egg-info/requires.txt
[1.532s] writing top-level names to ../../build/webcam/webcam.egg-info/top_level.txt
[1.592s] reading manifest file '../../build/webcam/webcam.egg-info/SOURCES.txt'
[1.593s] writing manifest file '../../build/webcam/webcam.egg-info/SOURCES.txt'
[1.594s] running build
[1.594s] running build_py
[1.595s] running install
[1.601s] running install_lib
[1.618s] running install_data
[1.619s] copying package.xml -> /home/pranav/ros2_ws/install/webcam/share/webcam
[1.626s] running install_egg_info
[1.646s] removing '/home/pranav/ros2_ws/install/webcam/lib/python3.12/site-packages/webcam-0.0.0-py3.12.egg-info' (and everything under it)
[1.649s] Copying ../../build/webcam/webcam.egg-info to /home/pranav/ros2_ws/install/webcam/lib/python3.12/site-packages/webcam-0.0.0-py3.12.egg-info
[1.649s] running install_scripts
[1.786s] Installing webcam_node script to /home/pranav/ros2_ws/install/webcam/lib/webcam
[1.786s] writing list of installed files to '/home/pranav/ros2_ws/build/webcam/install.log'
[1.833s] Invoked command in '/home/pranav/ros2_ws/src/webcam' returned '0': CONDA_PROMPT_MODIFIER=(base) DEBUGINFOD_URLS=https://debuginfod.ubuntu.com PYTHONPATH=/home/pranav/ros2_ws/build/webcam/prefix_override:/usr/lib/python3/dist-packages/colcon_core/task/python/colcon_distutils_commands:/home/pranav/ros2_ws/install/webcam/lib/python3.12/site-packages:${PYTHONPATH} /usr/bin/python3 -W ignore:setup.py install is deprecated -W ignore:easy_install command is deprecated setup.py egg_info --egg-base ../../build/webcam build --build-base /home/pranav/ros2_ws/build/webcam/build install --record /home/pranav/ros2_ws/build/webcam/install.log --single-version-externally-managed install_data
