[1.058s] Invoking command in '/home/pranav/ros2_ws/src/drone': CONDA_PROMPT_MODIFIER=(base) DEBUGINFOD_URLS=https://debuginfod.ubuntu.com PYTHONPATH=/home/pranav/ros2_ws/build/drone/prefix_override:/usr/lib/python3/dist-packages/colcon_core/task/python/colcon_distutils_commands:/home/pranav/ros2_ws/install/drone/lib/python3.12/site-packages:${PYTHONPATH} /usr/bin/python3 -W ignore:setup.py install is deprecated -W ignore:easy_install command is deprecated setup.py egg_info --egg-base ../../build/drone build --build-base /home/pranav/ros2_ws/build/drone/build install --record /home/pranav/ros2_ws/build/drone/install.log --single-version-externally-managed install_data
[1.319s] running egg_info
[1.331s] writing ../../build/drone/drone.egg-info/PKG-INFO
[1.331s] writing dependency_links to ../../build/drone/drone.egg-info/dependency_links.txt
[1.331s] writing entry points to ../../build/drone/drone.egg-info/entry_points.txt
[1.331s] writing requirements to ../../build/drone/drone.egg-info/requires.txt
[1.333s] writing top-level names to ../../build/drone/drone.egg-info/top_level.txt
[1.366s] reading manifest file '../../build/drone/drone.egg-info/SOURCES.txt'
[1.366s] writing manifest file '../../build/drone/drone.egg-info/SOURCES.txt'
[1.367s] running build
[1.367s] running build_py
[1.368s] copying drone/AprilTags.py -> /home/pranav/ros2_ws/build/drone/build/lib/drone
[1.368s] running install
[1.372s] running install_lib
[1.384s] copying /home/pranav/ros2_ws/build/drone/build/lib/drone/AprilTags.py -> /home/pranav/ros2_ws/install/drone/lib/python3.12/site-packages/drone
[1.384s] byte-compiling /home/pranav/ros2_ws/install/drone/lib/python3.12/site-packages/drone/AprilTags.py to AprilTags.cpython-312.pyc
[1.385s] running install_data
[1.387s] running install_egg_info
[1.405s] removing '/home/pranav/ros2_ws/install/drone/lib/python3.12/site-packages/drone-0.0.0-py3.12.egg-info' (and everything under it)
[1.407s] Copying ../../build/drone/drone.egg-info to /home/pranav/ros2_ws/install/drone/lib/python3.12/site-packages/drone-0.0.0-py3.12.egg-info
[1.410s] running install_scripts
[1.550s] Installing apriltags script to /home/pranav/ros2_ws/install/drone/lib/drone
[1.550s] Installing pathfinder script to /home/pranav/ros2_ws/install/drone/lib/drone
[1.550s] writing list of installed files to '/home/pranav/ros2_ws/build/drone/install.log'
[1.572s] Invoked command in '/home/pranav/ros2_ws/src/drone' returned '0': CONDA_PROMPT_MODIFIER=(base) DEBUGINFOD_URLS=https://debuginfod.ubuntu.com PYTHONPATH=/home/pranav/ros2_ws/build/drone/prefix_override:/usr/lib/python3/dist-packages/colcon_core/task/python/colcon_distutils_commands:/home/pranav/ros2_ws/install/drone/lib/python3.12/site-packages:${PYTHONPATH} /usr/bin/python3 -W ignore:setup.py install is deprecated -W ignore:easy_install command is deprecated setup.py egg_info --egg-base ../../build/drone build --build-base /home/pranav/ros2_ws/build/drone/build install --record /home/pranav/ros2_ws/build/drone/install.log --single-version-externally-managed install_data
