[1.072s] Invoking command in '/home/pranav/ros2_ws/build/turtle_tag_game': CONDA_PROMPT_MODIFIER=(base) DEBUGINFOD_URLS=https://debuginfod.ubuntu.com PYTHONPATH=/home/pranav/ros2_ws/build/turtle_tag_game/prefix_override:/usr/lib/python3/dist-packages/colcon_core/task/python/colcon_distutils_commands:/home/pranav/ros2_ws/install/turtle_tag_game/lib/python3.12/site-packages:${PYTHONPATH} VIRTUAL_ENV_PROMPT=(ros2_py312_env) /usr/bin/python3 -W ignore:setup.py install is deprecated -W ignore:easy_install command is deprecated setup.py develop --editable --build-directory /home/pranav/ros2_ws/build/turtle_tag_game/build --no-deps symlink_data
[1.583s] running develop
[1.836s] running egg_info
[1.836s] creating turtle_tag_game.egg-info
[1.865s] writing turtle_tag_game.egg-info/PKG-INFO
[1.875s] writing dependency_links to turtle_tag_game.egg-info/dependency_links.txt
[1.875s] writing requirements to turtle_tag_game.egg-info/requires.txt
[1.875s] writing top-level names to turtle_tag_game.egg-info/top_level.txt
[1.875s] writing manifest file 'turtle_tag_game.egg-info/SOURCES.txt'
[2.007s] reading manifest file 'turtle_tag_game.egg-info/SOURCES.txt'
[2.008s] writing manifest file 'turtle_tag_game.egg-info/SOURCES.txt'
[2.088s] running build_ext
[2.091s] Creating /home/pranav/ros2_ws/install/turtle_tag_game/lib/python3.12/site-packages/turtle-tag-game.egg-link (link to .)
[2.092s] 
[2.092s] Installed /home/pranav/ros2_ws/build/turtle_tag_game
[2.092s] running symlink_data
[2.092s] creating /home/pranav/ros2_ws/install/turtle_tag_game/share/ament_index
[2.092s] creating /home/pranav/ros2_ws/install/turtle_tag_game/share/ament_index/resource_index
[2.092s] creating /home/pranav/ros2_ws/install/turtle_tag_game/share/ament_index/resource_index/packages
[2.092s] symbolically linking /home/pranav/ros2_ws/build/turtle_tag_game/resource/turtle_tag_game -> /home/pranav/ros2_ws/install/turtle_tag_game/share/ament_index/resource_index/packages
[2.092s] symbolically linking /home/pranav/ros2_ws/build/turtle_tag_game/package.xml -> /home/pranav/ros2_ws/install/turtle_tag_game/share/turtle_tag_game
[2.259s] Invoked command in '/home/pranav/ros2_ws/build/turtle_tag_game' returned '0': CONDA_PROMPT_MODIFIER=(base) DEBUGINFOD_URLS=https://debuginfod.ubuntu.com PYTHONPATH=/home/pranav/ros2_ws/build/turtle_tag_game/prefix_override:/usr/lib/python3/dist-packages/colcon_core/task/python/colcon_distutils_commands:/home/pranav/ros2_ws/install/turtle_tag_game/lib/python3.12/site-packages:${PYTHONPATH} VIRTUAL_ENV_PROMPT=(ros2_py312_env) /usr/bin/python3 -W ignore:setup.py install is deprecated -W ignore:easy_install command is deprecated setup.py develop --editable --build-directory /home/pranav/ros2_ws/build/turtle_tag_game/build --no-deps symlink_data
