[0.604s] Invoking command in '/home/pranav/ros2_ws/src/webcam': CONDA_PROMPT_MODIFIER=(base) DEBUGINFOD_URLS=https://debuginfod.ubuntu.com PYTHONPATH=/home/pranav/ros2_ws/build/webcam/prefix_override:/usr/lib/python3/dist-packages/colcon_core/task/python/colcon_distutils_commands:/home/pranav/ros2_ws/install/webcam/lib/python3.12/site-packages:${PYTHONPATH} /usr/bin/python3 -W ignore:setup.py install is deprecated -W ignore:easy_install command is deprecated setup.py egg_info --egg-base ../../build/webcam build --build-base /home/pranav/ros2_ws/build/webcam/build install --record /home/pranav/ros2_ws/build/webcam/install.log --single-version-externally-managed install_data
[0.751s] running egg_info
[0.760s] writing ../../build/webcam/webcam.egg-info/PKG-INFO
[0.760s] writing dependency_links to ../../build/webcam/webcam.egg-info/dependency_links.txt
[0.760s] writing entry points to ../../build/webcam/webcam.egg-info/entry_points.txt
[0.761s] writing requirements to ../../build/webcam/webcam.egg-info/requires.txt
[0.761s] writing top-level names to ../../build/webcam/webcam.egg-info/top_level.txt
[0.783s] reading manifest file '../../build/webcam/webcam.egg-info/SOURCES.txt'
[0.785s] writing manifest file '../../build/webcam/webcam.egg-info/SOURCES.txt'
[0.785s] running build
[0.785s] running build_py
[0.785s] running install
[0.791s] running install_lib
[0.819s] running install_data
[0.819s] running install_egg_info
[0.855s] removing '/home/pranav/ros2_ws/install/webcam/lib/python3.12/site-packages/webcam-0.0.0-py3.12.egg-info' (and everything under it)
[0.861s] Copying ../../build/webcam/webcam.egg-info to /home/pranav/ros2_ws/install/webcam/lib/python3.12/site-packages/webcam-0.0.0-py3.12.egg-info
[0.861s] running install_scripts
[0.956s] Installing webcam_node script to /home/pranav/ros2_ws/install/webcam/lib/webcam
[0.958s] writing list of installed files to '/home/pranav/ros2_ws/build/webcam/install.log'
[0.999s] Invoked command in '/home/pranav/ros2_ws/src/webcam' returned '0': CONDA_PROMPT_MODIFIER=(base) DEBUGINFOD_URLS=https://debuginfod.ubuntu.com PYTHONPATH=/home/pranav/ros2_ws/build/webcam/prefix_override:/usr/lib/python3/dist-packages/colcon_core/task/python/colcon_distutils_commands:/home/pranav/ros2_ws/install/webcam/lib/python3.12/site-packages:${PYTHONPATH} /usr/bin/python3 -W ignore:setup.py install is deprecated -W ignore:easy_install command is deprecated setup.py egg_info --egg-base ../../build/webcam build --build-base /home/pranav/ros2_ws/build/webcam/build install --record /home/pranav/ros2_ws/build/webcam/install.log --single-version-externally-managed install_data
