[0.016s] Invoking command in '/home/pranav/ros2_ws/build/fizzbuzz_interfaces': CMAKE_PREFIX_PATH=${CMAKE_PREFIX_PATH}:/home/pranav/ros2_ws/install/webcam:/home/pranav/ros2_ws/install/turtle_tag_game:/home/pranav/ros2_ws/install/pet:/home/pranav/ros2_ws/install/fizzbuzz:/home/pranav/ros2_ws/install/drone:/opt/ros/jazzy CONDA_PROMPT_MODIFIER=(base) DEBUGINFOD_URLS=https://debuginfod.ubuntu.com /usr/bin/cmake --build /home/pranav/ros2_ws/build/fizzbuzz_interfaces -- -j4 -l4
[0.347s] [  2%] Built target fizzbuzz_interfaces__rosidl_generator_type_description
[0.347s] [  2%] Built target ament_cmake_python_copy_fizzbuzz_interfaces
[0.347s] [  5%] Built target fizzbuzz_interfaces__cpp
[0.347s] running egg_info
[0.347s] writing fizzbuzz_interfaces.egg-info/PKG-INFO
[0.348s] writing dependency_links to fizzbuzz_interfaces.egg-info/dependency_links.txt
[0.348s] writing top-level names to fizzbuzz_interfaces.egg-info/top_level.txt
[0.348s] reading manifest file 'fizzbuzz_interfaces.egg-info/SOURCES.txt'
[0.348s] writing manifest file 'fizzbuzz_interfaces.egg-info/SOURCES.txt'
[0.348s] [  5%] Built target ament_cmake_python_build_fizzbuzz_interfaces_egg
[0.348s] [ 20%] Built target fizzbuzz_interfaces__rosidl_generator_c
[0.365s] [ 29%] Built target fizzbuzz_interfaces__rosidl_typesupport_introspection_c
[0.379s] [ 38%] Built target fizzbuzz_interfaces__rosidl_typesupport_cpp
[0.393s] [ 47%] Built target fizzbuzz_interfaces__rosidl_typesupport_fastrtps_c
[0.407s] [ 55%] Built target fizzbuzz_interfaces__rosidl_typesupport_fastrtps_cpp
[0.422s] [ 64%] Built target fizzbuzz_interfaces__rosidl_typesupport_introspection_cpp
[0.432s] [ 73%] Built target fizzbuzz_interfaces__rosidl_typesupport_c
[0.447s] [ 73%] Built target fizzbuzz_interfaces
[0.470s] [ 76%] Built target fizzbuzz_interfaces__py
[0.486s] [ 82%] Built target fizzbuzz_interfaces__rosidl_generator_py
[0.504s] [ 88%] Built target fizzbuzz_interfaces_s__rosidl_typesupport_fastrtps_c
[0.542s] [ 94%] Built target fizzbuzz_interfaces_s__rosidl_typesupport_c
[0.559s] [100%] Built target fizzbuzz_interfaces_s__rosidl_typesupport_introspection_c
[0.567s] Invoked command in '/home/pranav/ros2_ws/build/fizzbuzz_interfaces' returned '0': CMAKE_PREFIX_PATH=${CMAKE_PREFIX_PATH}:/home/pranav/ros2_ws/install/webcam:/home/pranav/ros2_ws/install/turtle_tag_game:/home/pranav/ros2_ws/install/pet:/home/pranav/ros2_ws/install/fizzbuzz:/home/pranav/ros2_ws/install/drone:/opt/ros/jazzy CONDA_PROMPT_MODIFIER=(base) DEBUGINFOD_URLS=https://debuginfod.ubuntu.com /usr/bin/cmake --build /home/pranav/ros2_ws/build/fizzbuzz_interfaces -- -j4 -l4
[0.574s] Invoking command in '/home/pranav/ros2_ws/build/fizzbuzz_interfaces': CMAKE_PREFIX_PATH=${CMAKE_PREFIX_PATH}:/home/pranav/ros2_ws/install/webcam:/home/pranav/ros2_ws/install/turtle_tag_game:/home/pranav/ros2_ws/install/pet:/home/pranav/ros2_ws/install/fizzbuzz:/home/pranav/ros2_ws/install/drone:/opt/ros/jazzy CONDA_PROMPT_MODIFIER=(base) DEBUGINFOD_URLS=https://debuginfod.ubuntu.com /usr/bin/cmake --install /home/pranav/ros2_ws/build/fizzbuzz_interfaces
[0.590s] -- Install configuration: ""
[0.594s] -- Up-to-date: /home/pranav/ros2_ws/install/fizzbuzz_interfaces/include/fizzbuzz_interfaces/fizzbuzz_interfaces
[0.594s] -- Up-to-date: /home/pranav/ros2_ws/install/fizzbuzz_interfaces/include/fizzbuzz_interfaces/fizzbuzz_interfaces/msg
[0.594s] -- Up-to-date: /home/pranav/ros2_ws/install/fizzbuzz_interfaces/include/fizzbuzz_interfaces/fizzbuzz_interfaces/msg/detail
[0.594s] -- Up-to-date: /home/pranav/ros2_ws/install/fizzbuzz_interfaces/include/fizzbuzz_interfaces/fizzbuzz_interfaces/msg/detail/fizz_buzz__type_support.c
[0.594s] -- Up-to-date: /home/pranav/ros2_ws/install/fizzbuzz_interfaces/include/fizzbuzz_interfaces/fizzbuzz_interfaces/msg/detail/fizz_buzz__functions.c
[0.594s] -- Up-to-date: /home/pranav/ros2_ws/install/fizzbuzz_interfaces/include/fizzbuzz_interfaces/fizzbuzz_interfaces/msg/detail/fizz_buzz__description.c
[0.594s] -- Up-to-date: /home/pranav/ros2_ws/install/fizzbuzz_interfaces/lib/libfizzbuzz_interfaces__rosidl_generator_c.so
[0.594s] -- Up-to-date: /home/pranav/ros2_ws/install/fizzbuzz_interfaces/include/fizzbuzz_interfaces/fizzbuzz_interfaces
[0.594s] -- Up-to-date: /home/pranav/ros2_ws/install/fizzbuzz_interfaces/include/fizzbuzz_interfaces/fizzbuzz_interfaces/msg
[0.594s] -- Up-to-date: /home/pranav/ros2_ws/install/fizzbuzz_interfaces/include/fizzbuzz_interfaces/fizzbuzz_interfaces/msg/detail
[0.594s] -- Up-to-date: /home/pranav/ros2_ws/install/fizzbuzz_interfaces/lib/libfizzbuzz_interfaces__rosidl_typesupport_fastrtps_c.so
[0.594s] -- Up-to-date: /home/pranav/ros2_ws/install/fizzbuzz_interfaces/include/fizzbuzz_interfaces/fizzbuzz_interfaces
[0.594s] -- Up-to-date: /home/pranav/ros2_ws/install/fizzbuzz_interfaces/include/fizzbuzz_interfaces/fizzbuzz_interfaces/msg
[0.594s] -- Up-to-date: /home/pranav/ros2_ws/install/fizzbuzz_interfaces/include/fizzbuzz_interfaces/fizzbuzz_interfaces/msg/detail
[0.595s] -- Up-to-date: /home/pranav/ros2_ws/install/fizzbuzz_interfaces/include/fizzbuzz_interfaces/fizzbuzz_interfaces
[0.595s] -- Up-to-date: /home/pranav/ros2_ws/install/fizzbuzz_interfaces/include/fizzbuzz_interfaces/fizzbuzz_interfaces/msg
[0.595s] -- Up-to-date: /home/pranav/ros2_ws/install/fizzbuzz_interfaces/include/fizzbuzz_interfaces/fizzbuzz_interfaces/msg/detail
[0.595s] -- Up-to-date: /home/pranav/ros2_ws/install/fizzbuzz_interfaces/include/fizzbuzz_interfaces/fizzbuzz_interfaces/msg/detail/dds_fastrtps
[0.595s] -- Up-to-date: /home/pranav/ros2_ws/install/fizzbuzz_interfaces/lib/libfizzbuzz_interfaces__rosidl_typesupport_fastrtps_cpp.so
[0.596s] -- Up-to-date: /home/pranav/ros2_ws/install/fizzbuzz_interfaces/include/fizzbuzz_interfaces/fizzbuzz_interfaces
[0.596s] -- Up-to-date: /home/pranav/ros2_ws/install/fizzbuzz_interfaces/include/fizzbuzz_interfaces/fizzbuzz_interfaces/msg
[0.597s] -- Up-to-date: /home/pranav/ros2_ws/install/fizzbuzz_interfaces/include/fizzbuzz_interfaces/fizzbuzz_interfaces/msg/detail
[0.598s] -- Up-to-date: /home/pranav/ros2_ws/install/fizzbuzz_interfaces/include/fizzbuzz_interfaces/fizzbuzz_interfaces/msg/detail/fizz_buzz__type_support.c
[0.598s] -- Up-to-date: /home/pranav/ros2_ws/install/fizzbuzz_interfaces/lib/libfizzbuzz_interfaces__rosidl_typesupport_introspection_c.so
[0.598s] -- Up-to-date: /home/pranav/ros2_ws/install/fizzbuzz_interfaces/lib/libfizzbuzz_interfaces__rosidl_typesupport_c.so
[0.598s] -- Up-to-date: /home/pranav/ros2_ws/install/fizzbuzz_interfaces/include/fizzbuzz_interfaces/fizzbuzz_interfaces
[0.598s] -- Up-to-date: /home/pranav/ros2_ws/install/fizzbuzz_interfaces/include/fizzbuzz_interfaces/fizzbuzz_interfaces/msg
[0.598s] -- Up-to-date: /home/pranav/ros2_ws/install/fizzbuzz_interfaces/include/fizzbuzz_interfaces/fizzbuzz_interfaces/msg/detail
[0.598s] -- Up-to-date: /home/pranav/ros2_ws/install/fizzbuzz_interfaces/include/fizzbuzz_interfaces/fizzbuzz_interfaces/msg/detail/fizz_buzz__type_support.cpp
[0.598s] -- Up-to-date: /home/pranav/ros2_ws/install/fizzbuzz_interfaces/lib/libfizzbuzz_interfaces__rosidl_typesupport_introspection_cpp.so
[0.602s] -- Up-to-date: /home/pranav/ros2_ws/install/fizzbuzz_interfaces/lib/libfizzbuzz_interfaces__rosidl_typesupport_cpp.so
[0.602s] -- Up-to-date: /home/pranav/ros2_ws/install/fizzbuzz_interfaces/lib/python3.13/site-packages/fizzbuzz_interfaces-0.0.0-py3.13.egg-info
[0.602s] -- Installing: /home/pranav/ros2_ws/install/fizzbuzz_interfaces/lib/python3.13/site-packages/fizzbuzz_interfaces-0.0.0-py3.13.egg-info/PKG-INFO
[0.602s] -- Installing: /home/pranav/ros2_ws/install/fizzbuzz_interfaces/lib/python3.13/site-packages/fizzbuzz_interfaces-0.0.0-py3.13.egg-info/dependency_links.txt
[0.602s] -- Installing: /home/pranav/ros2_ws/install/fizzbuzz_interfaces/lib/python3.13/site-packages/fizzbuzz_interfaces-0.0.0-py3.13.egg-info/SOURCES.txt
[0.602s] -- Installing: /home/pranav/ros2_ws/install/fizzbuzz_interfaces/lib/python3.13/site-packages/fizzbuzz_interfaces-0.0.0-py3.13.egg-info/top_level.txt
[0.603s] -- Up-to-date: /home/pranav/ros2_ws/install/fizzbuzz_interfaces/lib/python3.13/site-packages/fizzbuzz_interfaces
[0.603s] -- Up-to-date: /home/pranav/ros2_ws/install/fizzbuzz_interfaces/lib/python3.13/site-packages/fizzbuzz_interfaces/fizzbuzz_interfaces_s__rosidl_typesupport_introspection_c.so
[0.603s] -- Up-to-date: /home/pranav/ros2_ws/install/fizzbuzz_interfaces/lib/python3.13/site-packages/fizzbuzz_interfaces/_fizzbuzz_interfaces_s.ep.rosidl_typesupport_c.c
[0.603s] -- Up-to-date: /home/pranav/ros2_ws/install/fizzbuzz_interfaces/lib/python3.13/site-packages/fizzbuzz_interfaces/_fizzbuzz_interfaces_s.ep.rosidl_typesupport_introspection_c.c
[0.603s] -- Up-to-date: /home/pranav/ros2_ws/install/fizzbuzz_interfaces/lib/python3.13/site-packages/fizzbuzz_interfaces/msg
[0.603s] -- Up-to-date: /home/pranav/ros2_ws/install/fizzbuzz_interfaces/lib/python3.13/site-packages/fizzbuzz_interfaces/msg/_fizz_buzz_s.c
[0.603s] -- Up-to-date: /home/pranav/ros2_ws/install/fizzbuzz_interfaces/lib/python3.13/site-packages/fizzbuzz_interfaces/msg/_fizz_buzz.py
[0.603s] -- Up-to-date: /home/pranav/ros2_ws/install/fizzbuzz_interfaces/lib/python3.13/site-packages/fizzbuzz_interfaces/msg/__init__.py
[0.603s] -- Up-to-date: /home/pranav/ros2_ws/install/fizzbuzz_interfaces/lib/python3.13/site-packages/fizzbuzz_interfaces/__init__.py
[0.604s] -- Up-to-date: /home/pranav/ros2_ws/install/fizzbuzz_interfaces/lib/python3.13/site-packages/fizzbuzz_interfaces/fizzbuzz_interfaces_s__rosidl_typesupport_fastrtps_c.so
[0.604s] -- Up-to-date: /home/pranav/ros2_ws/install/fizzbuzz_interfaces/lib/python3.13/site-packages/fizzbuzz_interfaces/_fizzbuzz_interfaces_s.ep.rosidl_typesupport_fastrtps_c.c
[0.604s] -- Up-to-date: /home/pranav/ros2_ws/install/fizzbuzz_interfaces/lib/python3.13/site-packages/fizzbuzz_interfaces/fizzbuzz_interfaces_s__rosidl_typesupport_c.so
[0.641s] Listing '/home/pranav/ros2_ws/install/fizzbuzz_interfaces/lib/python3.13/site-packages/fizzbuzz_interfaces'...
[0.641s] Listing '/home/pranav/ros2_ws/install/fizzbuzz_interfaces/lib/python3.13/site-packages/fizzbuzz_interfaces/msg'...
[0.648s] -- Up-to-date: /home/pranav/ros2_ws/install/fizzbuzz_interfaces/lib/python3.13/site-packages/fizzbuzz_interfaces/fizzbuzz_interfaces_s__rosidl_typesupport_fastrtps_c.so
[0.648s] -- Up-to-date: /home/pranav/ros2_ws/install/fizzbuzz_interfaces/lib/python3.13/site-packages/fizzbuzz_interfaces/fizzbuzz_interfaces_s__rosidl_typesupport_introspection_c.so
[0.649s] -- Up-to-date: /home/pranav/ros2_ws/install/fizzbuzz_interfaces/lib/python3.13/site-packages/fizzbuzz_interfaces/fizzbuzz_interfaces_s__rosidl_typesupport_c.so
[0.649s] -- Up-to-date: /home/pranav/ros2_ws/install/fizzbuzz_interfaces/lib/libfizzbuzz_interfaces__rosidl_generator_py.so
[0.649s] -- Installing: /home/pranav/ros2_ws/install/fizzbuzz_interfaces/share/fizzbuzz_interfaces/package.dsv
[0.650s] -- Up-to-date: /home/pranav/ros2_ws/install/fizzbuzz_interfaces/share/fizzbuzz_interfaces/cmake/export_fizzbuzz_interfaces__rosidl_generator_cExport.cmake
[0.650s] -- Up-to-date: /home/pranav/ros2_ws/install/fizzbuzz_interfaces/share/fizzbuzz_interfaces/cmake/export_fizzbuzz_interfaces__rosidl_generator_cExport-noconfig.cmake
[0.650s] -- Up-to-date: /home/pranav/ros2_ws/install/fizzbuzz_interfaces/share/fizzbuzz_interfaces/cmake/export_fizzbuzz_interfaces__rosidl_typesupport_fastrtps_cExport.cmake
[0.650s] -- Up-to-date: /home/pranav/ros2_ws/install/fizzbuzz_interfaces/share/fizzbuzz_interfaces/cmake/export_fizzbuzz_interfaces__rosidl_typesupport_fastrtps_cExport-noconfig.cmake
[0.651s] -- Up-to-date: /home/pranav/ros2_ws/install/fizzbuzz_interfaces/share/fizzbuzz_interfaces/cmake/export_fizzbuzz_interfaces__rosidl_generator_cppExport.cmake
[0.651s] -- Up-to-date: /home/pranav/ros2_ws/install/fizzbuzz_interfaces/share/fizzbuzz_interfaces/cmake/export_fizzbuzz_interfaces__rosidl_typesupport_fastrtps_cppExport.cmake
[0.651s] -- Up-to-date: /home/pranav/ros2_ws/install/fizzbuzz_interfaces/share/fizzbuzz_interfaces/cmake/export_fizzbuzz_interfaces__rosidl_typesupport_fastrtps_cppExport-noconfig.cmake
[0.651s] -- Up-to-date: /home/pranav/ros2_ws/install/fizzbuzz_interfaces/share/fizzbuzz_interfaces/cmake/fizzbuzz_interfaces__rosidl_typesupport_introspection_cExport.cmake
[0.651s] -- Up-to-date: /home/pranav/ros2_ws/install/fizzbuzz_interfaces/share/fizzbuzz_interfaces/cmake/fizzbuzz_interfaces__rosidl_typesupport_introspection_cExport-noconfig.cmake
[0.651s] -- Up-to-date: /home/pranav/ros2_ws/install/fizzbuzz_interfaces/share/fizzbuzz_interfaces/cmake/fizzbuzz_interfaces__rosidl_typesupport_cExport.cmake
[0.651s] -- Up-to-date: /home/pranav/ros2_ws/install/fizzbuzz_interfaces/share/fizzbuzz_interfaces/cmake/fizzbuzz_interfaces__rosidl_typesupport_cExport-noconfig.cmake
[0.652s] -- Up-to-date: /home/pranav/ros2_ws/install/fizzbuzz_interfaces/share/fizzbuzz_interfaces/cmake/fizzbuzz_interfaces__rosidl_typesupport_introspection_cppExport.cmake
[0.652s] -- Up-to-date: /home/pranav/ros2_ws/install/fizzbuzz_interfaces/share/fizzbuzz_interfaces/cmake/fizzbuzz_interfaces__rosidl_typesupport_introspection_cppExport-noconfig.cmake
[0.652s] -- Up-to-date: /home/pranav/ros2_ws/install/fizzbuzz_interfaces/share/fizzbuzz_interfaces/cmake/fizzbuzz_interfaces__rosidl_typesupport_cppExport.cmake
[0.652s] -- Up-to-date: /home/pranav/ros2_ws/install/fizzbuzz_interfaces/share/fizzbuzz_interfaces/cmake/fizzbuzz_interfaces__rosidl_typesupport_cppExport-noconfig.cmake
[0.652s] -- Up-to-date: /home/pranav/ros2_ws/install/fizzbuzz_interfaces/share/fizzbuzz_interfaces/cmake/export_fizzbuzz_interfaces__rosidl_generator_pyExport.cmake
[0.652s] -- Up-to-date: /home/pranav/ros2_ws/install/fizzbuzz_interfaces/share/fizzbuzz_interfaces/cmake/export_fizzbuzz_interfaces__rosidl_generator_pyExport-noconfig.cmake
[0.655s] Invoked command in '/home/pranav/ros2_ws/build/fizzbuzz_interfaces' returned '0': CMAKE_PREFIX_PATH=${CMAKE_PREFIX_PATH}:/home/pranav/ros2_ws/install/webcam:/home/pranav/ros2_ws/install/turtle_tag_game:/home/pranav/ros2_ws/install/pet:/home/pranav/ros2_ws/install/fizzbuzz:/home/pranav/ros2_ws/install/drone:/opt/ros/jazzy CONDA_PROMPT_MODIFIER=(base) DEBUGINFOD_URLS=https://debuginfod.ubuntu.com /usr/bin/cmake --install /home/pranav/ros2_ws/build/fizzbuzz_interfaces
