[1.764s] Invoking command in '/home/pranav/ros2_ws/src/drone': CONDA_PROMPT_MODIFIER=(base) DEBUGINFOD_URLS=https://debuginfod.ubuntu.com PYTHONPATH=/home/pranav/ros2_ws/build/drone/prefix_override:/usr/lib/python3/dist-packages/colcon_core/task/python/colcon_distutils_commands:/home/pranav/ros2_ws/install/drone/lib/python3.12/site-packages:${PYTHONPATH} /usr/bin/python3 -W ignore:setup.py install is deprecated -W ignore:easy_install command is deprecated setup.py egg_info --egg-base ../../build/drone build --build-base /home/pranav/ros2_ws/build/drone/build install --record /home/pranav/ros2_ws/build/drone/install.log --single-version-externally-managed install_data
[1.985s] running egg_info
[1.997s] writing ../../build/drone/drone.egg-info/PKG-INFO
[1.998s] writing dependency_links to ../../build/drone/drone.egg-info/dependency_links.txt
[1.998s] writing entry points to ../../build/drone/drone.egg-info/entry_points.txt
[1.998s] writing requirements to ../../build/drone/drone.egg-info/requires.txt
[1.999s] writing top-level names to ../../build/drone/drone.egg-info/top_level.txt
[2.052s] reading manifest file '../../build/drone/drone.egg-info/SOURCES.txt'
[2.055s] writing manifest file '../../build/drone/drone.egg-info/SOURCES.txt'
[2.055s] running build
[2.055s] running build_py
[2.055s] copying drone/AprilTags.py -> /home/pranav/ros2_ws/build/drone/build/lib/drone
[2.059s] running install
[2.069s] running install_lib
[2.093s] copying /home/pranav/ros2_ws/build/drone/build/lib/drone/AprilTags.py -> /home/pranav/ros2_ws/install/drone/lib/python3.12/site-packages/drone
[2.094s] byte-compiling /home/pranav/ros2_ws/install/drone/lib/python3.12/site-packages/drone/AprilTags.py to AprilTags.cpython-312.pyc
[2.098s] running install_data
[2.098s] running install_egg_info
[2.110s] removing '/home/pranav/ros2_ws/install/drone/lib/python3.12/site-packages/drone-0.0.0-py3.12.egg-info' (and everything under it)
[2.113s] Copying ../../build/drone/drone.egg-info to /home/pranav/ros2_ws/install/drone/lib/python3.12/site-packages/drone-0.0.0-py3.12.egg-info
[2.121s] running install_scripts
[2.256s] Installing pathfinder script to /home/pranav/ros2_ws/install/drone/lib/drone
[2.256s] writing list of installed files to '/home/pranav/ros2_ws/build/drone/install.log'
[2.442s] Invoked command in '/home/pranav/ros2_ws/src/drone' returned '0': CONDA_PROMPT_MODIFIER=(base) DEBUGINFOD_URLS=https://debuginfod.ubuntu.com PYTHONPATH=/home/pranav/ros2_ws/build/drone/prefix_override:/usr/lib/python3/dist-packages/colcon_core/task/python/colcon_distutils_commands:/home/pranav/ros2_ws/install/drone/lib/python3.12/site-packages:${PYTHONPATH} /usr/bin/python3 -W ignore:setup.py install is deprecated -W ignore:easy_install command is deprecated setup.py egg_info --egg-base ../../build/drone build --build-base /home/pranav/ros2_ws/build/drone/build install --record /home/pranav/ros2_ws/build/drone/install.log --single-version-externally-managed install_data
