[0.370s] DEBUG:colcon:Command line arguments: ['/usr/bin/colcon', 'build']
[0.371s] DEBUG:colcon:Parsed command line arguments: Namespace(log_base=None, log_level=None, verb_name='build', build_base='build', install_base='install', merge_install=False, symlink_install=False, test_result_base=None, continue_on_error=False, executor='parallel', parallel_workers=4, event_handlers=None, ignore_user_meta=False, metas=['./colcon.meta'], base_paths=['.'], packages_ignore=None, packages_ignore_regex=None, paths=None, packages_up_to=None, packages_up_to_regex=None, packages_above=None, packages_above_and_dependencies=None, packages_above_depth=None, packages_select_by_dep=None, packages_skip_by_dep=None, packages_skip_up_to=None, packages_select_build_failed=False, packages_skip_build_finished=False, packages_select_test_failures=False, packages_skip_test_passed=False, packages_select=None, packages_skip=None, packages_select_regex=None, packages_skip_regex=None, packages_start=None, packages_end=None, allow_overriding=[], cmake_args=None, cmake_target=None, cmake_target_skip_unavailable=False, cmake_clean_cache=False, cmake_clean_first=False, cmake_force_configure=False, meson_args=[], ament_cmake_args=None, catkin_cmake_args=None, catkin_skip_building_tests=False, verb_parser=<colcon_defaults.argument_parser.defaults.DefaultArgumentsDecorator object at 0xffffbc711220>, verb_extension=<colcon_core.verb.build.BuildVerb object at 0xffffbc8bdd30>, main=<bound method BuildVerb.main of <colcon_core.verb.build.BuildVerb object at 0xffffbc8bdd30>>)
[0.440s] Level 1:colcon.colcon_core.package_discovery:discover_packages(colcon_meta) check parameters
[0.440s] Level 1:colcon.colcon_core.package_discovery:discover_packages(recursive) check parameters
[0.440s] Level 1:colcon.colcon_core.package_discovery:discover_packages(ignore) check parameters
[0.440s] Level 1:colcon.colcon_core.package_discovery:discover_packages(path) check parameters
[0.440s] Level 1:colcon.colcon_core.package_discovery:discover_packages(colcon_meta) discover
[0.440s] Level 1:colcon.colcon_core.package_discovery:discover_packages(recursive) discover
[0.440s] INFO:colcon.colcon_core.package_discovery:Crawling recursively for packages in '/home/firefox/Ros_ws-BWSI'
[0.441s] Level 1:colcon.colcon_core.package_identification:_identify(.) by extensions ['ignore', 'ignore_ament_install']
[0.441s] Level 1:colcon.colcon_core.package_identification:_identify(.) by extension 'ignore'
[0.441s] Level 1:colcon.colcon_core.package_identification:_identify(.) by extension 'ignore_ament_install'
[0.441s] Level 1:colcon.colcon_core.package_identification:_identify(.) by extensions ['colcon_pkg']
[0.441s] Level 1:colcon.colcon_core.package_identification:_identify(.) by extension 'colcon_pkg'
[0.441s] Level 1:colcon.colcon_core.package_identification:_identify(.) by extensions ['colcon_meta']
[0.441s] Level 1:colcon.colcon_core.package_identification:_identify(.) by extension 'colcon_meta'
[0.441s] Level 1:colcon.colcon_core.package_identification:_identify(.) by extensions ['ros']
[0.441s] Level 1:colcon.colcon_core.package_identification:_identify(.) by extension 'ros'
[0.524s] Level 1:colcon.colcon_core.package_identification:_identify(.) by extensions ['cmake', 'meson', 'python']
[0.524s] Level 1:colcon.colcon_core.package_identification:_identify(.) by extension 'cmake'
[0.524s] Level 1:colcon.colcon_core.package_identification:_identify(.) by extension 'meson'
[0.524s] Level 1:colcon.colcon_core.package_identification:_identify(.) by extension 'python'
[0.524s] Level 1:colcon.colcon_core.package_identification:_identify(.) by extensions ['python_setup_py']
[0.524s] Level 1:colcon.colcon_core.package_identification:_identify(.) by extension 'python_setup_py'
[0.525s] Level 1:colcon.colcon_core.package_identification:_identify(build) by extensions ['ignore', 'ignore_ament_install']
[0.525s] Level 1:colcon.colcon_core.package_identification:_identify(build) by extension 'ignore'
[0.525s] Level 1:colcon.colcon_core.package_identification:_identify(build) ignored
[0.525s] Level 1:colcon.colcon_core.package_identification:_identify(install) by extensions ['ignore', 'ignore_ament_install']
[0.525s] Level 1:colcon.colcon_core.package_identification:_identify(install) by extension 'ignore'
[0.525s] Level 1:colcon.colcon_core.package_identification:_identify(install) ignored
[0.526s] Level 1:colcon.colcon_core.package_identification:_identify(log) by extensions ['ignore', 'ignore_ament_install']
[0.526s] Level 1:colcon.colcon_core.package_identification:_identify(log) by extension 'ignore'
[0.526s] Level 1:colcon.colcon_core.package_identification:_identify(log) ignored
[0.526s] Level 1:colcon.colcon_core.package_identification:_identify(src) by extensions ['ignore', 'ignore_ament_install']
[0.526s] Level 1:colcon.colcon_core.package_identification:_identify(src) by extension 'ignore'
[0.526s] Level 1:colcon.colcon_core.package_identification:_identify(src) by extension 'ignore_ament_install'
[0.526s] Level 1:colcon.colcon_core.package_identification:_identify(src) by extensions ['colcon_pkg']
[0.526s] Level 1:colcon.colcon_core.package_identification:_identify(src) by extension 'colcon_pkg'
[0.526s] Level 1:colcon.colcon_core.package_identification:_identify(src) by extensions ['colcon_meta']
[0.526s] Level 1:colcon.colcon_core.package_identification:_identify(src) by extension 'colcon_meta'
[0.526s] Level 1:colcon.colcon_core.package_identification:_identify(src) by extensions ['ros']
[0.526s] Level 1:colcon.colcon_core.package_identification:_identify(src) by extension 'ros'
[0.526s] Level 1:colcon.colcon_core.package_identification:_identify(src) by extensions ['cmake', 'meson', 'python']
[0.526s] Level 1:colcon.colcon_core.package_identification:_identify(src) by extension 'cmake'
[0.527s] Level 1:colcon.colcon_core.package_identification:_identify(src) by extension 'meson'
[0.527s] Level 1:colcon.colcon_core.package_identification:_identify(src) by extension 'python'
[0.527s] Level 1:colcon.colcon_core.package_identification:_identify(src) by extensions ['python_setup_py']
[0.527s] Level 1:colcon.colcon_core.package_identification:_identify(src) by extension 'python_setup_py'
[0.528s] Level 1:colcon.colcon_core.package_identification:_identify(src/drone) by extensions ['ignore', 'ignore_ament_install']
[0.529s] Level 1:colcon.colcon_core.package_identification:_identify(src/drone) by extension 'ignore'
[0.529s] Level 1:colcon.colcon_core.package_identification:_identify(src/drone) by extension 'ignore_ament_install'
[0.529s] Level 1:colcon.colcon_core.package_identification:_identify(src/drone) by extensions ['colcon_pkg']
[0.530s] Level 1:colcon.colcon_core.package_identification:_identify(src/drone) by extension 'colcon_pkg'
[0.530s] Level 1:colcon.colcon_core.package_identification:_identify(src/drone) by extensions ['colcon_meta']
[0.531s] Level 1:colcon.colcon_core.package_identification:_identify(src/drone) by extension 'colcon_meta'
[0.531s] Level 1:colcon.colcon_core.package_identification:_identify(src/drone) by extensions ['ros']
[0.531s] Level 1:colcon.colcon_core.package_identification:_identify(src/drone) by extension 'ros'
[0.535s] DEBUG:colcon.colcon_core.package_identification:Package 'src/drone' with type 'ros.ament_python' and name 'drone'
[0.535s] Level 1:colcon.colcon_core.package_identification:_identify(src/fizzbuzz) by extensions ['ignore', 'ignore_ament_install']
[0.535s] Level 1:colcon.colcon_core.package_identification:_identify(src/fizzbuzz) by extension 'ignore'
[0.536s] Level 1:colcon.colcon_core.package_identification:_identify(src/fizzbuzz) by extension 'ignore_ament_install'
[0.536s] Level 1:colcon.colcon_core.package_identification:_identify(src/fizzbuzz) by extensions ['colcon_pkg']
[0.536s] Level 1:colcon.colcon_core.package_identification:_identify(src/fizzbuzz) by extension 'colcon_pkg'
[0.536s] Level 1:colcon.colcon_core.package_identification:_identify(src/fizzbuzz) by extensions ['colcon_meta']
[0.536s] Level 1:colcon.colcon_core.package_identification:_identify(src/fizzbuzz) by extension 'colcon_meta'
[0.536s] Level 1:colcon.colcon_core.package_identification:_identify(src/fizzbuzz) by extensions ['ros']
[0.536s] Level 1:colcon.colcon_core.package_identification:_identify(src/fizzbuzz) by extension 'ros'
[0.537s] DEBUG:colcon.colcon_core.package_identification:Package 'src/fizzbuzz' with type 'ros.ament_python' and name 'fizzbuzz'
[0.537s] Level 1:colcon.colcon_core.package_identification:_identify(src/fizzbuzz_interfaces) by extensions ['ignore', 'ignore_ament_install']
[0.537s] Level 1:colcon.colcon_core.package_identification:_identify(src/fizzbuzz_interfaces) by extension 'ignore'
[0.537s] Level 1:colcon.colcon_core.package_identification:_identify(src/fizzbuzz_interfaces) by extension 'ignore_ament_install'
[0.537s] Level 1:colcon.colcon_core.package_identification:_identify(src/fizzbuzz_interfaces) by extensions ['colcon_pkg']
[0.537s] Level 1:colcon.colcon_core.package_identification:_identify(src/fizzbuzz_interfaces) by extension 'colcon_pkg'
[0.537s] Level 1:colcon.colcon_core.package_identification:_identify(src/fizzbuzz_interfaces) by extensions ['colcon_meta']
[0.537s] Level 1:colcon.colcon_core.package_identification:_identify(src/fizzbuzz_interfaces) by extension 'colcon_meta'
[0.537s] Level 1:colcon.colcon_core.package_identification:_identify(src/fizzbuzz_interfaces) by extensions ['ros']
[0.537s] Level 1:colcon.colcon_core.package_identification:_identify(src/fizzbuzz_interfaces) by extension 'ros'
[0.538s] DEBUG:colcon.colcon_core.package_identification:Package 'src/fizzbuzz_interfaces' with type 'ros.ament_cmake' and name 'fizzbuzz_interfaces'
[0.538s] Level 1:colcon.colcon_core.package_identification:_identify(src/pet) by extensions ['ignore', 'ignore_ament_install']
[0.538s] Level 1:colcon.colcon_core.package_identification:_identify(src/pet) by extension 'ignore'
[0.538s] Level 1:colcon.colcon_core.package_identification:_identify(src/pet) by extension 'ignore_ament_install'
[0.538s] Level 1:colcon.colcon_core.package_identification:_identify(src/pet) by extensions ['colcon_pkg']
[0.538s] Level 1:colcon.colcon_core.package_identification:_identify(src/pet) by extension 'colcon_pkg'
[0.538s] Level 1:colcon.colcon_core.package_identification:_identify(src/pet) by extensions ['colcon_meta']
[0.538s] Level 1:colcon.colcon_core.package_identification:_identify(src/pet) by extension 'colcon_meta'
[0.538s] Level 1:colcon.colcon_core.package_identification:_identify(src/pet) by extensions ['ros']
[0.538s] Level 1:colcon.colcon_core.package_identification:_identify(src/pet) by extension 'ros'
[0.539s] DEBUG:colcon.colcon_core.package_identification:Package 'src/pet' with type 'ros.ament_python' and name 'pet'
[0.539s] Level 1:colcon.colcon_core.package_identification:_identify(src/turtle_tag_game) by extensions ['ignore', 'ignore_ament_install']
[0.539s] Level 1:colcon.colcon_core.package_identification:_identify(src/turtle_tag_game) by extension 'ignore'
[0.539s] Level 1:colcon.colcon_core.package_identification:_identify(src/turtle_tag_game) by extension 'ignore_ament_install'
[0.539s] Level 1:colcon.colcon_core.package_identification:_identify(src/turtle_tag_game) by extensions ['colcon_pkg']
[0.539s] Level 1:colcon.colcon_core.package_identification:_identify(src/turtle_tag_game) by extension 'colcon_pkg'
[0.539s] Level 1:colcon.colcon_core.package_identification:_identify(src/turtle_tag_game) by extensions ['colcon_meta']
[0.539s] Level 1:colcon.colcon_core.package_identification:_identify(src/turtle_tag_game) by extension 'colcon_meta'
[0.539s] Level 1:colcon.colcon_core.package_identification:_identify(src/turtle_tag_game) by extensions ['ros']
[0.539s] Level 1:colcon.colcon_core.package_identification:_identify(src/turtle_tag_game) by extension 'ros'
[0.540s] DEBUG:colcon.colcon_core.package_identification:Package 'src/turtle_tag_game' with type 'ros.ament_python' and name 'turtle_tag_game'
[0.540s] Level 1:colcon.colcon_core.package_discovery:discover_packages(recursive) using defaults
[0.540s] Level 1:colcon.colcon_core.package_discovery:discover_packages(ignore) discover
[0.540s] Level 1:colcon.colcon_core.package_discovery:discover_packages(ignore) using defaults
[0.540s] Level 1:colcon.colcon_core.package_discovery:discover_packages(path) discover
[0.540s] Level 1:colcon.colcon_core.package_discovery:discover_packages(path) using defaults
[0.566s] Level 1:colcon.colcon_core.package_discovery:discover_packages(prefix_path) check parameters
[0.566s] Level 1:colcon.colcon_core.package_discovery:discover_packages(prefix_path) discover
[0.570s] DEBUG:colcon.colcon_installed_package_information.package_discovery:Found 5 installed packages in /home/firefox/Ros_ws-BWSI/install
[0.571s] DEBUG:colcon.colcon_installed_package_information.package_discovery:Found 4 installed packages in /home/firefox/camera_ws/install
[0.573s] DEBUG:colcon.colcon_installed_package_information.package_discovery:Found 270 installed packages in /opt/ros/jazzy
[0.574s] Level 1:colcon.colcon_core.package_discovery:discover_packages(prefix_path) using defaults
[0.651s] Level 5:colcon.colcon_core.verb:set package 'drone' build argument 'cmake_args' from command line to 'None'
[0.651s] Level 5:colcon.colcon_core.verb:set package 'drone' build argument 'cmake_target' from command line to 'None'
[0.651s] Level 5:colcon.colcon_core.verb:set package 'drone' build argument 'cmake_target_skip_unavailable' from command line to 'False'
[0.651s] Level 5:colcon.colcon_core.verb:set package 'drone' build argument 'cmake_clean_cache' from command line to 'False'
[0.651s] Level 5:colcon.colcon_core.verb:set package 'drone' build argument 'cmake_clean_first' from command line to 'False'
[0.651s] Level 5:colcon.colcon_core.verb:set package 'drone' build argument 'cmake_force_configure' from command line to 'False'
[0.651s] Level 5:colcon.colcon_core.verb:set package 'drone' build argument 'meson_args' from command line to '[]'
[0.651s] Level 5:colcon.colcon_core.verb:set package 'drone' build argument 'ament_cmake_args' from command line to 'None'
[0.651s] Level 5:colcon.colcon_core.verb:set package 'drone' build argument 'catkin_cmake_args' from command line to 'None'
[0.652s] Level 5:colcon.colcon_core.verb:set package 'drone' build argument 'catkin_skip_building_tests' from command line to 'False'
[0.652s] DEBUG:colcon.colcon_core.verb:Building package 'drone' with the following arguments: {'ament_cmake_args': None, 'build_base': '/home/firefox/Ros_ws-BWSI/build/drone', 'catkin_cmake_args': None, 'catkin_skip_building_tests': False, 'cmake_args': None, 'cmake_clean_cache': False, 'cmake_clean_first': False, 'cmake_force_configure': False, 'cmake_target': None, 'cmake_target_skip_unavailable': False, 'install_base': '/home/firefox/Ros_ws-BWSI/install/drone', 'merge_install': False, 'meson_args': [], 'path': '/home/firefox/Ros_ws-BWSI/src/drone', 'symlink_install': False, 'test_result_base': None}
[0.666s] Level 5:colcon.colcon_core.verb:set package 'fizzbuzz_interfaces' build argument 'cmake_args' from command line to 'None'
[0.666s] Level 5:colcon.colcon_core.verb:set package 'fizzbuzz_interfaces' build argument 'cmake_target' from command line to 'None'
[0.666s] Level 5:colcon.colcon_core.verb:set package 'fizzbuzz_interfaces' build argument 'cmake_target_skip_unavailable' from command line to 'False'
[0.666s] Level 5:colcon.colcon_core.verb:set package 'fizzbuzz_interfaces' build argument 'cmake_clean_cache' from command line to 'False'
[0.666s] Level 5:colcon.colcon_core.verb:set package 'fizzbuzz_interfaces' build argument 'cmake_clean_first' from command line to 'False'
[0.666s] Level 5:colcon.colcon_core.verb:set package 'fizzbuzz_interfaces' build argument 'cmake_force_configure' from command line to 'False'
[0.666s] Level 5:colcon.colcon_core.verb:set package 'fizzbuzz_interfaces' build argument 'meson_args' from command line to '[]'
[0.666s] Level 5:colcon.colcon_core.verb:set package 'fizzbuzz_interfaces' build argument 'ament_cmake_args' from command line to 'None'
[0.666s] Level 5:colcon.colcon_core.verb:set package 'fizzbuzz_interfaces' build argument 'catkin_cmake_args' from command line to 'None'
[0.666s] Level 5:colcon.colcon_core.verb:set package 'fizzbuzz_interfaces' build argument 'catkin_skip_building_tests' from command line to 'False'
[0.666s] DEBUG:colcon.colcon_core.verb:Building package 'fizzbuzz_interfaces' with the following arguments: {'ament_cmake_args': None, 'build_base': '/home/firefox/Ros_ws-BWSI/build/fizzbuzz_interfaces', 'catkin_cmake_args': None, 'catkin_skip_building_tests': False, 'cmake_args': None, 'cmake_clean_cache': False, 'cmake_clean_first': False, 'cmake_force_configure': False, 'cmake_target': None, 'cmake_target_skip_unavailable': False, 'install_base': '/home/firefox/Ros_ws-BWSI/install/fizzbuzz_interfaces', 'merge_install': False, 'meson_args': [], 'path': '/home/firefox/Ros_ws-BWSI/src/fizzbuzz_interfaces', 'symlink_install': False, 'test_result_base': None}
[0.676s] Level 5:colcon.colcon_core.verb:set package 'pet' build argument 'cmake_args' from command line to 'None'
[0.676s] Level 5:colcon.colcon_core.verb:set package 'pet' build argument 'cmake_target' from command line to 'None'
[0.676s] Level 5:colcon.colcon_core.verb:set package 'pet' build argument 'cmake_target_skip_unavailable' from command line to 'False'
[0.676s] Level 5:colcon.colcon_core.verb:set package 'pet' build argument 'cmake_clean_cache' from command line to 'False'
[0.676s] Level 5:colcon.colcon_core.verb:set package 'pet' build argument 'cmake_clean_first' from command line to 'False'
[0.676s] Level 5:colcon.colcon_core.verb:set package 'pet' build argument 'cmake_force_configure' from command line to 'False'
[0.676s] Level 5:colcon.colcon_core.verb:set package 'pet' build argument 'meson_args' from command line to '[]'
[0.676s] Level 5:colcon.colcon_core.verb:set package 'pet' build argument 'ament_cmake_args' from command line to 'None'
[0.676s] Level 5:colcon.colcon_core.verb:set package 'pet' build argument 'catkin_cmake_args' from command line to 'None'
[0.676s] Level 5:colcon.colcon_core.verb:set package 'pet' build argument 'catkin_skip_building_tests' from command line to 'False'
[0.677s] DEBUG:colcon.colcon_core.verb:Building package 'pet' with the following arguments: {'ament_cmake_args': None, 'build_base': '/home/firefox/Ros_ws-BWSI/build/pet', 'catkin_cmake_args': None, 'catkin_skip_building_tests': False, 'cmake_args': None, 'cmake_clean_cache': False, 'cmake_clean_first': False, 'cmake_force_configure': False, 'cmake_target': None, 'cmake_target_skip_unavailable': False, 'install_base': '/home/firefox/Ros_ws-BWSI/install/pet', 'merge_install': False, 'meson_args': [], 'path': '/home/firefox/Ros_ws-BWSI/src/pet', 'symlink_install': False, 'test_result_base': None}
[0.686s] Level 5:colcon.colcon_core.verb:set package 'turtle_tag_game' build argument 'cmake_args' from command line to 'None'
[0.686s] Level 5:colcon.colcon_core.verb:set package 'turtle_tag_game' build argument 'cmake_target' from command line to 'None'
[0.686s] Level 5:colcon.colcon_core.verb:set package 'turtle_tag_game' build argument 'cmake_target_skip_unavailable' from command line to 'False'
[0.686s] Level 5:colcon.colcon_core.verb:set package 'turtle_tag_game' build argument 'cmake_clean_cache' from command line to 'False'
[0.686s] Level 5:colcon.colcon_core.verb:set package 'turtle_tag_game' build argument 'cmake_clean_first' from command line to 'False'
[0.686s] Level 5:colcon.colcon_core.verb:set package 'turtle_tag_game' build argument 'cmake_force_configure' from command line to 'False'
[0.686s] Level 5:colcon.colcon_core.verb:set package 'turtle_tag_game' build argument 'meson_args' from command line to '[]'
[0.686s] Level 5:colcon.colcon_core.verb:set package 'turtle_tag_game' build argument 'ament_cmake_args' from command line to 'None'
[0.686s] Level 5:colcon.colcon_core.verb:set package 'turtle_tag_game' build argument 'catkin_cmake_args' from command line to 'None'
[0.686s] Level 5:colcon.colcon_core.verb:set package 'turtle_tag_game' build argument 'catkin_skip_building_tests' from command line to 'False'
[0.686s] DEBUG:colcon.colcon_core.verb:Building package 'turtle_tag_game' with the following arguments: {'ament_cmake_args': None, 'build_base': '/home/firefox/Ros_ws-BWSI/build/turtle_tag_game', 'catkin_cmake_args': None, 'catkin_skip_building_tests': False, 'cmake_args': None, 'cmake_clean_cache': False, 'cmake_clean_first': False, 'cmake_force_configure': False, 'cmake_target': None, 'cmake_target_skip_unavailable': False, 'install_base': '/home/firefox/Ros_ws-BWSI/install/turtle_tag_game', 'merge_install': False, 'meson_args': [], 'path': '/home/firefox/Ros_ws-BWSI/src/turtle_tag_game', 'symlink_install': False, 'test_result_base': None}
[0.700s] Level 5:colcon.colcon_core.verb:set package 'fizzbuzz' build argument 'cmake_args' from command line to 'None'
[0.700s] Level 5:colcon.colcon_core.verb:set package 'fizzbuzz' build argument 'cmake_target' from command line to 'None'
[0.700s] Level 5:colcon.colcon_core.verb:set package 'fizzbuzz' build argument 'cmake_target_skip_unavailable' from command line to 'False'
[0.700s] Level 5:colcon.colcon_core.verb:set package 'fizzbuzz' build argument 'cmake_clean_cache' from command line to 'False'
[0.701s] Level 5:colcon.colcon_core.verb:set package 'fizzbuzz' build argument 'cmake_clean_first' from command line to 'False'
[0.701s] Level 5:colcon.colcon_core.verb:set package 'fizzbuzz' build argument 'cmake_force_configure' from command line to 'False'
[0.701s] Level 5:colcon.colcon_core.verb:set package 'fizzbuzz' build argument 'meson_args' from command line to '[]'
[0.701s] Level 5:colcon.colcon_core.verb:set package 'fizzbuzz' build argument 'ament_cmake_args' from command line to 'None'
[0.701s] Level 5:colcon.colcon_core.verb:set package 'fizzbuzz' build argument 'catkin_cmake_args' from command line to 'None'
[0.701s] Level 5:colcon.colcon_core.verb:set package 'fizzbuzz' build argument 'catkin_skip_building_tests' from command line to 'False'
[0.701s] DEBUG:colcon.colcon_core.verb:Building package 'fizzbuzz' with the following arguments: {'ament_cmake_args': None, 'build_base': '/home/firefox/Ros_ws-BWSI/build/fizzbuzz', 'catkin_cmake_args': None, 'catkin_skip_building_tests': False, 'cmake_args': None, 'cmake_clean_cache': False, 'cmake_clean_first': False, 'cmake_force_configure': False, 'cmake_target': None, 'cmake_target_skip_unavailable': False, 'install_base': '/home/firefox/Ros_ws-BWSI/install/fizzbuzz', 'merge_install': False, 'meson_args': [], 'path': '/home/firefox/Ros_ws-BWSI/src/fizzbuzz', 'symlink_install': False, 'test_result_base': None}
[0.701s] INFO:colcon.colcon_core.executor:Executing jobs using 'parallel' executor
[0.703s] DEBUG:colcon.colcon_parallel_executor.executor.parallel:run_until_complete
[0.703s] INFO:colcon.colcon_ros.task.ament_cmake.build:Building ROS package in '/home/firefox/Ros_ws-BWSI/src/fizzbuzz_interfaces' with build type 'ament_cmake'
[0.704s] INFO:colcon.colcon_cmake.task.cmake.build:Building CMake package in '/home/firefox/Ros_ws-BWSI/src/fizzbuzz_interfaces'
[0.710s] INFO:colcon.colcon_core.plugin_system:Skipping extension 'colcon_core.shell.bat': Not used on non-Windows systems
[0.711s] INFO:colcon.colcon_core.shell:Skip shell extension 'powershell' for command environment: Not usable outside of PowerShell
[0.711s] DEBUG:colcon.colcon_core.shell:Skip shell extension 'dsv' for command environment
[0.722s] INFO:colcon.colcon_ros.task.ament_python.build:Building ROS package in '/home/firefox/Ros_ws-BWSI/src/drone' with build type 'ament_python'
[0.722s] Level 1:colcon.colcon_core.shell:create_environment_hook('drone', 'ament_prefix_path')
[0.723s] INFO:colcon.colcon_core.shell:Creating environment hook '/home/firefox/Ros_ws-BWSI/install/drone/share/drone/hook/ament_prefix_path.ps1'
[0.724s] INFO:colcon.colcon_core.shell:Creating environment descriptor '/home/firefox/Ros_ws-BWSI/install/drone/share/drone/hook/ament_prefix_path.dsv'
[0.725s] INFO:colcon.colcon_core.shell:Creating environment hook '/home/firefox/Ros_ws-BWSI/install/drone/share/drone/hook/ament_prefix_path.sh'
[0.726s] INFO:colcon.colcon_core.shell:Skip shell extension 'powershell' for command environment: Not usable outside of PowerShell
[0.726s] DEBUG:colcon.colcon_core.shell:Skip shell extension 'dsv' for command environment
[0.736s] INFO:colcon.colcon_ros.task.ament_python.build:Building ROS package in '/home/firefox/Ros_ws-BWSI/src/pet' with build type 'ament_python'
[0.736s] Level 1:colcon.colcon_core.shell:create_environment_hook('pet', 'ament_prefix_path')
[0.736s] INFO:colcon.colcon_core.shell:Creating environment hook '/home/firefox/Ros_ws-BWSI/install/pet/share/pet/hook/ament_prefix_path.ps1'
[0.737s] INFO:colcon.colcon_core.shell:Creating environment descriptor '/home/firefox/Ros_ws-BWSI/install/pet/share/pet/hook/ament_prefix_path.dsv'
[0.738s] INFO:colcon.colcon_core.shell:Creating environment hook '/home/firefox/Ros_ws-BWSI/install/pet/share/pet/hook/ament_prefix_path.sh'
[0.740s] INFO:colcon.colcon_core.shell:Skip shell extension 'powershell' for command environment: Not usable outside of PowerShell
[0.740s] DEBUG:colcon.colcon_core.shell:Skip shell extension 'dsv' for command environment
[0.751s] INFO:colcon.colcon_ros.task.ament_python.build:Building ROS package in '/home/firefox/Ros_ws-BWSI/src/turtle_tag_game' with build type 'ament_python'
[0.752s] Level 1:colcon.colcon_core.shell:create_environment_hook('turtle_tag_game', 'ament_prefix_path')
[0.752s] INFO:colcon.colcon_core.shell:Creating environment hook '/home/firefox/Ros_ws-BWSI/install/turtle_tag_game/share/turtle_tag_game/hook/ament_prefix_path.ps1'
[0.754s] INFO:colcon.colcon_core.shell:Creating environment descriptor '/home/firefox/Ros_ws-BWSI/install/turtle_tag_game/share/turtle_tag_game/hook/ament_prefix_path.dsv'
[0.756s] INFO:colcon.colcon_core.shell:Creating environment hook '/home/firefox/Ros_ws-BWSI/install/turtle_tag_game/share/turtle_tag_game/hook/ament_prefix_path.sh'
[0.757s] INFO:colcon.colcon_core.shell:Skip shell extension 'powershell' for command environment: Not usable outside of PowerShell
[0.758s] DEBUG:colcon.colcon_core.shell:Skip shell extension 'dsv' for command environment
[0.780s] DEBUG:colcon.colcon_core.event_handler.log_command:Invoking command in '/home/firefox/Ros_ws-BWSI/build/fizzbuzz_interfaces': CMAKE_PREFIX_PATH=${CMAKE_PREFIX_PATH}:/home/firefox/Ros_ws-BWSI/install/turtle_tag_game:/home/firefox/Ros_ws-BWSI/install/pet:/home/firefox/Ros_ws-BWSI/install/fizzbuzz:/home/firefox/Ros_ws-BWSI/install/drone:/home/firefox/camera_ws/install/uav:/opt/ros/jazzy DEBUGINFOD_URLS=https://debuginfod.ubuntu.com /usr/bin/cmake --build /home/firefox/Ros_ws-BWSI/build/fizzbuzz_interfaces -- -j4 -l4
[1.544s] INFO:colcon.colcon_core.task.python.build:Building Python package in '/home/firefox/Ros_ws-BWSI/src/drone'
[1.544s] INFO:colcon.colcon_core.shell:Skip shell extension 'powershell' for command environment: Not usable outside of PowerShell
[1.545s] DEBUG:colcon.colcon_core.shell:Skip shell extension 'dsv' for command environment
[2.061s] INFO:colcon.colcon_core.task.python.build:Building Python package in '/home/firefox/Ros_ws-BWSI/src/pet'
[2.063s] INFO:colcon.colcon_core.shell:Skip shell extension 'powershell' for command environment: Not usable outside of PowerShell
[2.063s] DEBUG:colcon.colcon_core.shell:Skip shell extension 'dsv' for command environment
[2.074s] DEBUG:colcon.colcon_core.event_handler.log_command:Invoked command in '/home/firefox/Ros_ws-BWSI/build/fizzbuzz_interfaces' returned '0': CMAKE_PREFIX_PATH=${CMAKE_PREFIX_PATH}:/home/firefox/Ros_ws-BWSI/install/turtle_tag_game:/home/firefox/Ros_ws-BWSI/install/pet:/home/firefox/Ros_ws-BWSI/install/fizzbuzz:/home/firefox/Ros_ws-BWSI/install/drone:/home/firefox/camera_ws/install/uav:/opt/ros/jazzy DEBUGINFOD_URLS=https://debuginfod.ubuntu.com /usr/bin/cmake --build /home/firefox/Ros_ws-BWSI/build/fizzbuzz_interfaces -- -j4 -l4
[2.099s] DEBUG:colcon.colcon_core.event_handler.log_command:Invoking command in '/home/firefox/Ros_ws-BWSI/build/fizzbuzz_interfaces': CMAKE_PREFIX_PATH=${CMAKE_PREFIX_PATH}:/home/firefox/Ros_ws-BWSI/install/turtle_tag_game:/home/firefox/Ros_ws-BWSI/install/pet:/home/firefox/Ros_ws-BWSI/install/fizzbuzz:/home/firefox/Ros_ws-BWSI/install/drone:/home/firefox/camera_ws/install/uav:/opt/ros/jazzy DEBUGINFOD_URLS=https://debuginfod.ubuntu.com /usr/bin/cmake --install /home/firefox/Ros_ws-BWSI/build/fizzbuzz_interfaces
[2.525s] INFO:colcon.colcon_core.task.python.build:Building Python package in '/home/firefox/Ros_ws-BWSI/src/turtle_tag_game'
[2.525s] INFO:colcon.colcon_core.shell:Skip shell extension 'powershell' for command environment: Not usable outside of PowerShell
[2.525s] DEBUG:colcon.colcon_core.shell:Skip shell extension 'dsv' for command environment
[2.567s] Level 1:colcon.colcon_core.environment:create_environment_scripts_only(fizzbuzz_interfaces)
[2.569s] DEBUG:colcon.colcon_core.event_handler.log_command:Invoked command in '/home/firefox/Ros_ws-BWSI/build/fizzbuzz_interfaces' returned '0': CMAKE_PREFIX_PATH=${CMAKE_PREFIX_PATH}:/home/firefox/Ros_ws-BWSI/install/turtle_tag_game:/home/firefox/Ros_ws-BWSI/install/pet:/home/firefox/Ros_ws-BWSI/install/fizzbuzz:/home/firefox/Ros_ws-BWSI/install/drone:/home/firefox/camera_ws/install/uav:/opt/ros/jazzy DEBUGINFOD_URLS=https://debuginfod.ubuntu.com /usr/bin/cmake --install /home/firefox/Ros_ws-BWSI/build/fizzbuzz_interfaces
[2.572s] Level 1:colcon.colcon_core.environment:checking '/home/firefox/Ros_ws-BWSI/install/fizzbuzz_interfaces' for CMake module files
[2.573s] Level 1:colcon.colcon_core.environment:checking '/home/firefox/Ros_ws-BWSI/install/fizzbuzz_interfaces' for CMake config files
[2.573s] Level 1:colcon.colcon_core.shell:create_environment_hook('fizzbuzz_interfaces', 'cmake_prefix_path')
[2.574s] INFO:colcon.colcon_core.shell:Creating environment hook '/home/firefox/Ros_ws-BWSI/install/fizzbuzz_interfaces/share/fizzbuzz_interfaces/hook/cmake_prefix_path.ps1'
[2.574s] INFO:colcon.colcon_core.shell:Creating environment descriptor '/home/firefox/Ros_ws-BWSI/install/fizzbuzz_interfaces/share/fizzbuzz_interfaces/hook/cmake_prefix_path.dsv'
[2.579s] INFO:colcon.colcon_core.shell:Creating environment hook '/home/firefox/Ros_ws-BWSI/install/fizzbuzz_interfaces/share/fizzbuzz_interfaces/hook/cmake_prefix_path.sh'
[2.581s] Level 1:colcon.colcon_core.environment:checking '/home/firefox/Ros_ws-BWSI/install/fizzbuzz_interfaces/lib'
[2.581s] Level 1:colcon.colcon_core.shell:create_environment_hook('fizzbuzz_interfaces', 'ld_library_path_lib')
[2.582s] INFO:colcon.colcon_core.shell:Creating environment hook '/home/firefox/Ros_ws-BWSI/install/fizzbuzz_interfaces/share/fizzbuzz_interfaces/hook/ld_library_path_lib.ps1'
[2.584s] INFO:colcon.colcon_core.shell:Creating environment descriptor '/home/firefox/Ros_ws-BWSI/install/fizzbuzz_interfaces/share/fizzbuzz_interfaces/hook/ld_library_path_lib.dsv'
[2.588s] INFO:colcon.colcon_core.shell:Creating environment hook '/home/firefox/Ros_ws-BWSI/install/fizzbuzz_interfaces/share/fizzbuzz_interfaces/hook/ld_library_path_lib.sh'
[2.594s] Level 1:colcon.colcon_core.environment:checking '/home/firefox/Ros_ws-BWSI/install/fizzbuzz_interfaces/bin'
[2.595s] Level 1:colcon.colcon_core.environment:checking '/home/firefox/Ros_ws-BWSI/install/fizzbuzz_interfaces/lib/pkgconfig/fizzbuzz_interfaces.pc'
[2.595s] Level 1:colcon.colcon_core.environment:checking '/home/firefox/Ros_ws-BWSI/install/fizzbuzz_interfaces/lib/python3.12/site-packages'
[2.595s] Level 1:colcon.colcon_core.shell:create_environment_hook('fizzbuzz_interfaces', 'pythonpath')
[2.596s] INFO:colcon.colcon_core.shell:Creating environment hook '/home/firefox/Ros_ws-BWSI/install/fizzbuzz_interfaces/share/fizzbuzz_interfaces/hook/pythonpath.ps1'
[2.599s] INFO:colcon.colcon_core.shell:Creating environment descriptor '/home/firefox/Ros_ws-BWSI/install/fizzbuzz_interfaces/share/fizzbuzz_interfaces/hook/pythonpath.dsv'
[2.603s] INFO:colcon.colcon_core.shell:Creating environment hook '/home/firefox/Ros_ws-BWSI/install/fizzbuzz_interfaces/share/fizzbuzz_interfaces/hook/pythonpath.sh'
[2.608s] Level 1:colcon.colcon_core.environment:checking '/home/firefox/Ros_ws-BWSI/install/fizzbuzz_interfaces/bin'
[2.608s] INFO:colcon.colcon_core.shell:Creating package script '/home/firefox/Ros_ws-BWSI/install/fizzbuzz_interfaces/share/fizzbuzz_interfaces/package.ps1'
[2.610s] INFO:colcon.colcon_core.shell:Creating package descriptor '/home/firefox/Ros_ws-BWSI/install/fizzbuzz_interfaces/share/fizzbuzz_interfaces/package.dsv'
[2.611s] INFO:colcon.colcon_core.shell:Creating package script '/home/firefox/Ros_ws-BWSI/install/fizzbuzz_interfaces/share/fizzbuzz_interfaces/package.sh'
[2.612s] INFO:colcon.colcon_core.shell:Creating package script '/home/firefox/Ros_ws-BWSI/install/fizzbuzz_interfaces/share/fizzbuzz_interfaces/package.bash'
[2.613s] INFO:colcon.colcon_core.shell:Creating package script '/home/firefox/Ros_ws-BWSI/install/fizzbuzz_interfaces/share/fizzbuzz_interfaces/package.zsh'
[2.614s] Level 1:colcon.colcon_core.environment:create_file_with_runtime_dependencies(/home/firefox/Ros_ws-BWSI/install/fizzbuzz_interfaces/share/colcon-core/packages/fizzbuzz_interfaces)
[2.615s] Level 1:colcon.colcon_core.environment:create_environment_scripts_only(fizzbuzz_interfaces)
[2.616s] Level 1:colcon.colcon_core.environment:checking '/home/firefox/Ros_ws-BWSI/install/fizzbuzz_interfaces' for CMake module files
[2.617s] Level 1:colcon.colcon_core.environment:checking '/home/firefox/Ros_ws-BWSI/install/fizzbuzz_interfaces' for CMake config files
[2.618s] Level 1:colcon.colcon_core.shell:create_environment_hook('fizzbuzz_interfaces', 'cmake_prefix_path')
[2.618s] INFO:colcon.colcon_core.shell:Creating environment hook '/home/firefox/Ros_ws-BWSI/install/fizzbuzz_interfaces/share/fizzbuzz_interfaces/hook/cmake_prefix_path.ps1'
[2.628s] INFO:colcon.colcon_core.shell:Creating environment descriptor '/home/firefox/Ros_ws-BWSI/install/fizzbuzz_interfaces/share/fizzbuzz_interfaces/hook/cmake_prefix_path.dsv'
[2.632s] INFO:colcon.colcon_core.shell:Creating environment hook '/home/firefox/Ros_ws-BWSI/install/fizzbuzz_interfaces/share/fizzbuzz_interfaces/hook/cmake_prefix_path.sh'
[2.634s] Level 1:colcon.colcon_core.environment:checking '/home/firefox/Ros_ws-BWSI/install/fizzbuzz_interfaces/lib'
[2.634s] Level 1:colcon.colcon_core.shell:create_environment_hook('fizzbuzz_interfaces', 'ld_library_path_lib')
[2.634s] INFO:colcon.colcon_core.shell:Creating environment hook '/home/firefox/Ros_ws-BWSI/install/fizzbuzz_interfaces/share/fizzbuzz_interfaces/hook/ld_library_path_lib.ps1'
[2.642s] INFO:colcon.colcon_core.shell:Creating environment descriptor '/home/firefox/Ros_ws-BWSI/install/fizzbuzz_interfaces/share/fizzbuzz_interfaces/hook/ld_library_path_lib.dsv'
[2.646s] INFO:colcon.colcon_core.shell:Creating environment hook '/home/firefox/Ros_ws-BWSI/install/fizzbuzz_interfaces/share/fizzbuzz_interfaces/hook/ld_library_path_lib.sh'
[2.650s] Level 1:colcon.colcon_core.environment:checking '/home/firefox/Ros_ws-BWSI/install/fizzbuzz_interfaces/bin'
[2.650s] Level 1:colcon.colcon_core.environment:checking '/home/firefox/Ros_ws-BWSI/install/fizzbuzz_interfaces/lib/pkgconfig/fizzbuzz_interfaces.pc'
[2.650s] Level 1:colcon.colcon_core.environment:checking '/home/firefox/Ros_ws-BWSI/install/fizzbuzz_interfaces/lib/python3.12/site-packages'
[2.651s] Level 1:colcon.colcon_core.shell:create_environment_hook('fizzbuzz_interfaces', 'pythonpath')
[2.651s] INFO:colcon.colcon_core.shell:Creating environment hook '/home/firefox/Ros_ws-BWSI/install/fizzbuzz_interfaces/share/fizzbuzz_interfaces/hook/pythonpath.ps1'
[2.652s] INFO:colcon.colcon_core.shell:Creating environment descriptor '/home/firefox/Ros_ws-BWSI/install/fizzbuzz_interfaces/share/fizzbuzz_interfaces/hook/pythonpath.dsv'
[2.657s] INFO:colcon.colcon_core.shell:Creating environment hook '/home/firefox/Ros_ws-BWSI/install/fizzbuzz_interfaces/share/fizzbuzz_interfaces/hook/pythonpath.sh'
[2.662s] Level 1:colcon.colcon_core.environment:checking '/home/firefox/Ros_ws-BWSI/install/fizzbuzz_interfaces/bin'
[2.663s] INFO:colcon.colcon_core.shell:Creating package script '/home/firefox/Ros_ws-BWSI/install/fizzbuzz_interfaces/share/fizzbuzz_interfaces/package.ps1'
[2.665s] INFO:colcon.colcon_core.shell:Creating package descriptor '/home/firefox/Ros_ws-BWSI/install/fizzbuzz_interfaces/share/fizzbuzz_interfaces/package.dsv'
[2.670s] INFO:colcon.colcon_core.shell:Creating package script '/home/firefox/Ros_ws-BWSI/install/fizzbuzz_interfaces/share/fizzbuzz_interfaces/package.sh'
[2.672s] INFO:colcon.colcon_core.shell:Creating package script '/home/firefox/Ros_ws-BWSI/install/fizzbuzz_interfaces/share/fizzbuzz_interfaces/package.bash'
[2.677s] INFO:colcon.colcon_core.shell:Creating package script '/home/firefox/Ros_ws-BWSI/install/fizzbuzz_interfaces/share/fizzbuzz_interfaces/package.zsh'
[2.681s] Level 1:colcon.colcon_core.environment:create_file_with_runtime_dependencies(/home/firefox/Ros_ws-BWSI/install/fizzbuzz_interfaces/share/colcon-core/packages/fizzbuzz_interfaces)
[2.686s] INFO:colcon.colcon_ros.task.ament_python.build:Building ROS package in '/home/firefox/Ros_ws-BWSI/src/fizzbuzz' with build type 'ament_python'
[2.687s] Level 1:colcon.colcon_core.shell:create_environment_hook('fizzbuzz', 'ament_prefix_path')
[2.687s] INFO:colcon.colcon_core.shell:Creating environment hook '/home/firefox/Ros_ws-BWSI/install/fizzbuzz/share/fizzbuzz/hook/ament_prefix_path.ps1'
[2.695s] INFO:colcon.colcon_core.shell:Creating environment descriptor '/home/firefox/Ros_ws-BWSI/install/fizzbuzz/share/fizzbuzz/hook/ament_prefix_path.dsv'
[2.699s] INFO:colcon.colcon_core.shell:Creating environment hook '/home/firefox/Ros_ws-BWSI/install/fizzbuzz/share/fizzbuzz/hook/ament_prefix_path.sh'
[2.702s] INFO:colcon.colcon_core.shell:Skip shell extension 'powershell' for command environment: Not usable outside of PowerShell
[2.702s] DEBUG:colcon.colcon_core.shell:Skip shell extension 'dsv' for command environment
[3.293s] INFO:colcon.colcon_core.task.python.build:Building Python package in '/home/firefox/Ros_ws-BWSI/src/fizzbuzz'
[3.294s] INFO:colcon.colcon_core.shell:Skip shell extension 'powershell' for command environment: Not usable outside of PowerShell
[3.294s] DEBUG:colcon.colcon_core.shell:Skip shell extension 'dsv' for command environment
[4.110s] DEBUG:colcon.colcon_core.event_handler.log_command:Invoking command in '/home/firefox/Ros_ws-BWSI/src/drone': DEBUGINFOD_URLS=https://debuginfod.ubuntu.com PYTHONPATH=/home/firefox/Ros_ws-BWSI/build/drone/prefix_override:/usr/lib/python3/dist-packages/colcon_core/task/python/colcon_distutils_commands:/home/firefox/Ros_ws-BWSI/install/drone/lib/python3.12/site-packages:${PYTHONPATH} /usr/bin/python3 -W ignore:setup.py install is deprecated -W ignore:easy_install command is deprecated setup.py egg_info --egg-base ../../build/drone build --build-base /home/firefox/Ros_ws-BWSI/build/drone/build install --record /home/firefox/Ros_ws-BWSI/build/drone/install.log --single-version-externally-managed install_data
[4.119s] DEBUG:colcon.colcon_core.event_handler.log_command:Invoking command in '/home/firefox/Ros_ws-BWSI/src/pet': DEBUGINFOD_URLS=https://debuginfod.ubuntu.com PYTHONPATH=/home/firefox/Ros_ws-BWSI/build/pet/prefix_override:/usr/lib/python3/dist-packages/colcon_core/task/python/colcon_distutils_commands:/home/firefox/Ros_ws-BWSI/install/pet/lib/python3.12/site-packages:${PYTHONPATH} /usr/bin/python3 -W ignore:setup.py install is deprecated -W ignore:easy_install command is deprecated setup.py egg_info --egg-base ../../build/pet build --build-base /home/firefox/Ros_ws-BWSI/build/pet/build install --record /home/firefox/Ros_ws-BWSI/build/pet/install.log --single-version-externally-managed install_data
[4.323s] DEBUG:colcon.colcon_core.event_handler.log_command:Invoking command in '/home/firefox/Ros_ws-BWSI/src/turtle_tag_game': DEBUGINFOD_URLS=https://debuginfod.ubuntu.com PYTHONPATH=/home/firefox/Ros_ws-BWSI/build/turtle_tag_game/prefix_override:/usr/lib/python3/dist-packages/colcon_core/task/python/colcon_distutils_commands:/home/firefox/Ros_ws-BWSI/install/turtle_tag_game/lib/python3.12/site-packages:${PYTHONPATH} /usr/bin/python3 -W ignore:setup.py install is deprecated -W ignore:easy_install command is deprecated setup.py egg_info --egg-base ../../build/turtle_tag_game build --build-base /home/firefox/Ros_ws-BWSI/build/turtle_tag_game/build install --record /home/firefox/Ros_ws-BWSI/build/turtle_tag_game/install.log --single-version-externally-managed install_data
[4.881s] DEBUG:colcon.colcon_core.event_handler.log_command:Invoking command in '/home/firefox/Ros_ws-BWSI/src/fizzbuzz': DEBUGINFOD_URLS=https://debuginfod.ubuntu.com PYTHONPATH=/home/firefox/Ros_ws-BWSI/build/fizzbuzz/prefix_override:/usr/lib/python3/dist-packages/colcon_core/task/python/colcon_distutils_commands:/home/firefox/Ros_ws-BWSI/install/fizzbuzz/lib/python3.12/site-packages:/home/firefox/Ros_ws-BWSI/install/fizzbuzz_interfaces/lib/python3.12/site-packages:/home/firefox/Ros_ws-BWSI/install/turtle_tag_game/lib/python3.12/site-packages:/home/firefox/Ros_ws-BWSI/install/pet/lib/python3.12/site-packages:/home/firefox/Ros_ws-BWSI/install/fizzbuzz/lib/python3.12/site-packages:/home/firefox/Ros_ws-BWSI/install/drone/lib/python3.12/site-packages:/home/firefox/camera_ws/install/uav/lib/python3.12/site-packages:/home/firefox/camera_ws/install/libcamera/lib/python3.12/site-packages:/opt/ros/jazzy/lib/python3.12/site-packages /usr/bin/python3 -W ignore:setup.py install is deprecated -W ignore:easy_install command is deprecated setup.py egg_info --egg-base ../../build/fizzbuzz build --build-base /home/firefox/Ros_ws-BWSI/build/fizzbuzz/build install --record /home/firefox/Ros_ws-BWSI/build/fizzbuzz/install.log --single-version-externally-managed install_data
[5.538s] Level 1:colcon.colcon_core.environment:checking '/home/firefox/Ros_ws-BWSI/install/pet' for CMake module files
[5.543s] Level 1:colcon.colcon_core.environment:checking '/home/firefox/Ros_ws-BWSI/install/pet' for CMake config files
[5.540s] DEBUG:colcon.colcon_core.event_handler.log_command:Invoked command in '/home/firefox/Ros_ws-BWSI/src/pet' returned '0': DEBUGINFOD_URLS=https://debuginfod.ubuntu.com PYTHONPATH=/home/firefox/Ros_ws-BWSI/build/pet/prefix_override:/usr/lib/python3/dist-packages/colcon_core/task/python/colcon_distutils_commands:/home/firefox/Ros_ws-BWSI/install/pet/lib/python3.12/site-packages:${PYTHONPATH} /usr/bin/python3 -W ignore:setup.py install is deprecated -W ignore:easy_install command is deprecated setup.py egg_info --egg-base ../../build/pet build --build-base /home/firefox/Ros_ws-BWSI/build/pet/build install --record /home/firefox/Ros_ws-BWSI/build/pet/install.log --single-version-externally-managed install_data
[5.545s] Level 1:colcon.colcon_core.environment:checking '/home/firefox/Ros_ws-BWSI/install/pet/lib'
[5.545s] Level 1:colcon.colcon_core.environment:checking '/home/firefox/Ros_ws-BWSI/install/pet/bin'
[5.546s] Level 1:colcon.colcon_core.environment:checking '/home/firefox/Ros_ws-BWSI/install/pet/lib/pkgconfig/pet.pc'
[5.547s] Level 1:colcon.colcon_core.environment:checking '/home/firefox/Ros_ws-BWSI/install/pet/lib/python3.12/site-packages'
[5.547s] Level 1:colcon.colcon_core.shell:create_environment_hook('pet', 'pythonpath')
[5.548s] INFO:colcon.colcon_core.shell:Creating environment hook '/home/firefox/Ros_ws-BWSI/install/pet/share/pet/hook/pythonpath.ps1'
[5.549s] INFO:colcon.colcon_core.shell:Creating environment descriptor '/home/firefox/Ros_ws-BWSI/install/pet/share/pet/hook/pythonpath.dsv'
[5.552s] INFO:colcon.colcon_core.shell:Creating environment hook '/home/firefox/Ros_ws-BWSI/install/pet/share/pet/hook/pythonpath.sh'
[5.553s] Level 1:colcon.colcon_core.environment:checking '/home/firefox/Ros_ws-BWSI/install/pet/bin'
[5.555s] Level 1:colcon.colcon_core.environment:create_environment_scripts_only(pet)
[5.556s] INFO:colcon.colcon_core.shell:Creating package script '/home/firefox/Ros_ws-BWSI/install/pet/share/pet/package.ps1'
[5.558s] INFO:colcon.colcon_core.shell:Creating package descriptor '/home/firefox/Ros_ws-BWSI/install/pet/share/pet/package.dsv'
[5.559s] INFO:colcon.colcon_core.shell:Creating package script '/home/firefox/Ros_ws-BWSI/install/pet/share/pet/package.sh'
[5.560s] INFO:colcon.colcon_core.shell:Creating package script '/home/firefox/Ros_ws-BWSI/install/pet/share/pet/package.bash'
[5.562s] INFO:colcon.colcon_core.shell:Creating package script '/home/firefox/Ros_ws-BWSI/install/pet/share/pet/package.zsh'
[5.568s] Level 1:colcon.colcon_core.environment:create_file_with_runtime_dependencies(/home/firefox/Ros_ws-BWSI/install/pet/share/colcon-core/packages/pet)
[5.640s] Level 1:colcon.colcon_core.environment:checking '/home/firefox/Ros_ws-BWSI/install/drone' for CMake module files
[5.641s] Level 1:colcon.colcon_core.environment:checking '/home/firefox/Ros_ws-BWSI/install/drone' for CMake config files
[5.642s] Level 1:colcon.colcon_core.environment:checking '/home/firefox/Ros_ws-BWSI/install/drone/lib'
[5.642s] Level 1:colcon.colcon_core.environment:checking '/home/firefox/Ros_ws-BWSI/install/drone/bin'
[5.642s] Level 1:colcon.colcon_core.environment:checking '/home/firefox/Ros_ws-BWSI/install/drone/lib/pkgconfig/drone.pc'
[5.642s] Level 1:colcon.colcon_core.environment:checking '/home/firefox/Ros_ws-BWSI/install/drone/lib/python3.12/site-packages'
[5.640s] DEBUG:colcon.colcon_core.event_handler.log_command:Invoked command in '/home/firefox/Ros_ws-BWSI/src/drone' returned '0': DEBUGINFOD_URLS=https://debuginfod.ubuntu.com PYTHONPATH=/home/firefox/Ros_ws-BWSI/build/drone/prefix_override:/usr/lib/python3/dist-packages/colcon_core/task/python/colcon_distutils_commands:/home/firefox/Ros_ws-BWSI/install/drone/lib/python3.12/site-packages:${PYTHONPATH} /usr/bin/python3 -W ignore:setup.py install is deprecated -W ignore:easy_install command is deprecated setup.py egg_info --egg-base ../../build/drone build --build-base /home/firefox/Ros_ws-BWSI/build/drone/build install --record /home/firefox/Ros_ws-BWSI/build/drone/install.log --single-version-externally-managed install_data
[5.643s] Level 1:colcon.colcon_core.shell:create_environment_hook('drone', 'pythonpath')
[5.643s] INFO:colcon.colcon_core.shell:Creating environment hook '/home/firefox/Ros_ws-BWSI/install/drone/share/drone/hook/pythonpath.ps1'
[5.649s] INFO:colcon.colcon_core.shell:Creating environment descriptor '/home/firefox/Ros_ws-BWSI/install/drone/share/drone/hook/pythonpath.dsv'
[5.650s] INFO:colcon.colcon_core.shell:Creating environment hook '/home/firefox/Ros_ws-BWSI/install/drone/share/drone/hook/pythonpath.sh'
[5.655s] Level 1:colcon.colcon_core.environment:checking '/home/firefox/Ros_ws-BWSI/install/drone/bin'
[5.655s] Level 1:colcon.colcon_core.environment:create_environment_scripts_only(drone)
[5.655s] INFO:colcon.colcon_core.shell:Creating package script '/home/firefox/Ros_ws-BWSI/install/drone/share/drone/package.ps1'
[5.657s] INFO:colcon.colcon_core.shell:Creating package descriptor '/home/firefox/Ros_ws-BWSI/install/drone/share/drone/package.dsv'
[5.662s] INFO:colcon.colcon_core.shell:Creating package script '/home/firefox/Ros_ws-BWSI/install/drone/share/drone/package.sh'
[5.666s] INFO:colcon.colcon_core.shell:Creating package script '/home/firefox/Ros_ws-BWSI/install/drone/share/drone/package.bash'
[5.670s] INFO:colcon.colcon_core.shell:Creating package script '/home/firefox/Ros_ws-BWSI/install/drone/share/drone/package.zsh'
[5.671s] Level 1:colcon.colcon_core.environment:create_file_with_runtime_dependencies(/home/firefox/Ros_ws-BWSI/install/drone/share/colcon-core/packages/drone)
[5.814s] Level 1:colcon.colcon_core.environment:checking '/home/firefox/Ros_ws-BWSI/install/turtle_tag_game' for CMake module files
[5.815s] DEBUG:colcon.colcon_core.event_handler.log_command:Invoked command in '/home/firefox/Ros_ws-BWSI/src/turtle_tag_game' returned '0': DEBUGINFOD_URLS=https://debuginfod.ubuntu.com PYTHONPATH=/home/firefox/Ros_ws-BWSI/build/turtle_tag_game/prefix_override:/usr/lib/python3/dist-packages/colcon_core/task/python/colcon_distutils_commands:/home/firefox/Ros_ws-BWSI/install/turtle_tag_game/lib/python3.12/site-packages:${PYTHONPATH} /usr/bin/python3 -W ignore:setup.py install is deprecated -W ignore:easy_install command is deprecated setup.py egg_info --egg-base ../../build/turtle_tag_game build --build-base /home/firefox/Ros_ws-BWSI/build/turtle_tag_game/build install --record /home/firefox/Ros_ws-BWSI/build/turtle_tag_game/install.log --single-version-externally-managed install_data
[5.815s] Level 1:colcon.colcon_core.environment:checking '/home/firefox/Ros_ws-BWSI/install/turtle_tag_game' for CMake config files
[5.816s] Level 1:colcon.colcon_core.environment:checking '/home/firefox/Ros_ws-BWSI/install/turtle_tag_game/lib'
[5.816s] Level 1:colcon.colcon_core.environment:checking '/home/firefox/Ros_ws-BWSI/install/turtle_tag_game/bin'
[5.816s] Level 1:colcon.colcon_core.environment:checking '/home/firefox/Ros_ws-BWSI/install/turtle_tag_game/lib/pkgconfig/turtle_tag_game.pc'
[5.816s] Level 1:colcon.colcon_core.environment:checking '/home/firefox/Ros_ws-BWSI/install/turtle_tag_game/lib/python3.12/site-packages'
[5.817s] Level 1:colcon.colcon_core.shell:create_environment_hook('turtle_tag_game', 'pythonpath')
[5.817s] INFO:colcon.colcon_core.shell:Creating environment hook '/home/firefox/Ros_ws-BWSI/install/turtle_tag_game/share/turtle_tag_game/hook/pythonpath.ps1'
[5.818s] INFO:colcon.colcon_core.shell:Creating environment descriptor '/home/firefox/Ros_ws-BWSI/install/turtle_tag_game/share/turtle_tag_game/hook/pythonpath.dsv'
[5.819s] INFO:colcon.colcon_core.shell:Creating environment hook '/home/firefox/Ros_ws-BWSI/install/turtle_tag_game/share/turtle_tag_game/hook/pythonpath.sh'
[5.823s] Level 1:colcon.colcon_core.environment:checking '/home/firefox/Ros_ws-BWSI/install/turtle_tag_game/bin'
[5.824s] Level 1:colcon.colcon_core.environment:create_environment_scripts_only(turtle_tag_game)
[5.824s] INFO:colcon.colcon_core.shell:Creating package script '/home/firefox/Ros_ws-BWSI/install/turtle_tag_game/share/turtle_tag_game/package.ps1'
[5.827s] INFO:colcon.colcon_core.shell:Creating package descriptor '/home/firefox/Ros_ws-BWSI/install/turtle_tag_game/share/turtle_tag_game/package.dsv'
[5.831s] INFO:colcon.colcon_core.shell:Creating package script '/home/firefox/Ros_ws-BWSI/install/turtle_tag_game/share/turtle_tag_game/package.sh'
[5.832s] INFO:colcon.colcon_core.shell:Creating package script '/home/firefox/Ros_ws-BWSI/install/turtle_tag_game/share/turtle_tag_game/package.bash'
[5.836s] INFO:colcon.colcon_core.shell:Creating package script '/home/firefox/Ros_ws-BWSI/install/turtle_tag_game/share/turtle_tag_game/package.zsh'
[5.840s] Level 1:colcon.colcon_core.environment:create_file_with_runtime_dependencies(/home/firefox/Ros_ws-BWSI/install/turtle_tag_game/share/colcon-core/packages/turtle_tag_game)
[6.109s] Level 1:colcon.colcon_core.environment:checking '/home/firefox/Ros_ws-BWSI/install/fizzbuzz' for CMake module files
[6.110s] DEBUG:colcon.colcon_core.event_handler.log_command:Invoked command in '/home/firefox/Ros_ws-BWSI/src/fizzbuzz' returned '0': DEBUGINFOD_URLS=https://debuginfod.ubuntu.com PYTHONPATH=/home/firefox/Ros_ws-BWSI/build/fizzbuzz/prefix_override:/usr/lib/python3/dist-packages/colcon_core/task/python/colcon_distutils_commands:/home/firefox/Ros_ws-BWSI/install/fizzbuzz/lib/python3.12/site-packages:/home/firefox/Ros_ws-BWSI/install/fizzbuzz_interfaces/lib/python3.12/site-packages:/home/firefox/Ros_ws-BWSI/install/turtle_tag_game/lib/python3.12/site-packages:/home/firefox/Ros_ws-BWSI/install/pet/lib/python3.12/site-packages:/home/firefox/Ros_ws-BWSI/install/fizzbuzz/lib/python3.12/site-packages:/home/firefox/Ros_ws-BWSI/install/drone/lib/python3.12/site-packages:/home/firefox/camera_ws/install/uav/lib/python3.12/site-packages:/home/firefox/camera_ws/install/libcamera/lib/python3.12/site-packages:/opt/ros/jazzy/lib/python3.12/site-packages /usr/bin/python3 -W ignore:setup.py install is deprecated -W ignore:easy_install command is deprecated setup.py egg_info --egg-base ../../build/fizzbuzz build --build-base /home/firefox/Ros_ws-BWSI/build/fizzbuzz/build install --record /home/firefox/Ros_ws-BWSI/build/fizzbuzz/install.log --single-version-externally-managed install_data
[6.110s] Level 1:colcon.colcon_core.environment:checking '/home/firefox/Ros_ws-BWSI/install/fizzbuzz' for CMake config files
[6.111s] Level 1:colcon.colcon_core.environment:checking '/home/firefox/Ros_ws-BWSI/install/fizzbuzz/lib'
[6.111s] Level 1:colcon.colcon_core.environment:checking '/home/firefox/Ros_ws-BWSI/install/fizzbuzz/bin'
[6.111s] Level 1:colcon.colcon_core.environment:checking '/home/firefox/Ros_ws-BWSI/install/fizzbuzz/lib/pkgconfig/fizzbuzz.pc'
[6.111s] Level 1:colcon.colcon_core.environment:checking '/home/firefox/Ros_ws-BWSI/install/fizzbuzz/lib/python3.12/site-packages'
[6.112s] Level 1:colcon.colcon_core.shell:create_environment_hook('fizzbuzz', 'pythonpath')
[6.112s] INFO:colcon.colcon_core.shell:Creating environment hook '/home/firefox/Ros_ws-BWSI/install/fizzbuzz/share/fizzbuzz/hook/pythonpath.ps1'
[6.113s] INFO:colcon.colcon_core.shell:Creating environment descriptor '/home/firefox/Ros_ws-BWSI/install/fizzbuzz/share/fizzbuzz/hook/pythonpath.dsv'
[6.117s] INFO:colcon.colcon_core.shell:Creating environment hook '/home/firefox/Ros_ws-BWSI/install/fizzbuzz/share/fizzbuzz/hook/pythonpath.sh'
[6.121s] Level 1:colcon.colcon_core.environment:checking '/home/firefox/Ros_ws-BWSI/install/fizzbuzz/bin'
[6.121s] Level 1:colcon.colcon_core.environment:create_environment_scripts_only(fizzbuzz)
[6.122s] INFO:colcon.colcon_core.shell:Creating package script '/home/firefox/Ros_ws-BWSI/install/fizzbuzz/share/fizzbuzz/package.ps1'
[6.125s] INFO:colcon.colcon_core.shell:Creating package descriptor '/home/firefox/Ros_ws-BWSI/install/fizzbuzz/share/fizzbuzz/package.dsv'
[6.128s] INFO:colcon.colcon_core.shell:Creating package script '/home/firefox/Ros_ws-BWSI/install/fizzbuzz/share/fizzbuzz/package.sh'
[6.131s] INFO:colcon.colcon_core.shell:Creating package script '/home/firefox/Ros_ws-BWSI/install/fizzbuzz/share/fizzbuzz/package.bash'
[6.135s] INFO:colcon.colcon_core.shell:Creating package script '/home/firefox/Ros_ws-BWSI/install/fizzbuzz/share/fizzbuzz/package.zsh'
[6.139s] Level 1:colcon.colcon_core.environment:create_file_with_runtime_dependencies(/home/firefox/Ros_ws-BWSI/install/fizzbuzz/share/colcon-core/packages/fizzbuzz)
[6.143s] DEBUG:colcon.colcon_parallel_executor.executor.parallel:closing loop
[6.144s] DEBUG:colcon.colcon_parallel_executor.executor.parallel:loop closed
[6.144s] DEBUG:colcon.colcon_parallel_executor.executor.parallel:run_until_complete finished with '0'
[6.145s] DEBUG:colcon.colcon_core.event_reactor:joining thread
[6.167s] INFO:colcon.colcon_core.plugin_system:Skipping extension 'colcon_notification.desktop_notification.terminal_notifier': Not used on non-Darwin systems
[6.168s] INFO:colcon.colcon_core.plugin_system:Skipping extension 'colcon_notification.desktop_notification.win32': Not used on non-Windows systems
[6.168s] INFO:colcon.colcon_notification.desktop_notification:Sending desktop notification using 'notify2'
[6.201s] DEBUG:colcon.colcon_core.event_reactor:joined thread
[6.201s] INFO:colcon.colcon_core.shell:Creating prefix script '/home/firefox/Ros_ws-BWSI/install/local_setup.ps1'
[6.203s] INFO:colcon.colcon_core.shell:Creating prefix util module '/home/firefox/Ros_ws-BWSI/install/_local_setup_util_ps1.py'
[6.204s] INFO:colcon.colcon_core.shell:Creating prefix chain script '/home/firefox/Ros_ws-BWSI/install/setup.ps1'
[6.206s] INFO:colcon.colcon_core.shell:Creating prefix script '/home/firefox/Ros_ws-BWSI/install/local_setup.sh'
[6.207s] INFO:colcon.colcon_core.shell:Creating prefix util module '/home/firefox/Ros_ws-BWSI/install/_local_setup_util_sh.py'
[6.208s] INFO:colcon.colcon_core.shell:Creating prefix chain script '/home/firefox/Ros_ws-BWSI/install/setup.sh'
[6.213s] INFO:colcon.colcon_core.shell:Creating prefix script '/home/firefox/Ros_ws-BWSI/install/local_setup.bash'
[6.214s] INFO:colcon.colcon_core.shell:Creating prefix chain script '/home/firefox/Ros_ws-BWSI/install/setup.bash'
[6.218s] INFO:colcon.colcon_core.shell:Creating prefix script '/home/firefox/Ros_ws-BWSI/install/local_setup.zsh'
[6.223s] INFO:colcon.colcon_core.shell:Creating prefix chain script '/home/firefox/Ros_ws-BWSI/install/setup.zsh'
