[  2%] Built target fizzbuzz_interfaces__rosidl_generator_type_description
[  2%] Built target ament_cmake_python_symlink_fizzbuzz_interfaces
[ 17%] Built target fizzbuzz_interfaces__rosidl_generator_c
running egg_info
writing fizzbuzz_interfaces.egg-info/PKG-INFO
writing dependency_links to fizzbuzz_interfaces.egg-info/dependency_links.txt
writing top-level names to fizzbuzz_interfaces.egg-info/top_level.txt
reading manifest file 'fizzbuzz_interfaces.egg-info/SOURCES.txt'
writing manifest file 'fizzbuzz_interfaces.egg-info/SOURCES.txt'
[ 17%] Built target ament_cmake_python_build_fizzbuzz_interfaces_egg
[ 26%] Built target fizzbuzz_interfaces__rosidl_typesupport_c
[ 35%] Built target fizzbuzz_interfaces__rosidl_typesupport_fastrtps_c
[ 44%] Built target fizzbuzz_interfaces__rosidl_typesupport_introspection_c
[ 47%] Built target fizzbuzz_interfaces__cpp
[ 55%] Built target fizzbuzz_interfaces__rosidl_typesupport_fastrtps_cpp
[ 64%] Built target fizzbuzz_interfaces__rosidl_typesupport_cpp
[ 73%] Built target fizzbuzz_interfaces__rosidl_typesupport_introspection_cpp
[ 73%] Built target fizzbuzz_interfaces
[ 76%] Built target fizzbuzz_interfaces__py
[ 79%] [32mBuilding C object CMakeFiles/fizzbuzz_interfaces__rosidl_generator_py.dir/rosidl_generator_py/fizzbuzz_interfaces/msg/_fizz_buzz_s.c.o[0m
