running egg_info
creating ../../build/fizzbuzz/fizzbuzz.egg-info
writing ../../build/fizzbuzz/fizzbuzz.egg-info/PKG-INFO
writing dependency_links to ../../build/fizzbuzz/fizzbuzz.egg-info/dependency_links.txt
writing entry points to ../../build/fizzbuzz/fizzbuzz.egg-info/entry_points.txt
writing requirements to ../../build/fizzbuzz/fizzbuzz.egg-info/requires.txt
writing top-level names to ../../build/fizzbuzz/fizzbuzz.egg-info/top_level.txt
writing manifest file '../../build/fizzbuzz/fizzbuzz.egg-info/SOURCES.txt'
reading manifest file '../../build/fizzbuzz/fizzbuzz.egg-info/SOURCES.txt'
writing manifest file '../../build/fizzbuzz/fizzbuzz.egg-info/SOURCES.txt'
running build
running build_py
creating /home/firefox/Ros_ws-BWSI/build/fizzbuzz/build
creating /home/firefox/Ros_ws-BWSI/build/fizzbuzz/build/lib
creating /home/firefox/Ros_ws-BWSI/build/fizzbuzz/build/lib/fizzbuzz
copying fizzbuzz/number_publisher.py -> /home/firefox/Ros_ws-BWSI/build/fizzbuzz/build/lib/fizzbuzz
copying fizzbuzz/__init__.py -> /home/firefox/Ros_ws-BWSI/build/fizzbuzz/build/lib/fizzbuzz
copying fizzbuzz/fizzbuzz_subscriber.py -> /home/firefox/Ros_ws-BWSI/build/fizzbuzz/build/lib/fizzbuzz
running install
running install_lib
creating /home/firefox/Ros_ws-BWSI/install/fizzbuzz/lib/python3.12/site-packages/fizzbuzz
copying /home/firefox/Ros_ws-BWSI/build/fizzbuzz/build/lib/fizzbuzz/number_publisher.py -> /home/firefox/Ros_ws-BWSI/install/fizzbuzz/lib/python3.12/site-packages/fizzbuzz
copying /home/firefox/Ros_ws-BWSI/build/fizzbuzz/build/lib/fizzbuzz/__init__.py -> /home/firefox/Ros_ws-BWSI/install/fizzbuzz/lib/python3.12/site-packages/fizzbuzz
copying /home/firefox/Ros_ws-BWSI/build/fizzbuzz/build/lib/fizzbuzz/fizzbuzz_subscriber.py -> /home/firefox/Ros_ws-BWSI/install/fizzbuzz/lib/python3.12/site-packages/fizzbuzz
byte-compiling /home/firefox/Ros_ws-BWSI/install/fizzbuzz/lib/python3.12/site-packages/fizzbuzz/number_publisher.py to number_publisher.cpython-312.pyc
byte-compiling /home/firefox/Ros_ws-BWSI/install/fizzbuzz/lib/python3.12/site-packages/fizzbuzz/__init__.py to __init__.cpython-312.pyc
byte-compiling /home/firefox/Ros_ws-BWSI/install/fizzbuzz/lib/python3.12/site-packages/fizzbuzz/fizzbuzz_subscriber.py to fizzbuzz_subscriber.cpython-312.pyc
running install_data
creating /home/firefox/Ros_ws-BWSI/install/fizzbuzz/share/ament_index
creating /home/firefox/Ros_ws-BWSI/install/fizzbuzz/share/ament_index/resource_index
creating /home/firefox/Ros_ws-BWSI/install/fizzbuzz/share/ament_index/resource_index/packages
copying resource/fizzbuzz -> /home/firefox/Ros_ws-BWSI/install/fizzbuzz/share/ament_index/resource_index/packages
copying package.xml -> /home/firefox/Ros_ws-BWSI/install/fizzbuzz/share/fizzbuzz
creating /home/firefox/Ros_ws-BWSI/install/fizzbuzz/share/fizzbuzz/launch
running install_egg_info
Copying ../../build/fizzbuzz/fizzbuzz.egg-info to /home/firefox/Ros_ws-BWSI/install/fizzbuzz/lib/python3.12/site-packages/fizzbuzz-0.0.0-py3.12.egg-info
running install_scripts
Installing fizzbuzz_subscriber script to /home/firefox/Ros_ws-BWSI/install/fizzbuzz/lib/fizzbuzz
Installing number_publisher script to /home/firefox/Ros_ws-BWSI/install/fizzbuzz/lib/fizzbuzz
writing list of installed files to '/home/firefox/Ros_ws-BWSI/build/fizzbuzz/install.log'
