[0.023s] Invoking command in '/home/pranav/ros2_ws/build/fizzbuzz_interfaces': CMAKE_PREFIX_PATH=${CMAKE_PREFIX_PATH}:/home/pranav/ros2_ws/install/turtle_tag_game:/home/pranav/ros2_ws/install/pet:/home/pranav/ros2_ws/install/fizzbuzz:/home/pranav/ros2_ws/install/drone:/opt/ros/jazzy CONDA_PROMPT_MODIFIER=(base) DEBUGINFOD_URLS=https://debuginfod.ubuntu.com PS1=(base) \[\e]0;\u@\h: \w\a\]${debian_chroot:+($debian_chroot)}\[\033[01;32m\]\u@\h\[\033[00m\]:\[\033[01;34m\]\w\[\033[00m\]\$ /usr/bin/cmake --build /home/pranav/ros2_ws/build/fizzbuzz_interfaces -- -j4 -l4
[0.315s] [01m[K/home/pranav/ros2_ws/build/fizzbuzz_interfaces/rosidl_generator_py/fizzbuzz_interfaces/msg/_fizz_buzz_s.c:11:10:[m[K [01;31m[Kfatal error: [m[Knumpy/ndarrayobject.h: No such file or directory
[0.315s]    11 | #include [01;31m[K"numpy/ndarrayobject.h"[m[K
[0.316s]       |          [01;31m[K^~~~~~~~~~~~~~~~~~~~~~~[m[K
[0.316s] compilation terminated.
[0.316s] gmake[2]: *** [CMakeFiles/fizzbuzz_interfaces__rosidl_generator_py.dir/build.make:76: CMakeFiles/fizzbuzz_interfaces__rosidl_generator_py.dir/rosidl_generator_py/fizzbuzz_interfaces/msg/_fizz_buzz_s.c.o] Error 1
[0.316s] gmake[1]: *** [CMakeFiles/Makefile2:506: CMakeFiles/fizzbuzz_interfaces__rosidl_generator_py.dir/all] Error 2
[0.316s] gmake[1]: *** Waiting for unfinished jobs....
[0.316s] gmake: *** [Makefile:146: all] Error 2
[0.316s] [  2%] Built target fizzbuzz_interfaces__rosidl_generator_type_description
[0.316s] [  2%] Built target ament_cmake_python_symlink_fizzbuzz_interfaces
[0.316s] [ 17%] Built target fizzbuzz_interfaces__rosidl_generator_c
[0.316s] [ 20%] Built target fizzbuzz_interfaces__cpp
[0.316s] [ 29%] Built target fizzbuzz_interfaces__rosidl_typesupport_c
[0.316s] [ 38%] Built target fizzbuzz_interfaces__rosidl_typesupport_introspection_c
[0.316s] [ 47%] Built target fizzbuzz_interfaces__rosidl_typesupport_introspection_cpp
[0.316s] [ 55%] Built target fizzbuzz_interfaces__rosidl_typesupport_cpp
[0.316s] [ 64%] Built target fizzbuzz_interfaces__rosidl_typesupport_fastrtps_c
[0.316s] [ 73%] Built target fizzbuzz_interfaces__rosidl_typesupport_fastrtps_cpp
[0.316s] [ 73%] Built target fizzbuzz_interfaces
[0.317s] [ 76%] Built target fizzbuzz_interfaces__py
[0.317s] [ 79%] [32mBuilding C object CMakeFiles/fizzbuzz_interfaces__rosidl_generator_py.dir/rosidl_generator_py/fizzbuzz_interfaces/msg/_fizz_buzz_s.c.o[0m
[0.317s] running egg_info
[0.317s] writing fizzbuzz_interfaces.egg-info/PKG-INFO
[0.317s] writing dependency_links to fizzbuzz_interfaces.egg-info/dependency_links.txt
[0.317s] writing top-level names to fizzbuzz_interfaces.egg-info/top_level.txt
[0.317s] reading manifest file 'fizzbuzz_interfaces.egg-info/SOURCES.txt'
[0.317s] writing manifest file 'fizzbuzz_interfaces.egg-info/SOURCES.txt'
[0.317s] [ 79%] Built target ament_cmake_python_build_fizzbuzz_interfaces_egg
[0.435s] Invoked command in '/home/pranav/ros2_ws/build/fizzbuzz_interfaces' returned '2': CMAKE_PREFIX_PATH=${CMAKE_PREFIX_PATH}:/home/pranav/ros2_ws/install/turtle_tag_game:/home/pranav/ros2_ws/install/pet:/home/pranav/ros2_ws/install/fizzbuzz:/home/pranav/ros2_ws/install/drone:/opt/ros/jazzy CONDA_PROMPT_MODIFIER=(base) DEBUGINFOD_URLS=https://debuginfod.ubuntu.com PS1=(base) \[\e]0;\u@\h: \w\a\]${debian_chroot:+($debian_chroot)}\[\033[01;32m\]\u@\h\[\033[00m\]:\[\033[01;34m\]\w\[\033[00m\]\$ /usr/bin/cmake --build /home/pranav/ros2_ws/build/fizzbuzz_interfaces -- -j4 -l4
