running egg_info
creating ../../build/pet/pet.egg-info
writing ../../build/pet/pet.egg-info/PKG-INFO
writing dependency_links to ../../build/pet/pet.egg-info/dependency_links.txt
writing entry points to ../../build/pet/pet.egg-info/entry_points.txt
writing requirements to ../../build/pet/pet.egg-info/requires.txt
writing top-level names to ../../build/pet/pet.egg-info/top_level.txt
writing manifest file '../../build/pet/pet.egg-info/SOURCES.txt'
reading manifest file '../../build/pet/pet.egg-info/SOURCES.txt'
writing manifest file '../../build/pet/pet.egg-info/SOURCES.txt'
running build
running build_py
creating /home/firefox/Ros_ws-BWSI/build/pet/build
creating /home/firefox/Ros_ws-BWSI/build/pet/build/lib
creating /home/firefox/Ros_ws-BWSI/build/pet/build/lib/pet
copying pet/turtle_controller.py -> /home/firefox/Ros_ws-BWSI/build/pet/build/lib/pet
copying pet/__init__.py -> /home/firefox/Ros_ws-BWSI/build/pet/build/lib/pet
copying pet/pose_subscriber.py -> /home/firefox/Ros_ws-BWSI/build/pet/build/lib/pet
running install
running install_lib
creating /home/firefox/Ros_ws-BWSI/install/pet/lib/python3.12/site-packages/pet
copying /home/firefox/Ros_ws-BWSI/build/pet/build/lib/pet/turtle_controller.py -> /home/firefox/Ros_ws-BWSI/install/pet/lib/python3.12/site-packages/pet
copying /home/firefox/Ros_ws-BWSI/build/pet/build/lib/pet/__init__.py -> /home/firefox/Ros_ws-BWSI/install/pet/lib/python3.12/site-packages/pet
copying /home/firefox/Ros_ws-BWSI/build/pet/build/lib/pet/pose_subscriber.py -> /home/firefox/Ros_ws-BWSI/install/pet/lib/python3.12/site-packages/pet
byte-compiling /home/firefox/Ros_ws-BWSI/install/pet/lib/python3.12/site-packages/pet/turtle_controller.py to turtle_controller.cpython-312.pyc
byte-compiling /home/firefox/Ros_ws-BWSI/install/pet/lib/python3.12/site-packages/pet/__init__.py to __init__.cpython-312.pyc
byte-compiling /home/firefox/Ros_ws-BWSI/install/pet/lib/python3.12/site-packages/pet/pose_subscriber.py to pose_subscriber.cpython-312.pyc
running install_data
creating /home/firefox/Ros_ws-BWSI/install/pet/share/ament_index
creating /home/firefox/Ros_ws-BWSI/install/pet/share/ament_index/resource_index
creating /home/firefox/Ros_ws-BWSI/install/pet/share/ament_index/resource_index/packages
copying resource/pet -> /home/firefox/Ros_ws-BWSI/install/pet/share/ament_index/resource_index/packages
copying package.xml -> /home/firefox/Ros_ws-BWSI/install/pet/share/pet
running install_egg_info
Copying ../../build/pet/pet.egg-info to /home/firefox/Ros_ws-BWSI/install/pet/lib/python3.12/site-packages/pet-0.0.0-py3.12.egg-info
running install_scripts
Installing pose_subscriber script to /home/firefox/Ros_ws-BWSI/install/pet/lib/pet
Installing turtle_controller script to /home/firefox/Ros_ws-BWSI/install/pet/lib/pet
writing list of installed files to '/home/firefox/Ros_ws-BWSI/build/pet/install.log'
