[01m[K/home/pranav/ros2_ws/build/fizzbuzz_interfaces/rosidl_generator_py/fizzbuzz_interfaces/msg/_fizz_buzz_s.c:11:10:[m[K [01;31m[Kfatal error: [m[Knumpy/ndarrayobject.h: No such file or directory
   11 | #include [01;31m[K"numpy/ndarrayobject.h"[m[K
      |          [01;31m[K^~~~~~~~~~~~~~~~~~~~~~~[m[K
compilation terminated.
gmake[2]: *** [CMakeFiles/fizzbuzz_interfaces__rosidl_generator_py.dir/build.make:76: CMakeFiles/fizzbuzz_interfaces__rosidl_generator_py.dir/rosidl_generator_py/fizzbuzz_interfaces/msg/_fizz_buzz_s.c.o] Error 1
gmake[1]: *** [CMakeFiles/Makefile2:506: CMakeFiles/fizzbuzz_interfaces__rosidl_generator_py.dir/all] Error 2
gmake[1]: *** Waiting for unfinished jobs....
gmake: *** [Makefile:146: all] Error 2
[  2%] Built target fizzbuzz_interfaces__rosidl_generator_type_description
[  2%] Built target ament_cmake_python_symlink_fizzbuzz_interfaces
[  5%] Built target fizzbuzz_interfaces__cpp
[ 20%] Built target fizzbuzz_interfaces__rosidl_generator_c
[ 29%] Built target fizzbuzz_interfaces__rosidl_typesupport_introspection_c
[ 38%] Built target fizzbuzz_interfaces__rosidl_typesupport_c
[ 47%] Built target fizzbuzz_interfaces__rosidl_typesupport_fastrtps_cpp
[ 55%] Built target fizzbuzz_interfaces__rosidl_typesupport_introspection_cpp
[ 64%] Built target fizzbuzz_interfaces__rosidl_typesupport_fastrtps_c
[ 73%] Built target fizzbuzz_interfaces__rosidl_typesupport_cpp
[ 73%] Built target fizzbuzz_interfaces
[ 76%] Built target fizzbuzz_interfaces__py
[ 79%] [32mBuilding C object CMakeFiles/fizzbuzz_interfaces__rosidl_generator_py.dir/rosidl_generator_py/fizzbuzz_interfaces/msg/_fizz_buzz_s.c.o[0m
running egg_info
writing fizzbuzz_interfaces.egg-info/PKG-INFO
writing dependency_links to fizzbuzz_interfaces.egg-info/dependency_links.txt
writing top-level names to fizzbuzz_interfaces.egg-info/top_level.txt
reading manifest file 'fizzbuzz_interfaces.egg-info/SOURCES.txt'
writing manifest file 'fizzbuzz_interfaces.egg-info/SOURCES.txt'
[ 79%] Built target ament_cmake_python_build_fizzbuzz_interfaces_egg
