[1.505s] Invoking command in '/home/pranav/ros2_ws/src/pet': CONDA_PROMPT_MODIFIER=(base) DEBUGINFOD_URLS=https://debuginfod.ubuntu.com PYTHONPATH=/home/pranav/ros2_ws/build/pet/prefix_override:/usr/lib/python3/dist-packages/colcon_core/task/python/colcon_distutils_commands:/home/pranav/ros2_ws/install/pet/lib/python3.12/site-packages:${PYTHONPATH} /usr/bin/python3 -W ignore:setup.py install is deprecated -W ignore:easy_install command is deprecated setup.py egg_info --egg-base ../../build/pet build --build-base /home/pranav/ros2_ws/build/pet/build install --record /home/pranav/ros2_ws/build/pet/install.log --single-version-externally-managed install_data
[1.786s] running egg_info
[1.799s] writing ../../build/pet/pet.egg-info/PKG-INFO
[1.800s] writing dependency_links to ../../build/pet/pet.egg-info/dependency_links.txt
[1.800s] writing entry points to ../../build/pet/pet.egg-info/entry_points.txt
[1.801s] writing requirements to ../../build/pet/pet.egg-info/requires.txt
[1.802s] writing top-level names to ../../build/pet/pet.egg-info/top_level.txt
[1.831s] reading manifest file '../../build/pet/pet.egg-info/SOURCES.txt'
[1.834s] writing manifest file '../../build/pet/pet.egg-info/SOURCES.txt'
[1.834s] running build
[1.835s] running build_py
[1.839s] running install
[1.855s] running install_lib
[1.877s] running install_data
[1.877s] running install_egg_info
[1.914s] removing '/home/pranav/ros2_ws/install/pet/lib/python3.12/site-packages/pet-0.0.0-py3.12.egg-info' (and everything under it)
[1.914s] Copying ../../build/pet/pet.egg-info to /home/pranav/ros2_ws/install/pet/lib/python3.12/site-packages/pet-0.0.0-py3.12.egg-info
[1.914s] running install_scripts
[2.093s] Installing pose_subscriber script to /home/pranav/ros2_ws/install/pet/lib/pet
[2.094s] Installing turtle_controller script to /home/pranav/ros2_ws/install/pet/lib/pet
[2.094s] writing list of installed files to '/home/pranav/ros2_ws/build/pet/install.log'
[2.182s] Invoked command in '/home/pranav/ros2_ws/src/pet' returned '0': CONDA_PROMPT_MODIFIER=(base) DEBUGINFOD_URLS=https://debuginfod.ubuntu.com PYTHONPATH=/home/pranav/ros2_ws/build/pet/prefix_override:/usr/lib/python3/dist-packages/colcon_core/task/python/colcon_distutils_commands:/home/pranav/ros2_ws/install/pet/lib/python3.12/site-packages:${PYTHONPATH} /usr/bin/python3 -W ignore:setup.py install is deprecated -W ignore:easy_install command is deprecated setup.py egg_info --egg-base ../../build/pet build --build-base /home/pranav/ros2_ws/build/pet/build install --record /home/pranav/ros2_ws/build/pet/install.log --single-version-externally-managed install_data
