[0.938s] Invoking command in '/home/pranav/ros2_ws/build/pet': CONDA_PROMPT_MODIFIER=(base) DEBUGINFOD_URLS=https://debuginfod.ubuntu.com PYTHONPATH=/home/pranav/ros2_ws/build/pet/prefix_override:/usr/lib/python3/dist-packages/colcon_core/task/python/colcon_distutils_commands:/home/pranav/ros2_ws/install/pet/lib/python3.12/site-packages:${PYTHONPATH} VIRTUAL_ENV_PROMPT=(ros2_py312_env) /usr/bin/python3 -W ignore:setup.py install is deprecated -W ignore:easy_install command is deprecated setup.py develop --uninstall --editable --build-directory /home/pranav/ros2_ws/build/pet/build
[1.155s] running develop
[1.353s] Removing /home/pranav/ros2_ws/install/pet/lib/python3.12/site-packages/pet.egg-link (link to .)
[1.380s] Invoked command in '/home/pranav/ros2_ws/build/pet' returned '0': CONDA_PROMPT_MODIFIER=(base) DEBUGINFOD_URLS=https://debuginfod.ubuntu.com PYTHONPATH=/home/pranav/ros2_ws/build/pet/prefix_override:/usr/lib/python3/dist-packages/colcon_core/task/python/colcon_distutils_commands:/home/pranav/ros2_ws/install/pet/lib/python3.12/site-packages:${PYTHONPATH} VIRTUAL_ENV_PROMPT=(ros2_py312_env) /usr/bin/python3 -W ignore:setup.py install is deprecated -W ignore:easy_install command is deprecated setup.py develop --uninstall --editable --build-directory /home/pranav/ros2_ws/build/pet/build
[1.380s] Invoking command in '/home/pranav/ros2_ws/src/pet': CONDA_PROMPT_MODIFIER=(base) DEBUGINFOD_URLS=https://debuginfod.ubuntu.com PYTHONPATH=/home/pranav/ros2_ws/build/pet/prefix_override:/usr/lib/python3/dist-packages/colcon_core/task/python/colcon_distutils_commands:/home/pranav/ros2_ws/install/pet/lib/python3.12/site-packages:${PYTHONPATH} VIRTUAL_ENV_PROMPT=(ros2_py312_env) /usr/bin/python3 -W ignore:setup.py install is deprecated -W ignore:easy_install command is deprecated setup.py egg_info --egg-base ../../build/pet build --build-base /home/pranav/ros2_ws/build/pet/build install --record /home/pranav/ros2_ws/build/pet/install.log --single-version-externally-managed install_data --force
[1.588s] running egg_info
[1.602s] writing ../../build/pet/pet.egg-info/PKG-INFO
[1.603s] writing dependency_links to ../../build/pet/pet.egg-info/dependency_links.txt
[1.606s] writing entry points to ../../build/pet/pet.egg-info/entry_points.txt
[1.606s] writing requirements to ../../build/pet/pet.egg-info/requires.txt
[1.606s] writing top-level names to ../../build/pet/pet.egg-info/top_level.txt
[1.656s] reading manifest file '../../build/pet/pet.egg-info/SOURCES.txt'
[1.657s] writing manifest file '../../build/pet/pet.egg-info/SOURCES.txt'
[1.657s] running build
[1.657s] running build_py
[1.658s] creating /home/pranav/ros2_ws/build/pet/build
[1.658s] creating /home/pranav/ros2_ws/build/pet/build/lib
[1.658s] creating /home/pranav/ros2_ws/build/pet/build/lib/pet
[1.658s] copying pet/__init__.py -> /home/pranav/ros2_ws/build/pet/build/lib/pet
[1.658s] copying pet/pose_subscriber.py -> /home/pranav/ros2_ws/build/pet/build/lib/pet
[1.658s] copying pet/turtle_controller.py -> /home/pranav/ros2_ws/build/pet/build/lib/pet
[1.658s] running install
[1.663s] running install_lib
[1.679s] creating /home/pranav/ros2_ws/install/pet/lib/python3.12/site-packages/pet
[1.679s] copying /home/pranav/ros2_ws/build/pet/build/lib/pet/__init__.py -> /home/pranav/ros2_ws/install/pet/lib/python3.12/site-packages/pet
[1.679s] copying /home/pranav/ros2_ws/build/pet/build/lib/pet/pose_subscriber.py -> /home/pranav/ros2_ws/install/pet/lib/python3.12/site-packages/pet
[1.679s] copying /home/pranav/ros2_ws/build/pet/build/lib/pet/turtle_controller.py -> /home/pranav/ros2_ws/install/pet/lib/python3.12/site-packages/pet
[1.679s] byte-compiling /home/pranav/ros2_ws/install/pet/lib/python3.12/site-packages/pet/__init__.py to __init__.cpython-312.pyc
[1.679s] byte-compiling /home/pranav/ros2_ws/install/pet/lib/python3.12/site-packages/pet/pose_subscriber.py to pose_subscriber.cpython-312.pyc
[1.679s] byte-compiling /home/pranav/ros2_ws/install/pet/lib/python3.12/site-packages/pet/turtle_controller.py to turtle_controller.cpython-312.pyc
[1.679s] running install_data
[1.679s] copying resource/pet -> /home/pranav/ros2_ws/install/pet/share/ament_index/resource_index/packages
[1.680s] copying package.xml -> /home/pranav/ros2_ws/install/pet/share/pet
[1.680s] running install_egg_info
[1.696s] Copying ../../build/pet/pet.egg-info to /home/pranav/ros2_ws/install/pet/lib/python3.12/site-packages/pet-0.0.0-py3.12.egg-info
[1.698s] running install_scripts
[1.789s] Installing pose_subscriber script to /home/pranav/ros2_ws/install/pet/lib/pet
[1.789s] Installing turtle_controller script to /home/pranav/ros2_ws/install/pet/lib/pet
[1.789s] writing list of installed files to '/home/pranav/ros2_ws/build/pet/install.log'
[1.902s] Invoked command in '/home/pranav/ros2_ws/src/pet' returned '0': CONDA_PROMPT_MODIFIER=(base) DEBUGINFOD_URLS=https://debuginfod.ubuntu.com PYTHONPATH=/home/pranav/ros2_ws/build/pet/prefix_override:/usr/lib/python3/dist-packages/colcon_core/task/python/colcon_distutils_commands:/home/pranav/ros2_ws/install/pet/lib/python3.12/site-packages:${PYTHONPATH} VIRTUAL_ENV_PROMPT=(ros2_py312_env) /usr/bin/python3 -W ignore:setup.py install is deprecated -W ignore:easy_install command is deprecated setup.py egg_info --egg-base ../../build/pet build --build-base /home/pranav/ros2_ws/build/pet/build install --record /home/pranav/ros2_ws/build/pet/install.log --single-version-externally-managed install_data --force
