[4.085s] Invoking command in '/home/pranav/ros2_ws/src/pet': CONDA_PROMPT_MODIFIER=(base) DEBUGINFOD_URLS=https://debuginfod.ubuntu.com PYTHONPATH=/home/pranav/ros2_ws/build/pet/prefix_override:/usr/lib/python3/dist-packages/colcon_core/task/python/colcon_distutils_commands:/home/pranav/ros2_ws/install/pet/lib/python3.12/site-packages:${PYTHONPATH} /usr/bin/python3 -W ignore:setup.py install is deprecated -W ignore:easy_install command is deprecated setup.py egg_info --egg-base ../../build/pet build --build-base /home/pranav/ros2_ws/build/pet/build install --record /home/pranav/ros2_ws/build/pet/install.log --single-version-externally-managed install_data
[4.822s] running egg_info
[4.873s] writing ../../build/pet/pet.egg-info/PKG-INFO
[4.873s] writing dependency_links to ../../build/pet/pet.egg-info/dependency_links.txt
[4.880s] writing entry points to ../../build/pet/pet.egg-info/entry_points.txt
[4.880s] writing requirements to ../../build/pet/pet.egg-info/requires.txt
[4.882s] writing top-level names to ../../build/pet/pet.egg-info/top_level.txt
[4.995s] reading manifest file '../../build/pet/pet.egg-info/SOURCES.txt'
[4.995s] writing manifest file '../../build/pet/pet.egg-info/SOURCES.txt'
[4.996s] running build
[4.996s] running build_py
[4.996s] running install
[5.013s] running install_lib
[5.073s] running install_data
[5.073s] running install_egg_info
[5.111s] removing '/home/pranav/ros2_ws/install/pet/lib/python3.12/site-packages/pet-0.0.0-py3.12.egg-info' (and everything under it)
[5.119s] Copying ../../build/pet/pet.egg-info to /home/pranav/ros2_ws/install/pet/lib/python3.12/site-packages/pet-0.0.0-py3.12.egg-info
[5.119s] running install_scripts
[5.463s] Installing pose_subscriber script to /home/pranav/ros2_ws/install/pet/lib/pet
[5.467s] Installing turtle_controller script to /home/pranav/ros2_ws/install/pet/lib/pet
[5.473s] writing list of installed files to '/home/pranav/ros2_ws/build/pet/install.log'
[5.567s] Invoked command in '/home/pranav/ros2_ws/src/pet' returned '0': CONDA_PROMPT_MODIFIER=(base) DEBUGINFOD_URLS=https://debuginfod.ubuntu.com PYTHONPATH=/home/pranav/ros2_ws/build/pet/prefix_override:/usr/lib/python3/dist-packages/colcon_core/task/python/colcon_distutils_commands:/home/pranav/ros2_ws/install/pet/lib/python3.12/site-packages:${PYTHONPATH} /usr/bin/python3 -W ignore:setup.py install is deprecated -W ignore:easy_install command is deprecated setup.py egg_info --egg-base ../../build/pet build --build-base /home/pranav/ros2_ws/build/pet/build install --record /home/pranav/ros2_ws/build/pet/install.log --single-version-externally-managed install_data
