[1.726s] Invoking command in '/home/pranav/ros2_ws/src/drone': CONDA_PROMPT_MODIFIER=(base) DEBUGINFOD_URLS=https://debuginfod.ubuntu.com PYTHONPATH=/home/pranav/ros2_ws/build/drone/prefix_override:/usr/lib/python3/dist-packages/colcon_core/task/python/colcon_distutils_commands:/home/pranav/ros2_ws/install/drone/lib/python3.12/site-packages:${PYTHONPATH} /usr/bin/python3 -W ignore:setup.py install is deprecated -W ignore:easy_install command is deprecated setup.py egg_info --egg-base ../../build/drone build --build-base /home/pranav/ros2_ws/build/drone/build install --record /home/pranav/ros2_ws/build/drone/install.log --single-version-externally-managed install_data
[2.057s] running egg_info
[2.085s] writing ../../build/drone/drone.egg-info/PKG-INFO
[2.085s] writing dependency_links to ../../build/drone/drone.egg-info/dependency_links.txt
[2.086s] writing entry points to ../../build/drone/drone.egg-info/entry_points.txt
[2.086s] writing requirements to ../../build/drone/drone.egg-info/requires.txt
[2.086s] writing top-level names to ../../build/drone/drone.egg-info/top_level.txt
[2.137s] reading manifest file '../../build/drone/drone.egg-info/SOURCES.txt'
[2.137s] writing manifest file '../../build/drone/drone.egg-info/SOURCES.txt'
[2.138s] running build
[2.138s] running build_py
[2.138s] running install
[2.149s] running install_lib
[2.179s] running install_data
[2.179s] running install_egg_info
[2.199s] removing '/home/pranav/ros2_ws/install/drone/lib/python3.12/site-packages/drone-0.0.0-py3.12.egg-info' (and everything under it)
[2.201s] Copying ../../build/drone/drone.egg-info to /home/pranav/ros2_ws/install/drone/lib/python3.12/site-packages/drone-0.0.0-py3.12.egg-info
[2.201s] running install_scripts
[2.346s] Installing pathfinder script to /home/pranav/ros2_ws/install/drone/lib/drone
[2.347s] writing list of installed files to '/home/pranav/ros2_ws/build/drone/install.log'
[2.396s] Invoked command in '/home/pranav/ros2_ws/src/drone' returned '0': CONDA_PROMPT_MODIFIER=(base) DEBUGINFOD_URLS=https://debuginfod.ubuntu.com PYTHONPATH=/home/pranav/ros2_ws/build/drone/prefix_override:/usr/lib/python3/dist-packages/colcon_core/task/python/colcon_distutils_commands:/home/pranav/ros2_ws/install/drone/lib/python3.12/site-packages:${PYTHONPATH} /usr/bin/python3 -W ignore:setup.py install is deprecated -W ignore:easy_install command is deprecated setup.py egg_info --egg-base ../../build/drone build --build-base /home/pranav/ros2_ws/build/drone/build install --record /home/pranav/ros2_ws/build/drone/install.log --single-version-externally-managed install_data
