[0.087s] DEBUG:colcon:Command line arguments: ['/usr/bin/colcon', 'build']
[0.087s] DEBUG:colcon:Parsed command line arguments: Namespace(log_base=None, log_level=None, verb_name='build', build_base='build', install_base='install', merge_install=False, symlink_install=False, test_result_base=None, continue_on_error=False, executor='parallel', parallel_workers=4, event_handlers=None, ignore_user_meta=False, metas=['./colcon.meta'], base_paths=['.'], packages_ignore=None, packages_ignore_regex=None, paths=None, packages_up_to=None, packages_up_to_regex=None, packages_above=None, packages_above_and_dependencies=None, packages_above_depth=None, packages_select_by_dep=None, packages_skip_by_dep=None, packages_skip_up_to=None, packages_select_build_failed=False, packages_skip_build_finished=False, packages_select_test_failures=False, packages_skip_test_passed=False, packages_select=None, packages_skip=None, packages_select_regex=None, packages_skip_regex=None, packages_start=None, packages_end=None, allow_overriding=[], cmake_args=None, cmake_target=None, cmake_target_skip_unavailable=False, cmake_clean_cache=False, cmake_clean_first=False, cmake_force_configure=False, ament_cmake_args=None, catkin_cmake_args=None, catkin_skip_building_tests=False, mixin_files=None, mixin=None, verb_parser=<colcon_mixin.mixin.mixin_argument.MixinArgumentDecorator object at 0xf997b7312f60>, verb_extension=<colcon_core.verb.build.BuildVerb object at 0xf997b74fe840>, main=<bound method BuildVerb.main of <colcon_core.verb.build.BuildVerb object at 0xf997b74fe840>>, mixin_verb=('build',))
[0.115s] Level 1:colcon.colcon_core.package_discovery:discover_packages(colcon_meta) check parameters
[0.115s] Level 1:colcon.colcon_core.package_discovery:discover_packages(recursive) check parameters
[0.115s] Level 1:colcon.colcon_core.package_discovery:discover_packages(ignore) check parameters
[0.115s] Level 1:colcon.colcon_core.package_discovery:discover_packages(path) check parameters
[0.115s] Level 1:colcon.colcon_core.package_discovery:discover_packages(colcon_meta) discover
[0.115s] Level 1:colcon.colcon_core.package_discovery:discover_packages(recursive) discover
[0.115s] INFO:colcon.colcon_core.package_discovery:Crawling recursively for packages in '/home/pranav/ros2_ws'
[0.115s] Level 1:colcon.colcon_core.package_identification:_identify(.) by extensions ['ignore', 'ignore_ament_install']
[0.115s] Level 1:colcon.colcon_core.package_identification:_identify(.) by extension 'ignore'
[0.116s] Level 1:colcon.colcon_core.package_identification:_identify(.) by extension 'ignore_ament_install'
[0.116s] Level 1:colcon.colcon_core.package_identification:_identify(.) by extensions ['colcon_pkg']
[0.116s] Level 1:colcon.colcon_core.package_identification:_identify(.) by extension 'colcon_pkg'
[0.116s] Level 1:colcon.colcon_core.package_identification:_identify(.) by extensions ['colcon_meta']
[0.116s] Level 1:colcon.colcon_core.package_identification:_identify(.) by extension 'colcon_meta'
[0.116s] Level 1:colcon.colcon_core.package_identification:_identify(.) by extensions ['ros']
[0.116s] Level 1:colcon.colcon_core.package_identification:_identify(.) by extension 'ros'
[0.135s] Level 1:colcon.colcon_core.package_identification:_identify(.) by extensions ['cmake', 'python']
[0.135s] Level 1:colcon.colcon_core.package_identification:_identify(.) by extension 'cmake'
[0.135s] Level 1:colcon.colcon_core.package_identification:_identify(.) by extension 'python'
[0.135s] Level 1:colcon.colcon_core.package_identification:_identify(.) by extensions ['python_setup_py']
[0.135s] Level 1:colcon.colcon_core.package_identification:_identify(.) by extension 'python_setup_py'
[0.136s] Level 1:colcon.colcon_core.package_identification:_identify(build) by extensions ['ignore', 'ignore_ament_install']
[0.136s] Level 1:colcon.colcon_core.package_identification:_identify(build) by extension 'ignore'
[0.136s] Level 1:colcon.colcon_core.package_identification:_identify(build) ignored
[0.136s] Level 1:colcon.colcon_core.package_identification:_identify(install) by extensions ['ignore', 'ignore_ament_install']
[0.136s] Level 1:colcon.colcon_core.package_identification:_identify(install) by extension 'ignore'
[0.136s] Level 1:colcon.colcon_core.package_identification:_identify(install) ignored
[0.136s] Level 1:colcon.colcon_core.package_identification:_identify(log) by extensions ['ignore', 'ignore_ament_install']
[0.136s] Level 1:colcon.colcon_core.package_identification:_identify(log) by extension 'ignore'
[0.136s] Level 1:colcon.colcon_core.package_identification:_identify(log) ignored
[0.136s] Level 1:colcon.colcon_core.package_identification:_identify(src) by extensions ['ignore', 'ignore_ament_install']
[0.136s] Level 1:colcon.colcon_core.package_identification:_identify(src) by extension 'ignore'
[0.136s] Level 1:colcon.colcon_core.package_identification:_identify(src) by extension 'ignore_ament_install'
[0.136s] Level 1:colcon.colcon_core.package_identification:_identify(src) by extensions ['colcon_pkg']
[0.136s] Level 1:colcon.colcon_core.package_identification:_identify(src) by extension 'colcon_pkg'
[0.136s] Level 1:colcon.colcon_core.package_identification:_identify(src) by extensions ['colcon_meta']
[0.136s] Level 1:colcon.colcon_core.package_identification:_identify(src) by extension 'colcon_meta'
[0.136s] Level 1:colcon.colcon_core.package_identification:_identify(src) by extensions ['ros']
[0.136s] Level 1:colcon.colcon_core.package_identification:_identify(src) by extension 'ros'
[0.136s] Level 1:colcon.colcon_core.package_identification:_identify(src) by extensions ['cmake', 'python']
[0.136s] Level 1:colcon.colcon_core.package_identification:_identify(src) by extension 'cmake'
[0.136s] Level 1:colcon.colcon_core.package_identification:_identify(src) by extension 'python'
[0.136s] Level 1:colcon.colcon_core.package_identification:_identify(src) by extensions ['python_setup_py']
[0.136s] Level 1:colcon.colcon_core.package_identification:_identify(src) by extension 'python_setup_py'
[0.136s] Level 1:colcon.colcon_core.package_identification:_identify(src/drone) by extensions ['ignore', 'ignore_ament_install']
[0.137s] Level 1:colcon.colcon_core.package_identification:_identify(src/drone) by extension 'ignore'
[0.137s] Level 1:colcon.colcon_core.package_identification:_identify(src/drone) by extension 'ignore_ament_install'
[0.137s] Level 1:colcon.colcon_core.package_identification:_identify(src/drone) by extensions ['colcon_pkg']
[0.137s] Level 1:colcon.colcon_core.package_identification:_identify(src/drone) by extension 'colcon_pkg'
[0.137s] Level 1:colcon.colcon_core.package_identification:_identify(src/drone) by extensions ['colcon_meta']
[0.137s] Level 1:colcon.colcon_core.package_identification:_identify(src/drone) by extension 'colcon_meta'
[0.137s] Level 1:colcon.colcon_core.package_identification:_identify(src/drone) by extensions ['ros']
[0.137s] Level 1:colcon.colcon_core.package_identification:_identify(src/drone) by extension 'ros'
[0.138s] DEBUG:colcon.colcon_core.package_identification:Package 'src/drone' with type 'ros.ament_python' and name 'drone'
[0.138s] Level 1:colcon.colcon_core.package_identification:_identify(src/fizzbuzz) by extensions ['ignore', 'ignore_ament_install']
[0.139s] Level 1:colcon.colcon_core.package_identification:_identify(src/fizzbuzz) by extension 'ignore'
[0.139s] Level 1:colcon.colcon_core.package_identification:_identify(src/fizzbuzz) by extension 'ignore_ament_install'
[0.139s] Level 1:colcon.colcon_core.package_identification:_identify(src/fizzbuzz) by extensions ['colcon_pkg']
[0.139s] Level 1:colcon.colcon_core.package_identification:_identify(src/fizzbuzz) by extension 'colcon_pkg'
[0.139s] Level 1:colcon.colcon_core.package_identification:_identify(src/fizzbuzz) by extensions ['colcon_meta']
[0.139s] Level 1:colcon.colcon_core.package_identification:_identify(src/fizzbuzz) by extension 'colcon_meta'
[0.139s] Level 1:colcon.colcon_core.package_identification:_identify(src/fizzbuzz) by extensions ['ros']
[0.139s] Level 1:colcon.colcon_core.package_identification:_identify(src/fizzbuzz) by extension 'ros'
[0.139s] DEBUG:colcon.colcon_core.package_identification:Package 'src/fizzbuzz' with type 'ros.ament_python' and name 'fizzbuzz'
[0.139s] Level 1:colcon.colcon_core.package_identification:_identify(src/fizzbuzz_interfaces) by extensions ['ignore', 'ignore_ament_install']
[0.139s] Level 1:colcon.colcon_core.package_identification:_identify(src/fizzbuzz_interfaces) by extension 'ignore'
[0.139s] Level 1:colcon.colcon_core.package_identification:_identify(src/fizzbuzz_interfaces) by extension 'ignore_ament_install'
[0.139s] Level 1:colcon.colcon_core.package_identification:_identify(src/fizzbuzz_interfaces) by extensions ['colcon_pkg']
[0.139s] Level 1:colcon.colcon_core.package_identification:_identify(src/fizzbuzz_interfaces) by extension 'colcon_pkg'
[0.139s] Level 1:colcon.colcon_core.package_identification:_identify(src/fizzbuzz_interfaces) by extensions ['colcon_meta']
[0.139s] Level 1:colcon.colcon_core.package_identification:_identify(src/fizzbuzz_interfaces) by extension 'colcon_meta'
[0.139s] Level 1:colcon.colcon_core.package_identification:_identify(src/fizzbuzz_interfaces) by extensions ['ros']
[0.139s] Level 1:colcon.colcon_core.package_identification:_identify(src/fizzbuzz_interfaces) by extension 'ros'
[0.140s] DEBUG:colcon.colcon_core.package_identification:Package 'src/fizzbuzz_interfaces' with type 'ros.ament_cmake' and name 'fizzbuzz_interfaces'
[0.140s] Level 1:colcon.colcon_core.package_identification:_identify(src/pet) by extensions ['ignore', 'ignore_ament_install']
[0.140s] Level 1:colcon.colcon_core.package_identification:_identify(src/pet) by extension 'ignore'
[0.140s] Level 1:colcon.colcon_core.package_identification:_identify(src/pet) by extension 'ignore_ament_install'
[0.140s] Level 1:colcon.colcon_core.package_identification:_identify(src/pet) by extensions ['colcon_pkg']
[0.140s] Level 1:colcon.colcon_core.package_identification:_identify(src/pet) by extension 'colcon_pkg'
[0.140s] Level 1:colcon.colcon_core.package_identification:_identify(src/pet) by extensions ['colcon_meta']
[0.140s] Level 1:colcon.colcon_core.package_identification:_identify(src/pet) by extension 'colcon_meta'
[0.140s] Level 1:colcon.colcon_core.package_identification:_identify(src/pet) by extensions ['ros']
[0.140s] Level 1:colcon.colcon_core.package_identification:_identify(src/pet) by extension 'ros'
[0.140s] DEBUG:colcon.colcon_core.package_identification:Package 'src/pet' with type 'ros.ament_python' and name 'pet'
[0.141s] Level 1:colcon.colcon_core.package_identification:_identify(src/turtle_tag_game) by extensions ['ignore', 'ignore_ament_install']
[0.141s] Level 1:colcon.colcon_core.package_identification:_identify(src/turtle_tag_game) by extension 'ignore'
[0.141s] Level 1:colcon.colcon_core.package_identification:_identify(src/turtle_tag_game) by extension 'ignore_ament_install'
[0.141s] Level 1:colcon.colcon_core.package_identification:_identify(src/turtle_tag_game) by extensions ['colcon_pkg']
[0.141s] Level 1:colcon.colcon_core.package_identification:_identify(src/turtle_tag_game) by extension 'colcon_pkg'
[0.141s] Level 1:colcon.colcon_core.package_identification:_identify(src/turtle_tag_game) by extensions ['colcon_meta']
[0.141s] Level 1:colcon.colcon_core.package_identification:_identify(src/turtle_tag_game) by extension 'colcon_meta'
[0.141s] Level 1:colcon.colcon_core.package_identification:_identify(src/turtle_tag_game) by extensions ['ros']
[0.141s] Level 1:colcon.colcon_core.package_identification:_identify(src/turtle_tag_game) by extension 'ros'
[0.141s] DEBUG:colcon.colcon_core.package_identification:Package 'src/turtle_tag_game' with type 'ros.ament_python' and name 'turtle_tag_game'
[0.141s] Level 1:colcon.colcon_core.package_identification:_identify(src/webcam) by extensions ['ignore', 'ignore_ament_install']
[0.141s] Level 1:colcon.colcon_core.package_identification:_identify(src/webcam) by extension 'ignore'
[0.141s] Level 1:colcon.colcon_core.package_identification:_identify(src/webcam) by extension 'ignore_ament_install'
[0.141s] Level 1:colcon.colcon_core.package_identification:_identify(src/webcam) by extensions ['colcon_pkg']
[0.141s] Level 1:colcon.colcon_core.package_identification:_identify(src/webcam) by extension 'colcon_pkg'
[0.141s] Level 1:colcon.colcon_core.package_identification:_identify(src/webcam) by extensions ['colcon_meta']
[0.141s] Level 1:colcon.colcon_core.package_identification:_identify(src/webcam) by extension 'colcon_meta'
[0.141s] Level 1:colcon.colcon_core.package_identification:_identify(src/webcam) by extensions ['ros']
[0.141s] Level 1:colcon.colcon_core.package_identification:_identify(src/webcam) by extension 'ros'
[0.142s] DEBUG:colcon.colcon_core.package_identification:Package 'src/webcam' with type 'ros.ament_python' and name 'webcam'
[0.142s] Level 1:colcon.colcon_core.package_discovery:discover_packages(recursive) using defaults
[0.142s] Level 1:colcon.colcon_core.package_discovery:discover_packages(ignore) discover
[0.142s] Level 1:colcon.colcon_core.package_discovery:discover_packages(ignore) using defaults
[0.142s] Level 1:colcon.colcon_core.package_discovery:discover_packages(path) discover
[0.142s] Level 1:colcon.colcon_core.package_discovery:discover_packages(path) using defaults
[0.159s] Level 1:colcon.colcon_core.package_discovery:discover_packages(prefix_path) check parameters
[0.159s] Level 1:colcon.colcon_core.package_discovery:discover_packages(prefix_path) discover
[0.161s] DEBUG:colcon.colcon_installed_package_information.package_discovery:Found 302 installed packages in /opt/ros/jazzy
[0.162s] Level 1:colcon.colcon_core.package_discovery:discover_packages(prefix_path) using defaults
[0.196s] Level 5:colcon.colcon_core.verb:set package 'drone' build argument 'cmake_args' from command line to 'None'
[0.196s] Level 5:colcon.colcon_core.verb:set package 'drone' build argument 'cmake_target' from command line to 'None'
[0.196s] Level 5:colcon.colcon_core.verb:set package 'drone' build argument 'cmake_target_skip_unavailable' from command line to 'False'
[0.196s] Level 5:colcon.colcon_core.verb:set package 'drone' build argument 'cmake_clean_cache' from command line to 'False'
[0.196s] Level 5:colcon.colcon_core.verb:set package 'drone' build argument 'cmake_clean_first' from command line to 'False'
[0.196s] Level 5:colcon.colcon_core.verb:set package 'drone' build argument 'cmake_force_configure' from command line to 'False'
[0.196s] Level 5:colcon.colcon_core.verb:set package 'drone' build argument 'ament_cmake_args' from command line to 'None'
[0.196s] Level 5:colcon.colcon_core.verb:set package 'drone' build argument 'catkin_cmake_args' from command line to 'None'
[0.196s] Level 5:colcon.colcon_core.verb:set package 'drone' build argument 'catkin_skip_building_tests' from command line to 'False'
[0.196s] DEBUG:colcon.colcon_core.verb:Building package 'drone' with the following arguments: {'ament_cmake_args': None, 'build_base': '/home/pranav/ros2_ws/build/drone', 'catkin_cmake_args': None, 'catkin_skip_building_tests': False, 'cmake_args': None, 'cmake_clean_cache': False, 'cmake_clean_first': False, 'cmake_force_configure': False, 'cmake_target': None, 'cmake_target_skip_unavailable': False, 'install_base': '/home/pranav/ros2_ws/install/drone', 'merge_install': False, 'path': '/home/pranav/ros2_ws/src/drone', 'symlink_install': False, 'test_result_base': None}
[0.196s] Level 5:colcon.colcon_core.verb:set package 'fizzbuzz_interfaces' build argument 'cmake_args' from command line to 'None'
[0.196s] Level 5:colcon.colcon_core.verb:set package 'fizzbuzz_interfaces' build argument 'cmake_target' from command line to 'None'
[0.196s] Level 5:colcon.colcon_core.verb:set package 'fizzbuzz_interfaces' build argument 'cmake_target_skip_unavailable' from command line to 'False'
[0.196s] Level 5:colcon.colcon_core.verb:set package 'fizzbuzz_interfaces' build argument 'cmake_clean_cache' from command line to 'False'
[0.196s] Level 5:colcon.colcon_core.verb:set package 'fizzbuzz_interfaces' build argument 'cmake_clean_first' from command line to 'False'
[0.196s] Level 5:colcon.colcon_core.verb:set package 'fizzbuzz_interfaces' build argument 'cmake_force_configure' from command line to 'False'
[0.196s] Level 5:colcon.colcon_core.verb:set package 'fizzbuzz_interfaces' build argument 'ament_cmake_args' from command line to 'None'
[0.196s] Level 5:colcon.colcon_core.verb:set package 'fizzbuzz_interfaces' build argument 'catkin_cmake_args' from command line to 'None'
[0.196s] Level 5:colcon.colcon_core.verb:set package 'fizzbuzz_interfaces' build argument 'catkin_skip_building_tests' from command line to 'False'
[0.196s] DEBUG:colcon.colcon_core.verb:Building package 'fizzbuzz_interfaces' with the following arguments: {'ament_cmake_args': None, 'build_base': '/home/pranav/ros2_ws/build/fizzbuzz_interfaces', 'catkin_cmake_args': None, 'catkin_skip_building_tests': False, 'cmake_args': None, 'cmake_clean_cache': False, 'cmake_clean_first': False, 'cmake_force_configure': False, 'cmake_target': None, 'cmake_target_skip_unavailable': False, 'install_base': '/home/pranav/ros2_ws/install/fizzbuzz_interfaces', 'merge_install': False, 'path': '/home/pranav/ros2_ws/src/fizzbuzz_interfaces', 'symlink_install': False, 'test_result_base': None}
[0.197s] Level 5:colcon.colcon_core.verb:set package 'pet' build argument 'cmake_args' from command line to 'None'
[0.197s] Level 5:colcon.colcon_core.verb:set package 'pet' build argument 'cmake_target' from command line to 'None'
[0.197s] Level 5:colcon.colcon_core.verb:set package 'pet' build argument 'cmake_target_skip_unavailable' from command line to 'False'
[0.197s] Level 5:colcon.colcon_core.verb:set package 'pet' build argument 'cmake_clean_cache' from command line to 'False'
[0.197s] Level 5:colcon.colcon_core.verb:set package 'pet' build argument 'cmake_clean_first' from command line to 'False'
[0.197s] Level 5:colcon.colcon_core.verb:set package 'pet' build argument 'cmake_force_configure' from command line to 'False'
[0.197s] Level 5:colcon.colcon_core.verb:set package 'pet' build argument 'ament_cmake_args' from command line to 'None'
[0.197s] Level 5:colcon.colcon_core.verb:set package 'pet' build argument 'catkin_cmake_args' from command line to 'None'
[0.197s] Level 5:colcon.colcon_core.verb:set package 'pet' build argument 'catkin_skip_building_tests' from command line to 'False'
[0.197s] DEBUG:colcon.colcon_core.verb:Building package 'pet' with the following arguments: {'ament_cmake_args': None, 'build_base': '/home/pranav/ros2_ws/build/pet', 'catkin_cmake_args': None, 'catkin_skip_building_tests': False, 'cmake_args': None, 'cmake_clean_cache': False, 'cmake_clean_first': False, 'cmake_force_configure': False, 'cmake_target': None, 'cmake_target_skip_unavailable': False, 'install_base': '/home/pranav/ros2_ws/install/pet', 'merge_install': False, 'path': '/home/pranav/ros2_ws/src/pet', 'symlink_install': False, 'test_result_base': None}
[0.197s] Level 5:colcon.colcon_core.verb:set package 'turtle_tag_game' build argument 'cmake_args' from command line to 'None'
[0.197s] Level 5:colcon.colcon_core.verb:set package 'turtle_tag_game' build argument 'cmake_target' from command line to 'None'
[0.197s] Level 5:colcon.colcon_core.verb:set package 'turtle_tag_game' build argument 'cmake_target_skip_unavailable' from command line to 'False'
[0.197s] Level 5:colcon.colcon_core.verb:set package 'turtle_tag_game' build argument 'cmake_clean_cache' from command line to 'False'
[0.197s] Level 5:colcon.colcon_core.verb:set package 'turtle_tag_game' build argument 'cmake_clean_first' from command line to 'False'
[0.197s] Level 5:colcon.colcon_core.verb:set package 'turtle_tag_game' build argument 'cmake_force_configure' from command line to 'False'
[0.197s] Level 5:colcon.colcon_core.verb:set package 'turtle_tag_game' build argument 'ament_cmake_args' from command line to 'None'
[0.197s] Level 5:colcon.colcon_core.verb:set package 'turtle_tag_game' build argument 'catkin_cmake_args' from command line to 'None'
[0.197s] Level 5:colcon.colcon_core.verb:set package 'turtle_tag_game' build argument 'catkin_skip_building_tests' from command line to 'False'
[0.197s] DEBUG:colcon.colcon_core.verb:Building package 'turtle_tag_game' with the following arguments: {'ament_cmake_args': None, 'build_base': '/home/pranav/ros2_ws/build/turtle_tag_game', 'catkin_cmake_args': None, 'catkin_skip_building_tests': False, 'cmake_args': None, 'cmake_clean_cache': False, 'cmake_clean_first': False, 'cmake_force_configure': False, 'cmake_target': None, 'cmake_target_skip_unavailable': False, 'install_base': '/home/pranav/ros2_ws/install/turtle_tag_game', 'merge_install': False, 'path': '/home/pranav/ros2_ws/src/turtle_tag_game', 'symlink_install': False, 'test_result_base': None}
[0.197s] Level 5:colcon.colcon_core.verb:set package 'webcam' build argument 'cmake_args' from command line to 'None'
[0.197s] Level 5:colcon.colcon_core.verb:set package 'webcam' build argument 'cmake_target' from command line to 'None'
[0.197s] Level 5:colcon.colcon_core.verb:set package 'webcam' build argument 'cmake_target_skip_unavailable' from command line to 'False'
[0.197s] Level 5:colcon.colcon_core.verb:set package 'webcam' build argument 'cmake_clean_cache' from command line to 'False'
[0.197s] Level 5:colcon.colcon_core.verb:set package 'webcam' build argument 'cmake_clean_first' from command line to 'False'
[0.197s] Level 5:colcon.colcon_core.verb:set package 'webcam' build argument 'cmake_force_configure' from command line to 'False'
[0.197s] Level 5:colcon.colcon_core.verb:set package 'webcam' build argument 'ament_cmake_args' from command line to 'None'
[0.197s] Level 5:colcon.colcon_core.verb:set package 'webcam' build argument 'catkin_cmake_args' from command line to 'None'
[0.197s] Level 5:colcon.colcon_core.verb:set package 'webcam' build argument 'catkin_skip_building_tests' from command line to 'False'
[0.197s] DEBUG:colcon.colcon_core.verb:Building package 'webcam' with the following arguments: {'ament_cmake_args': None, 'build_base': '/home/pranav/ros2_ws/build/webcam', 'catkin_cmake_args': None, 'catkin_skip_building_tests': False, 'cmake_args': None, 'cmake_clean_cache': False, 'cmake_clean_first': False, 'cmake_force_configure': False, 'cmake_target': None, 'cmake_target_skip_unavailable': False, 'install_base': '/home/pranav/ros2_ws/install/webcam', 'merge_install': False, 'path': '/home/pranav/ros2_ws/src/webcam', 'symlink_install': False, 'test_result_base': None}
[0.197s] Level 5:colcon.colcon_core.verb:set package 'fizzbuzz' build argument 'cmake_args' from command line to 'None'
[0.197s] Level 5:colcon.colcon_core.verb:set package 'fizzbuzz' build argument 'cmake_target' from command line to 'None'
[0.197s] Level 5:colcon.colcon_core.verb:set package 'fizzbuzz' build argument 'cmake_target_skip_unavailable' from command line to 'False'
[0.197s] Level 5:colcon.colcon_core.verb:set package 'fizzbuzz' build argument 'cmake_clean_cache' from command line to 'False'
[0.197s] Level 5:colcon.colcon_core.verb:set package 'fizzbuzz' build argument 'cmake_clean_first' from command line to 'False'
[0.197s] Level 5:colcon.colcon_core.verb:set package 'fizzbuzz' build argument 'cmake_force_configure' from command line to 'False'
[0.197s] Level 5:colcon.colcon_core.verb:set package 'fizzbuzz' build argument 'ament_cmake_args' from command line to 'None'
[0.197s] Level 5:colcon.colcon_core.verb:set package 'fizzbuzz' build argument 'catkin_cmake_args' from command line to 'None'
[0.197s] Level 5:colcon.colcon_core.verb:set package 'fizzbuzz' build argument 'catkin_skip_building_tests' from command line to 'False'
[0.197s] DEBUG:colcon.colcon_core.verb:Building package 'fizzbuzz' with the following arguments: {'ament_cmake_args': None, 'build_base': '/home/pranav/ros2_ws/build/fizzbuzz', 'catkin_cmake_args': None, 'catkin_skip_building_tests': False, 'cmake_args': None, 'cmake_clean_cache': False, 'cmake_clean_first': False, 'cmake_force_configure': False, 'cmake_target': None, 'cmake_target_skip_unavailable': False, 'install_base': '/home/pranav/ros2_ws/install/fizzbuzz', 'merge_install': False, 'path': '/home/pranav/ros2_ws/src/fizzbuzz', 'symlink_install': False, 'test_result_base': None}
[0.197s] INFO:colcon.colcon_core.executor:Executing jobs using 'parallel' executor
[0.198s] DEBUG:colcon.colcon_parallel_executor.executor.parallel:run_until_complete
[0.198s] INFO:colcon.colcon_ros.task.ament_cmake.build:Building ROS package in '/home/pranav/ros2_ws/src/fizzbuzz_interfaces' with build type 'ament_cmake'
[0.199s] INFO:colcon.colcon_cmake.task.cmake.build:Building CMake package in '/home/pranav/ros2_ws/src/fizzbuzz_interfaces'
[0.202s] INFO:colcon.colcon_core.plugin_system:Skipping extension 'colcon_core.shell.bat': Not used on non-Windows systems
[0.202s] INFO:colcon.colcon_core.shell:Skip shell extension 'powershell' for command environment: Not usable outside of PowerShell
[0.202s] DEBUG:colcon.colcon_core.shell:Skip shell extension 'dsv' for command environment
[0.205s] INFO:colcon.colcon_ros.task.ament_python.build:Building ROS package in '/home/pranav/ros2_ws/src/drone' with build type 'ament_python'
[0.205s] Level 1:colcon.colcon_core.shell:create_environment_hook('drone', 'ament_prefix_path')
[0.205s] INFO:colcon.colcon_core.shell:Creating environment hook '/home/pranav/ros2_ws/install/drone/share/drone/hook/ament_prefix_path.ps1'
[0.207s] INFO:colcon.colcon_core.shell:Creating environment descriptor '/home/pranav/ros2_ws/install/drone/share/drone/hook/ament_prefix_path.dsv'
[0.207s] INFO:colcon.colcon_core.shell:Creating environment hook '/home/pranav/ros2_ws/install/drone/share/drone/hook/ament_prefix_path.sh'
[0.208s] INFO:colcon.colcon_core.shell:Skip shell extension 'powershell' for command environment: Not usable outside of PowerShell
[0.208s] DEBUG:colcon.colcon_core.shell:Skip shell extension 'dsv' for command environment
[0.215s] INFO:colcon.colcon_ros.task.ament_python.build:Building ROS package in '/home/pranav/ros2_ws/src/pet' with build type 'ament_python'
[0.215s] Level 1:colcon.colcon_core.shell:create_environment_hook('pet', 'ament_prefix_path')
[0.215s] INFO:colcon.colcon_core.shell:Creating environment hook '/home/pranav/ros2_ws/install/pet/share/pet/hook/ament_prefix_path.ps1'
[0.215s] INFO:colcon.colcon_core.shell:Creating environment descriptor '/home/pranav/ros2_ws/install/pet/share/pet/hook/ament_prefix_path.dsv'
[0.216s] INFO:colcon.colcon_core.shell:Creating environment hook '/home/pranav/ros2_ws/install/pet/share/pet/hook/ament_prefix_path.sh'
[0.216s] INFO:colcon.colcon_core.shell:Skip shell extension 'powershell' for command environment: Not usable outside of PowerShell
[0.216s] DEBUG:colcon.colcon_core.shell:Skip shell extension 'dsv' for command environment
[0.223s] INFO:colcon.colcon_ros.task.ament_python.build:Building ROS package in '/home/pranav/ros2_ws/src/turtle_tag_game' with build type 'ament_python'
[0.223s] Level 1:colcon.colcon_core.shell:create_environment_hook('turtle_tag_game', 'ament_prefix_path')
[0.224s] INFO:colcon.colcon_core.shell:Creating environment hook '/home/pranav/ros2_ws/install/turtle_tag_game/share/turtle_tag_game/hook/ament_prefix_path.ps1'
[0.224s] INFO:colcon.colcon_core.shell:Creating environment descriptor '/home/pranav/ros2_ws/install/turtle_tag_game/share/turtle_tag_game/hook/ament_prefix_path.dsv'
[0.224s] INFO:colcon.colcon_core.shell:Creating environment hook '/home/pranav/ros2_ws/install/turtle_tag_game/share/turtle_tag_game/hook/ament_prefix_path.sh'
[0.225s] INFO:colcon.colcon_core.shell:Skip shell extension 'powershell' for command environment: Not usable outside of PowerShell
[0.225s] DEBUG:colcon.colcon_core.shell:Skip shell extension 'dsv' for command environment
[0.233s] DEBUG:colcon.colcon_core.event_handler.log_command:Invoking command in '/home/pranav/ros2_ws/build/fizzbuzz_interfaces': CMAKE_PREFIX_PATH=${CMAKE_PREFIX_PATH}:/opt/ros/jazzy CONDA_PROMPT_MODIFIER=(base) DEBUGINFOD_URLS=https://debuginfod.ubuntu.com /usr/bin/cmake --build /home/pranav/ros2_ws/build/fizzbuzz_interfaces -- -j4 -l4
[0.502s] INFO:colcon.colcon_core.task.python.build:Building Python package in '/home/pranav/ros2_ws/src/drone'
[0.503s] INFO:colcon.colcon_core.shell:Skip shell extension 'powershell' for command environment: Not usable outside of PowerShell
[0.503s] DEBUG:colcon.colcon_core.shell:Skip shell extension 'dsv' for command environment
[0.744s] INFO:colcon.colcon_core.task.python.build:Building Python package in '/home/pranav/ros2_ws/src/pet'
[0.744s] INFO:colcon.colcon_core.shell:Skip shell extension 'powershell' for command environment: Not usable outside of PowerShell
[0.745s] DEBUG:colcon.colcon_core.shell:Skip shell extension 'dsv' for command environment
[0.955s] INFO:colcon.colcon_core.task.python.build:Building Python package in '/home/pranav/ros2_ws/src/turtle_tag_game'
[0.956s] INFO:colcon.colcon_core.shell:Skip shell extension 'powershell' for command environment: Not usable outside of PowerShell
[0.956s] DEBUG:colcon.colcon_core.shell:Skip shell extension 'dsv' for command environment
[0.964s] DEBUG:colcon.colcon_core.event_handler.log_command:Invoked command in '/home/pranav/ros2_ws/build/fizzbuzz_interfaces' returned '0': CMAKE_PREFIX_PATH=${CMAKE_PREFIX_PATH}:/opt/ros/jazzy CONDA_PROMPT_MODIFIER=(base) DEBUGINFOD_URLS=https://debuginfod.ubuntu.com /usr/bin/cmake --build /home/pranav/ros2_ws/build/fizzbuzz_interfaces -- -j4 -l4
[0.971s] DEBUG:colcon.colcon_core.event_handler.log_command:Invoking command in '/home/pranav/ros2_ws/build/fizzbuzz_interfaces': CMAKE_PREFIX_PATH=${CMAKE_PREFIX_PATH}:/opt/ros/jazzy CONDA_PROMPT_MODIFIER=(base) DEBUGINFOD_URLS=https://debuginfod.ubuntu.com /usr/bin/cmake --install /home/pranav/ros2_ws/build/fizzbuzz_interfaces
[1.038s] Level 1:colcon.colcon_core.environment:create_environment_scripts_only(fizzbuzz_interfaces)
[1.040s] Level 1:colcon.colcon_core.environment:checking '/home/pranav/ros2_ws/install/fizzbuzz_interfaces' for CMake module files
[1.043s] DEBUG:colcon.colcon_core.event_handler.log_command:Invoked command in '/home/pranav/ros2_ws/build/fizzbuzz_interfaces' returned '0': CMAKE_PREFIX_PATH=${CMAKE_PREFIX_PATH}:/opt/ros/jazzy CONDA_PROMPT_MODIFIER=(base) DEBUGINFOD_URLS=https://debuginfod.ubuntu.com /usr/bin/cmake --install /home/pranav/ros2_ws/build/fizzbuzz_interfaces
[1.043s] Level 1:colcon.colcon_core.environment:checking '/home/pranav/ros2_ws/install/fizzbuzz_interfaces' for CMake config files
[1.044s] Level 1:colcon.colcon_core.shell:create_environment_hook('fizzbuzz_interfaces', 'cmake_prefix_path')
[1.044s] INFO:colcon.colcon_core.shell:Creating environment hook '/home/pranav/ros2_ws/install/fizzbuzz_interfaces/share/fizzbuzz_interfaces/hook/cmake_prefix_path.ps1'
[1.045s] INFO:colcon.colcon_core.shell:Creating environment descriptor '/home/pranav/ros2_ws/install/fizzbuzz_interfaces/share/fizzbuzz_interfaces/hook/cmake_prefix_path.dsv'
[1.045s] INFO:colcon.colcon_core.shell:Creating environment hook '/home/pranav/ros2_ws/install/fizzbuzz_interfaces/share/fizzbuzz_interfaces/hook/cmake_prefix_path.sh'
[1.050s] Level 1:colcon.colcon_core.environment:checking '/home/pranav/ros2_ws/install/fizzbuzz_interfaces/lib'
[1.050s] Level 1:colcon.colcon_core.shell:create_environment_hook('fizzbuzz_interfaces', 'ld_library_path_lib')
[1.050s] INFO:colcon.colcon_core.shell:Creating environment hook '/home/pranav/ros2_ws/install/fizzbuzz_interfaces/share/fizzbuzz_interfaces/hook/ld_library_path_lib.ps1'
[1.050s] INFO:colcon.colcon_core.shell:Creating environment descriptor '/home/pranav/ros2_ws/install/fizzbuzz_interfaces/share/fizzbuzz_interfaces/hook/ld_library_path_lib.dsv'
[1.051s] INFO:colcon.colcon_core.shell:Creating environment hook '/home/pranav/ros2_ws/install/fizzbuzz_interfaces/share/fizzbuzz_interfaces/hook/ld_library_path_lib.sh'
[1.051s] Level 1:colcon.colcon_core.environment:checking '/home/pranav/ros2_ws/install/fizzbuzz_interfaces/bin'
[1.051s] Level 1:colcon.colcon_core.environment:checking '/home/pranav/ros2_ws/install/fizzbuzz_interfaces/lib/pkgconfig/fizzbuzz_interfaces.pc'
[1.051s] Level 1:colcon.colcon_core.environment:checking '/home/pranav/ros2_ws/install/fizzbuzz_interfaces/lib/python3.12/site-packages'
[1.051s] Level 1:colcon.colcon_core.shell:create_environment_hook('fizzbuzz_interfaces', 'pythonpath')
[1.052s] INFO:colcon.colcon_core.shell:Creating environment hook '/home/pranav/ros2_ws/install/fizzbuzz_interfaces/share/fizzbuzz_interfaces/hook/pythonpath.ps1'
[1.052s] INFO:colcon.colcon_core.shell:Creating environment descriptor '/home/pranav/ros2_ws/install/fizzbuzz_interfaces/share/fizzbuzz_interfaces/hook/pythonpath.dsv'
[1.052s] INFO:colcon.colcon_core.shell:Creating environment hook '/home/pranav/ros2_ws/install/fizzbuzz_interfaces/share/fizzbuzz_interfaces/hook/pythonpath.sh'
[1.056s] Level 1:colcon.colcon_core.environment:checking '/home/pranav/ros2_ws/install/fizzbuzz_interfaces/bin'
[1.056s] INFO:colcon.colcon_core.shell:Creating package script '/home/pranav/ros2_ws/install/fizzbuzz_interfaces/share/fizzbuzz_interfaces/package.ps1'
[1.057s] INFO:colcon.colcon_core.shell:Creating package descriptor '/home/pranav/ros2_ws/install/fizzbuzz_interfaces/share/fizzbuzz_interfaces/package.dsv'
[1.057s] INFO:colcon.colcon_core.shell:Creating package script '/home/pranav/ros2_ws/install/fizzbuzz_interfaces/share/fizzbuzz_interfaces/package.sh'
[1.057s] INFO:colcon.colcon_core.shell:Creating package script '/home/pranav/ros2_ws/install/fizzbuzz_interfaces/share/fizzbuzz_interfaces/package.bash'
[1.058s] INFO:colcon.colcon_core.shell:Creating package script '/home/pranav/ros2_ws/install/fizzbuzz_interfaces/share/fizzbuzz_interfaces/package.zsh'
[1.058s] Level 1:colcon.colcon_core.environment:create_file_with_runtime_dependencies(/home/pranav/ros2_ws/install/fizzbuzz_interfaces/share/colcon-core/packages/fizzbuzz_interfaces)
[1.062s] Level 1:colcon.colcon_core.environment:create_environment_scripts_only(fizzbuzz_interfaces)
[1.062s] Level 1:colcon.colcon_core.environment:checking '/home/pranav/ros2_ws/install/fizzbuzz_interfaces' for CMake module files
[1.063s] Level 1:colcon.colcon_core.environment:checking '/home/pranav/ros2_ws/install/fizzbuzz_interfaces' for CMake config files
[1.063s] Level 1:colcon.colcon_core.shell:create_environment_hook('fizzbuzz_interfaces', 'cmake_prefix_path')
[1.063s] INFO:colcon.colcon_core.shell:Creating environment hook '/home/pranav/ros2_ws/install/fizzbuzz_interfaces/share/fizzbuzz_interfaces/hook/cmake_prefix_path.ps1'
[1.063s] INFO:colcon.colcon_core.shell:Creating environment descriptor '/home/pranav/ros2_ws/install/fizzbuzz_interfaces/share/fizzbuzz_interfaces/hook/cmake_prefix_path.dsv'
[1.064s] INFO:colcon.colcon_core.shell:Creating environment hook '/home/pranav/ros2_ws/install/fizzbuzz_interfaces/share/fizzbuzz_interfaces/hook/cmake_prefix_path.sh'
[1.064s] Level 1:colcon.colcon_core.environment:checking '/home/pranav/ros2_ws/install/fizzbuzz_interfaces/lib'
[1.064s] Level 1:colcon.colcon_core.shell:create_environment_hook('fizzbuzz_interfaces', 'ld_library_path_lib')
[1.064s] INFO:colcon.colcon_core.shell:Creating environment hook '/home/pranav/ros2_ws/install/fizzbuzz_interfaces/share/fizzbuzz_interfaces/hook/ld_library_path_lib.ps1'
[1.065s] INFO:colcon.colcon_core.shell:Creating environment descriptor '/home/pranav/ros2_ws/install/fizzbuzz_interfaces/share/fizzbuzz_interfaces/hook/ld_library_path_lib.dsv'
[1.068s] INFO:colcon.colcon_core.shell:Creating environment hook '/home/pranav/ros2_ws/install/fizzbuzz_interfaces/share/fizzbuzz_interfaces/hook/ld_library_path_lib.sh'
[1.068s] Level 1:colcon.colcon_core.environment:checking '/home/pranav/ros2_ws/install/fizzbuzz_interfaces/bin'
[1.068s] Level 1:colcon.colcon_core.environment:checking '/home/pranav/ros2_ws/install/fizzbuzz_interfaces/lib/pkgconfig/fizzbuzz_interfaces.pc'
[1.069s] Level 1:colcon.colcon_core.environment:checking '/home/pranav/ros2_ws/install/fizzbuzz_interfaces/lib/python3.12/site-packages'
[1.069s] Level 1:colcon.colcon_core.shell:create_environment_hook('fizzbuzz_interfaces', 'pythonpath')
[1.069s] INFO:colcon.colcon_core.shell:Creating environment hook '/home/pranav/ros2_ws/install/fizzbuzz_interfaces/share/fizzbuzz_interfaces/hook/pythonpath.ps1'
[1.069s] INFO:colcon.colcon_core.shell:Creating environment descriptor '/home/pranav/ros2_ws/install/fizzbuzz_interfaces/share/fizzbuzz_interfaces/hook/pythonpath.dsv'
[1.069s] INFO:colcon.colcon_core.shell:Creating environment hook '/home/pranav/ros2_ws/install/fizzbuzz_interfaces/share/fizzbuzz_interfaces/hook/pythonpath.sh'
[1.070s] Level 1:colcon.colcon_core.environment:checking '/home/pranav/ros2_ws/install/fizzbuzz_interfaces/bin'
[1.070s] INFO:colcon.colcon_core.shell:Creating package script '/home/pranav/ros2_ws/install/fizzbuzz_interfaces/share/fizzbuzz_interfaces/package.ps1'
[1.070s] INFO:colcon.colcon_core.shell:Creating package descriptor '/home/pranav/ros2_ws/install/fizzbuzz_interfaces/share/fizzbuzz_interfaces/package.dsv'
[1.071s] INFO:colcon.colcon_core.shell:Creating package script '/home/pranav/ros2_ws/install/fizzbuzz_interfaces/share/fizzbuzz_interfaces/package.sh'
[1.074s] INFO:colcon.colcon_core.shell:Creating package script '/home/pranav/ros2_ws/install/fizzbuzz_interfaces/share/fizzbuzz_interfaces/package.bash'
[1.074s] INFO:colcon.colcon_core.shell:Creating package script '/home/pranav/ros2_ws/install/fizzbuzz_interfaces/share/fizzbuzz_interfaces/package.zsh'
[1.075s] Level 1:colcon.colcon_core.environment:create_file_with_runtime_dependencies(/home/pranav/ros2_ws/install/fizzbuzz_interfaces/share/colcon-core/packages/fizzbuzz_interfaces)
[1.075s] INFO:colcon.colcon_ros.task.ament_python.build:Building ROS package in '/home/pranav/ros2_ws/src/webcam' with build type 'ament_python'
[1.076s] Level 1:colcon.colcon_core.shell:create_environment_hook('webcam', 'ament_prefix_path')
[1.076s] INFO:colcon.colcon_core.shell:Creating environment hook '/home/pranav/ros2_ws/install/webcam/share/webcam/hook/ament_prefix_path.ps1'
[1.076s] INFO:colcon.colcon_core.shell:Creating environment descriptor '/home/pranav/ros2_ws/install/webcam/share/webcam/hook/ament_prefix_path.dsv'
[1.076s] INFO:colcon.colcon_core.shell:Creating environment hook '/home/pranav/ros2_ws/install/webcam/share/webcam/hook/ament_prefix_path.sh'
[1.082s] INFO:colcon.colcon_core.shell:Skip shell extension 'powershell' for command environment: Not usable outside of PowerShell
[1.083s] DEBUG:colcon.colcon_core.shell:Skip shell extension 'dsv' for command environment
[1.429s] INFO:colcon.colcon_core.task.python.build:Building Python package in '/home/pranav/ros2_ws/src/webcam'
[1.429s] INFO:colcon.colcon_core.shell:Skip shell extension 'powershell' for command environment: Not usable outside of PowerShell
[1.429s] DEBUG:colcon.colcon_core.shell:Skip shell extension 'dsv' for command environment
[1.756s] DEBUG:colcon.colcon_core.event_handler.log_command:Invoking command in '/home/pranav/ros2_ws/src/turtle_tag_game': CONDA_PROMPT_MODIFIER=(base) DEBUGINFOD_URLS=https://debuginfod.ubuntu.com PYTHONPATH=/home/pranav/ros2_ws/build/turtle_tag_game/prefix_override:/usr/lib/python3/dist-packages/colcon_core/task/python/colcon_distutils_commands:/home/pranav/ros2_ws/install/turtle_tag_game/lib/python3.12/site-packages:${PYTHONPATH} /usr/bin/python3 -W ignore:setup.py install is deprecated -W ignore:easy_install command is deprecated setup.py egg_info --egg-base ../../build/turtle_tag_game build --build-base /home/pranav/ros2_ws/build/turtle_tag_game/build install --record /home/pranav/ros2_ws/build/turtle_tag_game/install.log --single-version-externally-managed install_data
[1.834s] DEBUG:colcon.colcon_core.event_handler.log_command:Invoking command in '/home/pranav/ros2_ws/src/pet': CONDA_PROMPT_MODIFIER=(base) DEBUGINFOD_URLS=https://debuginfod.ubuntu.com PYTHONPATH=/home/pranav/ros2_ws/build/pet/prefix_override:/usr/lib/python3/dist-packages/colcon_core/task/python/colcon_distutils_commands:/home/pranav/ros2_ws/install/pet/lib/python3.12/site-packages:${PYTHONPATH} /usr/bin/python3 -W ignore:setup.py install is deprecated -W ignore:easy_install command is deprecated setup.py egg_info --egg-base ../../build/pet build --build-base /home/pranav/ros2_ws/build/pet/build install --record /home/pranav/ros2_ws/build/pet/install.log --single-version-externally-managed install_data
[1.931s] DEBUG:colcon.colcon_core.event_handler.log_command:Invoking command in '/home/pranav/ros2_ws/src/drone': CONDA_PROMPT_MODIFIER=(base) DEBUGINFOD_URLS=https://debuginfod.ubuntu.com PYTHONPATH=/home/pranav/ros2_ws/build/drone/prefix_override:/usr/lib/python3/dist-packages/colcon_core/task/python/colcon_distutils_commands:/home/pranav/ros2_ws/install/drone/lib/python3.12/site-packages:${PYTHONPATH} /usr/bin/python3 -W ignore:setup.py install is deprecated -W ignore:easy_install command is deprecated setup.py egg_info --egg-base ../../build/drone build --build-base /home/pranav/ros2_ws/build/drone/build install --record /home/pranav/ros2_ws/build/drone/install.log --single-version-externally-managed install_data
[2.222s] DEBUG:colcon.colcon_core.event_handler.log_command:Invoking command in '/home/pranav/ros2_ws/src/webcam': CONDA_PROMPT_MODIFIER=(base) DEBUGINFOD_URLS=https://debuginfod.ubuntu.com PYTHONPATH=/home/pranav/ros2_ws/build/webcam/prefix_override:/usr/lib/python3/dist-packages/colcon_core/task/python/colcon_distutils_commands:/home/pranav/ros2_ws/install/webcam/lib/python3.12/site-packages:${PYTHONPATH} /usr/bin/python3 -W ignore:setup.py install is deprecated -W ignore:easy_install command is deprecated setup.py egg_info --egg-base ../../build/webcam build --build-base /home/pranav/ros2_ws/build/webcam/build install --record /home/pranav/ros2_ws/build/webcam/install.log --single-version-externally-managed install_data
[2.307s] Level 1:colcon.colcon_core.environment:checking '/home/pranav/ros2_ws/install/pet' for CMake module files
[2.307s] DEBUG:colcon.colcon_core.event_handler.log_command:Invoked command in '/home/pranav/ros2_ws/src/pet' returned '0': CONDA_PROMPT_MODIFIER=(base) DEBUGINFOD_URLS=https://debuginfod.ubuntu.com PYTHONPATH=/home/pranav/ros2_ws/build/pet/prefix_override:/usr/lib/python3/dist-packages/colcon_core/task/python/colcon_distutils_commands:/home/pranav/ros2_ws/install/pet/lib/python3.12/site-packages:${PYTHONPATH} /usr/bin/python3 -W ignore:setup.py install is deprecated -W ignore:easy_install command is deprecated setup.py egg_info --egg-base ../../build/pet build --build-base /home/pranav/ros2_ws/build/pet/build install --record /home/pranav/ros2_ws/build/pet/install.log --single-version-externally-managed install_data
[2.308s] Level 1:colcon.colcon_core.environment:checking '/home/pranav/ros2_ws/install/pet' for CMake config files
[2.308s] Level 1:colcon.colcon_core.environment:checking '/home/pranav/ros2_ws/install/pet/lib'
[2.308s] Level 1:colcon.colcon_core.environment:checking '/home/pranav/ros2_ws/install/pet/bin'
[2.308s] Level 1:colcon.colcon_core.environment:checking '/home/pranav/ros2_ws/install/pet/lib/pkgconfig/pet.pc'
[2.308s] Level 1:colcon.colcon_core.environment:checking '/home/pranav/ros2_ws/install/pet/lib/python3.12/site-packages'
[2.308s] Level 1:colcon.colcon_core.shell:create_environment_hook('pet', 'pythonpath')
[2.309s] INFO:colcon.colcon_core.shell:Creating environment hook '/home/pranav/ros2_ws/install/pet/share/pet/hook/pythonpath.ps1'
[2.309s] INFO:colcon.colcon_core.shell:Creating environment descriptor '/home/pranav/ros2_ws/install/pet/share/pet/hook/pythonpath.dsv'
[2.310s] INFO:colcon.colcon_core.shell:Creating environment hook '/home/pranav/ros2_ws/install/pet/share/pet/hook/pythonpath.sh'
[2.311s] Level 1:colcon.colcon_core.environment:checking '/home/pranav/ros2_ws/install/pet/bin'
[2.311s] Level 1:colcon.colcon_core.environment:create_environment_scripts_only(pet)
[2.311s] INFO:colcon.colcon_core.shell:Creating package script '/home/pranav/ros2_ws/install/pet/share/pet/package.ps1'
[2.311s] INFO:colcon.colcon_core.shell:Creating package descriptor '/home/pranav/ros2_ws/install/pet/share/pet/package.dsv'
[2.312s] INFO:colcon.colcon_core.shell:Creating package script '/home/pranav/ros2_ws/install/pet/share/pet/package.sh'
[2.312s] INFO:colcon.colcon_core.shell:Creating package script '/home/pranav/ros2_ws/install/pet/share/pet/package.bash'
[2.324s] INFO:colcon.colcon_core.shell:Creating package script '/home/pranav/ros2_ws/install/pet/share/pet/package.zsh'
[2.326s] Level 1:colcon.colcon_core.environment:create_file_with_runtime_dependencies(/home/pranav/ros2_ws/install/pet/share/colcon-core/packages/pet)
[2.332s] INFO:colcon.colcon_ros.task.ament_python.build:Building ROS package in '/home/pranav/ros2_ws/src/fizzbuzz' with build type 'ament_python'
[2.332s] Level 1:colcon.colcon_core.shell:create_environment_hook('fizzbuzz', 'ament_prefix_path')
[2.332s] INFO:colcon.colcon_core.shell:Creating environment hook '/home/pranav/ros2_ws/install/fizzbuzz/share/fizzbuzz/hook/ament_prefix_path.ps1'
[2.333s] INFO:colcon.colcon_core.shell:Creating environment descriptor '/home/pranav/ros2_ws/install/fizzbuzz/share/fizzbuzz/hook/ament_prefix_path.dsv'
[2.335s] INFO:colcon.colcon_core.shell:Creating environment hook '/home/pranav/ros2_ws/install/fizzbuzz/share/fizzbuzz/hook/ament_prefix_path.sh'
[2.336s] INFO:colcon.colcon_core.shell:Skip shell extension 'powershell' for command environment: Not usable outside of PowerShell
[2.338s] DEBUG:colcon.colcon_core.shell:Skip shell extension 'dsv' for command environment
[2.348s] Level 1:colcon.colcon_core.environment:checking '/home/pranav/ros2_ws/install/turtle_tag_game' for CMake module files
[2.348s] Level 1:colcon.colcon_core.environment:checking '/home/pranav/ros2_ws/install/turtle_tag_game' for CMake config files
[2.349s] Level 1:colcon.colcon_core.environment:checking '/home/pranav/ros2_ws/install/turtle_tag_game/lib'
[2.349s] Level 1:colcon.colcon_core.environment:checking '/home/pranav/ros2_ws/install/turtle_tag_game/bin'
[2.349s] Level 1:colcon.colcon_core.environment:checking '/home/pranav/ros2_ws/install/turtle_tag_game/lib/pkgconfig/turtle_tag_game.pc'
[2.349s] Level 1:colcon.colcon_core.environment:checking '/home/pranav/ros2_ws/install/turtle_tag_game/lib/python3.12/site-packages'
[2.349s] Level 1:colcon.colcon_core.shell:create_environment_hook('turtle_tag_game', 'pythonpath')
[2.349s] INFO:colcon.colcon_core.shell:Creating environment hook '/home/pranav/ros2_ws/install/turtle_tag_game/share/turtle_tag_game/hook/pythonpath.ps1'
[2.350s] INFO:colcon.colcon_core.shell:Creating environment descriptor '/home/pranav/ros2_ws/install/turtle_tag_game/share/turtle_tag_game/hook/pythonpath.dsv'
[2.350s] INFO:colcon.colcon_core.shell:Creating environment hook '/home/pranav/ros2_ws/install/turtle_tag_game/share/turtle_tag_game/hook/pythonpath.sh'
[2.353s] Level 1:colcon.colcon_core.environment:checking '/home/pranav/ros2_ws/install/turtle_tag_game/bin'
[2.353s] Level 1:colcon.colcon_core.environment:create_environment_scripts_only(turtle_tag_game)
[2.353s] INFO:colcon.colcon_core.shell:Creating package script '/home/pranav/ros2_ws/install/turtle_tag_game/share/turtle_tag_game/package.ps1'
[2.353s] INFO:colcon.colcon_core.shell:Creating package descriptor '/home/pranav/ros2_ws/install/turtle_tag_game/share/turtle_tag_game/package.dsv'
[2.354s] INFO:colcon.colcon_core.shell:Creating package script '/home/pranav/ros2_ws/install/turtle_tag_game/share/turtle_tag_game/package.sh'
[2.354s] INFO:colcon.colcon_core.shell:Creating package script '/home/pranav/ros2_ws/install/turtle_tag_game/share/turtle_tag_game/package.bash'
[2.354s] DEBUG:colcon.colcon_core.event_handler.log_command:Invoked command in '/home/pranav/ros2_ws/src/turtle_tag_game' returned '0': CONDA_PROMPT_MODIFIER=(base) DEBUGINFOD_URLS=https://debuginfod.ubuntu.com PYTHONPATH=/home/pranav/ros2_ws/build/turtle_tag_game/prefix_override:/usr/lib/python3/dist-packages/colcon_core/task/python/colcon_distutils_commands:/home/pranav/ros2_ws/install/turtle_tag_game/lib/python3.12/site-packages:${PYTHONPATH} /usr/bin/python3 -W ignore:setup.py install is deprecated -W ignore:easy_install command is deprecated setup.py egg_info --egg-base ../../build/turtle_tag_game build --build-base /home/pranav/ros2_ws/build/turtle_tag_game/build install --record /home/pranav/ros2_ws/build/turtle_tag_game/install.log --single-version-externally-managed install_data
[2.356s] INFO:colcon.colcon_core.shell:Creating package script '/home/pranav/ros2_ws/install/turtle_tag_game/share/turtle_tag_game/package.zsh'
[2.357s] Level 1:colcon.colcon_core.environment:create_file_with_runtime_dependencies(/home/pranav/ros2_ws/install/turtle_tag_game/share/colcon-core/packages/turtle_tag_game)
[2.593s] INFO:colcon.colcon_core.task.python.build:Building Python package in '/home/pranav/ros2_ws/src/fizzbuzz'
[2.594s] INFO:colcon.colcon_core.shell:Skip shell extension 'powershell' for command environment: Not usable outside of PowerShell
[2.594s] DEBUG:colcon.colcon_core.shell:Skip shell extension 'dsv' for command environment
[2.599s] Level 1:colcon.colcon_core.environment:checking '/home/pranav/ros2_ws/install/drone' for CMake module files
[2.600s] Level 1:colcon.colcon_core.environment:checking '/home/pranav/ros2_ws/install/drone' for CMake config files
[2.600s] Level 1:colcon.colcon_core.environment:checking '/home/pranav/ros2_ws/install/drone/lib'
[2.600s] Level 1:colcon.colcon_core.environment:checking '/home/pranav/ros2_ws/install/drone/bin'
[2.600s] Level 1:colcon.colcon_core.environment:checking '/home/pranav/ros2_ws/install/drone/lib/pkgconfig/drone.pc'
[2.601s] Level 1:colcon.colcon_core.environment:checking '/home/pranav/ros2_ws/install/drone/lib/python3.12/site-packages'
[2.601s] Level 1:colcon.colcon_core.shell:create_environment_hook('drone', 'pythonpath')
[2.601s] INFO:colcon.colcon_core.shell:Creating environment hook '/home/pranav/ros2_ws/install/drone/share/drone/hook/pythonpath.ps1'
[2.601s] INFO:colcon.colcon_core.shell:Creating environment descriptor '/home/pranav/ros2_ws/install/drone/share/drone/hook/pythonpath.dsv'
[2.602s] DEBUG:colcon.colcon_core.event_handler.log_command:Invoked command in '/home/pranav/ros2_ws/src/drone' returned '0': CONDA_PROMPT_MODIFIER=(base) DEBUGINFOD_URLS=https://debuginfod.ubuntu.com PYTHONPATH=/home/pranav/ros2_ws/build/drone/prefix_override:/usr/lib/python3/dist-packages/colcon_core/task/python/colcon_distutils_commands:/home/pranav/ros2_ws/install/drone/lib/python3.12/site-packages:${PYTHONPATH} /usr/bin/python3 -W ignore:setup.py install is deprecated -W ignore:easy_install command is deprecated setup.py egg_info --egg-base ../../build/drone build --build-base /home/pranav/ros2_ws/build/drone/build install --record /home/pranav/ros2_ws/build/drone/install.log --single-version-externally-managed install_data
[2.606s] INFO:colcon.colcon_core.shell:Creating environment hook '/home/pranav/ros2_ws/install/drone/share/drone/hook/pythonpath.sh'
[2.607s] Level 1:colcon.colcon_core.environment:checking '/home/pranav/ros2_ws/install/drone/bin'
[2.607s] Level 1:colcon.colcon_core.environment:create_environment_scripts_only(drone)
[2.608s] INFO:colcon.colcon_core.shell:Creating package script '/home/pranav/ros2_ws/install/drone/share/drone/package.ps1'
[2.608s] INFO:colcon.colcon_core.shell:Creating package descriptor '/home/pranav/ros2_ws/install/drone/share/drone/package.dsv'
[2.610s] INFO:colcon.colcon_core.shell:Creating package script '/home/pranav/ros2_ws/install/drone/share/drone/package.sh'
[2.610s] INFO:colcon.colcon_core.shell:Creating package script '/home/pranav/ros2_ws/install/drone/share/drone/package.bash'
[2.611s] INFO:colcon.colcon_core.shell:Creating package script '/home/pranav/ros2_ws/install/drone/share/drone/package.zsh'
[2.611s] Level 1:colcon.colcon_core.environment:create_file_with_runtime_dependencies(/home/pranav/ros2_ws/install/drone/share/colcon-core/packages/drone)
[2.827s] Level 1:colcon.colcon_core.environment:checking '/home/pranav/ros2_ws/install/webcam' for CMake module files
[2.836s] Level 1:colcon.colcon_core.environment:checking '/home/pranav/ros2_ws/install/webcam' for CMake config files
[2.837s] Level 1:colcon.colcon_core.environment:checking '/home/pranav/ros2_ws/install/webcam/lib'
[2.837s] Level 1:colcon.colcon_core.environment:checking '/home/pranav/ros2_ws/install/webcam/bin'
[2.837s] Level 1:colcon.colcon_core.environment:checking '/home/pranav/ros2_ws/install/webcam/lib/pkgconfig/webcam.pc'
[2.837s] Level 1:colcon.colcon_core.environment:checking '/home/pranav/ros2_ws/install/webcam/lib/python3.12/site-packages'
[2.837s] Level 1:colcon.colcon_core.shell:create_environment_hook('webcam', 'pythonpath')
[2.837s] INFO:colcon.colcon_core.shell:Creating environment hook '/home/pranav/ros2_ws/install/webcam/share/webcam/hook/pythonpath.ps1'
[2.838s] INFO:colcon.colcon_core.shell:Creating environment descriptor '/home/pranav/ros2_ws/install/webcam/share/webcam/hook/pythonpath.dsv'
[2.836s] DEBUG:colcon.colcon_core.event_handler.log_command:Invoked command in '/home/pranav/ros2_ws/src/webcam' returned '0': CONDA_PROMPT_MODIFIER=(base) DEBUGINFOD_URLS=https://debuginfod.ubuntu.com PYTHONPATH=/home/pranav/ros2_ws/build/webcam/prefix_override:/usr/lib/python3/dist-packages/colcon_core/task/python/colcon_distutils_commands:/home/pranav/ros2_ws/install/webcam/lib/python3.12/site-packages:${PYTHONPATH} /usr/bin/python3 -W ignore:setup.py install is deprecated -W ignore:easy_install command is deprecated setup.py egg_info --egg-base ../../build/webcam build --build-base /home/pranav/ros2_ws/build/webcam/build install --record /home/pranav/ros2_ws/build/webcam/install.log --single-version-externally-managed install_data
[2.838s] INFO:colcon.colcon_core.shell:Creating environment hook '/home/pranav/ros2_ws/install/webcam/share/webcam/hook/pythonpath.sh'
[2.841s] Level 1:colcon.colcon_core.environment:checking '/home/pranav/ros2_ws/install/webcam/bin'
[2.841s] Level 1:colcon.colcon_core.environment:create_environment_scripts_only(webcam)
[2.841s] INFO:colcon.colcon_core.shell:Creating package script '/home/pranav/ros2_ws/install/webcam/share/webcam/package.ps1'
[2.842s] INFO:colcon.colcon_core.shell:Creating package descriptor '/home/pranav/ros2_ws/install/webcam/share/webcam/package.dsv'
[2.842s] INFO:colcon.colcon_core.shell:Creating package script '/home/pranav/ros2_ws/install/webcam/share/webcam/package.sh'
[2.842s] INFO:colcon.colcon_core.shell:Creating package script '/home/pranav/ros2_ws/install/webcam/share/webcam/package.bash'
[2.843s] INFO:colcon.colcon_core.shell:Creating package script '/home/pranav/ros2_ws/install/webcam/share/webcam/package.zsh'
[2.843s] Level 1:colcon.colcon_core.environment:create_file_with_runtime_dependencies(/home/pranav/ros2_ws/install/webcam/share/colcon-core/packages/webcam)
[3.237s] DEBUG:colcon.colcon_core.event_handler.log_command:Invoking command in '/home/pranav/ros2_ws/src/fizzbuzz': AMENT_PREFIX_PATH=/home/pranav/ros2_ws/install/fizzbuzz_interfaces:${AMENT_PREFIX_PATH} CMAKE_PREFIX_PATH=/home/pranav/ros2_ws/install/fizzbuzz_interfaces:${CMAKE_PREFIX_PATH} CONDA_PROMPT_MODIFIER=(base) DEBUGINFOD_URLS=https://debuginfod.ubuntu.com LD_LIBRARY_PATH=/home/pranav/ros2_ws/install/fizzbuzz_interfaces/lib:${LD_LIBRARY_PATH} PYTHONPATH=/home/pranav/ros2_ws/build/fizzbuzz/prefix_override:/usr/lib/python3/dist-packages/colcon_core/task/python/colcon_distutils_commands:/home/pranav/ros2_ws/install/fizzbuzz/lib/python3.12/site-packages:/home/pranav/ros2_ws/install/fizzbuzz_interfaces/lib/python3.13/site-packages:/home/pranav/ros2_ws/install/fizzbuzz_interfaces/lib/python3.12/site-packages:${PYTHONPATH} /usr/bin/python3 -W ignore:setup.py install is deprecated -W ignore:easy_install command is deprecated setup.py egg_info --egg-base ../../build/fizzbuzz build --build-base /home/pranav/ros2_ws/build/fizzbuzz/build install --record /home/pranav/ros2_ws/build/fizzbuzz/install.log --single-version-externally-managed install_data
[3.842s] Level 1:colcon.colcon_core.environment:checking '/home/pranav/ros2_ws/install/fizzbuzz' for CMake module files
[3.843s] Level 1:colcon.colcon_core.environment:checking '/home/pranav/ros2_ws/install/fizzbuzz' for CMake config files
[3.843s] Level 1:colcon.colcon_core.environment:checking '/home/pranav/ros2_ws/install/fizzbuzz/lib'
[3.843s] Level 1:colcon.colcon_core.environment:checking '/home/pranav/ros2_ws/install/fizzbuzz/bin'
[3.843s] Level 1:colcon.colcon_core.environment:checking '/home/pranav/ros2_ws/install/fizzbuzz/lib/pkgconfig/fizzbuzz.pc'
[3.844s] Level 1:colcon.colcon_core.environment:checking '/home/pranav/ros2_ws/install/fizzbuzz/lib/python3.12/site-packages'
[3.844s] Level 1:colcon.colcon_core.shell:create_environment_hook('fizzbuzz', 'pythonpath')
[3.844s] INFO:colcon.colcon_core.shell:Creating environment hook '/home/pranav/ros2_ws/install/fizzbuzz/share/fizzbuzz/hook/pythonpath.ps1'
[3.845s] INFO:colcon.colcon_core.shell:Creating environment descriptor '/home/pranav/ros2_ws/install/fizzbuzz/share/fizzbuzz/hook/pythonpath.dsv'
[3.851s] INFO:colcon.colcon_core.shell:Creating environment hook '/home/pranav/ros2_ws/install/fizzbuzz/share/fizzbuzz/hook/pythonpath.sh'
[3.852s] Level 1:colcon.colcon_core.environment:checking '/home/pranav/ros2_ws/install/fizzbuzz/bin'
[3.852s] Level 1:colcon.colcon_core.environment:create_environment_scripts_only(fizzbuzz)
[3.852s] INFO:colcon.colcon_core.shell:Creating package script '/home/pranav/ros2_ws/install/fizzbuzz/share/fizzbuzz/package.ps1'
[3.852s] INFO:colcon.colcon_core.shell:Creating package descriptor '/home/pranav/ros2_ws/install/fizzbuzz/share/fizzbuzz/package.dsv'
[3.853s] INFO:colcon.colcon_core.shell:Creating package script '/home/pranav/ros2_ws/install/fizzbuzz/share/fizzbuzz/package.sh'
[3.853s] DEBUG:colcon.colcon_core.event_handler.log_command:Invoked command in '/home/pranav/ros2_ws/src/fizzbuzz' returned '0': AMENT_PREFIX_PATH=/home/pranav/ros2_ws/install/fizzbuzz_interfaces:${AMENT_PREFIX_PATH} CMAKE_PREFIX_PATH=/home/pranav/ros2_ws/install/fizzbuzz_interfaces:${CMAKE_PREFIX_PATH} CONDA_PROMPT_MODIFIER=(base) DEBUGINFOD_URLS=https://debuginfod.ubuntu.com LD_LIBRARY_PATH=/home/pranav/ros2_ws/install/fizzbuzz_interfaces/lib:${LD_LIBRARY_PATH} PYTHONPATH=/home/pranav/ros2_ws/build/fizzbuzz/prefix_override:/usr/lib/python3/dist-packages/colcon_core/task/python/colcon_distutils_commands:/home/pranav/ros2_ws/install/fizzbuzz/lib/python3.12/site-packages:/home/pranav/ros2_ws/install/fizzbuzz_interfaces/lib/python3.13/site-packages:/home/pranav/ros2_ws/install/fizzbuzz_interfaces/lib/python3.12/site-packages:${PYTHONPATH} /usr/bin/python3 -W ignore:setup.py install is deprecated -W ignore:easy_install command is deprecated setup.py egg_info --egg-base ../../build/fizzbuzz build --build-base /home/pranav/ros2_ws/build/fizzbuzz/build install --record /home/pranav/ros2_ws/build/fizzbuzz/install.log --single-version-externally-managed install_data
[3.853s] INFO:colcon.colcon_core.shell:Creating package script '/home/pranav/ros2_ws/install/fizzbuzz/share/fizzbuzz/package.bash'
[3.853s] INFO:colcon.colcon_core.shell:Creating package script '/home/pranav/ros2_ws/install/fizzbuzz/share/fizzbuzz/package.zsh'
[3.854s] Level 1:colcon.colcon_core.environment:create_file_with_runtime_dependencies(/home/pranav/ros2_ws/install/fizzbuzz/share/colcon-core/packages/fizzbuzz)
[3.857s] DEBUG:colcon.colcon_parallel_executor.executor.parallel:closing loop
[3.858s] DEBUG:colcon.colcon_parallel_executor.executor.parallel:loop closed
[3.858s] DEBUG:colcon.colcon_parallel_executor.executor.parallel:run_until_complete finished with '0'
[3.858s] DEBUG:colcon.colcon_core.event_reactor:joining thread
[3.881s] INFO:colcon.colcon_core.plugin_system:Skipping extension 'colcon_notification.desktop_notification.terminal_notifier': Not used on non-Darwin systems
[3.883s] INFO:colcon.colcon_core.plugin_system:Skipping extension 'colcon_notification.desktop_notification.win32': Not used on non-Windows systems
[3.883s] INFO:colcon.colcon_notification.desktop_notification:Sending desktop notification using 'notify2'
[3.911s] DEBUG:colcon.colcon_core.event_reactor:joined thread
[3.912s] INFO:colcon.colcon_core.shell:Creating prefix script '/home/pranav/ros2_ws/install/local_setup.ps1'
[3.913s] INFO:colcon.colcon_core.shell:Creating prefix util module '/home/pranav/ros2_ws/install/_local_setup_util_ps1.py'
[3.917s] INFO:colcon.colcon_core.shell:Creating prefix chain script '/home/pranav/ros2_ws/install/setup.ps1'
[3.917s] INFO:colcon.colcon_core.shell:Creating prefix script '/home/pranav/ros2_ws/install/local_setup.sh'
[3.918s] INFO:colcon.colcon_core.shell:Creating prefix util module '/home/pranav/ros2_ws/install/_local_setup_util_sh.py'
[3.919s] INFO:colcon.colcon_core.shell:Creating prefix chain script '/home/pranav/ros2_ws/install/setup.sh'
[3.920s] INFO:colcon.colcon_core.shell:Creating prefix script '/home/pranav/ros2_ws/install/local_setup.bash'
[3.926s] INFO:colcon.colcon_core.shell:Creating prefix chain script '/home/pranav/ros2_ws/install/setup.bash'
[3.926s] INFO:colcon.colcon_core.shell:Creating prefix script '/home/pranav/ros2_ws/install/local_setup.zsh'
[3.927s] INFO:colcon.colcon_core.shell:Creating prefix chain script '/home/pranav/ros2_ws/install/setup.zsh'
