[0.136s] DEBUG:colcon:Command line arguments: ['/usr/bin/colcon', 'build']
[0.136s] DEBUG:colcon:Parsed command line arguments: Namespace(log_base=None, log_level=None, verb_name='build', build_base='build', install_base='install', merge_install=False, symlink_install=False, test_result_base=None, continue_on_error=False, executor='parallel', parallel_workers=4, event_handlers=None, ignore_user_meta=False, metas=['./colcon.meta'], base_paths=['.'], packages_ignore=None, packages_ignore_regex=None, paths=None, packages_up_to=None, packages_up_to_regex=None, packages_above=None, packages_above_and_dependencies=None, packages_above_depth=None, packages_select_by_dep=None, packages_skip_by_dep=None, packages_skip_up_to=None, packages_select_build_failed=False, packages_skip_build_finished=False, packages_select_test_failures=False, packages_skip_test_passed=False, packages_select=None, packages_skip=None, packages_select_regex=None, packages_skip_regex=None, packages_start=None, packages_end=None, allow_overriding=[], cmake_args=None, cmake_target=None, cmake_target_skip_unavailable=False, cmake_clean_cache=False, cmake_clean_first=False, cmake_force_configure=False, ament_cmake_args=None, catkin_cmake_args=None, catkin_skip_building_tests=False, mixin_files=None, mixin=None, verb_parser=<colcon_mixin.mixin.mixin_argument.MixinArgumentDecorator object at 0xf6b2c662af90>, verb_extension=<colcon_core.verb.build.BuildVerb object at 0xf6b2c76bfec0>, main=<bound method BuildVerb.main of <colcon_core.verb.build.BuildVerb object at 0xf6b2c76bfec0>>, mixin_verb=('build',))
[0.168s] Level 1:colcon.colcon_core.package_discovery:discover_packages(colcon_meta) check parameters
[0.169s] Level 1:colcon.colcon_core.package_discovery:discover_packages(recursive) check parameters
[0.169s] Level 1:colcon.colcon_core.package_discovery:discover_packages(ignore) check parameters
[0.169s] Level 1:colcon.colcon_core.package_discovery:discover_packages(path) check parameters
[0.169s] Level 1:colcon.colcon_core.package_discovery:discover_packages(colcon_meta) discover
[0.169s] Level 1:colcon.colcon_core.package_discovery:discover_packages(recursive) discover
[0.169s] INFO:colcon.colcon_core.package_discovery:Crawling recursively for packages in '/home/pranav/ros2_ws'
[0.169s] Level 1:colcon.colcon_core.package_identification:_identify(.) by extensions ['ignore', 'ignore_ament_install']
[0.169s] Level 1:colcon.colcon_core.package_identification:_identify(.) by extension 'ignore'
[0.169s] Level 1:colcon.colcon_core.package_identification:_identify(.) by extension 'ignore_ament_install'
[0.169s] Level 1:colcon.colcon_core.package_identification:_identify(.) by extensions ['colcon_pkg']
[0.169s] Level 1:colcon.colcon_core.package_identification:_identify(.) by extension 'colcon_pkg'
[0.169s] Level 1:colcon.colcon_core.package_identification:_identify(.) by extensions ['colcon_meta']
[0.169s] Level 1:colcon.colcon_core.package_identification:_identify(.) by extension 'colcon_meta'
[0.169s] Level 1:colcon.colcon_core.package_identification:_identify(.) by extensions ['ros']
[0.169s] Level 1:colcon.colcon_core.package_identification:_identify(.) by extension 'ros'
[0.185s] Level 1:colcon.colcon_core.package_identification:_identify(.) by extensions ['cmake', 'python']
[0.185s] Level 1:colcon.colcon_core.package_identification:_identify(.) by extension 'cmake'
[0.185s] Level 1:colcon.colcon_core.package_identification:_identify(.) by extension 'python'
[0.185s] Level 1:colcon.colcon_core.package_identification:_identify(.) by extensions ['python_setup_py']
[0.185s] Level 1:colcon.colcon_core.package_identification:_identify(.) by extension 'python_setup_py'
[0.185s] Level 1:colcon.colcon_core.package_identification:_identify(build) by extensions ['ignore', 'ignore_ament_install']
[0.185s] Level 1:colcon.colcon_core.package_identification:_identify(build) by extension 'ignore'
[0.185s] Level 1:colcon.colcon_core.package_identification:_identify(build) ignored
[0.185s] Level 1:colcon.colcon_core.package_identification:_identify(install) by extensions ['ignore', 'ignore_ament_install']
[0.185s] Level 1:colcon.colcon_core.package_identification:_identify(install) by extension 'ignore'
[0.185s] Level 1:colcon.colcon_core.package_identification:_identify(install) ignored
[0.185s] Level 1:colcon.colcon_core.package_identification:_identify(log) by extensions ['ignore', 'ignore_ament_install']
[0.185s] Level 1:colcon.colcon_core.package_identification:_identify(log) by extension 'ignore'
[0.185s] Level 1:colcon.colcon_core.package_identification:_identify(log) ignored
[0.185s] Level 1:colcon.colcon_core.package_identification:_identify(src) by extensions ['ignore', 'ignore_ament_install']
[0.185s] Level 1:colcon.colcon_core.package_identification:_identify(src) by extension 'ignore'
[0.185s] Level 1:colcon.colcon_core.package_identification:_identify(src) by extension 'ignore_ament_install'
[0.185s] Level 1:colcon.colcon_core.package_identification:_identify(src) by extensions ['colcon_pkg']
[0.185s] Level 1:colcon.colcon_core.package_identification:_identify(src) by extension 'colcon_pkg'
[0.185s] Level 1:colcon.colcon_core.package_identification:_identify(src) by extensions ['colcon_meta']
[0.185s] Level 1:colcon.colcon_core.package_identification:_identify(src) by extension 'colcon_meta'
[0.185s] Level 1:colcon.colcon_core.package_identification:_identify(src) by extensions ['ros']
[0.185s] Level 1:colcon.colcon_core.package_identification:_identify(src) by extension 'ros'
[0.186s] Level 1:colcon.colcon_core.package_identification:_identify(src) by extensions ['cmake', 'python']
[0.186s] Level 1:colcon.colcon_core.package_identification:_identify(src) by extension 'cmake'
[0.186s] Level 1:colcon.colcon_core.package_identification:_identify(src) by extension 'python'
[0.186s] Level 1:colcon.colcon_core.package_identification:_identify(src) by extensions ['python_setup_py']
[0.186s] Level 1:colcon.colcon_core.package_identification:_identify(src) by extension 'python_setup_py'
[0.186s] Level 1:colcon.colcon_core.package_identification:_identify(src/drone) by extensions ['ignore', 'ignore_ament_install']
[0.186s] Level 1:colcon.colcon_core.package_identification:_identify(src/drone) by extension 'ignore'
[0.186s] Level 1:colcon.colcon_core.package_identification:_identify(src/drone) by extension 'ignore_ament_install'
[0.186s] Level 1:colcon.colcon_core.package_identification:_identify(src/drone) by extensions ['colcon_pkg']
[0.186s] Level 1:colcon.colcon_core.package_identification:_identify(src/drone) by extension 'colcon_pkg'
[0.186s] Level 1:colcon.colcon_core.package_identification:_identify(src/drone) by extensions ['colcon_meta']
[0.186s] Level 1:colcon.colcon_core.package_identification:_identify(src/drone) by extension 'colcon_meta'
[0.186s] Level 1:colcon.colcon_core.package_identification:_identify(src/drone) by extensions ['ros']
[0.186s] Level 1:colcon.colcon_core.package_identification:_identify(src/drone) by extension 'ros'
[0.187s] DEBUG:colcon.colcon_core.package_identification:Package 'src/drone' with type 'ros.ament_python' and name 'drone'
[0.187s] Level 1:colcon.colcon_core.package_identification:_identify(src/fizzbuzz) by extensions ['ignore', 'ignore_ament_install']
[0.187s] Level 1:colcon.colcon_core.package_identification:_identify(src/fizzbuzz) by extension 'ignore'
[0.187s] Level 1:colcon.colcon_core.package_identification:_identify(src/fizzbuzz) by extension 'ignore_ament_install'
[0.187s] Level 1:colcon.colcon_core.package_identification:_identify(src/fizzbuzz) by extensions ['colcon_pkg']
[0.187s] Level 1:colcon.colcon_core.package_identification:_identify(src/fizzbuzz) by extension 'colcon_pkg'
[0.187s] Level 1:colcon.colcon_core.package_identification:_identify(src/fizzbuzz) by extensions ['colcon_meta']
[0.187s] Level 1:colcon.colcon_core.package_identification:_identify(src/fizzbuzz) by extension 'colcon_meta'
[0.187s] Level 1:colcon.colcon_core.package_identification:_identify(src/fizzbuzz) by extensions ['ros']
[0.187s] Level 1:colcon.colcon_core.package_identification:_identify(src/fizzbuzz) by extension 'ros'
[0.188s] DEBUG:colcon.colcon_core.package_identification:Package 'src/fizzbuzz' with type 'ros.ament_python' and name 'fizzbuzz'
[0.188s] Level 1:colcon.colcon_core.package_identification:_identify(src/fizzbuzz_interfaces) by extensions ['ignore', 'ignore_ament_install']
[0.188s] Level 1:colcon.colcon_core.package_identification:_identify(src/fizzbuzz_interfaces) by extension 'ignore'
[0.188s] Level 1:colcon.colcon_core.package_identification:_identify(src/fizzbuzz_interfaces) by extension 'ignore_ament_install'
[0.188s] Level 1:colcon.colcon_core.package_identification:_identify(src/fizzbuzz_interfaces) by extensions ['colcon_pkg']
[0.188s] Level 1:colcon.colcon_core.package_identification:_identify(src/fizzbuzz_interfaces) by extension 'colcon_pkg'
[0.188s] Level 1:colcon.colcon_core.package_identification:_identify(src/fizzbuzz_interfaces) by extensions ['colcon_meta']
[0.188s] Level 1:colcon.colcon_core.package_identification:_identify(src/fizzbuzz_interfaces) by extension 'colcon_meta'
[0.188s] Level 1:colcon.colcon_core.package_identification:_identify(src/fizzbuzz_interfaces) by extensions ['ros']
[0.188s] Level 1:colcon.colcon_core.package_identification:_identify(src/fizzbuzz_interfaces) by extension 'ros'
[0.188s] DEBUG:colcon.colcon_core.package_identification:Package 'src/fizzbuzz_interfaces' with type 'ros.ament_cmake' and name 'fizzbuzz_interfaces'
[0.188s] Level 1:colcon.colcon_core.package_identification:_identify(src/pet) by extensions ['ignore', 'ignore_ament_install']
[0.188s] Level 1:colcon.colcon_core.package_identification:_identify(src/pet) by extension 'ignore'
[0.188s] Level 1:colcon.colcon_core.package_identification:_identify(src/pet) by extension 'ignore_ament_install'
[0.188s] Level 1:colcon.colcon_core.package_identification:_identify(src/pet) by extensions ['colcon_pkg']
[0.188s] Level 1:colcon.colcon_core.package_identification:_identify(src/pet) by extension 'colcon_pkg'
[0.188s] Level 1:colcon.colcon_core.package_identification:_identify(src/pet) by extensions ['colcon_meta']
[0.188s] Level 1:colcon.colcon_core.package_identification:_identify(src/pet) by extension 'colcon_meta'
[0.188s] Level 1:colcon.colcon_core.package_identification:_identify(src/pet) by extensions ['ros']
[0.188s] Level 1:colcon.colcon_core.package_identification:_identify(src/pet) by extension 'ros'
[0.189s] DEBUG:colcon.colcon_core.package_identification:Package 'src/pet' with type 'ros.ament_python' and name 'pet'
[0.189s] Level 1:colcon.colcon_core.package_identification:_identify(src/turtle_tag_game) by extensions ['ignore', 'ignore_ament_install']
[0.189s] Level 1:colcon.colcon_core.package_identification:_identify(src/turtle_tag_game) by extension 'ignore'
[0.189s] Level 1:colcon.colcon_core.package_identification:_identify(src/turtle_tag_game) by extension 'ignore_ament_install'
[0.189s] Level 1:colcon.colcon_core.package_identification:_identify(src/turtle_tag_game) by extensions ['colcon_pkg']
[0.189s] Level 1:colcon.colcon_core.package_identification:_identify(src/turtle_tag_game) by extension 'colcon_pkg'
[0.189s] Level 1:colcon.colcon_core.package_identification:_identify(src/turtle_tag_game) by extensions ['colcon_meta']
[0.189s] Level 1:colcon.colcon_core.package_identification:_identify(src/turtle_tag_game) by extension 'colcon_meta'
[0.189s] Level 1:colcon.colcon_core.package_identification:_identify(src/turtle_tag_game) by extensions ['ros']
[0.189s] Level 1:colcon.colcon_core.package_identification:_identify(src/turtle_tag_game) by extension 'ros'
[0.189s] DEBUG:colcon.colcon_core.package_identification:Package 'src/turtle_tag_game' with type 'ros.ament_python' and name 'turtle_tag_game'
[0.189s] Level 1:colcon.colcon_core.package_discovery:discover_packages(recursive) using defaults
[0.189s] Level 1:colcon.colcon_core.package_discovery:discover_packages(ignore) discover
[0.189s] Level 1:colcon.colcon_core.package_discovery:discover_packages(ignore) using defaults
[0.189s] Level 1:colcon.colcon_core.package_discovery:discover_packages(path) discover
[0.189s] Level 1:colcon.colcon_core.package_discovery:discover_packages(path) using defaults
[0.204s] Level 1:colcon.colcon_core.package_discovery:discover_packages(prefix_path) check parameters
[0.204s] Level 1:colcon.colcon_core.package_discovery:discover_packages(prefix_path) discover
[0.206s] DEBUG:colcon.colcon_installed_package_information.package_discovery:Found 294 installed packages in /opt/ros/jazzy
[0.206s] Level 1:colcon.colcon_core.package_discovery:discover_packages(prefix_path) using defaults
[0.228s] Level 5:colcon.colcon_core.verb:set package 'drone' build argument 'cmake_args' from command line to 'None'
[0.228s] Level 5:colcon.colcon_core.verb:set package 'drone' build argument 'cmake_target' from command line to 'None'
[0.228s] Level 5:colcon.colcon_core.verb:set package 'drone' build argument 'cmake_target_skip_unavailable' from command line to 'False'
[0.228s] Level 5:colcon.colcon_core.verb:set package 'drone' build argument 'cmake_clean_cache' from command line to 'False'
[0.228s] Level 5:colcon.colcon_core.verb:set package 'drone' build argument 'cmake_clean_first' from command line to 'False'
[0.228s] Level 5:colcon.colcon_core.verb:set package 'drone' build argument 'cmake_force_configure' from command line to 'False'
[0.228s] Level 5:colcon.colcon_core.verb:set package 'drone' build argument 'ament_cmake_args' from command line to 'None'
[0.228s] Level 5:colcon.colcon_core.verb:set package 'drone' build argument 'catkin_cmake_args' from command line to 'None'
[0.228s] Level 5:colcon.colcon_core.verb:set package 'drone' build argument 'catkin_skip_building_tests' from command line to 'False'
[0.228s] DEBUG:colcon.colcon_core.verb:Building package 'drone' with the following arguments: {'ament_cmake_args': None, 'build_base': '/home/pranav/ros2_ws/build/drone', 'catkin_cmake_args': None, 'catkin_skip_building_tests': False, 'cmake_args': None, 'cmake_clean_cache': False, 'cmake_clean_first': False, 'cmake_force_configure': False, 'cmake_target': None, 'cmake_target_skip_unavailable': False, 'install_base': '/home/pranav/ros2_ws/install/drone', 'merge_install': False, 'path': '/home/pranav/ros2_ws/src/drone', 'symlink_install': False, 'test_result_base': None}
[0.228s] Level 5:colcon.colcon_core.verb:set package 'fizzbuzz_interfaces' build argument 'cmake_args' from command line to 'None'
[0.228s] Level 5:colcon.colcon_core.verb:set package 'fizzbuzz_interfaces' build argument 'cmake_target' from command line to 'None'
[0.228s] Level 5:colcon.colcon_core.verb:set package 'fizzbuzz_interfaces' build argument 'cmake_target_skip_unavailable' from command line to 'False'
[0.228s] Level 5:colcon.colcon_core.verb:set package 'fizzbuzz_interfaces' build argument 'cmake_clean_cache' from command line to 'False'
[0.228s] Level 5:colcon.colcon_core.verb:set package 'fizzbuzz_interfaces' build argument 'cmake_clean_first' from command line to 'False'
[0.228s] Level 5:colcon.colcon_core.verb:set package 'fizzbuzz_interfaces' build argument 'cmake_force_configure' from command line to 'False'
[0.228s] Level 5:colcon.colcon_core.verb:set package 'fizzbuzz_interfaces' build argument 'ament_cmake_args' from command line to 'None'
[0.228s] Level 5:colcon.colcon_core.verb:set package 'fizzbuzz_interfaces' build argument 'catkin_cmake_args' from command line to 'None'
[0.228s] Level 5:colcon.colcon_core.verb:set package 'fizzbuzz_interfaces' build argument 'catkin_skip_building_tests' from command line to 'False'
[0.228s] DEBUG:colcon.colcon_core.verb:Building package 'fizzbuzz_interfaces' with the following arguments: {'ament_cmake_args': None, 'build_base': '/home/pranav/ros2_ws/build/fizzbuzz_interfaces', 'catkin_cmake_args': None, 'catkin_skip_building_tests': False, 'cmake_args': None, 'cmake_clean_cache': False, 'cmake_clean_first': False, 'cmake_force_configure': False, 'cmake_target': None, 'cmake_target_skip_unavailable': False, 'install_base': '/home/pranav/ros2_ws/install/fizzbuzz_interfaces', 'merge_install': False, 'path': '/home/pranav/ros2_ws/src/fizzbuzz_interfaces', 'symlink_install': False, 'test_result_base': None}
[0.228s] Level 5:colcon.colcon_core.verb:set package 'pet' build argument 'cmake_args' from command line to 'None'
[0.228s] Level 5:colcon.colcon_core.verb:set package 'pet' build argument 'cmake_target' from command line to 'None'
[0.228s] Level 5:colcon.colcon_core.verb:set package 'pet' build argument 'cmake_target_skip_unavailable' from command line to 'False'
[0.228s] Level 5:colcon.colcon_core.verb:set package 'pet' build argument 'cmake_clean_cache' from command line to 'False'
[0.228s] Level 5:colcon.colcon_core.verb:set package 'pet' build argument 'cmake_clean_first' from command line to 'False'
[0.228s] Level 5:colcon.colcon_core.verb:set package 'pet' build argument 'cmake_force_configure' from command line to 'False'
[0.228s] Level 5:colcon.colcon_core.verb:set package 'pet' build argument 'ament_cmake_args' from command line to 'None'
[0.228s] Level 5:colcon.colcon_core.verb:set package 'pet' build argument 'catkin_cmake_args' from command line to 'None'
[0.228s] Level 5:colcon.colcon_core.verb:set package 'pet' build argument 'catkin_skip_building_tests' from command line to 'False'
[0.228s] DEBUG:colcon.colcon_core.verb:Building package 'pet' with the following arguments: {'ament_cmake_args': None, 'build_base': '/home/pranav/ros2_ws/build/pet', 'catkin_cmake_args': None, 'catkin_skip_building_tests': False, 'cmake_args': None, 'cmake_clean_cache': False, 'cmake_clean_first': False, 'cmake_force_configure': False, 'cmake_target': None, 'cmake_target_skip_unavailable': False, 'install_base': '/home/pranav/ros2_ws/install/pet', 'merge_install': False, 'path': '/home/pranav/ros2_ws/src/pet', 'symlink_install': False, 'test_result_base': None}
[0.228s] Level 5:colcon.colcon_core.verb:set package 'turtle_tag_game' build argument 'cmake_args' from command line to 'None'
[0.228s] Level 5:colcon.colcon_core.verb:set package 'turtle_tag_game' build argument 'cmake_target' from command line to 'None'
[0.228s] Level 5:colcon.colcon_core.verb:set package 'turtle_tag_game' build argument 'cmake_target_skip_unavailable' from command line to 'False'
[0.228s] Level 5:colcon.colcon_core.verb:set package 'turtle_tag_game' build argument 'cmake_clean_cache' from command line to 'False'
[0.228s] Level 5:colcon.colcon_core.verb:set package 'turtle_tag_game' build argument 'cmake_clean_first' from command line to 'False'
[0.228s] Level 5:colcon.colcon_core.verb:set package 'turtle_tag_game' build argument 'cmake_force_configure' from command line to 'False'
[0.228s] Level 5:colcon.colcon_core.verb:set package 'turtle_tag_game' build argument 'ament_cmake_args' from command line to 'None'
[0.228s] Level 5:colcon.colcon_core.verb:set package 'turtle_tag_game' build argument 'catkin_cmake_args' from command line to 'None'
[0.228s] Level 5:colcon.colcon_core.verb:set package 'turtle_tag_game' build argument 'catkin_skip_building_tests' from command line to 'False'
[0.228s] DEBUG:colcon.colcon_core.verb:Building package 'turtle_tag_game' with the following arguments: {'ament_cmake_args': None, 'build_base': '/home/pranav/ros2_ws/build/turtle_tag_game', 'catkin_cmake_args': None, 'catkin_skip_building_tests': False, 'cmake_args': None, 'cmake_clean_cache': False, 'cmake_clean_first': False, 'cmake_force_configure': False, 'cmake_target': None, 'cmake_target_skip_unavailable': False, 'install_base': '/home/pranav/ros2_ws/install/turtle_tag_game', 'merge_install': False, 'path': '/home/pranav/ros2_ws/src/turtle_tag_game', 'symlink_install': False, 'test_result_base': None}
[0.229s] Level 5:colcon.colcon_core.verb:set package 'fizzbuzz' build argument 'cmake_args' from command line to 'None'
[0.229s] Level 5:colcon.colcon_core.verb:set package 'fizzbuzz' build argument 'cmake_target' from command line to 'None'
[0.229s] Level 5:colcon.colcon_core.verb:set package 'fizzbuzz' build argument 'cmake_target_skip_unavailable' from command line to 'False'
[0.229s] Level 5:colcon.colcon_core.verb:set package 'fizzbuzz' build argument 'cmake_clean_cache' from command line to 'False'
[0.229s] Level 5:colcon.colcon_core.verb:set package 'fizzbuzz' build argument 'cmake_clean_first' from command line to 'False'
[0.229s] Level 5:colcon.colcon_core.verb:set package 'fizzbuzz' build argument 'cmake_force_configure' from command line to 'False'
[0.229s] Level 5:colcon.colcon_core.verb:set package 'fizzbuzz' build argument 'ament_cmake_args' from command line to 'None'
[0.229s] Level 5:colcon.colcon_core.verb:set package 'fizzbuzz' build argument 'catkin_cmake_args' from command line to 'None'
[0.229s] Level 5:colcon.colcon_core.verb:set package 'fizzbuzz' build argument 'catkin_skip_building_tests' from command line to 'False'
[0.229s] DEBUG:colcon.colcon_core.verb:Building package 'fizzbuzz' with the following arguments: {'ament_cmake_args': None, 'build_base': '/home/pranav/ros2_ws/build/fizzbuzz', 'catkin_cmake_args': None, 'catkin_skip_building_tests': False, 'cmake_args': None, 'cmake_clean_cache': False, 'cmake_clean_first': False, 'cmake_force_configure': False, 'cmake_target': None, 'cmake_target_skip_unavailable': False, 'install_base': '/home/pranav/ros2_ws/install/fizzbuzz', 'merge_install': False, 'path': '/home/pranav/ros2_ws/src/fizzbuzz', 'symlink_install': False, 'test_result_base': None}
[0.229s] INFO:colcon.colcon_core.executor:Executing jobs using 'parallel' executor
[0.229s] DEBUG:colcon.colcon_parallel_executor.executor.parallel:run_until_complete
[0.230s] INFO:colcon.colcon_ros.task.ament_cmake.build:Building ROS package in '/home/pranav/ros2_ws/src/fizzbuzz_interfaces' with build type 'ament_cmake'
[0.230s] INFO:colcon.colcon_cmake.task.cmake.build:Building CMake package in '/home/pranav/ros2_ws/src/fizzbuzz_interfaces'
[0.233s] INFO:colcon.colcon_core.plugin_system:Skipping extension 'colcon_core.shell.bat': Not used on non-Windows systems
[0.233s] INFO:colcon.colcon_core.shell:Skip shell extension 'powershell' for command environment: Not usable outside of PowerShell
[0.233s] DEBUG:colcon.colcon_core.shell:Skip shell extension 'dsv' for command environment
[0.235s] INFO:colcon.colcon_ros.task.ament_python.build:Building ROS package in '/home/pranav/ros2_ws/src/drone' with build type 'ament_python'
[0.235s] Level 1:colcon.colcon_core.shell:create_environment_hook('drone', 'ament_prefix_path')
[0.235s] INFO:colcon.colcon_core.shell:Creating environment hook '/home/pranav/ros2_ws/install/drone/share/drone/hook/ament_prefix_path.ps1'
[0.237s] INFO:colcon.colcon_core.shell:Creating environment descriptor '/home/pranav/ros2_ws/install/drone/share/drone/hook/ament_prefix_path.dsv'
[0.237s] INFO:colcon.colcon_core.shell:Creating environment hook '/home/pranav/ros2_ws/install/drone/share/drone/hook/ament_prefix_path.sh'
[0.238s] INFO:colcon.colcon_core.shell:Skip shell extension 'powershell' for command environment: Not usable outside of PowerShell
[0.238s] DEBUG:colcon.colcon_core.shell:Skip shell extension 'dsv' for command environment
[0.240s] INFO:colcon.colcon_ros.task.ament_python.build:Building ROS package in '/home/pranav/ros2_ws/src/pet' with build type 'ament_python'
[0.240s] Level 1:colcon.colcon_core.shell:create_environment_hook('pet', 'ament_prefix_path')
[0.240s] INFO:colcon.colcon_core.shell:Creating environment hook '/home/pranav/ros2_ws/install/pet/share/pet/hook/ament_prefix_path.ps1'
[0.240s] INFO:colcon.colcon_core.shell:Creating environment descriptor '/home/pranav/ros2_ws/install/pet/share/pet/hook/ament_prefix_path.dsv'
[0.240s] INFO:colcon.colcon_core.shell:Creating environment hook '/home/pranav/ros2_ws/install/pet/share/pet/hook/ament_prefix_path.sh'
[0.240s] INFO:colcon.colcon_core.shell:Skip shell extension 'powershell' for command environment: Not usable outside of PowerShell
[0.240s] DEBUG:colcon.colcon_core.shell:Skip shell extension 'dsv' for command environment
[0.242s] INFO:colcon.colcon_ros.task.ament_python.build:Building ROS package in '/home/pranav/ros2_ws/src/turtle_tag_game' with build type 'ament_python'
[0.242s] Level 1:colcon.colcon_core.shell:create_environment_hook('turtle_tag_game', 'ament_prefix_path')
[0.242s] INFO:colcon.colcon_core.shell:Creating environment hook '/home/pranav/ros2_ws/install/turtle_tag_game/share/turtle_tag_game/hook/ament_prefix_path.ps1'
[0.243s] INFO:colcon.colcon_core.shell:Creating environment descriptor '/home/pranav/ros2_ws/install/turtle_tag_game/share/turtle_tag_game/hook/ament_prefix_path.dsv'
[0.243s] INFO:colcon.colcon_core.shell:Creating environment hook '/home/pranav/ros2_ws/install/turtle_tag_game/share/turtle_tag_game/hook/ament_prefix_path.sh'
[0.243s] INFO:colcon.colcon_core.shell:Skip shell extension 'powershell' for command environment: Not usable outside of PowerShell
[0.243s] DEBUG:colcon.colcon_core.shell:Skip shell extension 'dsv' for command environment
[0.248s] DEBUG:colcon.colcon_core.event_handler.log_command:Invoking command in '/home/pranav/ros2_ws/build/fizzbuzz_interfaces': CMAKE_PREFIX_PATH=${CMAKE_PREFIX_PATH}:/opt/ros/jazzy CONDA_PROMPT_MODIFIER=(base) DEBUGINFOD_URLS=https://debuginfod.ubuntu.com /usr/bin/cmake --build /home/pranav/ros2_ws/build/fizzbuzz_interfaces -- -j4 -l4
[0.400s] INFO:colcon.colcon_core.task.python.build:Building Python package in '/home/pranav/ros2_ws/src/drone'
[0.400s] INFO:colcon.colcon_core.shell:Skip shell extension 'powershell' for command environment: Not usable outside of PowerShell
[0.401s] DEBUG:colcon.colcon_core.shell:Skip shell extension 'dsv' for command environment
[0.523s] INFO:colcon.colcon_core.task.python.build:Building Python package in '/home/pranav/ros2_ws/src/pet'
[0.523s] INFO:colcon.colcon_core.shell:Skip shell extension 'powershell' for command environment: Not usable outside of PowerShell
[0.523s] DEBUG:colcon.colcon_core.shell:Skip shell extension 'dsv' for command environment
[0.639s] INFO:colcon.colcon_core.task.python.build:Building Python package in '/home/pranav/ros2_ws/src/turtle_tag_game'
[0.639s] INFO:colcon.colcon_core.shell:Skip shell extension 'powershell' for command environment: Not usable outside of PowerShell
[0.639s] DEBUG:colcon.colcon_core.shell:Skip shell extension 'dsv' for command environment
[0.644s] DEBUG:colcon.colcon_core.event_handler.log_command:Invoked command in '/home/pranav/ros2_ws/build/fizzbuzz_interfaces' returned '0': CMAKE_PREFIX_PATH=${CMAKE_PREFIX_PATH}:/opt/ros/jazzy CONDA_PROMPT_MODIFIER=(base) DEBUGINFOD_URLS=https://debuginfod.ubuntu.com /usr/bin/cmake --build /home/pranav/ros2_ws/build/fizzbuzz_interfaces -- -j4 -l4
[0.650s] DEBUG:colcon.colcon_core.event_handler.log_command:Invoking command in '/home/pranav/ros2_ws/build/fizzbuzz_interfaces': CMAKE_PREFIX_PATH=${CMAKE_PREFIX_PATH}:/opt/ros/jazzy CONDA_PROMPT_MODIFIER=(base) DEBUGINFOD_URLS=https://debuginfod.ubuntu.com /usr/bin/cmake --install /home/pranav/ros2_ws/build/fizzbuzz_interfaces
[0.711s] Level 1:colcon.colcon_core.environment:create_environment_scripts_only(fizzbuzz_interfaces)
[0.712s] DEBUG:colcon.colcon_core.event_handler.log_command:Invoked command in '/home/pranav/ros2_ws/build/fizzbuzz_interfaces' returned '0': CMAKE_PREFIX_PATH=${CMAKE_PREFIX_PATH}:/opt/ros/jazzy CONDA_PROMPT_MODIFIER=(base) DEBUGINFOD_URLS=https://debuginfod.ubuntu.com /usr/bin/cmake --install /home/pranav/ros2_ws/build/fizzbuzz_interfaces
[0.717s] Level 1:colcon.colcon_core.environment:checking '/home/pranav/ros2_ws/install/fizzbuzz_interfaces' for CMake module files
[0.717s] Level 1:colcon.colcon_core.environment:checking '/home/pranav/ros2_ws/install/fizzbuzz_interfaces' for CMake config files
[0.718s] Level 1:colcon.colcon_core.shell:create_environment_hook('fizzbuzz_interfaces', 'cmake_prefix_path')
[0.718s] INFO:colcon.colcon_core.shell:Creating environment hook '/home/pranav/ros2_ws/install/fizzbuzz_interfaces/share/fizzbuzz_interfaces/hook/cmake_prefix_path.ps1'
[0.718s] INFO:colcon.colcon_core.shell:Creating environment descriptor '/home/pranav/ros2_ws/install/fizzbuzz_interfaces/share/fizzbuzz_interfaces/hook/cmake_prefix_path.dsv'
[0.718s] INFO:colcon.colcon_core.shell:Creating environment hook '/home/pranav/ros2_ws/install/fizzbuzz_interfaces/share/fizzbuzz_interfaces/hook/cmake_prefix_path.sh'
[0.719s] Level 1:colcon.colcon_core.environment:checking '/home/pranav/ros2_ws/install/fizzbuzz_interfaces/lib'
[0.719s] Level 1:colcon.colcon_core.shell:create_environment_hook('fizzbuzz_interfaces', 'ld_library_path_lib')
[0.719s] INFO:colcon.colcon_core.shell:Creating environment hook '/home/pranav/ros2_ws/install/fizzbuzz_interfaces/share/fizzbuzz_interfaces/hook/ld_library_path_lib.ps1'
[0.720s] INFO:colcon.colcon_core.shell:Creating environment descriptor '/home/pranav/ros2_ws/install/fizzbuzz_interfaces/share/fizzbuzz_interfaces/hook/ld_library_path_lib.dsv'
[0.720s] INFO:colcon.colcon_core.shell:Creating environment hook '/home/pranav/ros2_ws/install/fizzbuzz_interfaces/share/fizzbuzz_interfaces/hook/ld_library_path_lib.sh'
[0.721s] Level 1:colcon.colcon_core.environment:checking '/home/pranav/ros2_ws/install/fizzbuzz_interfaces/bin'
[0.721s] Level 1:colcon.colcon_core.environment:checking '/home/pranav/ros2_ws/install/fizzbuzz_interfaces/lib/pkgconfig/fizzbuzz_interfaces.pc'
[0.721s] Level 1:colcon.colcon_core.environment:checking '/home/pranav/ros2_ws/install/fizzbuzz_interfaces/lib/python3.12/site-packages'
[0.721s] Level 1:colcon.colcon_core.shell:create_environment_hook('fizzbuzz_interfaces', 'pythonpath')
[0.721s] INFO:colcon.colcon_core.shell:Creating environment hook '/home/pranav/ros2_ws/install/fizzbuzz_interfaces/share/fizzbuzz_interfaces/hook/pythonpath.ps1'
[0.721s] INFO:colcon.colcon_core.shell:Creating environment descriptor '/home/pranav/ros2_ws/install/fizzbuzz_interfaces/share/fizzbuzz_interfaces/hook/pythonpath.dsv'
[0.721s] INFO:colcon.colcon_core.shell:Creating environment hook '/home/pranav/ros2_ws/install/fizzbuzz_interfaces/share/fizzbuzz_interfaces/hook/pythonpath.sh'
[0.722s] Level 1:colcon.colcon_core.environment:checking '/home/pranav/ros2_ws/install/fizzbuzz_interfaces/bin'
[0.722s] INFO:colcon.colcon_core.shell:Creating package script '/home/pranav/ros2_ws/install/fizzbuzz_interfaces/share/fizzbuzz_interfaces/package.ps1'
[0.723s] INFO:colcon.colcon_core.shell:Creating package descriptor '/home/pranav/ros2_ws/install/fizzbuzz_interfaces/share/fizzbuzz_interfaces/package.dsv'
[0.724s] INFO:colcon.colcon_core.shell:Creating package script '/home/pranav/ros2_ws/install/fizzbuzz_interfaces/share/fizzbuzz_interfaces/package.sh'
[0.724s] INFO:colcon.colcon_core.shell:Creating package script '/home/pranav/ros2_ws/install/fizzbuzz_interfaces/share/fizzbuzz_interfaces/package.bash'
[0.725s] INFO:colcon.colcon_core.shell:Creating package script '/home/pranav/ros2_ws/install/fizzbuzz_interfaces/share/fizzbuzz_interfaces/package.zsh'
[0.725s] Level 1:colcon.colcon_core.environment:create_file_with_runtime_dependencies(/home/pranav/ros2_ws/install/fizzbuzz_interfaces/share/colcon-core/packages/fizzbuzz_interfaces)
[0.726s] Level 1:colcon.colcon_core.environment:create_environment_scripts_only(fizzbuzz_interfaces)
[0.726s] Level 1:colcon.colcon_core.environment:checking '/home/pranav/ros2_ws/install/fizzbuzz_interfaces' for CMake module files
[0.726s] Level 1:colcon.colcon_core.environment:checking '/home/pranav/ros2_ws/install/fizzbuzz_interfaces' for CMake config files
[0.727s] Level 1:colcon.colcon_core.shell:create_environment_hook('fizzbuzz_interfaces', 'cmake_prefix_path')
[0.727s] INFO:colcon.colcon_core.shell:Creating environment hook '/home/pranav/ros2_ws/install/fizzbuzz_interfaces/share/fizzbuzz_interfaces/hook/cmake_prefix_path.ps1'
[0.727s] INFO:colcon.colcon_core.shell:Creating environment descriptor '/home/pranav/ros2_ws/install/fizzbuzz_interfaces/share/fizzbuzz_interfaces/hook/cmake_prefix_path.dsv'
[0.727s] INFO:colcon.colcon_core.shell:Creating environment hook '/home/pranav/ros2_ws/install/fizzbuzz_interfaces/share/fizzbuzz_interfaces/hook/cmake_prefix_path.sh'
[0.728s] Level 1:colcon.colcon_core.environment:checking '/home/pranav/ros2_ws/install/fizzbuzz_interfaces/lib'
[0.728s] Level 1:colcon.colcon_core.shell:create_environment_hook('fizzbuzz_interfaces', 'ld_library_path_lib')
[0.729s] INFO:colcon.colcon_core.shell:Creating environment hook '/home/pranav/ros2_ws/install/fizzbuzz_interfaces/share/fizzbuzz_interfaces/hook/ld_library_path_lib.ps1'
[0.729s] INFO:colcon.colcon_core.shell:Creating environment descriptor '/home/pranav/ros2_ws/install/fizzbuzz_interfaces/share/fizzbuzz_interfaces/hook/ld_library_path_lib.dsv'
[0.729s] INFO:colcon.colcon_core.shell:Creating environment hook '/home/pranav/ros2_ws/install/fizzbuzz_interfaces/share/fizzbuzz_interfaces/hook/ld_library_path_lib.sh'
[0.729s] Level 1:colcon.colcon_core.environment:checking '/home/pranav/ros2_ws/install/fizzbuzz_interfaces/bin'
[0.729s] Level 1:colcon.colcon_core.environment:checking '/home/pranav/ros2_ws/install/fizzbuzz_interfaces/lib/pkgconfig/fizzbuzz_interfaces.pc'
[0.730s] Level 1:colcon.colcon_core.environment:checking '/home/pranav/ros2_ws/install/fizzbuzz_interfaces/lib/python3.12/site-packages'
[0.730s] Level 1:colcon.colcon_core.shell:create_environment_hook('fizzbuzz_interfaces', 'pythonpath')
[0.730s] INFO:colcon.colcon_core.shell:Creating environment hook '/home/pranav/ros2_ws/install/fizzbuzz_interfaces/share/fizzbuzz_interfaces/hook/pythonpath.ps1'
[0.730s] INFO:colcon.colcon_core.shell:Creating environment descriptor '/home/pranav/ros2_ws/install/fizzbuzz_interfaces/share/fizzbuzz_interfaces/hook/pythonpath.dsv'
[0.731s] INFO:colcon.colcon_core.shell:Creating environment hook '/home/pranav/ros2_ws/install/fizzbuzz_interfaces/share/fizzbuzz_interfaces/hook/pythonpath.sh'
[0.732s] Level 1:colcon.colcon_core.environment:checking '/home/pranav/ros2_ws/install/fizzbuzz_interfaces/bin'
[0.732s] INFO:colcon.colcon_core.shell:Creating package script '/home/pranav/ros2_ws/install/fizzbuzz_interfaces/share/fizzbuzz_interfaces/package.ps1'
[0.732s] INFO:colcon.colcon_core.shell:Creating package descriptor '/home/pranav/ros2_ws/install/fizzbuzz_interfaces/share/fizzbuzz_interfaces/package.dsv'
[0.735s] INFO:colcon.colcon_core.shell:Creating package script '/home/pranav/ros2_ws/install/fizzbuzz_interfaces/share/fizzbuzz_interfaces/package.sh'
[0.739s] INFO:colcon.colcon_core.shell:Creating package script '/home/pranav/ros2_ws/install/fizzbuzz_interfaces/share/fizzbuzz_interfaces/package.bash'
[0.739s] INFO:colcon.colcon_core.shell:Creating package script '/home/pranav/ros2_ws/install/fizzbuzz_interfaces/share/fizzbuzz_interfaces/package.zsh'
[0.741s] Level 1:colcon.colcon_core.environment:create_file_with_runtime_dependencies(/home/pranav/ros2_ws/install/fizzbuzz_interfaces/share/colcon-core/packages/fizzbuzz_interfaces)
[0.741s] INFO:colcon.colcon_ros.task.ament_python.build:Building ROS package in '/home/pranav/ros2_ws/src/fizzbuzz' with build type 'ament_python'
[0.742s] Level 1:colcon.colcon_core.shell:create_environment_hook('fizzbuzz', 'ament_prefix_path')
[0.742s] INFO:colcon.colcon_core.shell:Creating environment hook '/home/pranav/ros2_ws/install/fizzbuzz/share/fizzbuzz/hook/ament_prefix_path.ps1'
[0.742s] INFO:colcon.colcon_core.shell:Creating environment descriptor '/home/pranav/ros2_ws/install/fizzbuzz/share/fizzbuzz/hook/ament_prefix_path.dsv'
[0.742s] INFO:colcon.colcon_core.shell:Creating environment hook '/home/pranav/ros2_ws/install/fizzbuzz/share/fizzbuzz/hook/ament_prefix_path.sh'
[0.743s] INFO:colcon.colcon_core.shell:Skip shell extension 'powershell' for command environment: Not usable outside of PowerShell
[0.743s] DEBUG:colcon.colcon_core.shell:Skip shell extension 'dsv' for command environment
[0.888s] INFO:colcon.colcon_core.task.python.build:Building Python package in '/home/pranav/ros2_ws/src/fizzbuzz'
[0.889s] INFO:colcon.colcon_core.shell:Skip shell extension 'powershell' for command environment: Not usable outside of PowerShell
[0.889s] DEBUG:colcon.colcon_core.shell:Skip shell extension 'dsv' for command environment
[1.147s] DEBUG:colcon.colcon_core.event_handler.log_command:Invoking command in '/home/pranav/ros2_ws/src/drone': CONDA_PROMPT_MODIFIER=(base) DEBUGINFOD_URLS=https://debuginfod.ubuntu.com PYTHONPATH=/home/pranav/ros2_ws/build/drone/prefix_override:/usr/lib/python3/dist-packages/colcon_core/task/python/colcon_distutils_commands:/home/pranav/ros2_ws/install/drone/lib/python3.12/site-packages:${PYTHONPATH} /usr/bin/python3 -W ignore:setup.py install is deprecated -W ignore:easy_install command is deprecated setup.py egg_info --egg-base ../../build/drone build --build-base /home/pranav/ros2_ws/build/drone/build install --record /home/pranav/ros2_ws/build/drone/install.log --single-version-externally-managed install_data
[1.148s] DEBUG:colcon.colcon_core.event_handler.log_command:Invoking command in '/home/pranav/ros2_ws/src/pet': CONDA_PROMPT_MODIFIER=(base) DEBUGINFOD_URLS=https://debuginfod.ubuntu.com PYTHONPATH=/home/pranav/ros2_ws/build/pet/prefix_override:/usr/lib/python3/dist-packages/colcon_core/task/python/colcon_distutils_commands:/home/pranav/ros2_ws/install/pet/lib/python3.12/site-packages:${PYTHONPATH} /usr/bin/python3 -W ignore:setup.py install is deprecated -W ignore:easy_install command is deprecated setup.py egg_info --egg-base ../../build/pet build --build-base /home/pranav/ros2_ws/build/pet/build install --record /home/pranav/ros2_ws/build/pet/install.log --single-version-externally-managed install_data
[1.152s] DEBUG:colcon.colcon_core.event_handler.log_command:Invoking command in '/home/pranav/ros2_ws/src/turtle_tag_game': CONDA_PROMPT_MODIFIER=(base) DEBUGINFOD_URLS=https://debuginfod.ubuntu.com PYTHONPATH=/home/pranav/ros2_ws/build/turtle_tag_game/prefix_override:/usr/lib/python3/dist-packages/colcon_core/task/python/colcon_distutils_commands:/home/pranav/ros2_ws/install/turtle_tag_game/lib/python3.12/site-packages:${PYTHONPATH} /usr/bin/python3 -W ignore:setup.py install is deprecated -W ignore:easy_install command is deprecated setup.py egg_info --egg-base ../../build/turtle_tag_game build --build-base /home/pranav/ros2_ws/build/turtle_tag_game/build install --record /home/pranav/ros2_ws/build/turtle_tag_game/install.log --single-version-externally-managed install_data
[1.225s] DEBUG:colcon.colcon_core.event_handler.log_command:Invoking command in '/home/pranav/ros2_ws/src/fizzbuzz': AMENT_PREFIX_PATH=/home/pranav/ros2_ws/install/fizzbuzz_interfaces:${AMENT_PREFIX_PATH} CMAKE_PREFIX_PATH=/home/pranav/ros2_ws/install/fizzbuzz_interfaces:${CMAKE_PREFIX_PATH} CONDA_PROMPT_MODIFIER=(base) DEBUGINFOD_URLS=https://debuginfod.ubuntu.com LD_LIBRARY_PATH=/home/pranav/ros2_ws/install/fizzbuzz_interfaces/lib:${LD_LIBRARY_PATH} PYTHONPATH=/home/pranav/ros2_ws/build/fizzbuzz/prefix_override:/usr/lib/python3/dist-packages/colcon_core/task/python/colcon_distutils_commands:/home/pranav/ros2_ws/install/fizzbuzz/lib/python3.12/site-packages:/home/pranav/ros2_ws/install/fizzbuzz_interfaces/lib/python3.13/site-packages:/home/pranav/ros2_ws/install/fizzbuzz_interfaces/lib/python3.12/site-packages:${PYTHONPATH} /usr/bin/python3 -W ignore:setup.py install is deprecated -W ignore:easy_install command is deprecated setup.py egg_info --egg-base ../../build/fizzbuzz build --build-base /home/pranav/ros2_ws/build/fizzbuzz/build install --record /home/pranav/ros2_ws/build/fizzbuzz/install.log --single-version-externally-managed install_data
[1.452s] Level 1:colcon.colcon_core.environment:checking '/home/pranav/ros2_ws/install/turtle_tag_game' for CMake module files
[1.452s] Level 1:colcon.colcon_core.environment:checking '/home/pranav/ros2_ws/install/turtle_tag_game' for CMake config files
[1.453s] Level 1:colcon.colcon_core.environment:checking '/home/pranav/ros2_ws/install/turtle_tag_game/lib'
[1.453s] Level 1:colcon.colcon_core.environment:checking '/home/pranav/ros2_ws/install/turtle_tag_game/bin'
[1.453s] Level 1:colcon.colcon_core.environment:checking '/home/pranav/ros2_ws/install/turtle_tag_game/lib/pkgconfig/turtle_tag_game.pc'
[1.453s] Level 1:colcon.colcon_core.environment:checking '/home/pranav/ros2_ws/install/turtle_tag_game/lib/python3.12/site-packages'
[1.453s] Level 1:colcon.colcon_core.shell:create_environment_hook('turtle_tag_game', 'pythonpath')
[1.453s] INFO:colcon.colcon_core.shell:Creating environment hook '/home/pranav/ros2_ws/install/turtle_tag_game/share/turtle_tag_game/hook/pythonpath.ps1'
[1.453s] INFO:colcon.colcon_core.shell:Creating environment descriptor '/home/pranav/ros2_ws/install/turtle_tag_game/share/turtle_tag_game/hook/pythonpath.dsv'
[1.454s] INFO:colcon.colcon_core.shell:Creating environment hook '/home/pranav/ros2_ws/install/turtle_tag_game/share/turtle_tag_game/hook/pythonpath.sh'
[1.454s] Level 1:colcon.colcon_core.environment:checking '/home/pranav/ros2_ws/install/turtle_tag_game/bin'
[1.454s] Level 1:colcon.colcon_core.environment:create_environment_scripts_only(turtle_tag_game)
[1.454s] INFO:colcon.colcon_core.shell:Creating package script '/home/pranav/ros2_ws/install/turtle_tag_game/share/turtle_tag_game/package.ps1'
[1.455s] DEBUG:colcon.colcon_core.event_handler.log_command:Invoked command in '/home/pranav/ros2_ws/src/turtle_tag_game' returned '0': CONDA_PROMPT_MODIFIER=(base) DEBUGINFOD_URLS=https://debuginfod.ubuntu.com PYTHONPATH=/home/pranav/ros2_ws/build/turtle_tag_game/prefix_override:/usr/lib/python3/dist-packages/colcon_core/task/python/colcon_distutils_commands:/home/pranav/ros2_ws/install/turtle_tag_game/lib/python3.12/site-packages:${PYTHONPATH} /usr/bin/python3 -W ignore:setup.py install is deprecated -W ignore:easy_install command is deprecated setup.py egg_info --egg-base ../../build/turtle_tag_game build --build-base /home/pranav/ros2_ws/build/turtle_tag_game/build install --record /home/pranav/ros2_ws/build/turtle_tag_game/install.log --single-version-externally-managed install_data
[1.455s] INFO:colcon.colcon_core.shell:Creating package descriptor '/home/pranav/ros2_ws/install/turtle_tag_game/share/turtle_tag_game/package.dsv'
[1.455s] INFO:colcon.colcon_core.shell:Creating package script '/home/pranav/ros2_ws/install/turtle_tag_game/share/turtle_tag_game/package.sh'
[1.455s] INFO:colcon.colcon_core.shell:Creating package script '/home/pranav/ros2_ws/install/turtle_tag_game/share/turtle_tag_game/package.bash'
[1.456s] INFO:colcon.colcon_core.shell:Creating package script '/home/pranav/ros2_ws/install/turtle_tag_game/share/turtle_tag_game/package.zsh'
[1.456s] Level 1:colcon.colcon_core.environment:create_file_with_runtime_dependencies(/home/pranav/ros2_ws/install/turtle_tag_game/share/colcon-core/packages/turtle_tag_game)
[1.457s] Level 1:colcon.colcon_core.environment:checking '/home/pranav/ros2_ws/install/drone' for CMake module files
[1.457s] DEBUG:colcon.colcon_core.event_handler.log_command:Invoked command in '/home/pranav/ros2_ws/src/drone' returned '0': CONDA_PROMPT_MODIFIER=(base) DEBUGINFOD_URLS=https://debuginfod.ubuntu.com PYTHONPATH=/home/pranav/ros2_ws/build/drone/prefix_override:/usr/lib/python3/dist-packages/colcon_core/task/python/colcon_distutils_commands:/home/pranav/ros2_ws/install/drone/lib/python3.12/site-packages:${PYTHONPATH} /usr/bin/python3 -W ignore:setup.py install is deprecated -W ignore:easy_install command is deprecated setup.py egg_info --egg-base ../../build/drone build --build-base /home/pranav/ros2_ws/build/drone/build install --record /home/pranav/ros2_ws/build/drone/install.log --single-version-externally-managed install_data
[1.457s] Level 1:colcon.colcon_core.environment:checking '/home/pranav/ros2_ws/install/drone' for CMake config files
[1.457s] Level 1:colcon.colcon_core.environment:checking '/home/pranav/ros2_ws/install/drone/lib'
[1.457s] Level 1:colcon.colcon_core.environment:checking '/home/pranav/ros2_ws/install/drone/bin'
[1.457s] Level 1:colcon.colcon_core.environment:checking '/home/pranav/ros2_ws/install/drone/lib/pkgconfig/drone.pc'
[1.458s] Level 1:colcon.colcon_core.environment:checking '/home/pranav/ros2_ws/install/drone/lib/python3.12/site-packages'
[1.458s] Level 1:colcon.colcon_core.shell:create_environment_hook('drone', 'pythonpath')
[1.458s] INFO:colcon.colcon_core.shell:Creating environment hook '/home/pranav/ros2_ws/install/drone/share/drone/hook/pythonpath.ps1'
[1.458s] INFO:colcon.colcon_core.shell:Creating environment descriptor '/home/pranav/ros2_ws/install/drone/share/drone/hook/pythonpath.dsv'
[1.458s] INFO:colcon.colcon_core.shell:Creating environment hook '/home/pranav/ros2_ws/install/drone/share/drone/hook/pythonpath.sh'
[1.459s] Level 1:colcon.colcon_core.environment:checking '/home/pranav/ros2_ws/install/drone/bin'
[1.459s] Level 1:colcon.colcon_core.environment:create_environment_scripts_only(drone)
[1.459s] INFO:colcon.colcon_core.shell:Creating package script '/home/pranav/ros2_ws/install/drone/share/drone/package.ps1'
[1.459s] INFO:colcon.colcon_core.shell:Creating package descriptor '/home/pranav/ros2_ws/install/drone/share/drone/package.dsv'
[1.459s] INFO:colcon.colcon_core.shell:Creating package script '/home/pranav/ros2_ws/install/drone/share/drone/package.sh'
[1.459s] INFO:colcon.colcon_core.shell:Creating package script '/home/pranav/ros2_ws/install/drone/share/drone/package.bash'
[1.459s] INFO:colcon.colcon_core.shell:Creating package script '/home/pranav/ros2_ws/install/drone/share/drone/package.zsh'
[1.460s] Level 1:colcon.colcon_core.environment:create_file_with_runtime_dependencies(/home/pranav/ros2_ws/install/drone/share/colcon-core/packages/drone)
[1.468s] Level 1:colcon.colcon_core.environment:checking '/home/pranav/ros2_ws/install/pet' for CMake module files
[1.469s] DEBUG:colcon.colcon_core.event_handler.log_command:Invoked command in '/home/pranav/ros2_ws/src/pet' returned '0': CONDA_PROMPT_MODIFIER=(base) DEBUGINFOD_URLS=https://debuginfod.ubuntu.com PYTHONPATH=/home/pranav/ros2_ws/build/pet/prefix_override:/usr/lib/python3/dist-packages/colcon_core/task/python/colcon_distutils_commands:/home/pranav/ros2_ws/install/pet/lib/python3.12/site-packages:${PYTHONPATH} /usr/bin/python3 -W ignore:setup.py install is deprecated -W ignore:easy_install command is deprecated setup.py egg_info --egg-base ../../build/pet build --build-base /home/pranav/ros2_ws/build/pet/build install --record /home/pranav/ros2_ws/build/pet/install.log --single-version-externally-managed install_data
[1.469s] Level 1:colcon.colcon_core.environment:checking '/home/pranav/ros2_ws/install/pet' for CMake config files
[1.469s] Level 1:colcon.colcon_core.environment:checking '/home/pranav/ros2_ws/install/pet/lib'
[1.470s] Level 1:colcon.colcon_core.environment:checking '/home/pranav/ros2_ws/install/pet/bin'
[1.470s] Level 1:colcon.colcon_core.environment:checking '/home/pranav/ros2_ws/install/pet/lib/pkgconfig/pet.pc'
[1.470s] Level 1:colcon.colcon_core.environment:checking '/home/pranav/ros2_ws/install/pet/lib/python3.12/site-packages'
[1.470s] Level 1:colcon.colcon_core.shell:create_environment_hook('pet', 'pythonpath')
[1.470s] INFO:colcon.colcon_core.shell:Creating environment hook '/home/pranav/ros2_ws/install/pet/share/pet/hook/pythonpath.ps1'
[1.470s] INFO:colcon.colcon_core.shell:Creating environment descriptor '/home/pranav/ros2_ws/install/pet/share/pet/hook/pythonpath.dsv'
[1.470s] INFO:colcon.colcon_core.shell:Creating environment hook '/home/pranav/ros2_ws/install/pet/share/pet/hook/pythonpath.sh'
[1.471s] Level 1:colcon.colcon_core.environment:checking '/home/pranav/ros2_ws/install/pet/bin'
[1.471s] Level 1:colcon.colcon_core.environment:create_environment_scripts_only(pet)
[1.471s] INFO:colcon.colcon_core.shell:Creating package script '/home/pranav/ros2_ws/install/pet/share/pet/package.ps1'
[1.471s] INFO:colcon.colcon_core.shell:Creating package descriptor '/home/pranav/ros2_ws/install/pet/share/pet/package.dsv'
[1.471s] INFO:colcon.colcon_core.shell:Creating package script '/home/pranav/ros2_ws/install/pet/share/pet/package.sh'
[1.472s] INFO:colcon.colcon_core.shell:Creating package script '/home/pranav/ros2_ws/install/pet/share/pet/package.bash'
[1.472s] INFO:colcon.colcon_core.shell:Creating package script '/home/pranav/ros2_ws/install/pet/share/pet/package.zsh'
[1.472s] Level 1:colcon.colcon_core.environment:create_file_with_runtime_dependencies(/home/pranav/ros2_ws/install/pet/share/colcon-core/packages/pet)
[1.515s] Level 1:colcon.colcon_core.environment:checking '/home/pranav/ros2_ws/install/fizzbuzz' for CMake module files
[1.515s] DEBUG:colcon.colcon_core.event_handler.log_command:Invoked command in '/home/pranav/ros2_ws/src/fizzbuzz' returned '0': AMENT_PREFIX_PATH=/home/pranav/ros2_ws/install/fizzbuzz_interfaces:${AMENT_PREFIX_PATH} CMAKE_PREFIX_PATH=/home/pranav/ros2_ws/install/fizzbuzz_interfaces:${CMAKE_PREFIX_PATH} CONDA_PROMPT_MODIFIER=(base) DEBUGINFOD_URLS=https://debuginfod.ubuntu.com LD_LIBRARY_PATH=/home/pranav/ros2_ws/install/fizzbuzz_interfaces/lib:${LD_LIBRARY_PATH} PYTHONPATH=/home/pranav/ros2_ws/build/fizzbuzz/prefix_override:/usr/lib/python3/dist-packages/colcon_core/task/python/colcon_distutils_commands:/home/pranav/ros2_ws/install/fizzbuzz/lib/python3.12/site-packages:/home/pranav/ros2_ws/install/fizzbuzz_interfaces/lib/python3.13/site-packages:/home/pranav/ros2_ws/install/fizzbuzz_interfaces/lib/python3.12/site-packages:${PYTHONPATH} /usr/bin/python3 -W ignore:setup.py install is deprecated -W ignore:easy_install command is deprecated setup.py egg_info --egg-base ../../build/fizzbuzz build --build-base /home/pranav/ros2_ws/build/fizzbuzz/build install --record /home/pranav/ros2_ws/build/fizzbuzz/install.log --single-version-externally-managed install_data
[1.515s] Level 1:colcon.colcon_core.environment:checking '/home/pranav/ros2_ws/install/fizzbuzz' for CMake config files
[1.516s] Level 1:colcon.colcon_core.environment:checking '/home/pranav/ros2_ws/install/fizzbuzz/lib'
[1.516s] Level 1:colcon.colcon_core.environment:checking '/home/pranav/ros2_ws/install/fizzbuzz/bin'
[1.516s] Level 1:colcon.colcon_core.environment:checking '/home/pranav/ros2_ws/install/fizzbuzz/lib/pkgconfig/fizzbuzz.pc'
[1.516s] Level 1:colcon.colcon_core.environment:checking '/home/pranav/ros2_ws/install/fizzbuzz/lib/python3.12/site-packages'
[1.516s] Level 1:colcon.colcon_core.shell:create_environment_hook('fizzbuzz', 'pythonpath')
[1.516s] INFO:colcon.colcon_core.shell:Creating environment hook '/home/pranav/ros2_ws/install/fizzbuzz/share/fizzbuzz/hook/pythonpath.ps1'
[1.516s] INFO:colcon.colcon_core.shell:Creating environment descriptor '/home/pranav/ros2_ws/install/fizzbuzz/share/fizzbuzz/hook/pythonpath.dsv'
[1.517s] INFO:colcon.colcon_core.shell:Creating environment hook '/home/pranav/ros2_ws/install/fizzbuzz/share/fizzbuzz/hook/pythonpath.sh'
[1.517s] Level 1:colcon.colcon_core.environment:checking '/home/pranav/ros2_ws/install/fizzbuzz/bin'
[1.517s] Level 1:colcon.colcon_core.environment:create_environment_scripts_only(fizzbuzz)
[1.517s] INFO:colcon.colcon_core.shell:Creating package script '/home/pranav/ros2_ws/install/fizzbuzz/share/fizzbuzz/package.ps1'
[1.518s] INFO:colcon.colcon_core.shell:Creating package descriptor '/home/pranav/ros2_ws/install/fizzbuzz/share/fizzbuzz/package.dsv'
[1.518s] INFO:colcon.colcon_core.shell:Creating package script '/home/pranav/ros2_ws/install/fizzbuzz/share/fizzbuzz/package.sh'
[1.518s] INFO:colcon.colcon_core.shell:Creating package script '/home/pranav/ros2_ws/install/fizzbuzz/share/fizzbuzz/package.bash'
[1.518s] INFO:colcon.colcon_core.shell:Creating package script '/home/pranav/ros2_ws/install/fizzbuzz/share/fizzbuzz/package.zsh'
[1.519s] Level 1:colcon.colcon_core.environment:create_file_with_runtime_dependencies(/home/pranav/ros2_ws/install/fizzbuzz/share/colcon-core/packages/fizzbuzz)
[1.519s] DEBUG:colcon.colcon_parallel_executor.executor.parallel:closing loop
[1.519s] DEBUG:colcon.colcon_parallel_executor.executor.parallel:loop closed
[1.519s] DEBUG:colcon.colcon_parallel_executor.executor.parallel:run_until_complete finished with '0'
[1.519s] DEBUG:colcon.colcon_core.event_reactor:joining thread
[1.524s] INFO:colcon.colcon_core.plugin_system:Skipping extension 'colcon_notification.desktop_notification.terminal_notifier': Not used on non-Darwin systems
[1.524s] INFO:colcon.colcon_core.plugin_system:Skipping extension 'colcon_notification.desktop_notification.win32': Not used on non-Windows systems
[1.524s] INFO:colcon.colcon_notification.desktop_notification:Sending desktop notification using 'notify2'
[1.541s] DEBUG:colcon.colcon_core.event_reactor:joined thread
[1.541s] INFO:colcon.colcon_core.shell:Creating prefix script '/home/pranav/ros2_ws/install/local_setup.ps1'
[1.542s] INFO:colcon.colcon_core.shell:Creating prefix util module '/home/pranav/ros2_ws/install/_local_setup_util_ps1.py'
[1.543s] INFO:colcon.colcon_core.shell:Creating prefix chain script '/home/pranav/ros2_ws/install/setup.ps1'
[1.543s] INFO:colcon.colcon_core.shell:Creating prefix script '/home/pranav/ros2_ws/install/local_setup.sh'
[1.544s] INFO:colcon.colcon_core.shell:Creating prefix util module '/home/pranav/ros2_ws/install/_local_setup_util_sh.py'
[1.545s] INFO:colcon.colcon_core.shell:Creating prefix chain script '/home/pranav/ros2_ws/install/setup.sh'
[1.545s] INFO:colcon.colcon_core.shell:Creating prefix script '/home/pranav/ros2_ws/install/local_setup.bash'
[1.546s] INFO:colcon.colcon_core.shell:Creating prefix chain script '/home/pranav/ros2_ws/install/setup.bash'
[1.546s] INFO:colcon.colcon_core.shell:Creating prefix script '/home/pranav/ros2_ws/install/local_setup.zsh'
[1.547s] INFO:colcon.colcon_core.shell:Creating prefix chain script '/home/pranav/ros2_ws/install/setup.zsh'
