running develop
running egg_info
creating fizzbuzz.egg-info
writing fizzbuzz.egg-info/PKG-INFO
writing dependency_links to fizzbuzz.egg-info/dependency_links.txt
writing entry points to fizzbuzz.egg-info/entry_points.txt
writing requirements to fizzbuzz.egg-info/requires.txt
writing top-level names to fizzbuzz.egg-info/top_level.txt
writing manifest file 'fizzbuzz.egg-info/SOURCES.txt'
reading manifest file 'fizzbuzz.egg-info/SOURCES.txt'
writing manifest file 'fizzbuzz.egg-info/SOURCES.txt'
running build_ext
Creating /home/pranav/ros2_ws/install/fizzbuzz/lib/python3.12/site-packages/fizzbuzz.egg-link (link to .)
Installing fizzbuzz_subscriber script to /home/pranav/ros2_ws/install/fizzbuzz/lib/fizzbuzz
Installing number_publisher script to /home/pranav/ros2_ws/install/fizzbuzz/lib/fizzbuzz

Installed /home/pranav/ros2_ws/build/fizzbuzz
running symlink_data
creating /home/pranav/ros2_ws/install/fizzbuzz/share/ament_index
creating /home/pranav/ros2_ws/install/fizzbuzz/share/ament_index/resource_index
creating /home/pranav/ros2_ws/install/fizzbuzz/share/ament_index/resource_index/packages
symbolically linking /home/pranav/ros2_ws/build/fizzbuzz/resource/fizzbuzz -> /home/pranav/ros2_ws/install/fizzbuzz/share/ament_index/resource_index/packages
symbolically linking /home/pranav/ros2_ws/build/fizzbuzz/package.xml -> /home/pranav/ros2_ws/install/fizzbuzz/share/fizzbuzz
