[0.449s] Invoking command in '/home/pranav/ros2_ws/build/fizzbuzz': AMENT_PREFIX_PATH=/home/pranav/ros2_ws/install/fizzbuzz_interfaces:${AMENT_PREFIX_PATH} CMAKE_PREFIX_PATH=/home/pranav/ros2_ws/install/fizzbuzz_interfaces:${CMAKE_PREFIX_PATH} CONDA_PROMPT_MODIFIER=(base) DEBUGINFOD_URLS=https://debuginfod.ubuntu.com LD_LIBRARY_PATH=/home/pranav/ros2_ws/install/fizzbuzz_interfaces/lib:${LD_LIBRARY_PATH} PYTHONPATH=/home/pranav/ros2_ws/build/fizzbuzz/prefix_override:/usr/lib/python3/dist-packages/colcon_core/task/python/colcon_distutils_commands:/home/pranav/ros2_ws/install/fizzbuzz/lib/python3.12/site-packages:/home/pranav/ros2_ws/install/fizzbuzz_interfaces/lib/python3.12/site-packages:${PYTHONPATH} VIRTUAL_ENV_PROMPT=(ros2_py312_env) /usr/bin/python3 -W ignore:setup.py install is deprecated -W ignore:easy_install command is deprecated setup.py develop --editable --build-directory /home/pranav/ros2_ws/build/fizzbuzz/build --no-deps symlink_data
[0.609s] running develop
[0.721s] running egg_info
[0.722s] creating fizzbuzz.egg-info
[0.731s] writing fizzbuzz.egg-info/PKG-INFO
[0.731s] writing dependency_links to fizzbuzz.egg-info/dependency_links.txt
[0.731s] writing entry points to fizzbuzz.egg-info/entry_points.txt
[0.731s] writing requirements to fizzbuzz.egg-info/requires.txt
[0.732s] writing top-level names to fizzbuzz.egg-info/top_level.txt
[0.732s] writing manifest file 'fizzbuzz.egg-info/SOURCES.txt'
[0.749s] reading manifest file 'fizzbuzz.egg-info/SOURCES.txt'
[0.750s] writing manifest file 'fizzbuzz.egg-info/SOURCES.txt'
[0.761s] running build_ext
[0.761s] Creating /home/pranav/ros2_ws/install/fizzbuzz/lib/python3.12/site-packages/fizzbuzz.egg-link (link to .)
[0.761s] Installing fizzbuzz_subscriber script to /home/pranav/ros2_ws/install/fizzbuzz/lib/fizzbuzz
[0.762s] Installing number_publisher script to /home/pranav/ros2_ws/install/fizzbuzz/lib/fizzbuzz
[0.762s] 
[0.762s] Installed /home/pranav/ros2_ws/build/fizzbuzz
[0.762s] running symlink_data
[0.762s] creating /home/pranav/ros2_ws/install/fizzbuzz/share/ament_index
[0.762s] creating /home/pranav/ros2_ws/install/fizzbuzz/share/ament_index/resource_index
[0.762s] creating /home/pranav/ros2_ws/install/fizzbuzz/share/ament_index/resource_index/packages
[0.762s] symbolically linking /home/pranav/ros2_ws/build/fizzbuzz/resource/fizzbuzz -> /home/pranav/ros2_ws/install/fizzbuzz/share/ament_index/resource_index/packages
[0.762s] symbolically linking /home/pranav/ros2_ws/build/fizzbuzz/package.xml -> /home/pranav/ros2_ws/install/fizzbuzz/share/fizzbuzz
[0.786s] Invoked command in '/home/pranav/ros2_ws/build/fizzbuzz' returned '0': AMENT_PREFIX_PATH=/home/pranav/ros2_ws/install/fizzbuzz_interfaces:${AMENT_PREFIX_PATH} CMAKE_PREFIX_PATH=/home/pranav/ros2_ws/install/fizzbuzz_interfaces:${CMAKE_PREFIX_PATH} CONDA_PROMPT_MODIFIER=(base) DEBUGINFOD_URLS=https://debuginfod.ubuntu.com LD_LIBRARY_PATH=/home/pranav/ros2_ws/install/fizzbuzz_interfaces/lib:${LD_LIBRARY_PATH} PYTHONPATH=/home/pranav/ros2_ws/build/fizzbuzz/prefix_override:/usr/lib/python3/dist-packages/colcon_core/task/python/colcon_distutils_commands:/home/pranav/ros2_ws/install/fizzbuzz/lib/python3.12/site-packages:/home/pranav/ros2_ws/install/fizzbuzz_interfaces/lib/python3.12/site-packages:${PYTHONPATH} VIRTUAL_ENV_PROMPT=(ros2_py312_env) /usr/bin/python3 -W ignore:setup.py install is deprecated -W ignore:easy_install command is deprecated setup.py develop --editable --build-directory /home/pranav/ros2_ws/build/fizzbuzz/build --no-deps symlink_data
