[1.730s] Invoking command in '/home/pranav/ros2_ws/src/drone': CONDA_PROMPT_MODIFIER=(base) DEBUGINFOD_URLS=https://debuginfod.ubuntu.com PYTHONPATH=/home/pranav/ros2_ws/build/drone/prefix_override:/usr/lib/python3/dist-packages/colcon_core/task/python/colcon_distutils_commands:/home/pranav/ros2_ws/install/drone/lib/python3.12/site-packages:${PYTHONPATH} /usr/bin/python3 -W ignore:setup.py install is deprecated -W ignore:easy_install command is deprecated setup.py egg_info --egg-base ../../build/drone build --build-base /home/pranav/ros2_ws/build/drone/build install --record /home/pranav/ros2_ws/build/drone/install.log --single-version-externally-managed install_data
[2.217s] running egg_info
[2.233s] writing ../../build/drone/drone.egg-info/PKG-INFO
[2.233s] writing dependency_links to ../../build/drone/drone.egg-info/dependency_links.txt
[2.233s] writing entry points to ../../build/drone/drone.egg-info/entry_points.txt
[2.234s] writing requirements to ../../build/drone/drone.egg-info/requires.txt
[2.234s] writing top-level names to ../../build/drone/drone.egg-info/top_level.txt
[2.276s] reading manifest file '../../build/drone/drone.egg-info/SOURCES.txt'
[2.276s] writing manifest file '../../build/drone/drone.egg-info/SOURCES.txt'
[2.277s] running build
[2.277s] running build_py
[2.277s] copying drone/AprilTags.py -> /home/pranav/ros2_ws/build/drone/build/lib/drone
[2.277s] running install
[2.283s] running install_lib
[2.319s] copying /home/pranav/ros2_ws/build/drone/build/lib/drone/AprilTags.py -> /home/pranav/ros2_ws/install/drone/lib/python3.12/site-packages/drone
[2.319s] byte-compiling /home/pranav/ros2_ws/install/drone/lib/python3.12/site-packages/drone/AprilTags.py to AprilTags.cpython-312.pyc
[2.319s] running install_data
[2.319s] running install_egg_info
[2.340s] removing '/home/pranav/ros2_ws/install/drone/lib/python3.12/site-packages/drone-0.0.0-py3.12.egg-info' (and everything under it)
[2.343s] Copying ../../build/drone/drone.egg-info to /home/pranav/ros2_ws/install/drone/lib/python3.12/site-packages/drone-0.0.0-py3.12.egg-info
[2.343s] running install_scripts
[2.449s] Installing april_tags script to /home/pranav/ros2_ws/install/drone/lib/drone
[2.449s] Installing pathfinder script to /home/pranav/ros2_ws/install/drone/lib/drone
[2.449s] writing list of installed files to '/home/pranav/ros2_ws/build/drone/install.log'
[2.694s] Invoked command in '/home/pranav/ros2_ws/src/drone' returned '0': CONDA_PROMPT_MODIFIER=(base) DEBUGINFOD_URLS=https://debuginfod.ubuntu.com PYTHONPATH=/home/pranav/ros2_ws/build/drone/prefix_override:/usr/lib/python3/dist-packages/colcon_core/task/python/colcon_distutils_commands:/home/pranav/ros2_ws/install/drone/lib/python3.12/site-packages:${PYTHONPATH} /usr/bin/python3 -W ignore:setup.py install is deprecated -W ignore:easy_install command is deprecated setup.py egg_info --egg-base ../../build/drone build --build-base /home/pranav/ros2_ws/build/drone/build install --record /home/pranav/ros2_ws/build/drone/install.log --single-version-externally-managed install_data
