[0.021s] Invoking command in '/home/pranav/ros2_ws/build/fizzbuzz_interfaces': CMAKE_PREFIX_PATH=${CMAKE_PREFIX_PATH}:/opt/ros/jazzy CONDA_PROMPT_MODIFIER=(base) DEBUGINFOD_URLS=https://debuginfod.ubuntu.com /usr/bin/cmake --build /home/pranav/ros2_ws/build/fizzbuzz_interfaces -- -j4 -l4
[0.212s] [  0%] Built target ament_cmake_python_copy_fizzbuzz_interfaces
[0.212s] [  2%] Built target fizzbuzz_interfaces__rosidl_generator_type_description
[0.212s] [  5%] Built target fizzbuzz_interfaces__cpp
[0.268s] running egg_info
[0.275s] writing fizzbuzz_interfaces.egg-info/PKG-INFO
[0.275s] writing dependency_links to fizzbuzz_interfaces.egg-info/dependency_links.txt
[0.275s] writing top-level names to fizzbuzz_interfaces.egg-info/top_level.txt
[0.306s] reading manifest file 'fizzbuzz_interfaces.egg-info/SOURCES.txt'
[0.312s] writing manifest file 'fizzbuzz_interfaces.egg-info/SOURCES.txt'
[0.337s] [  5%] Built target ament_cmake_python_build_fizzbuzz_interfaces_egg
[0.352s] [ 20%] Built target fizzbuzz_interfaces__rosidl_generator_c
[0.378s] [ 29%] Built target fizzbuzz_interfaces__rosidl_typesupport_cpp
[0.391s] [ 38%] Built target fizzbuzz_interfaces__rosidl_typesupport_introspection_c
[0.410s] [ 47%] Built target fizzbuzz_interfaces__rosidl_typesupport_c
[0.434s] [ 55%] Built target fizzbuzz_interfaces__rosidl_typesupport_introspection_cpp
[0.449s] [ 64%] Built target fizzbuzz_interfaces__rosidl_typesupport_fastrtps_cpp
[0.463s] [ 73%] Built target fizzbuzz_interfaces__rosidl_typesupport_fastrtps_c
[0.479s] [ 73%] Built target fizzbuzz_interfaces
[0.494s] [ 76%] Built target fizzbuzz_interfaces__py
[0.508s] [ 82%] Built target fizzbuzz_interfaces__rosidl_generator_py
[0.531s] [ 88%] Built target fizzbuzz_interfaces_s__rosidl_typesupport_fastrtps_c
[0.553s] [ 94%] Built target fizzbuzz_interfaces_s__rosidl_typesupport_c
[0.577s] [100%] Built target fizzbuzz_interfaces_s__rosidl_typesupport_introspection_c
[0.586s] Invoked command in '/home/pranav/ros2_ws/build/fizzbuzz_interfaces' returned '0': CMAKE_PREFIX_PATH=${CMAKE_PREFIX_PATH}:/opt/ros/jazzy CONDA_PROMPT_MODIFIER=(base) DEBUGINFOD_URLS=https://debuginfod.ubuntu.com /usr/bin/cmake --build /home/pranav/ros2_ws/build/fizzbuzz_interfaces -- -j4 -l4
[0.595s] Invoking command in '/home/pranav/ros2_ws/build/fizzbuzz_interfaces': CMAKE_PREFIX_PATH=${CMAKE_PREFIX_PATH}:/opt/ros/jazzy CONDA_PROMPT_MODIFIER=(base) DEBUGINFOD_URLS=https://debuginfod.ubuntu.com /usr/bin/cmake --install /home/pranav/ros2_ws/build/fizzbuzz_interfaces
[0.618s] -- Install configuration: ""
[0.618s] -- Up-to-date: /home/pranav/ros2_ws/install/fizzbuzz_interfaces/include/fizzbuzz_interfaces/fizzbuzz_interfaces
[0.618s] -- Up-to-date: /home/pranav/ros2_ws/install/fizzbuzz_interfaces/include/fizzbuzz_interfaces/fizzbuzz_interfaces/msg
[0.618s] -- Up-to-date: /home/pranav/ros2_ws/install/fizzbuzz_interfaces/include/fizzbuzz_interfaces/fizzbuzz_interfaces/msg/detail
[0.618s] -- Up-to-date: /home/pranav/ros2_ws/install/fizzbuzz_interfaces/include/fizzbuzz_interfaces/fizzbuzz_interfaces/msg/detail/fizz_buzz__type_support.c
[0.618s] -- Up-to-date: /home/pranav/ros2_ws/install/fizzbuzz_interfaces/include/fizzbuzz_interfaces/fizzbuzz_interfaces/msg/detail/fizz_buzz__functions.c
[0.618s] -- Up-to-date: /home/pranav/ros2_ws/install/fizzbuzz_interfaces/include/fizzbuzz_interfaces/fizzbuzz_interfaces/msg/detail/fizz_buzz__description.c
[0.618s] -- Up-to-date: /home/pranav/ros2_ws/install/fizzbuzz_interfaces/lib/libfizzbuzz_interfaces__rosidl_generator_c.so
[0.618s] -- Up-to-date: /home/pranav/ros2_ws/install/fizzbuzz_interfaces/include/fizzbuzz_interfaces/fizzbuzz_interfaces
[0.618s] -- Up-to-date: /home/pranav/ros2_ws/install/fizzbuzz_interfaces/include/fizzbuzz_interfaces/fizzbuzz_interfaces/msg
[0.618s] -- Up-to-date: /home/pranav/ros2_ws/install/fizzbuzz_interfaces/include/fizzbuzz_interfaces/fizzbuzz_interfaces/msg/detail
[0.618s] -- Up-to-date: /home/pranav/ros2_ws/install/fizzbuzz_interfaces/lib/libfizzbuzz_interfaces__rosidl_typesupport_fastrtps_c.so
[0.618s] -- Up-to-date: /home/pranav/ros2_ws/install/fizzbuzz_interfaces/include/fizzbuzz_interfaces/fizzbuzz_interfaces
[0.619s] -- Up-to-date: /home/pranav/ros2_ws/install/fizzbuzz_interfaces/include/fizzbuzz_interfaces/fizzbuzz_interfaces/msg
[0.619s] -- Up-to-date: /home/pranav/ros2_ws/install/fizzbuzz_interfaces/include/fizzbuzz_interfaces/fizzbuzz_interfaces/msg/detail
[0.619s] -- Up-to-date: /home/pranav/ros2_ws/install/fizzbuzz_interfaces/include/fizzbuzz_interfaces/fizzbuzz_interfaces
[0.619s] -- Up-to-date: /home/pranav/ros2_ws/install/fizzbuzz_interfaces/include/fizzbuzz_interfaces/fizzbuzz_interfaces/msg
[0.619s] -- Up-to-date: /home/pranav/ros2_ws/install/fizzbuzz_interfaces/include/fizzbuzz_interfaces/fizzbuzz_interfaces/msg/detail
[0.619s] -- Up-to-date: /home/pranav/ros2_ws/install/fizzbuzz_interfaces/include/fizzbuzz_interfaces/fizzbuzz_interfaces/msg/detail/dds_fastrtps
[0.619s] -- Up-to-date: /home/pranav/ros2_ws/install/fizzbuzz_interfaces/lib/libfizzbuzz_interfaces__rosidl_typesupport_fastrtps_cpp.so
[0.619s] -- Up-to-date: /home/pranav/ros2_ws/install/fizzbuzz_interfaces/include/fizzbuzz_interfaces/fizzbuzz_interfaces
[0.619s] -- Up-to-date: /home/pranav/ros2_ws/install/fizzbuzz_interfaces/include/fizzbuzz_interfaces/fizzbuzz_interfaces/msg
[0.619s] -- Up-to-date: /home/pranav/ros2_ws/install/fizzbuzz_interfaces/include/fizzbuzz_interfaces/fizzbuzz_interfaces/msg/detail
[0.619s] -- Up-to-date: /home/pranav/ros2_ws/install/fizzbuzz_interfaces/include/fizzbuzz_interfaces/fizzbuzz_interfaces/msg/detail/fizz_buzz__type_support.c
[0.619s] -- Up-to-date: /home/pranav/ros2_ws/install/fizzbuzz_interfaces/lib/libfizzbuzz_interfaces__rosidl_typesupport_introspection_c.so
[0.619s] -- Up-to-date: /home/pranav/ros2_ws/install/fizzbuzz_interfaces/lib/libfizzbuzz_interfaces__rosidl_typesupport_c.so
[0.619s] -- Up-to-date: /home/pranav/ros2_ws/install/fizzbuzz_interfaces/include/fizzbuzz_interfaces/fizzbuzz_interfaces
[0.619s] -- Up-to-date: /home/pranav/ros2_ws/install/fizzbuzz_interfaces/include/fizzbuzz_interfaces/fizzbuzz_interfaces/msg
[0.619s] -- Up-to-date: /home/pranav/ros2_ws/install/fizzbuzz_interfaces/include/fizzbuzz_interfaces/fizzbuzz_interfaces/msg/detail
[0.619s] -- Up-to-date: /home/pranav/ros2_ws/install/fizzbuzz_interfaces/include/fizzbuzz_interfaces/fizzbuzz_interfaces/msg/detail/fizz_buzz__type_support.cpp
[0.619s] -- Up-to-date: /home/pranav/ros2_ws/install/fizzbuzz_interfaces/lib/libfizzbuzz_interfaces__rosidl_typesupport_introspection_cpp.so
[0.619s] -- Up-to-date: /home/pranav/ros2_ws/install/fizzbuzz_interfaces/lib/libfizzbuzz_interfaces__rosidl_typesupport_cpp.so
[0.619s] -- Up-to-date: /home/pranav/ros2_ws/install/fizzbuzz_interfaces/lib/python3.13/site-packages/fizzbuzz_interfaces-0.0.0-py3.13.egg-info
[0.619s] -- Installing: /home/pranav/ros2_ws/install/fizzbuzz_interfaces/lib/python3.13/site-packages/fizzbuzz_interfaces-0.0.0-py3.13.egg-info/PKG-INFO
[0.619s] -- Installing: /home/pranav/ros2_ws/install/fizzbuzz_interfaces/lib/python3.13/site-packages/fizzbuzz_interfaces-0.0.0-py3.13.egg-info/dependency_links.txt
[0.619s] -- Installing: /home/pranav/ros2_ws/install/fizzbuzz_interfaces/lib/python3.13/site-packages/fizzbuzz_interfaces-0.0.0-py3.13.egg-info/SOURCES.txt
[0.619s] -- Installing: /home/pranav/ros2_ws/install/fizzbuzz_interfaces/lib/python3.13/site-packages/fizzbuzz_interfaces-0.0.0-py3.13.egg-info/top_level.txt
[0.619s] -- Up-to-date: /home/pranav/ros2_ws/install/fizzbuzz_interfaces/lib/python3.13/site-packages/fizzbuzz_interfaces
[0.619s] -- Up-to-date: /home/pranav/ros2_ws/install/fizzbuzz_interfaces/lib/python3.13/site-packages/fizzbuzz_interfaces/fizzbuzz_interfaces_s__rosidl_typesupport_introspection_c.so
[0.620s] -- Up-to-date: /home/pranav/ros2_ws/install/fizzbuzz_interfaces/lib/python3.13/site-packages/fizzbuzz_interfaces/_fizzbuzz_interfaces_s.ep.rosidl_typesupport_c.c
[0.620s] -- Up-to-date: /home/pranav/ros2_ws/install/fizzbuzz_interfaces/lib/python3.13/site-packages/fizzbuzz_interfaces/_fizzbuzz_interfaces_s.ep.rosidl_typesupport_introspection_c.c
[0.620s] -- Up-to-date: /home/pranav/ros2_ws/install/fizzbuzz_interfaces/lib/python3.13/site-packages/fizzbuzz_interfaces/msg
[0.620s] -- Up-to-date: /home/pranav/ros2_ws/install/fizzbuzz_interfaces/lib/python3.13/site-packages/fizzbuzz_interfaces/msg/_fizz_buzz_s.c
[0.620s] -- Up-to-date: /home/pranav/ros2_ws/install/fizzbuzz_interfaces/lib/python3.13/site-packages/fizzbuzz_interfaces/msg/_fizz_buzz.py
[0.620s] -- Up-to-date: /home/pranav/ros2_ws/install/fizzbuzz_interfaces/lib/python3.13/site-packages/fizzbuzz_interfaces/msg/__init__.py
[0.620s] -- Up-to-date: /home/pranav/ros2_ws/install/fizzbuzz_interfaces/lib/python3.13/site-packages/fizzbuzz_interfaces/__init__.py
[0.620s] -- Up-to-date: /home/pranav/ros2_ws/install/fizzbuzz_interfaces/lib/python3.13/site-packages/fizzbuzz_interfaces/fizzbuzz_interfaces_s__rosidl_typesupport_fastrtps_c.so
[0.620s] -- Up-to-date: /home/pranav/ros2_ws/install/fizzbuzz_interfaces/lib/python3.13/site-packages/fizzbuzz_interfaces/_fizzbuzz_interfaces_s.ep.rosidl_typesupport_fastrtps_c.c
[0.620s] -- Up-to-date: /home/pranav/ros2_ws/install/fizzbuzz_interfaces/lib/python3.13/site-packages/fizzbuzz_interfaces/fizzbuzz_interfaces_s__rosidl_typesupport_c.so
[0.671s] Listing '/home/pranav/ros2_ws/install/fizzbuzz_interfaces/lib/python3.13/site-packages/fizzbuzz_interfaces'...
[0.671s] Listing '/home/pranav/ros2_ws/install/fizzbuzz_interfaces/lib/python3.13/site-packages/fizzbuzz_interfaces/msg'...
[0.677s] -- Up-to-date: /home/pranav/ros2_ws/install/fizzbuzz_interfaces/lib/python3.13/site-packages/fizzbuzz_interfaces/fizzbuzz_interfaces_s__rosidl_typesupport_fastrtps_c.so
[0.678s] -- Up-to-date: /home/pranav/ros2_ws/install/fizzbuzz_interfaces/lib/python3.13/site-packages/fizzbuzz_interfaces/fizzbuzz_interfaces_s__rosidl_typesupport_introspection_c.so
[0.678s] -- Up-to-date: /home/pranav/ros2_ws/install/fizzbuzz_interfaces/lib/python3.13/site-packages/fizzbuzz_interfaces/fizzbuzz_interfaces_s__rosidl_typesupport_c.so
[0.678s] -- Up-to-date: /home/pranav/ros2_ws/install/fizzbuzz_interfaces/lib/libfizzbuzz_interfaces__rosidl_generator_py.so
[0.678s] -- Installing: /home/pranav/ros2_ws/install/fizzbuzz_interfaces/share/fizzbuzz_interfaces/package.dsv
[0.679s] -- Up-to-date: /home/pranav/ros2_ws/install/fizzbuzz_interfaces/share/fizzbuzz_interfaces/cmake/export_fizzbuzz_interfaces__rosidl_generator_cExport.cmake
[0.679s] -- Up-to-date: /home/pranav/ros2_ws/install/fizzbuzz_interfaces/share/fizzbuzz_interfaces/cmake/export_fizzbuzz_interfaces__rosidl_generator_cExport-noconfig.cmake
[0.679s] -- Up-to-date: /home/pranav/ros2_ws/install/fizzbuzz_interfaces/share/fizzbuzz_interfaces/cmake/export_fizzbuzz_interfaces__rosidl_typesupport_fastrtps_cExport.cmake
[0.679s] -- Up-to-date: /home/pranav/ros2_ws/install/fizzbuzz_interfaces/share/fizzbuzz_interfaces/cmake/export_fizzbuzz_interfaces__rosidl_typesupport_fastrtps_cExport-noconfig.cmake
[0.679s] -- Up-to-date: /home/pranav/ros2_ws/install/fizzbuzz_interfaces/share/fizzbuzz_interfaces/cmake/export_fizzbuzz_interfaces__rosidl_generator_cppExport.cmake
[0.679s] -- Up-to-date: /home/pranav/ros2_ws/install/fizzbuzz_interfaces/share/fizzbuzz_interfaces/cmake/export_fizzbuzz_interfaces__rosidl_typesupport_fastrtps_cppExport.cmake
[0.679s] -- Up-to-date: /home/pranav/ros2_ws/install/fizzbuzz_interfaces/share/fizzbuzz_interfaces/cmake/export_fizzbuzz_interfaces__rosidl_typesupport_fastrtps_cppExport-noconfig.cmake
[0.679s] -- Up-to-date: /home/pranav/ros2_ws/install/fizzbuzz_interfaces/share/fizzbuzz_interfaces/cmake/fizzbuzz_interfaces__rosidl_typesupport_introspection_cExport.cmake
[0.679s] -- Up-to-date: /home/pranav/ros2_ws/install/fizzbuzz_interfaces/share/fizzbuzz_interfaces/cmake/fizzbuzz_interfaces__rosidl_typesupport_introspection_cExport-noconfig.cmake
[0.679s] -- Up-to-date: /home/pranav/ros2_ws/install/fizzbuzz_interfaces/share/fizzbuzz_interfaces/cmake/fizzbuzz_interfaces__rosidl_typesupport_cExport.cmake
[0.679s] -- Up-to-date: /home/pranav/ros2_ws/install/fizzbuzz_interfaces/share/fizzbuzz_interfaces/cmake/fizzbuzz_interfaces__rosidl_typesupport_cExport-noconfig.cmake
[0.679s] -- Up-to-date: /home/pranav/ros2_ws/install/fizzbuzz_interfaces/share/fizzbuzz_interfaces/cmake/fizzbuzz_interfaces__rosidl_typesupport_introspection_cppExport.cmake
[0.679s] -- Up-to-date: /home/pranav/ros2_ws/install/fizzbuzz_interfaces/share/fizzbuzz_interfaces/cmake/fizzbuzz_interfaces__rosidl_typesupport_introspection_cppExport-noconfig.cmake
[0.679s] -- Up-to-date: /home/pranav/ros2_ws/install/fizzbuzz_interfaces/share/fizzbuzz_interfaces/cmake/fizzbuzz_interfaces__rosidl_typesupport_cppExport.cmake
[0.679s] -- Up-to-date: /home/pranav/ros2_ws/install/fizzbuzz_interfaces/share/fizzbuzz_interfaces/cmake/fizzbuzz_interfaces__rosidl_typesupport_cppExport-noconfig.cmake
[0.680s] -- Up-to-date: /home/pranav/ros2_ws/install/fizzbuzz_interfaces/share/fizzbuzz_interfaces/cmake/export_fizzbuzz_interfaces__rosidl_generator_pyExport.cmake
[0.680s] -- Up-to-date: /home/pranav/ros2_ws/install/fizzbuzz_interfaces/share/fizzbuzz_interfaces/cmake/export_fizzbuzz_interfaces__rosidl_generator_pyExport-noconfig.cmake
[0.681s] Invoked command in '/home/pranav/ros2_ws/build/fizzbuzz_interfaces' returned '0': CMAKE_PREFIX_PATH=${CMAKE_PREFIX_PATH}:/opt/ros/jazzy CONDA_PROMPT_MODIFIER=(base) DEBUGINFOD_URLS=https://debuginfod.ubuntu.com /usr/bin/cmake --install /home/pranav/ros2_ws/build/fizzbuzz_interfaces
