[0.588s] Invoking command in '/home/pranav/ros2_ws/src/webcam': CONDA_PROMPT_MODIFIER=(base) DEBUGINFOD_URLS=https://debuginfod.ubuntu.com PYTHONPATH=/home/pranav/ros2_ws/build/webcam/prefix_override:/usr/lib/python3/dist-packages/colcon_core/task/python/colcon_distutils_commands:/home/pranav/ros2_ws/install/webcam/lib/python3.12/site-packages:${PYTHONPATH} /usr/bin/python3 -W ignore:setup.py install is deprecated -W ignore:easy_install command is deprecated setup.py egg_info --egg-base ../../build/webcam build --build-base /home/pranav/ros2_ws/build/webcam/build install --record /home/pranav/ros2_ws/build/webcam/install.log --single-version-externally-managed install_data
[0.902s] running egg_info
[0.910s] writing ../../build/webcam/webcam.egg-info/PKG-INFO
[0.911s] writing dependency_links to ../../build/webcam/webcam.egg-info/dependency_links.txt
[0.913s] writing entry points to ../../build/webcam/webcam.egg-info/entry_points.txt
[0.913s] writing requirements to ../../build/webcam/webcam.egg-info/requires.txt
[0.914s] writing top-level names to ../../build/webcam/webcam.egg-info/top_level.txt
[0.937s] reading manifest file '../../build/webcam/webcam.egg-info/SOURCES.txt'
[0.938s] writing manifest file '../../build/webcam/webcam.egg-info/SOURCES.txt'
[0.938s] running build
[0.939s] running build_py
[0.939s] running install
[0.945s] running install_lib
[0.964s] running install_data
[0.965s] running install_egg_info
[0.979s] removing '/home/pranav/ros2_ws/install/webcam/lib/python3.12/site-packages/webcam-0.0.0-py3.12.egg-info' (and everything under it)
[0.984s] Copying ../../build/webcam/webcam.egg-info to /home/pranav/ros2_ws/install/webcam/lib/python3.12/site-packages/webcam-0.0.0-py3.12.egg-info
[0.984s] running install_scripts
[1.157s] Installing webcam_node script to /home/pranav/ros2_ws/install/webcam/lib/webcam
[1.157s] writing list of installed files to '/home/pranav/ros2_ws/build/webcam/install.log'
[1.306s] Invoked command in '/home/pranav/ros2_ws/src/webcam' returned '0': CONDA_PROMPT_MODIFIER=(base) DEBUGINFOD_URLS=https://debuginfod.ubuntu.com PYTHONPATH=/home/pranav/ros2_ws/build/webcam/prefix_override:/usr/lib/python3/dist-packages/colcon_core/task/python/colcon_distutils_commands:/home/pranav/ros2_ws/install/webcam/lib/python3.12/site-packages:${PYTHONPATH} /usr/bin/python3 -W ignore:setup.py install is deprecated -W ignore:easy_install command is deprecated setup.py egg_info --egg-base ../../build/webcam build --build-base /home/pranav/ros2_ws/build/webcam/build install --record /home/pranav/ros2_ws/build/webcam/install.log --single-version-externally-managed install_data
