[0.813s] Invoking command in '/home/pranav/ros2_ws/src/webcam': CONDA_PROMPT_MODIFIER=(base) DEBUGINFOD_URLS=https://debuginfod.ubuntu.com PYTHONPATH=/home/pranav/ros2_ws/build/webcam/prefix_override:/usr/lib/python3/dist-packages/colcon_core/task/python/colcon_distutils_commands:/home/pranav/ros2_ws/install/webcam/lib/python3.12/site-packages:${PYTHONPATH} /usr/bin/python3 -W ignore:setup.py install is deprecated -W ignore:easy_install command is deprecated setup.py egg_info --egg-base ../../build/webcam build --build-base /home/pranav/ros2_ws/build/webcam/build install --record /home/pranav/ros2_ws/build/webcam/install.log --single-version-externally-managed install_data
[1.052s] running egg_info
[1.068s] writing ../../build/webcam/webcam.egg-info/PKG-INFO
[1.068s] writing dependency_links to ../../build/webcam/webcam.egg-info/dependency_links.txt
[1.068s] writing entry points to ../../build/webcam/webcam.egg-info/entry_points.txt
[1.068s] writing requirements to ../../build/webcam/webcam.egg-info/requires.txt
[1.068s] writing top-level names to ../../build/webcam/webcam.egg-info/top_level.txt
[1.110s] reading manifest file '../../build/webcam/webcam.egg-info/SOURCES.txt'
[1.111s] writing manifest file '../../build/webcam/webcam.egg-info/SOURCES.txt'
[1.112s] running build
[1.112s] running build_py
[1.114s] running install
[1.118s] running install_lib
[1.137s] running install_data
[1.138s] running install_egg_info
[1.164s] removing '/home/pranav/ros2_ws/install/webcam/lib/python3.12/site-packages/webcam-0.0.0-py3.12.egg-info' (and everything under it)
[1.168s] Copying ../../build/webcam/webcam.egg-info to /home/pranav/ros2_ws/install/webcam/lib/python3.12/site-packages/webcam-0.0.0-py3.12.egg-info
[1.168s] running install_scripts
[1.275s] Installing webcam_node script to /home/pranav/ros2_ws/install/webcam/lib/webcam
[1.275s] writing list of installed files to '/home/pranav/ros2_ws/build/webcam/install.log'
[1.306s] Invoked command in '/home/pranav/ros2_ws/src/webcam' returned '0': CONDA_PROMPT_MODIFIER=(base) DEBUGINFOD_URLS=https://debuginfod.ubuntu.com PYTHONPATH=/home/pranav/ros2_ws/build/webcam/prefix_override:/usr/lib/python3/dist-packages/colcon_core/task/python/colcon_distutils_commands:/home/pranav/ros2_ws/install/webcam/lib/python3.12/site-packages:${PYTHONPATH} /usr/bin/python3 -W ignore:setup.py install is deprecated -W ignore:easy_install command is deprecated setup.py egg_info --egg-base ../../build/webcam build --build-base /home/pranav/ros2_ws/build/webcam/build install --record /home/pranav/ros2_ws/build/webcam/install.log --single-version-externally-managed install_data
